#
# There is insufficient memory for the Java Runtime Environment to continue.
# Native memory allocation (mmap) failed to map 348127232 bytes for Failed to commit area from 0x0000000098800000 to 0x00000000ad400000 of length 348127232.
# Possible reasons:
#   The system is out of physical RAM or swap space
#   The process is running with CompressedOops enabled, and the Java Heap may be blocking the growth of the native heap
# Possible solutions:
#   Reduce memory load on the system
#   Increase physical memory or swap space
#   Check if swap backing store is full
#   Decrease Java heap size (-Xmx/-Xms)
#   Decrease number of Java threads
#   Decrease Java thread stack sizes (-Xss)
#   Set larger code cache with -XX:ReservedCodeCacheSize=
#   JVM is running with Unscaled Compressed Oops mode in which the Java heap is
#     placed in the first 4GB address space. The Java Heap base address is the
#     maximum limit for the native heap growth. Please use -XX:HeapBaseMinAddress
#     to set the Java Heap base and to place the Java Heap above 4GB virtual address.
# This output file may be truncated or incomplete.
#
#  Out of Memory Error (./src/hotspot/os/windows/os_windows.cpp:3301), pid=29472, tid=10024
#
# JRE version: OpenJDK Runtime Environment (11.0.10) (build 11.0.10+0-b96-7249189)
# Java VM: OpenJDK 64-Bit Server VM (11.0.10+0-b96-7249189, mixed mode, tiered, compressed oops, g1 gc, windows-amd64)
# No core dump will be written. Minidumps are not enabled by default on client versions of Windows
#

---------------  S U M M A R Y ------------

Command Line: --add-opens=java.base/java.util=ALL-UNNAMED --add-opens=java.base/java.lang=ALL-UNNAMED --add-opens=java.base/java.lang.invoke=ALL-UNNAMED --add-opens=java.base/java.util=ALL-UNNAMED --add-opens=java.prefs/java.util.prefs=ALL-UNNAMED --add-opens=java.prefs/java.util.prefs=ALL-UNNAMED --add-opens=java.base/java.nio.charset=ALL-UNNAMED --add-opens=java.base/java.net=ALL-UNNAMED --add-opens=java.base/java.util.concurrent.atomic=ALL-UNNAMED -Xmx2048m -Dfile.encoding=UTF-8 -Duser.country=US -Duser.language=en -Duser.variant org.gradle.launcher.daemon.bootstrap.GradleDaemon 7.0.2

Host: Intel(R) Celeron(R) N4020 CPU @ 1.10GHz, 2 cores, 3G,  Windows 10 , 64 bit Build 19041 (10.0.19041.1202)
Time: Fri Oct 15 21:46:01 2021 SE Asia Standard Time elapsed time: 2963.926543 seconds (0d 0h 49m 23s)

---------------  T H R E A D  ---------------

Current thread (0x000001fdb60cb000):  VMThread "VM Thread" [stack: 0x000000ab84000000,0x000000ab84100000] [id=10024]

Stack: [0x000000ab84000000,0x000000ab84100000]
[error occurred during error reporting (printing stack bounds), id 0xc0000005, EXCEPTION_ACCESS_VIOLATION (0xc0000005) at pc=0x000001fd9fce0f3d]

Native frames: (J=compiled Java code, j=interpreted, Vv=VM code, C=native code)
V  [jvm.dll+0x5ecfaa]
V  [jvm.dll+0x722bd5]
V  [jvm.dll+0x72412d]
V  [jvm.dll+0x724745]
V  [jvm.dll+0x7246fb]
V  [jvm.dll+0x5ec348]
V  [jvm.dll+0x5ecad8]
C  [ntdll.dll+0xa20cf]
C  [ntdll.dll+0x51454]
C  [ntdll.dll+0xa0bfe]
C  0x000001fd9fce0f3d

VM_Operation (0x000000ab871fd5b0): G1CollectForAllocation, mode: safepoint, requested by thread 0x000001fdb8f60800


---------------  P R O C E S S  ---------------

Threads class SMR info:
_java_thread_list=0x000001fdc182c7b0, length=55, elements={
0x000001fd9aa1a000, 0x000001fdb60d3000, 0x000001fdb60d4000, 0x000001fdb612c800,
0x000001fdb612f000, 0x000001fdb6130000, 0x000001fdb6134800, 0x000001fdb6a78800,
0x000001fdb6abb000, 0x000001fdb6bbb800, 0x000001fdb8307800, 0x000001fdb6a98800,
0x000001fdb6fc2800, 0x000001fdb759e800, 0x000001fdb7599000, 0x000001fdb759d000,
0x000001fdb759a000, 0x000001fdb759b800, 0x000001fdb8f59800, 0x000001fdb8f56000,
0x000001fdb8f5c800, 0x000001fdb8f5b000, 0x000001fdb8f63000, 0x000001fdb8f5d800,
0x000001fdbd1bc000, 0x000001fdbd1be000, 0x000001fdb8f62800, 0x000001fdb759c800,
0x000001fdbf95f000, 0x000001fdbf957800, 0x000001fdbf956000, 0x000001fdbf951000,
0x000001fdbf952800, 0x000001fdbf950000, 0x000001fdbf956800, 0x000001fdbf959000,
0x000001fdbf953800, 0x000001fdbf95a000, 0x000001fdbf954800, 0x000001fdbf95b000,
0x000001fdbf95b800, 0x000001fdbf95c800, 0x000001fdbf95d000, 0x000001fdbf95e000,
0x000001fdb8f57000, 0x000001fdb8f58000, 0x000001fdb8f5e800, 0x000001fdb8f58800,
0x000001fdb8f60000, 0x000001fdb8f60800, 0x000001fdb8f65000, 0x000001fdb8f64000,
0x000001fdb8f61800, 0x000001fdbd1bd000, 0x000001fdbd1be800
}

Java Threads: ( => current thread )
  0x000001fd9aa1a000 JavaThread "main" [_thread_blocked, id=8572, stack(0x000000ab83a00000,0x000000ab83b00000)]
  0x000001fdb60d3000 JavaThread "Reference Handler" daemon [_thread_blocked, id=23176, stack(0x000000ab84100000,0x000000ab84200000)]
  0x000001fdb60d4000 JavaThread "Finalizer" daemon [_thread_blocked, id=31568, stack(0x000000ab84200000,0x000000ab84300000)]
  0x000001fdb612c800 JavaThread "Signal Dispatcher" daemon [_thread_blocked, id=29000, stack(0x000000ab84300000,0x000000ab84400000)]
  0x000001fdb612f000 JavaThread "Attach Listener" daemon [_thread_blocked, id=14508, stack(0x000000ab84400000,0x000000ab84500000)]
  0x000001fdb6130000 JavaThread "Service Thread" daemon [_thread_blocked, id=15448, stack(0x000000ab84500000,0x000000ab84600000)]
  0x000001fdb6134800 JavaThread "C2 CompilerThread0" daemon [_thread_blocked, id=12440, stack(0x000000ab84600000,0x000000ab84700000)]
  0x000001fdb6a78800 JavaThread "C1 CompilerThread0" daemon [_thread_blocked, id=29192, stack(0x000000ab84700000,0x000000ab84800000)]
  0x000001fdb6abb000 JavaThread "Sweeper thread" daemon [_thread_blocked, id=30500, stack(0x000000ab84800000,0x000000ab84900000)]
  0x000001fdb6bbb800 JavaThread "Common-Cleaner" daemon [_thread_blocked, id=26152, stack(0x000000ab84900000,0x000000ab84a00000)]
  0x000001fdb8307800 JavaThread "Daemon health stats" [_thread_blocked, id=27828, stack(0x000000ab84c00000,0x000000ab84d00000)]
  0x000001fdb6a98800 JavaThread "Incoming local TCP Connector on port 59394" [_thread_in_native, id=9856, stack(0x000000ab84d00000,0x000000ab84e00000)]
  0x000001fdb6fc2800 JavaThread "Daemon periodic checks" [_thread_blocked, id=29132, stack(0x000000ab84e00000,0x000000ab84f00000)]
  0x000001fdb759e800 JavaThread "Cache worker for file hash cache (C:\Users\hp\.gradle\caches\7.0.2\fileHashes)" [_thread_blocked, id=29732, stack(0x000000ab85600000,0x000000ab85700000)]
  0x000001fdb7599000 JavaThread "File lock request listener" [_thread_in_native, id=10492, stack(0x000000ab85700000,0x000000ab85800000)]
  0x000001fdb759d000 JavaThread "Cache worker for journal cache (C:\Users\hp\.gradle\caches\journal-1)" [_thread_blocked, id=17536, stack(0x000000ab85800000,0x000000ab85900000)]
  0x000001fdb759a000 JavaThread "File watcher server" daemon [_thread_blocked, id=8316, stack(0x000000ab85a00000,0x000000ab85b00000)]
  0x000001fdb759b800 JavaThread "File watcher consumer" daemon [_thread_blocked, id=28100, stack(0x000000ab85b00000,0x000000ab85c00000)]
  0x000001fdb8f59800 JavaThread "Cache worker for execution history cache (C:\Users\hp\.gradle\caches\7.0.2\executionHistory)" [_thread_blocked, id=13804, stack(0x000000ab85f00000,0x000000ab86000000)]
  0x000001fdb8f56000 JavaThread "jar transforms" [_thread_blocked, id=13088, stack(0x000000ab86000000,0x000000ab86100000)]
  0x000001fdb8f5c800 JavaThread "jar transforms Thread 2" [_thread_blocked, id=27268, stack(0x000000ab86100000,0x000000ab86200000)]
  0x000001fdb8f5b000 JavaThread "Cache worker for file content cache (C:\Users\hp\.gradle\caches\7.0.2\fileContent)" [_thread_blocked, id=31632, stack(0x000000ab86200000,0x000000ab86300000)]
  0x000001fdb8f63000 JavaThread "Memory manager" [_thread_blocked, id=31612, stack(0x000000ab83800000,0x000000ab83900000)]
  0x000001fdb8f5d800 JavaThread "pool-3-thread-1" [_thread_blocked, id=30004, stack(0x000000ab85400000,0x000000ab85500000)]
  0x000001fdbd1bc000 JavaThread "Cache worker for Java compile cache (C:\Users\hp\.gradle\caches\7.0.2\javaCompile)" [_thread_blocked, id=27052, stack(0x000000ab87000000,0x000000ab87100000)]
  0x000001fdbd1be000 JavaThread "ForkJoinPool.commonPool-worker-1" daemon [_thread_blocked, id=13456, stack(0x000000ab87200000,0x000000ab87300000)]
  0x000001fdb8f62800 JavaThread "pool-8-thread-1" [_thread_blocked, id=18008, stack(0x000000ab86800000,0x000000ab86900000)]
  0x000001fdb759c800 JavaThread "pool-12-thread-1" [_thread_blocked, id=9728, stack(0x000000ab86900000,0x000000ab86a00000)]
  0x000001fdbf95f000 JavaThread "pool-16-thread-1" [_thread_blocked, id=31388, stack(0x000000ab86a00000,0x000000ab86b00000)]
  0x000001fdbf957800 JavaThread "pool-20-thread-1" [_thread_blocked, id=31396, stack(0x000000ab86b00000,0x000000ab86c00000)]
  0x000001fdbf956000 JavaThread "Daemon Thread 6" [_thread_blocked, id=19816, stack(0x000000ab83900000,0x000000ab83a00000)]
  0x000001fdbf951000 JavaThread "Handler for socket connection from /127.0.0.1:59394 to /127.0.0.1:59727" [_thread_in_native, id=31104, stack(0x000000ab84f00000,0x000000ab85000000)]
  0x000001fdbf952800 JavaThread "Cancel handler" [_thread_blocked, id=27380, stack(0x000000ab85000000,0x000000ab85100000)]
  0x000001fdbf950000 JavaThread "Daemon worker Thread 6" [_thread_blocked, id=27868, stack(0x000000ab85100000,0x000000ab85200000)]
  0x000001fdbf956800 JavaThread "Asynchronous log dispatcher for DefaultDaemonConnection: socket connection from /127.0.0.1:59394 to /127.0.0.1:59727" [_thread_blocked, id=26228, stack(0x000000ab85200000,0x000000ab85300000)]
  0x000001fdbf959000 JavaThread "Daemon client event forwarder" [_thread_blocked, id=29736, stack(0x000000ab85500000,0x000000ab85600000)]
  0x000001fdbf953800 JavaThread "Cache worker for file hash cache (E:\AndroidStudioProjects\ImpIntentApp\.gradle\7.0.2\fileHashes)" [_thread_blocked, id=27740, stack(0x000000ab85900000,0x000000ab85a00000)]
  0x000001fdbf95a000 JavaThread "Cache worker for checksums cache (E:\AndroidStudioProjects\ImpIntentApp\.gradle\checksums)" [_thread_blocked, id=16872, stack(0x000000ab85c00000,0x000000ab85d00000)]
  0x000001fdbf954800 JavaThread "Cache worker for cache directory md-supplier (C:\Users\hp\.gradle\caches\7.0.2\md-supplier)" [_thread_blocked, id=14664, stack(0x000000ab85d00000,0x000000ab85e00000)]
  0x000001fdbf95b000 JavaThread "Cache worker for cache directory md-rule (C:\Users\hp\.gradle\caches\7.0.2\md-rule)" [_thread_blocked, id=31648, stack(0x000000ab85e00000,0x000000ab85f00000)]
  0x000001fdbf95b800 JavaThread "Cache worker for dependencies-accessors (E:\AndroidStudioProjects\ImpIntentApp\.gradle\7.0.2\dependencies-accessors)" [_thread_blocked, id=29488, stack(0x000000ab86300000,0x000000ab86400000)]
  0x000001fdbf95c800 JavaThread "Cache worker for Build Output Cleanup Cache (E:\AndroidStudioProjects\ImpIntentApp\.gradle\buildOutputCleanup)" [_thread_blocked, id=27628, stack(0x000000ab86400000,0x000000ab86500000)]
  0x000001fdbf95d000 JavaThread "Build operations" [_thread_blocked, id=20084, stack(0x000000ab86500000,0x000000ab86600000)]
  0x000001fdbf95e000 JavaThread "Build operations Thread 2" [_thread_blocked, id=28320, stack(0x000000ab86600000,0x000000ab86700000)]
  0x000001fdb8f57000 JavaThread "build event listener" [_thread_blocked, id=26256, stack(0x000000ab86700000,0x000000ab86800000)]
  0x000001fdb8f58000 JavaThread "pool-24-thread-1" [_thread_blocked, id=30916, stack(0x000000ab86c00000,0x000000ab86d00000)]
  0x000001fdb8f5e800 JavaThread "build event listener" [_thread_blocked, id=28432, stack(0x000000ab86d00000,0x000000ab86e00000)]
  0x000001fdb8f58800 JavaThread "Execution worker for ':'" [_thread_blocked, id=24776, stack(0x000000ab86e00000,0x000000ab86f00000)]
  0x000001fdb8f60000 JavaThread "Cache worker for execution history cache (E:\AndroidStudioProjects\ImpIntentApp\.gradle\7.0.2\executionHistory)" [_thread_blocked, id=30156, stack(0x000000ab86f00000,0x000000ab87000000)]
  0x000001fdb8f60800 JavaThread "WorkerExecutor Queue" [_thread_blocked, id=20536, stack(0x000000ab87100000,0x000000ab87200000)]
  0x000001fdb8f65000 JavaThread "WorkerExecutor Queue Thread 2" [_thread_blocked, id=30340, stack(0x000000ab87300000,0x000000ab87400000)]
  0x000001fdb8f64000 JavaThread "pool-25-thread-1" [_thread_blocked, id=2020, stack(0x000000ab87400000,0x000000ab87500000)]
  0x000001fdb8f61800 JavaThread "stderr" [_thread_in_native, id=28968, stack(0x000000ab87500000,0x000000ab87600000)]
  0x000001fdbd1bd000 JavaThread "stdout" [_thread_in_native, id=17928, stack(0x000000ab87600000,0x000000ab87700000)]
  0x000001fdbd1be800 JavaThread "Cache worker for Java compile cache (E:\AndroidStudioProjects\ImpIntentApp\.gradle\7.0.2\javaCompile)" [_thread_blocked, id=9912, stack(0x000000ab87700000,0x000000ab87800000)]

Other Threads:
=>0x000001fdb60cb000 VMThread "VM Thread" [stack: 0x000000ab84000000,0x000000ab84100000] [id=10024]
  0x000001fdb6c0d000 WatcherThread [stack: 0x000000ab84a00000,0x000000ab84b00000] [id=26220]
  0x000001fd9aa36000 GCTaskThread "GC Thread#0" [stack: 0x000000ab83b00000,0x000000ab83c00000] [id=30708]
  0x000001fdb6de3000 GCTaskThread "GC Thread#1" [stack: 0x000000ab84b00000,0x000000ab84c00000] [id=26432]
  0x000001fd9aa65800 ConcurrentGCThread "G1 Main Marker" [stack: 0x000000ab83c00000,0x000000ab83d00000] [id=31532]
  0x000001fd9aa68000 ConcurrentGCThread "G1 Conc#0" [stack: 0x000000ab83d00000,0x000000ab83e00000] [id=22496]
  0x000001fd9aab7800 ConcurrentGCThread "G1 Refine#0" [stack: 0x000000ab83e00000,0x000000ab83f00000] [id=1736]
  0x000001fd9aab8800 ConcurrentGCThread "G1 Young RemSet Sampling" [stack: 0x000000ab83f00000,0x000000ab84000000] [id=11828]

Threads with active compile tasks:
C2 CompilerThread02965575 22216       4       com.android.tools.r8.dex.j::m (2086 bytes)

VM state:at safepoint (normal execution)

VM Mutex/Monitor currently owned by a thread:  ([mutex/lock_event])
[0x000001fd9aa17890] Threads_lock - owner thread: 0x000001fdb60cb000
[0x000001fd9aa18220] Heap_lock - owner thread: 0x000001fdb8f60800

Heap address: 0x0000000080000000, size: 2048 MB, Compressed Oops mode: 32-bit
Narrow klass base: 0x0000000000000000, Narrow klass shift: 3
Compressed class space size: 1073741824 Address: 0x0000000100000000

Heap:
 garbage-first heap   total 741376K, used 363741K [0x0000000080000000, 0x0000000100000000)
  region size 1024K, 3 young (3072K), 3 survivors (3072K)
 Metaspace       used 123577K, capacity 126771K, committed 126972K, reserved 1159168K
  class space    used 15241K, capacity 16452K, committed 16512K, reserved 1048576K
Heap Regions: E=young(eden), S=young(survivor), O=old, HS=humongous(starts), HC=humongous(continues), CS=collection set, F=free, A=archive, TAMS=top-at-mark-start (previous, next)
|   0|0x0000000080000000, 0x0000000080100000, 0x0000000080100000|100%| O|  |TAMS 0x0000000080100000, 0x0000000080100000| Untracked 
|   1|0x0000000080100000, 0x0000000080200000, 0x0000000080200000|100%| O|  |TAMS 0x0000000080200000, 0x0000000080200000| Untracked 
|   2|0x0000000080200000, 0x0000000080300000, 0x0000000080300000|100%| O|  |TAMS 0x0000000080300000, 0x0000000080300000| Untracked 
|   3|0x0000000080300000, 0x0000000080400000, 0x0000000080400000|100%| O|  |TAMS 0x0000000080400000, 0x0000000080400000| Untracked 
|   4|0x0000000080400000, 0x0000000080500000, 0x0000000080500000|100%|HS|  |TAMS 0x0000000080500000, 0x0000000080500000| Complete 
|   5|0x0000000080500000, 0x0000000080600000, 0x0000000080600000|100%|HC|  |TAMS 0x0000000080600000, 0x0000000080600000| Complete 
|   6|0x0000000080600000, 0x0000000080700000, 0x0000000080700000|100%|HC|  |TAMS 0x0000000080700000, 0x0000000080700000| Complete 
|   7|0x0000000080700000, 0x0000000080800000, 0x0000000080800000|100%| O|  |TAMS 0x0000000080800000, 0x0000000080800000| Untracked 
|   8|0x0000000080800000, 0x0000000080900000, 0x0000000080900000|100%| O|  |TAMS 0x0000000080900000, 0x0000000080900000| Untracked 
|   9|0x0000000080900000, 0x0000000080a00000, 0x0000000080a00000|100%| O|  |TAMS 0x0000000080a00000, 0x0000000080a00000| Untracked 
|  10|0x0000000080a00000, 0x0000000080b00000, 0x0000000080b00000|100%| O|  |TAMS 0x0000000080b00000, 0x0000000080b00000| Untracked 
|  11|0x0000000080b00000, 0x0000000080c00000, 0x0000000080c00000|100%| O|  |TAMS 0x0000000080c00000, 0x0000000080c00000| Untracked 
|  12|0x0000000080c00000, 0x0000000080d00000, 0x0000000080d00000|100%| O|  |TAMS 0x0000000080d00000, 0x0000000080d00000| Untracked 
|  13|0x0000000080d00000, 0x0000000080e00000, 0x0000000080e00000|100%| O|  |TAMS 0x0000000080e00000, 0x0000000080e00000| Untracked 
|  14|0x0000000080e00000, 0x0000000080f00000, 0x0000000080f00000|100%| O|  |TAMS 0x0000000080f00000, 0x0000000080f00000| Untracked 
|  15|0x0000000080f00000, 0x0000000081000000, 0x0000000081000000|100%| O|  |TAMS 0x0000000081000000, 0x0000000081000000| Untracked 
|  16|0x0000000081000000, 0x0000000081100000, 0x0000000081100000|100%| O|  |TAMS 0x0000000081100000, 0x0000000081100000| Untracked 
|  17|0x0000000081100000, 0x0000000081200000, 0x0000000081200000|100%| O|  |TAMS 0x0000000081200000, 0x0000000081200000| Untracked 
|  18|0x0000000081200000, 0x0000000081300000, 0x0000000081300000|100%| O|  |TAMS 0x0000000081300000, 0x0000000081300000| Untracked 
|  19|0x0000000081300000, 0x0000000081400000, 0x0000000081400000|100%| O|  |TAMS 0x0000000081400000, 0x0000000081400000| Untracked 
|  20|0x0000000081400000, 0x0000000081500000, 0x0000000081500000|100%| O|  |TAMS 0x0000000081500000, 0x0000000081500000| Untracked 
|  21|0x0000000081500000, 0x0000000081600000, 0x0000000081600000|100%| O|  |TAMS 0x0000000081600000, 0x0000000081600000| Untracked 
|  22|0x0000000081600000, 0x0000000081700000, 0x0000000081700000|100%| O|  |TAMS 0x0000000081700000, 0x0000000081700000| Untracked 
|  23|0x0000000081700000, 0x0000000081800000, 0x0000000081800000|100%| O|  |TAMS 0x0000000081800000, 0x0000000081800000| Untracked 
|  24|0x0000000081800000, 0x0000000081900000, 0x0000000081900000|100%| O|  |TAMS 0x0000000081900000, 0x0000000081900000| Untracked 
|  25|0x0000000081900000, 0x0000000081a00000, 0x0000000081a00000|100%| O|  |TAMS 0x0000000081a00000, 0x0000000081a00000| Untracked 
|  26|0x0000000081a00000, 0x0000000081b00000, 0x0000000081b00000|100%| O|  |TAMS 0x0000000081b00000, 0x0000000081b00000| Untracked 
|  27|0x0000000081b00000, 0x0000000081c00000, 0x0000000081c00000|100%| O|  |TAMS 0x0000000081c00000, 0x0000000081c00000| Untracked 
|  28|0x0000000081c00000, 0x0000000081d00000, 0x0000000081d00000|100%| O|  |TAMS 0x0000000081d00000, 0x0000000081d00000| Untracked 
|  29|0x0000000081d00000, 0x0000000081e00000, 0x0000000081e00000|100%| O|  |TAMS 0x0000000081e00000, 0x0000000081e00000| Untracked 
|  30|0x0000000081e00000, 0x0000000081f00000, 0x0000000081f00000|100%|HS|  |TAMS 0x0000000081f00000, 0x0000000081f00000| Complete 
|  31|0x0000000081f00000, 0x0000000082000000, 0x0000000082000000|100%| O|  |TAMS 0x0000000082000000, 0x0000000082000000| Untracked 
|  32|0x0000000082000000, 0x0000000082100000, 0x0000000082100000|100%|HS|  |TAMS 0x0000000082100000, 0x0000000082100000| Complete 
|  33|0x0000000082100000, 0x0000000082200000, 0x0000000082200000|100%| O|  |TAMS 0x0000000082200000, 0x0000000082200000| Untracked 
|  34|0x0000000082200000, 0x0000000082300000, 0x0000000082300000|100%| O|  |TAMS 0x0000000082300000, 0x0000000082300000| Untracked 
|  35|0x0000000082300000, 0x0000000082400000, 0x0000000082400000|100%| O|  |TAMS 0x0000000082400000, 0x0000000082400000| Untracked 
|  36|0x0000000082400000, 0x0000000082500000, 0x0000000082500000|100%|HS|  |TAMS 0x0000000082500000, 0x0000000082500000| Complete 
|  37|0x0000000082500000, 0x0000000082600000, 0x0000000082600000|100%|HC|  |TAMS 0x0000000082600000, 0x0000000082600000| Complete 
|  38|0x0000000082600000, 0x0000000082700000, 0x0000000082700000|100%| O|  |TAMS 0x0000000082700000, 0x0000000082700000| Untracked 
|  39|0x0000000082700000, 0x0000000082800000, 0x0000000082800000|100%| O|  |TAMS 0x0000000082800000, 0x0000000082800000| Untracked 
|  40|0x0000000082800000, 0x0000000082900000, 0x0000000082900000|100%| O|  |TAMS 0x0000000082900000, 0x0000000082900000| Untracked 
|  41|0x0000000082900000, 0x0000000082a00000, 0x0000000082a00000|100%| O|  |TAMS 0x0000000082a00000, 0x0000000082a00000| Untracked 
|  42|0x0000000082a00000, 0x0000000082b00000, 0x0000000082b00000|100%| O|  |TAMS 0x0000000082b00000, 0x0000000082b00000| Untracked 
|  43|0x0000000082b00000, 0x0000000082c00000, 0x0000000082c00000|100%| O|  |TAMS 0x0000000082c00000, 0x0000000082c00000| Untracked 
|  44|0x0000000082c00000, 0x0000000082d00000, 0x0000000082d00000|100%| O|  |TAMS 0x0000000082d00000, 0x0000000082d00000| Untracked 
|  45|0x0000000082d00000, 0x0000000082e00000, 0x0000000082e00000|100%| O|  |TAMS 0x0000000082e00000, 0x0000000082e00000| Untracked 
|  46|0x0000000082e00000, 0x0000000082f00000, 0x0000000082f00000|100%| O|  |TAMS 0x0000000082f00000, 0x0000000082f00000| Untracked 
|  47|0x0000000082f00000, 0x0000000083000000, 0x0000000083000000|100%| O|  |TAMS 0x0000000083000000, 0x0000000083000000| Untracked 
|  48|0x0000000083000000, 0x0000000083100000, 0x0000000083100000|100%| O|  |TAMS 0x0000000083100000, 0x0000000083100000| Untracked 
|  49|0x0000000083100000, 0x0000000083200000, 0x0000000083200000|100%| O|  |TAMS 0x0000000083200000, 0x0000000083200000| Untracked 
|  50|0x0000000083200000, 0x0000000083300000, 0x0000000083300000|100%| O|  |TAMS 0x0000000083300000, 0x0000000083300000| Untracked 
|  51|0x0000000083300000, 0x0000000083400000, 0x0000000083400000|100%| O|  |TAMS 0x0000000083400000, 0x0000000083400000| Untracked 
|  52|0x0000000083400000, 0x0000000083500000, 0x0000000083500000|100%| O|  |TAMS 0x0000000083500000, 0x0000000083500000| Untracked 
|  53|0x0000000083500000, 0x0000000083600000, 0x0000000083600000|100%| O|  |TAMS 0x0000000083600000, 0x0000000083600000| Untracked 
|  54|0x0000000083600000, 0x0000000083700000, 0x0000000083700000|100%| O|  |TAMS 0x0000000083700000, 0x0000000083700000| Untracked 
|  55|0x0000000083700000, 0x0000000083800000, 0x0000000083800000|100%| O|  |TAMS 0x0000000083800000, 0x0000000083800000| Untracked 
|  56|0x0000000083800000, 0x0000000083900000, 0x0000000083900000|100%| O|  |TAMS 0x0000000083900000, 0x0000000083900000| Untracked 
|  57|0x0000000083900000, 0x0000000083a00000, 0x0000000083a00000|100%| O|  |TAMS 0x0000000083a00000, 0x0000000083a00000| Untracked 
|  58|0x0000000083a00000, 0x0000000083b00000, 0x0000000083b00000|100%| O|  |TAMS 0x0000000083b00000, 0x0000000083b00000| Untracked 
|  59|0x0000000083b00000, 0x0000000083c00000, 0x0000000083c00000|100%| O|  |TAMS 0x0000000083c00000, 0x0000000083c00000| Untracked 
|  60|0x0000000083c00000, 0x0000000083d00000, 0x0000000083d00000|100%| O|  |TAMS 0x0000000083d00000, 0x0000000083d00000| Untracked 
|  61|0x0000000083d00000, 0x0000000083e00000, 0x0000000083e00000|100%| O|  |TAMS 0x0000000083e00000, 0x0000000083e00000| Untracked 
|  62|0x0000000083e00000, 0x0000000083f00000, 0x0000000083f00000|100%| O|  |TAMS 0x0000000083f00000, 0x0000000083f00000| Untracked 
|  63|0x0000000083f00000, 0x0000000084000000, 0x0000000084000000|100%| O|  |TAMS 0x0000000084000000, 0x0000000084000000| Untracked 
|  64|0x0000000084000000, 0x0000000084100000, 0x0000000084100000|100%| O|  |TAMS 0x0000000084100000, 0x0000000084100000| Untracked 
|  65|0x0000000084100000, 0x0000000084200000, 0x0000000084200000|100%| O|  |TAMS 0x00000000841d8e00, 0x0000000084200000| Untracked 
|  66|0x0000000084200000, 0x0000000084300000, 0x0000000084300000|100%| O|  |TAMS 0x0000000084300000, 0x0000000084300000| Untracked 
|  67|0x0000000084300000, 0x0000000084400000, 0x0000000084400000|100%| O|  |TAMS 0x0000000084400000, 0x0000000084400000| Untracked 
|  68|0x0000000084400000, 0x0000000084500000, 0x0000000084500000|100%| O|  |TAMS 0x0000000084500000, 0x0000000084500000| Untracked 
|  69|0x0000000084500000, 0x0000000084600000, 0x0000000084600000|100%| O|  |TAMS 0x0000000084600000, 0x0000000084600000| Untracked 
|  70|0x0000000084600000, 0x0000000084700000, 0x0000000084700000|100%| O|  |TAMS 0x0000000084600000, 0x0000000084700000| Untracked 
|  71|0x0000000084700000, 0x0000000084800000, 0x0000000084800000|100%| O|  |TAMS 0x0000000084800000, 0x0000000084800000| Untracked 
|  72|0x0000000084800000, 0x0000000084900000, 0x0000000084900000|100%| O|  |TAMS 0x0000000084900000, 0x0000000084900000| Untracked 
|  73|0x0000000084900000, 0x0000000084a00000, 0x0000000084a00000|100%| O|  |TAMS 0x0000000084a00000, 0x0000000084a00000| Untracked 
|  74|0x0000000084a00000, 0x0000000084b00000, 0x0000000084b00000|100%|HS|  |TAMS 0x0000000084a00000, 0x0000000084b00000| Complete 
|  75|0x0000000084b00000, 0x0000000084c00000, 0x0000000084c00000|100%|HS|  |TAMS 0x0000000084b00000, 0x0000000084c00000| Complete 
|  76|0x0000000084c00000, 0x0000000084d00000, 0x0000000084d00000|100%| O|  |TAMS 0x0000000084d00000, 0x0000000084d00000| Untracked 
|  77|0x0000000084d00000, 0x0000000084e00000, 0x0000000084e00000|100%| O|  |TAMS 0x0000000084e00000, 0x0000000084e00000| Untracked 
|  78|0x0000000084e00000, 0x0000000084f00000, 0x0000000084f00000|100%| O|  |TAMS 0x0000000084e00000, 0x0000000084f00000| Untracked 
|  79|0x0000000084f00000, 0x0000000085000000, 0x0000000085000000|100%| O|  |TAMS 0x0000000085000000, 0x0000000085000000| Untracked 
|  80|0x0000000085000000, 0x0000000085100000, 0x0000000085100000|100%| O|  |TAMS 0x0000000085100000, 0x0000000085100000| Untracked 
|  81|0x0000000085100000, 0x0000000085200000, 0x0000000085200000|100%| O|  |TAMS 0x0000000085200000, 0x0000000085200000| Untracked 
|  82|0x0000000085200000, 0x0000000085300000, 0x0000000085300000|100%| O|  |TAMS 0x0000000085200000, 0x0000000085300000| Untracked 
|  83|0x0000000085300000, 0x0000000085400000, 0x0000000085400000|100%| O|  |TAMS 0x0000000085400000, 0x0000000085400000| Untracked 
|  84|0x0000000085400000, 0x0000000085500000, 0x0000000085500000|100%| O|  |TAMS 0x0000000085500000, 0x0000000085500000| Untracked 
|  85|0x0000000085500000, 0x0000000085600000, 0x0000000085600000|100%| O|  |TAMS 0x0000000085500000, 0x0000000085600000| Untracked 
|  86|0x0000000085600000, 0x0000000085700000, 0x0000000085700000|100%| O|  |TAMS 0x0000000085600000, 0x0000000085700000| Untracked 
|  87|0x0000000085700000, 0x0000000085800000, 0x0000000085800000|100%| O|  |TAMS 0x0000000085800000, 0x0000000085800000| Untracked 
|  88|0x0000000085800000, 0x0000000085900000, 0x0000000085900000|100%| O|  |TAMS 0x0000000085900000, 0x0000000085900000| Untracked 
|  89|0x0000000085900000, 0x0000000085a00000, 0x0000000085a00000|100%| O|  |TAMS 0x0000000085a00000, 0x0000000085a00000| Untracked 
|  90|0x0000000085a00000, 0x0000000085b00000, 0x0000000085b00000|100%| O|  |TAMS 0x0000000085b00000, 0x0000000085b00000| Untracked 
|  91|0x0000000085b00000, 0x0000000085c00000, 0x0000000085c00000|100%| O|  |TAMS 0x0000000085c00000, 0x0000000085c00000| Untracked 
|  92|0x0000000085c00000, 0x0000000085d00000, 0x0000000085d00000|100%| O|  |TAMS 0x0000000085c00000, 0x0000000085d00000| Untracked 
|  93|0x0000000085d00000, 0x0000000085e00000, 0x0000000085e00000|100%| O|  |TAMS 0x0000000085d00000, 0x0000000085e00000| Untracked 
|  94|0x0000000085e00000, 0x0000000085f00000, 0x0000000085f00000|100%| O|  |TAMS 0x0000000085e00000, 0x0000000085f00000| Untracked 
|  95|0x0000000085f00000, 0x0000000086000000, 0x0000000086000000|100%| O|  |TAMS 0x0000000085f00000, 0x0000000086000000| Untracked 
|  96|0x0000000086000000, 0x0000000086100000, 0x0000000086100000|100%| O|  |TAMS 0x0000000086000000, 0x0000000086100000| Untracked 
|  97|0x0000000086100000, 0x0000000086200000, 0x0000000086200000|100%| O|  |TAMS 0x0000000086100000, 0x0000000086200000| Untracked 
|  98|0x0000000086200000, 0x0000000086300000, 0x0000000086300000|100%| O|  |TAMS 0x0000000086200000, 0x0000000086300000| Untracked 
|  99|0x0000000086300000, 0x0000000086400000, 0x0000000086400000|100%|HS|  |TAMS 0x0000000086300000, 0x0000000086400000| Complete 
| 100|0x0000000086400000, 0x0000000086500000, 0x0000000086500000|100%| O|  |TAMS 0x0000000086400000, 0x0000000086500000| Untracked 
| 101|0x0000000086500000, 0x0000000086600000, 0x0000000086600000|100%| O|  |TAMS 0x0000000086500000, 0x0000000086600000| Untracked 
| 102|0x0000000086600000, 0x0000000086700000, 0x0000000086700000|100%| O|  |TAMS 0x0000000086600000, 0x0000000086700000| Untracked 
| 103|0x0000000086700000, 0x0000000086800000, 0x0000000086800000|100%| O|  |TAMS 0x0000000086800000, 0x0000000086800000| Untracked 
| 104|0x0000000086800000, 0x0000000086900000, 0x0000000086900000|100%|HS|  |TAMS 0x0000000086900000, 0x0000000086900000| Complete 
| 105|0x0000000086900000, 0x0000000086a00000, 0x0000000086a00000|100%|HC|  |TAMS 0x0000000086a00000, 0x0000000086a00000| Complete 
| 106|0x0000000086a00000, 0x0000000086b00000, 0x0000000086b00000|100%|HC|  |TAMS 0x0000000086b00000, 0x0000000086b00000| Complete 
| 107|0x0000000086b00000, 0x0000000086c00000, 0x0000000086c00000|100%|HC|  |TAMS 0x0000000086c00000, 0x0000000086c00000| Complete 
| 108|0x0000000086c00000, 0x0000000086d00000, 0x0000000086d00000|100%|HC|  |TAMS 0x0000000086d00000, 0x0000000086d00000| Complete 
| 109|0x0000000086d00000, 0x0000000086e00000, 0x0000000086e00000|100%| O|  |TAMS 0x0000000086e00000, 0x0000000086e00000| Untracked 
| 110|0x0000000086e00000, 0x0000000086f00000, 0x0000000086f00000|100%| O|  |TAMS 0x0000000086f00000, 0x0000000086f00000| Untracked 
| 111|0x0000000086f00000, 0x0000000087000000, 0x0000000087000000|100%| O|  |TAMS 0x0000000087000000, 0x0000000087000000| Untracked 
| 112|0x0000000087000000, 0x0000000087100000, 0x0000000087100000|100%| O|  |TAMS 0x0000000087100000, 0x0000000087100000| Untracked 
| 113|0x0000000087100000, 0x0000000087200000, 0x0000000087200000|100%| O|  |TAMS 0x0000000087100000, 0x0000000087200000| Untracked 
| 114|0x0000000087200000, 0x0000000087300000, 0x0000000087300000|100%| O|  |TAMS 0x0000000087300000, 0x0000000087300000| Untracked 
| 115|0x0000000087300000, 0x0000000087400000, 0x0000000087400000|100%| O|  |TAMS 0x0000000087400000, 0x0000000087400000| Untracked 
| 116|0x0000000087400000, 0x0000000087500000, 0x0000000087500000|100%| O|  |TAMS 0x0000000087500000, 0x0000000087500000| Untracked 
| 117|0x0000000087500000, 0x0000000087600000, 0x0000000087600000|100%| O|  |TAMS 0x0000000087600000, 0x0000000087600000| Untracked 
| 118|0x0000000087600000, 0x0000000087700000, 0x0000000087700000|100%| O|  |TAMS 0x0000000087700000, 0x0000000087700000| Untracked 
| 119|0x0000000087700000, 0x0000000087800000, 0x0000000087800000|100%| O|  |TAMS 0x0000000087800000, 0x0000000087800000| Untracked 
| 120|0x0000000087800000, 0x0000000087900000, 0x0000000087900000|100%| O|  |TAMS 0x0000000087900000, 0x0000000087900000| Untracked 
| 121|0x0000000087900000, 0x0000000087a00000, 0x0000000087a00000|100%| O|  |TAMS 0x0000000087a00000, 0x0000000087a00000| Untracked 
| 122|0x0000000087a00000, 0x0000000087b00000, 0x0000000087b00000|100%| O|  |TAMS 0x0000000087b00000, 0x0000000087b00000| Untracked 
| 123|0x0000000087b00000, 0x0000000087c00000, 0x0000000087c00000|100%| O|  |TAMS 0x0000000087c00000, 0x0000000087c00000| Untracked 
| 124|0x0000000087c00000, 0x0000000087d00000, 0x0000000087d00000|100%| O|  |TAMS 0x0000000087d00000, 0x0000000087d00000| Untracked 
| 125|0x0000000087d00000, 0x0000000087e00000, 0x0000000087e00000|100%| O|  |TAMS 0x0000000087e00000, 0x0000000087e00000| Untracked 
| 126|0x0000000087e00000, 0x0000000087f00000, 0x0000000087f00000|100%| O|  |TAMS 0x0000000087f00000, 0x0000000087f00000| Untracked 
| 127|0x0000000087f00000, 0x0000000088000000, 0x0000000088000000|100%| O|  |TAMS 0x0000000088000000, 0x0000000088000000| Untracked 
| 128|0x0000000088000000, 0x0000000088100000, 0x0000000088100000|100%| O|  |TAMS 0x0000000088100000, 0x0000000088100000| Untracked 
| 129|0x0000000088100000, 0x0000000088200000, 0x0000000088200000|100%| O|  |TAMS 0x0000000088200000, 0x0000000088200000| Untracked 
| 130|0x0000000088200000, 0x0000000088300000, 0x0000000088300000|100%| O|  |TAMS 0x0000000088200000, 0x0000000088300000| Untracked 
| 131|0x0000000088300000, 0x0000000088400000, 0x0000000088400000|100%| O|  |TAMS 0x0000000088400000, 0x0000000088400000| Untracked 
| 132|0x0000000088400000, 0x0000000088500000, 0x0000000088500000|100%| O|  |TAMS 0x0000000088500000, 0x0000000088500000| Untracked 
| 133|0x0000000088500000, 0x0000000088600000, 0x0000000088600000|100%| O|  |TAMS 0x0000000088600000, 0x0000000088600000| Untracked 
| 134|0x0000000088600000, 0x0000000088700000, 0x0000000088700000|100%| O|  |TAMS 0x0000000088700000, 0x0000000088700000| Untracked 
| 135|0x0000000088700000, 0x0000000088800000, 0x0000000088800000|100%| O|  |TAMS 0x0000000088800000, 0x0000000088800000| Untracked 
| 136|0x0000000088800000, 0x0000000088900000, 0x0000000088900000|100%| O|  |TAMS 0x0000000088900000, 0x0000000088900000| Untracked 
| 137|0x0000000088900000, 0x0000000088a00000, 0x0000000088a00000|100%| O|  |TAMS 0x0000000088a00000, 0x0000000088a00000| Untracked 
| 138|0x0000000088a00000, 0x0000000088b00000, 0x0000000088b00000|100%| O|  |TAMS 0x0000000088b00000, 0x0000000088b00000| Untracked 
| 139|0x0000000088b00000, 0x0000000088c00000, 0x0000000088c00000|100%| O|  |TAMS 0x0000000088b00000, 0x0000000088c00000| Untracked 
| 140|0x0000000088c00000, 0x0000000088d00000, 0x0000000088d00000|100%| O|  |TAMS 0x0000000088d00000, 0x0000000088d00000| Untracked 
| 141|0x0000000088d00000, 0x0000000088e00000, 0x0000000088e00000|100%| O|  |TAMS 0x0000000088e00000, 0x0000000088e00000| Untracked 
| 142|0x0000000088e00000, 0x0000000088f00000, 0x0000000088f00000|100%| O|  |TAMS 0x0000000088e00000, 0x0000000088f00000| Untracked 
| 143|0x0000000088f00000, 0x0000000089000000, 0x0000000089000000|100%| O|  |TAMS 0x0000000089000000, 0x0000000089000000| Untracked 
| 144|0x0000000089000000, 0x0000000089100000, 0x0000000089100000|100%| O|  |TAMS 0x0000000089100000, 0x0000000089100000| Untracked 
| 145|0x0000000089100000, 0x0000000089200000, 0x0000000089200000|100%| O|  |TAMS 0x0000000089100000, 0x0000000089200000| Untracked 
| 146|0x0000000089200000, 0x0000000089300000, 0x0000000089300000|100%| O|  |TAMS 0x0000000089300000, 0x0000000089300000| Untracked 
| 147|0x0000000089300000, 0x0000000089400000, 0x0000000089400000|100%|HS|  |TAMS 0x0000000089300000, 0x0000000089400000| Complete 
| 148|0x0000000089400000, 0x0000000089500000, 0x0000000089500000|100%| O|  |TAMS 0x0000000089500000, 0x0000000089500000| Untracked 
| 149|0x0000000089500000, 0x0000000089600000, 0x0000000089600000|100%|HS|  |TAMS 0x0000000089500000, 0x0000000089600000| Complete 
| 150|0x0000000089600000, 0x0000000089700000, 0x0000000089700000|100%|HC|  |TAMS 0x0000000089600000, 0x0000000089700000| Complete 
| 151|0x0000000089700000, 0x0000000089800000, 0x0000000089800000|100%| O|  |TAMS 0x0000000089700000, 0x0000000089800000| Untracked 
| 152|0x0000000089800000, 0x0000000089900000, 0x0000000089900000|100%| O|  |TAMS 0x0000000089800000, 0x0000000089900000| Untracked 
| 153|0x0000000089900000, 0x0000000089a00000, 0x0000000089a00000|100%| O|  |TAMS 0x0000000089900000, 0x0000000089a00000| Untracked 
| 154|0x0000000089a00000, 0x0000000089b00000, 0x0000000089b00000|100%| O|  |TAMS 0x0000000089a00000, 0x0000000089b00000| Untracked 
| 155|0x0000000089b00000, 0x0000000089c00000, 0x0000000089c00000|100%| O|  |TAMS 0x0000000089b00000, 0x0000000089c00000| Untracked 
| 156|0x0000000089c00000, 0x0000000089d00000, 0x0000000089d00000|100%| O|  |TAMS 0x0000000089c00000, 0x0000000089d00000| Untracked 
| 157|0x0000000089d00000, 0x0000000089e00000, 0x0000000089e00000|100%| O|  |TAMS 0x0000000089d00000, 0x0000000089e00000| Untracked 
| 158|0x0000000089e00000, 0x0000000089f00000, 0x0000000089f00000|100%| O|  |TAMS 0x0000000089e00000, 0x0000000089f00000| Untracked 
| 159|0x0000000089f00000, 0x000000008a000000, 0x000000008a000000|100%| O|  |TAMS 0x0000000089f00000, 0x000000008a000000| Untracked 
| 160|0x000000008a000000, 0x000000008a100000, 0x000000008a100000|100%| O|  |TAMS 0x000000008a000000, 0x000000008a100000| Untracked 
| 161|0x000000008a100000, 0x000000008a200000, 0x000000008a200000|100%| O|  |TAMS 0x000000008a100000, 0x000000008a200000| Untracked 
| 162|0x000000008a200000, 0x000000008a300000, 0x000000008a300000|100%| O|  |TAMS 0x000000008a200000, 0x000000008a300000| Untracked 
| 163|0x000000008a300000, 0x000000008a400000, 0x000000008a400000|100%| O|  |TAMS 0x000000008a300000, 0x000000008a400000| Untracked 
| 164|0x000000008a400000, 0x000000008a500000, 0x000000008a500000|100%| O|  |TAMS 0x000000008a400000, 0x000000008a500000| Untracked 
| 165|0x000000008a500000, 0x000000008a600000, 0x000000008a600000|100%| O|  |TAMS 0x000000008a500000, 0x000000008a600000| Untracked 
| 166|0x000000008a600000, 0x000000008a700000, 0x000000008a700000|100%|HS|  |TAMS 0x000000008a600000, 0x000000008a700000| Complete 
| 167|0x000000008a700000, 0x000000008a800000, 0x000000008a800000|100%|HC|  |TAMS 0x000000008a700000, 0x000000008a800000| Complete 
| 168|0x000000008a800000, 0x000000008a900000, 0x000000008a900000|100%|HC|  |TAMS 0x000000008a800000, 0x000000008a900000| Complete 
| 169|0x000000008a900000, 0x000000008aa00000, 0x000000008aa00000|100%|HC|  |TAMS 0x000000008a900000, 0x000000008aa00000| Complete 
| 170|0x000000008aa00000, 0x000000008ab00000, 0x000000008ab00000|100%|HC|  |TAMS 0x000000008aa00000, 0x000000008ab00000| Complete 
| 171|0x000000008ab00000, 0x000000008ac00000, 0x000000008ac00000|100%| O|  |TAMS 0x000000008ab00000, 0x000000008ac00000| Untracked 
| 172|0x000000008ac00000, 0x000000008ad00000, 0x000000008ad00000|100%| O|  |TAMS 0x000000008ac00000, 0x000000008ad00000| Untracked 
| 173|0x000000008ad00000, 0x000000008ae00000, 0x000000008ae00000|100%| O|  |TAMS 0x000000008ad00000, 0x000000008ae00000| Untracked 
| 174|0x000000008ae00000, 0x000000008af00000, 0x000000008af00000|100%| O|  |TAMS 0x000000008ae00000, 0x000000008af00000| Untracked 
| 175|0x000000008af00000, 0x000000008b000000, 0x000000008b000000|100%| O|  |TAMS 0x000000008af00000, 0x000000008b000000| Untracked 
| 176|0x000000008b000000, 0x000000008b100000, 0x000000008b100000|100%| O|  |TAMS 0x000000008b000000, 0x000000008b100000| Untracked 
| 177|0x000000008b100000, 0x000000008b200000, 0x000000008b200000|100%| O|  |TAMS 0x000000008b100000, 0x000000008b200000| Untracked 
| 178|0x000000008b200000, 0x000000008b300000, 0x000000008b300000|100%| O|  |TAMS 0x000000008b200000, 0x000000008b300000| Untracked 
| 179|0x000000008b300000, 0x000000008b400000, 0x000000008b400000|100%| O|  |TAMS 0x000000008b300000, 0x000000008b400000| Untracked 
| 180|0x000000008b400000, 0x000000008b500000, 0x000000008b500000|100%| O|  |TAMS 0x000000008b400000, 0x000000008b500000| Untracked 
| 181|0x000000008b500000, 0x000000008b600000, 0x000000008b600000|100%| O|  |TAMS 0x000000008b500000, 0x000000008b600000| Untracked 
| 182|0x000000008b600000, 0x000000008b700000, 0x000000008b700000|100%| O|  |TAMS 0x000000008b600000, 0x000000008b700000| Untracked 
| 183|0x000000008b700000, 0x000000008b800000, 0x000000008b800000|100%|HS|  |TAMS 0x000000008b700000, 0x000000008b800000| Complete 
| 184|0x000000008b800000, 0x000000008b900000, 0x000000008b900000|100%|HC|  |TAMS 0x000000008b800000, 0x000000008b900000| Complete 
| 185|0x000000008b900000, 0x000000008ba00000, 0x000000008ba00000|100%|HC|  |TAMS 0x000000008b900000, 0x000000008ba00000| Complete 
| 186|0x000000008ba00000, 0x000000008bb00000, 0x000000008bb00000|100%|HC|  |TAMS 0x000000008ba00000, 0x000000008bb00000| Complete 
| 187|0x000000008bb00000, 0x000000008bc00000, 0x000000008bc00000|100%|HC|  |TAMS 0x000000008bb00000, 0x000000008bc00000| Complete 
| 188|0x000000008bc00000, 0x000000008bd00000, 0x000000008bd00000|100%| O|  |TAMS 0x000000008bc00000, 0x000000008bd00000| Untracked 
| 189|0x000000008bd00000, 0x000000008be00000, 0x000000008be00000|100%| O|  |TAMS 0x000000008bd00000, 0x000000008be00000| Untracked 
| 190|0x000000008be00000, 0x000000008bf00000, 0x000000008bf00000|100%| O|  |TAMS 0x000000008be00000, 0x000000008bf00000| Untracked 
| 191|0x000000008bf00000, 0x000000008c000000, 0x000000008c000000|100%| O|  |TAMS 0x000000008bf00000, 0x000000008c000000| Untracked 
| 192|0x000000008c000000, 0x000000008c100000, 0x000000008c100000|100%| O|  |TAMS 0x000000008c000000, 0x000000008c100000| Untracked 
| 193|0x000000008c100000, 0x000000008c200000, 0x000000008c200000|100%| O|  |TAMS 0x000000008c100000, 0x000000008c200000| Untracked 
| 194|0x000000008c200000, 0x000000008c300000, 0x000000008c300000|100%| O|  |TAMS 0x000000008c200000, 0x000000008c300000| Untracked 
| 195|0x000000008c300000, 0x000000008c400000, 0x000000008c400000|100%| O|  |TAMS 0x000000008c300000, 0x000000008c400000| Untracked 
| 196|0x000000008c400000, 0x000000008c500000, 0x000000008c500000|100%| O|  |TAMS 0x000000008c400000, 0x000000008c500000| Untracked 
| 197|0x000000008c500000, 0x000000008c600000, 0x000000008c600000|100%| O|  |TAMS 0x000000008c500000, 0x000000008c600000| Untracked 
| 198|0x000000008c600000, 0x000000008c700000, 0x000000008c700000|100%| O|  |TAMS 0x000000008c600000, 0x000000008c700000| Untracked 
| 199|0x000000008c700000, 0x000000008c800000, 0x000000008c800000|100%| O|  |TAMS 0x000000008c700000, 0x000000008c800000| Untracked 
| 200|0x000000008c800000, 0x000000008c900000, 0x000000008c900000|100%| O|  |TAMS 0x000000008c800000, 0x000000008c900000| Untracked 
| 201|0x000000008c900000, 0x000000008ca00000, 0x000000008ca00000|100%| O|  |TAMS 0x000000008c900000, 0x000000008ca00000| Untracked 
| 202|0x000000008ca00000, 0x000000008cb00000, 0x000000008cb00000|100%| O|  |TAMS 0x000000008ca00000, 0x000000008cb00000| Untracked 
| 203|0x000000008cb00000, 0x000000008cc00000, 0x000000008cc00000|100%| O|  |TAMS 0x000000008cb00000, 0x000000008cc00000| Untracked 
| 204|0x000000008cc00000, 0x000000008cd00000, 0x000000008cd00000|100%| O|  |TAMS 0x000000008cc00000, 0x000000008cd00000| Untracked 
| 205|0x000000008cd00000, 0x000000008ce00000, 0x000000008ce00000|100%| O|  |TAMS 0x000000008cd00000, 0x000000008ce00000| Untracked 
| 206|0x000000008ce00000, 0x000000008cf00000, 0x000000008cf00000|100%| O|  |TAMS 0x000000008ce00000, 0x000000008cf00000| Untracked 
| 207|0x000000008cf00000, 0x000000008d000000, 0x000000008d000000|100%| O|  |TAMS 0x000000008cf00000, 0x000000008d000000| Untracked 
| 208|0x000000008d000000, 0x000000008d100000, 0x000000008d100000|100%| O|  |TAMS 0x000000008d000000, 0x000000008d100000| Untracked 
| 209|0x000000008d100000, 0x000000008d200000, 0x000000008d200000|100%| O|  |TAMS 0x000000008d100000, 0x000000008d200000| Untracked 
| 210|0x000000008d200000, 0x000000008d300000, 0x000000008d300000|100%| O|  |TAMS 0x000000008d200000, 0x000000008d300000| Untracked 
| 211|0x000000008d300000, 0x000000008d400000, 0x000000008d400000|100%| O|  |TAMS 0x000000008d300000, 0x000000008d400000| Untracked 
| 212|0x000000008d400000, 0x000000008d500000, 0x000000008d500000|100%| O|  |TAMS 0x000000008d400000, 0x000000008d500000| Untracked 
| 213|0x000000008d500000, 0x000000008d600000, 0x000000008d600000|100%| O|  |TAMS 0x000000008d500000, 0x000000008d600000| Untracked 
| 214|0x000000008d600000, 0x000000008d700000, 0x000000008d700000|100%| O|  |TAMS 0x000000008d600000, 0x000000008d700000| Untracked 
| 215|0x000000008d700000, 0x000000008d800000, 0x000000008d800000|100%| O|  |TAMS 0x000000008d700000, 0x000000008d800000| Untracked 
| 216|0x000000008d800000, 0x000000008d900000, 0x000000008d900000|100%| O|  |TAMS 0x000000008d800000, 0x000000008d900000| Untracked 
| 217|0x000000008d900000, 0x000000008da00000, 0x000000008da00000|100%| O|  |TAMS 0x000000008d900000, 0x000000008da00000| Untracked 
| 218|0x000000008da00000, 0x000000008db00000, 0x000000008db00000|100%| O|  |TAMS 0x000000008da00000, 0x000000008db00000| Untracked 
| 219|0x000000008db00000, 0x000000008dc00000, 0x000000008dc00000|100%| O|  |TAMS 0x000000008db00000, 0x000000008dc00000| Untracked 
| 220|0x000000008dc00000, 0x000000008dd00000, 0x000000008dd00000|100%| O|  |TAMS 0x000000008dc00000, 0x000000008dd00000| Untracked 
| 221|0x000000008dd00000, 0x000000008de00000, 0x000000008de00000|100%| O|  |TAMS 0x000000008dd00000, 0x000000008de00000| Untracked 
| 222|0x000000008de00000, 0x000000008df00000, 0x000000008df00000|100%| O|  |TAMS 0x000000008de00000, 0x000000008df00000| Untracked 
| 223|0x000000008df00000, 0x000000008e000000, 0x000000008e000000|100%|HS|  |TAMS 0x000000008df00000, 0x000000008e000000| Complete 
| 224|0x000000008e000000, 0x000000008e100000, 0x000000008e100000|100%|HS|  |TAMS 0x000000008e000000, 0x000000008e100000| Complete 
| 225|0x000000008e100000, 0x000000008e200000, 0x000000008e200000|100%| O|  |TAMS 0x000000008e100000, 0x000000008e200000| Untracked 
| 226|0x000000008e200000, 0x000000008e300000, 0x000000008e300000|100%| O|  |TAMS 0x000000008e200000, 0x000000008e300000| Untracked 
| 227|0x000000008e300000, 0x000000008e400000, 0x000000008e400000|100%| O|  |TAMS 0x000000008e300000, 0x000000008e400000| Untracked 
| 228|0x000000008e400000, 0x000000008e500000, 0x000000008e500000|100%| O|  |TAMS 0x000000008e400000, 0x000000008e500000| Untracked 
| 229|0x000000008e500000, 0x000000008e600000, 0x000000008e600000|100%| O|  |TAMS 0x000000008e500000, 0x000000008e600000| Untracked 
| 230|0x000000008e600000, 0x000000008e700000, 0x000000008e700000|100%| O|  |TAMS 0x000000008e600000, 0x000000008e700000| Untracked 
| 231|0x000000008e700000, 0x000000008e800000, 0x000000008e800000|100%| O|  |TAMS 0x000000008e700000, 0x000000008e800000| Untracked 
| 232|0x000000008e800000, 0x000000008e900000, 0x000000008e900000|100%|HS|  |TAMS 0x000000008e800000, 0x000000008e900000| Complete 
| 233|0x000000008e900000, 0x000000008ea00000, 0x000000008ea00000|100%|HS|  |TAMS 0x000000008e900000, 0x000000008ea00000| Complete 
| 234|0x000000008ea00000, 0x000000008eb00000, 0x000000008eb00000|100%|HS|  |TAMS 0x000000008ea00000, 0x000000008eb00000| Complete 
| 235|0x000000008eb00000, 0x000000008ec00000, 0x000000008ec00000|100%|HS|  |TAMS 0x000000008eb00000, 0x000000008ec00000| Complete 
| 236|0x000000008ec00000, 0x000000008ed00000, 0x000000008ed00000|100%| O|  |TAMS 0x000000008ec00000, 0x000000008ed00000| Untracked 
| 237|0x000000008ed00000, 0x000000008ee00000, 0x000000008ee00000|100%| O|  |TAMS 0x000000008ed00000, 0x000000008ee00000| Untracked 
| 238|0x000000008ee00000, 0x000000008ef00000, 0x000000008ef00000|100%| O|  |TAMS 0x000000008ee00000, 0x000000008ef00000| Untracked 
| 239|0x000000008ef00000, 0x000000008f000000, 0x000000008f000000|100%| O|  |TAMS 0x000000008ef00000, 0x000000008f000000| Untracked 
| 240|0x000000008f000000, 0x000000008f100000, 0x000000008f100000|100%|HS|  |TAMS 0x000000008f000000, 0x000000008f100000| Complete 
| 241|0x000000008f100000, 0x000000008f200000, 0x000000008f200000|100%|HS|  |TAMS 0x000000008f100000, 0x000000008f200000| Complete 
| 242|0x000000008f200000, 0x000000008f300000, 0x000000008f300000|100%|HS|  |TAMS 0x000000008f200000, 0x000000008f300000| Complete 
| 243|0x000000008f300000, 0x000000008f400000, 0x000000008f400000|100%|HS|  |TAMS 0x000000008f300000, 0x000000008f400000| Complete 
| 244|0x000000008f400000, 0x000000008f500000, 0x000000008f500000|100%|HC|  |TAMS 0x000000008f400000, 0x000000008f500000| Complete 
| 245|0x000000008f500000, 0x000000008f600000, 0x000000008f600000|100%|HC|  |TAMS 0x000000008f500000, 0x000000008f600000| Complete 
| 246|0x000000008f600000, 0x000000008f700000, 0x000000008f700000|100%|HC|  |TAMS 0x000000008f600000, 0x000000008f700000| Complete 
| 247|0x000000008f700000, 0x000000008f800000, 0x000000008f800000|100%|HC|  |TAMS 0x000000008f700000, 0x000000008f800000| Complete 
| 248|0x000000008f800000, 0x000000008f900000, 0x000000008f900000|100%|HC|  |TAMS 0x000000008f800000, 0x000000008f900000| Complete 
| 249|0x000000008f900000, 0x000000008fa00000, 0x000000008fa00000|100%| O|  |TAMS 0x000000008f900000, 0x000000008fa00000| Untracked 
| 250|0x000000008fa00000, 0x000000008fb00000, 0x000000008fb00000|100%| O|  |TAMS 0x000000008fa00000, 0x000000008fb00000| Untracked 
| 251|0x000000008fb00000, 0x000000008fc00000, 0x000000008fc00000|100%| O|  |TAMS 0x000000008fb00000, 0x000000008fc00000| Untracked 
| 252|0x000000008fc00000, 0x000000008fd00000, 0x000000008fd00000|100%| O|  |TAMS 0x000000008fc00000, 0x000000008fd00000| Untracked 
| 253|0x000000008fd00000, 0x000000008fe00000, 0x000000008fe00000|100%| O|  |TAMS 0x000000008fd00000, 0x000000008fe00000| Untracked 
| 254|0x000000008fe00000, 0x000000008ff00000, 0x000000008ff00000|100%| O|  |TAMS 0x000000008fe00000, 0x000000008ff00000| Untracked 
| 255|0x000000008ff00000, 0x0000000090000000, 0x0000000090000000|100%| O|  |TAMS 0x000000008ff00000, 0x0000000090000000| Untracked 
| 256|0x0000000090000000, 0x0000000090100000, 0x0000000090100000|100%| O|  |TAMS 0x0000000090000000, 0x0000000090100000| Untracked 
| 257|0x0000000090100000, 0x0000000090200000, 0x0000000090200000|100%| O|  |TAMS 0x0000000090100000, 0x0000000090200000| Untracked 
| 258|0x0000000090200000, 0x0000000090300000, 0x0000000090300000|100%| O|  |TAMS 0x0000000090200000, 0x0000000090300000| Untracked 
| 259|0x0000000090300000, 0x0000000090400000, 0x0000000090400000|100%| O|  |TAMS 0x0000000090300000, 0x0000000090400000| Untracked 
| 260|0x0000000090400000, 0x0000000090500000, 0x0000000090500000|100%| O|  |TAMS 0x0000000090400000, 0x0000000090500000| Untracked 
| 261|0x0000000090500000, 0x0000000090600000, 0x0000000090600000|100%| O|  |TAMS 0x0000000090500000, 0x0000000090600000| Untracked 
| 262|0x0000000090600000, 0x0000000090700000, 0x0000000090700000|100%| O|  |TAMS 0x0000000090600000, 0x0000000090700000| Untracked 
| 263|0x0000000090700000, 0x0000000090800000, 0x0000000090800000|100%| O|  |TAMS 0x0000000090700000, 0x0000000090800000| Untracked 
| 264|0x0000000090800000, 0x0000000090900000, 0x0000000090900000|100%| O|  |TAMS 0x0000000090800000, 0x0000000090900000| Untracked 
| 265|0x0000000090900000, 0x0000000090a00000, 0x0000000090a00000|100%| O|  |TAMS 0x0000000090900000, 0x0000000090a00000| Untracked 
| 266|0x0000000090a00000, 0x0000000090b00000, 0x0000000090b00000|100%| O|  |TAMS 0x0000000090a00000, 0x0000000090b00000| Untracked 
| 267|0x0000000090b00000, 0x0000000090c00000, 0x0000000090c00000|100%| O|  |TAMS 0x0000000090b00000, 0x0000000090c00000| Untracked 
| 268|0x0000000090c00000, 0x0000000090d00000, 0x0000000090d00000|100%| O|  |TAMS 0x0000000090c00000, 0x0000000090d00000| Untracked 
| 269|0x0000000090d00000, 0x0000000090e00000, 0x0000000090e00000|100%| O|  |TAMS 0x0000000090d00000, 0x0000000090e00000| Untracked 
| 270|0x0000000090e00000, 0x0000000090f00000, 0x0000000090f00000|100%| O|  |TAMS 0x0000000090e00000, 0x0000000090f00000| Untracked 
| 271|0x0000000090f00000, 0x0000000091000000, 0x0000000091000000|100%| O|  |TAMS 0x0000000090f00000, 0x0000000091000000| Untracked 
| 272|0x0000000091000000, 0x0000000091100000, 0x0000000091100000|100%| O|  |TAMS 0x0000000091000000, 0x0000000091100000| Untracked 
| 273|0x0000000091100000, 0x0000000091200000, 0x0000000091200000|100%| O|  |TAMS 0x0000000091100000, 0x0000000091200000| Untracked 
| 274|0x0000000091200000, 0x0000000091300000, 0x0000000091300000|100%| O|  |TAMS 0x0000000091200000, 0x0000000091300000| Untracked 
| 275|0x0000000091300000, 0x0000000091400000, 0x0000000091400000|100%| O|  |TAMS 0x0000000091300000, 0x0000000091400000| Untracked 
| 276|0x0000000091400000, 0x0000000091500000, 0x0000000091500000|100%| O|  |TAMS 0x0000000091400000, 0x0000000091500000| Untracked 
| 277|0x0000000091500000, 0x0000000091600000, 0x0000000091600000|100%| O|  |TAMS 0x0000000091500000, 0x0000000091600000| Untracked 
| 278|0x0000000091600000, 0x0000000091700000, 0x0000000091700000|100%| O|  |TAMS 0x0000000091600000, 0x0000000091700000| Untracked 
| 279|0x0000000091700000, 0x0000000091800000, 0x0000000091800000|100%| O|  |TAMS 0x0000000091700000, 0x0000000091800000| Untracked 
| 280|0x0000000091800000, 0x0000000091900000, 0x0000000091900000|100%| O|  |TAMS 0x0000000091800000, 0x0000000091900000| Untracked 
| 281|0x0000000091900000, 0x0000000091a00000, 0x0000000091a00000|100%| O|  |TAMS 0x0000000091900000, 0x0000000091a00000| Untracked 
| 282|0x0000000091a00000, 0x0000000091b00000, 0x0000000091b00000|100%| O|  |TAMS 0x0000000091a00000, 0x0000000091b00000| Untracked 
| 283|0x0000000091b00000, 0x0000000091c00000, 0x0000000091c00000|100%| O|  |TAMS 0x0000000091b00000, 0x0000000091c00000| Untracked 
| 284|0x0000000091c00000, 0x0000000091d00000, 0x0000000091d00000|100%| O|  |TAMS 0x0000000091c00000, 0x0000000091d00000| Untracked 
| 285|0x0000000091d00000, 0x0000000091e00000, 0x0000000091e00000|100%| O|  |TAMS 0x0000000091d00000, 0x0000000091e00000| Untracked 
| 286|0x0000000091e00000, 0x0000000091f00000, 0x0000000091f00000|100%| O|  |TAMS 0x0000000091e00000, 0x0000000091f00000| Untracked 
| 287|0x0000000091f00000, 0x0000000092000000, 0x0000000092000000|100%| O|  |TAMS 0x0000000091f00000, 0x0000000092000000| Untracked 
| 288|0x0000000092000000, 0x0000000092100000, 0x0000000092100000|100%| O|  |TAMS 0x0000000092000000, 0x0000000092100000| Untracked 
| 289|0x0000000092100000, 0x0000000092200000, 0x0000000092200000|100%| O|  |TAMS 0x0000000092100000, 0x0000000092200000| Untracked 
| 290|0x0000000092200000, 0x0000000092300000, 0x0000000092300000|100%| O|  |TAMS 0x0000000092200000, 0x0000000092300000| Untracked 
| 291|0x0000000092300000, 0x0000000092400000, 0x0000000092400000|100%| O|  |TAMS 0x0000000092300000, 0x0000000092400000| Untracked 
| 292|0x0000000092400000, 0x0000000092500000, 0x0000000092500000|100%| O|  |TAMS 0x0000000092400000, 0x0000000092500000| Untracked 
| 293|0x0000000092500000, 0x0000000092600000, 0x0000000092600000|100%| O|  |TAMS 0x0000000092500000, 0x0000000092600000| Untracked 
| 294|0x0000000092600000, 0x0000000092700000, 0x0000000092700000|100%| O|  |TAMS 0x0000000092600000, 0x0000000092700000| Untracked 
| 295|0x0000000092700000, 0x0000000092800000, 0x0000000092800000|100%| O|  |TAMS 0x0000000092700000, 0x0000000092800000| Untracked 
| 296|0x0000000092800000, 0x0000000092900000, 0x0000000092900000|100%| O|  |TAMS 0x0000000092800000, 0x0000000092900000| Untracked 
| 297|0x0000000092900000, 0x0000000092a00000, 0x0000000092a00000|100%| O|  |TAMS 0x0000000092900000, 0x0000000092a00000| Untracked 
| 298|0x0000000092a00000, 0x0000000092b00000, 0x0000000092b00000|100%| O|  |TAMS 0x0000000092a00000, 0x0000000092b00000| Untracked 
| 299|0x0000000092b00000, 0x0000000092c00000, 0x0000000092c00000|100%| O|  |TAMS 0x0000000092b00000, 0x0000000092c00000| Untracked 
| 300|0x0000000092c00000, 0x0000000092d00000, 0x0000000092d00000|100%| O|  |TAMS 0x0000000092c00000, 0x0000000092d00000| Untracked 
| 301|0x0000000092d00000, 0x0000000092e00000, 0x0000000092e00000|100%| O|  |TAMS 0x0000000092d00000, 0x0000000092e00000| Untracked 
| 302|0x0000000092e00000, 0x0000000092f00000, 0x0000000092f00000|100%| O|  |TAMS 0x0000000092e00000, 0x0000000092f00000| Untracked 
| 303|0x0000000092f00000, 0x0000000093000000, 0x0000000093000000|100%| O|  |TAMS 0x0000000092f00000, 0x0000000093000000| Untracked 
| 304|0x0000000093000000, 0x0000000093100000, 0x0000000093100000|100%| O|  |TAMS 0x0000000093000000, 0x0000000093100000| Untracked 
| 305|0x0000000093100000, 0x0000000093200000, 0x0000000093200000|100%| O|  |TAMS 0x0000000093100000, 0x0000000093200000| Untracked 
| 306|0x0000000093200000, 0x0000000093300000, 0x0000000093300000|100%| O|  |TAMS 0x0000000093200000, 0x0000000093300000| Untracked 
| 307|0x0000000093300000, 0x0000000093400000, 0x0000000093400000|100%| O|  |TAMS 0x0000000093300000, 0x0000000093400000| Untracked 
| 308|0x0000000093400000, 0x0000000093500000, 0x0000000093500000|100%| O|  |TAMS 0x0000000093400000, 0x0000000093500000| Untracked 
| 309|0x0000000093500000, 0x0000000093600000, 0x0000000093600000|100%| O|  |TAMS 0x0000000093500000, 0x0000000093600000| Untracked 
| 310|0x0000000093600000, 0x0000000093700000, 0x0000000093700000|100%|HS|  |TAMS 0x0000000093600000, 0x0000000093700000| Complete 
| 311|0x0000000093700000, 0x0000000093800000, 0x0000000093800000|100%|HC|  |TAMS 0x0000000093700000, 0x0000000093800000| Complete 
| 312|0x0000000093800000, 0x0000000093900000, 0x0000000093900000|100%| O|  |TAMS 0x0000000093800000, 0x0000000093900000| Untracked 
| 313|0x0000000093900000, 0x0000000093a00000, 0x0000000093a00000|100%| O|  |TAMS 0x0000000093900000, 0x0000000093a00000| Untracked 
| 314|0x0000000093a00000, 0x0000000093b00000, 0x0000000093b00000|100%| O|  |TAMS 0x0000000093a00000, 0x0000000093b00000| Untracked 
| 315|0x0000000093b00000, 0x0000000093c00000, 0x0000000093c00000|100%| O|  |TAMS 0x0000000093b00000, 0x0000000093c00000| Untracked 
| 316|0x0000000093c00000, 0x0000000093d00000, 0x0000000093d00000|100%| O|  |TAMS 0x0000000093c00000, 0x0000000093d00000| Untracked 
| 317|0x0000000093d00000, 0x0000000093e00000, 0x0000000093e00000|100%| O|  |TAMS 0x0000000093d00000, 0x0000000093e00000| Untracked 
| 318|0x0000000093e00000, 0x0000000093f00000, 0x0000000093f00000|100%| O|  |TAMS 0x0000000093e00000, 0x0000000093f00000| Untracked 
| 319|0x0000000093f00000, 0x0000000094000000, 0x0000000094000000|100%| O|  |TAMS 0x0000000093f00000, 0x0000000094000000| Untracked 
| 320|0x0000000094000000, 0x0000000094100000, 0x0000000094100000|100%| O|  |TAMS 0x0000000094000000, 0x0000000094100000| Untracked 
| 321|0x0000000094100000, 0x0000000094200000, 0x0000000094200000|100%| O|  |TAMS 0x0000000094100000, 0x0000000094200000| Untracked 
| 322|0x0000000094200000, 0x0000000094300000, 0x0000000094300000|100%| O|  |TAMS 0x0000000094200000, 0x0000000094200000| Untracked 
| 323|0x0000000094300000, 0x0000000094400000, 0x0000000094400000|100%| O|  |TAMS 0x0000000094300000, 0x0000000094300000| Untracked 
| 324|0x0000000094400000, 0x0000000094500000, 0x0000000094500000|100%| O|  |TAMS 0x0000000094400000, 0x0000000094500000| Untracked 
| 325|0x0000000094500000, 0x0000000094600000, 0x0000000094600000|100%| O|  |TAMS 0x0000000094500000, 0x0000000094600000| Untracked 
| 326|0x0000000094600000, 0x0000000094700000, 0x0000000094700000|100%| O|  |TAMS 0x0000000094600000, 0x0000000094700000| Untracked 
| 327|0x0000000094700000, 0x0000000094800000, 0x0000000094800000|100%| O|  |TAMS 0x0000000094700000, 0x0000000094800000| Untracked 
| 328|0x0000000094800000, 0x0000000094900000, 0x0000000094900000|100%| O|  |TAMS 0x0000000094800000, 0x0000000094900000| Untracked 
| 329|0x0000000094900000, 0x0000000094a00000, 0x0000000094a00000|100%| O|  |TAMS 0x0000000094900000, 0x0000000094a00000| Untracked 
| 330|0x0000000094a00000, 0x0000000094b00000, 0x0000000094b00000|100%| O|  |TAMS 0x0000000094a00000, 0x0000000094b00000| Untracked 
| 331|0x0000000094b00000, 0x0000000094c00000, 0x0000000094c00000|100%| O|  |TAMS 0x0000000094b00000, 0x0000000094c00000| Untracked 
| 332|0x0000000094c00000, 0x0000000094d00000, 0x0000000094d00000|100%| O|  |TAMS 0x0000000094c00000, 0x0000000094d00000| Untracked 
| 333|0x0000000094d00000, 0x0000000094e00000, 0x0000000094e00000|100%| O|  |TAMS 0x0000000094d00000, 0x0000000094e00000| Untracked 
| 334|0x0000000094e00000, 0x0000000094f00000, 0x0000000094f00000|100%| O|  |TAMS 0x0000000094e00000, 0x0000000094f00000| Untracked 
| 335|0x0000000094f00000, 0x0000000095000000, 0x0000000095000000|100%| O|  |TAMS 0x0000000094f00000, 0x0000000095000000| Untracked 
| 336|0x0000000095000000, 0x0000000095100000, 0x0000000095100000|100%| O|  |TAMS 0x0000000095000000, 0x0000000095100000| Untracked 
| 337|0x0000000095100000, 0x0000000095200000, 0x0000000095200000|100%| O|  |TAMS 0x0000000095100000, 0x0000000095100000| Untracked 
| 338|0x0000000095200000, 0x0000000095300000, 0x0000000095300000|100%|HS|  |TAMS 0x0000000095200000, 0x0000000095300000| Complete 
| 339|0x0000000095300000, 0x0000000095400000, 0x0000000095400000|100%|HC|  |TAMS 0x0000000095300000, 0x0000000095400000| Complete 
| 340|0x0000000095400000, 0x0000000095500000, 0x0000000095500000|100%|HC|  |TAMS 0x0000000095400000, 0x0000000095500000| Complete 
| 341|0x0000000095500000, 0x0000000095600000, 0x0000000095600000|100%|HC|  |TAMS 0x0000000095500000, 0x0000000095600000| Complete 
| 342|0x0000000095600000, 0x0000000095700000, 0x0000000095700000|100%|HC|  |TAMS 0x0000000095600000, 0x0000000095700000| Complete 
| 343|0x0000000095700000, 0x0000000095800000, 0x0000000095800000|100%| O|  |TAMS 0x0000000095700000, 0x000000009578f800| Untracked 
| 344|0x0000000095800000, 0x0000000095800000, 0x0000000095900000|  0%| F|  |TAMS 0x0000000095800000, 0x0000000095800000| Untracked 
| 345|0x0000000095900000, 0x0000000095900000, 0x0000000095a00000|  0%| F|  |TAMS 0x0000000095900000, 0x0000000095900000| Untracked 
| 346|0x0000000095a00000, 0x0000000095a00000, 0x0000000095b00000|  0%| F|  |TAMS 0x0000000095a00000, 0x0000000095a00000| Untracked 
| 347|0x0000000095b00000, 0x0000000095b00000, 0x0000000095c00000|  0%| F|  |TAMS 0x0000000095b00000, 0x0000000095b00000| Untracked 
| 348|0x0000000095c00000, 0x0000000095c00000, 0x0000000095d00000|  0%| F|  |TAMS 0x0000000095c00000, 0x0000000095c00000| Untracked 
| 349|0x0000000095d00000, 0x0000000095e00000, 0x0000000095e00000|100%|HS|  |TAMS 0x0000000095d00000, 0x0000000095d00000| Complete 
| 350|0x0000000095e00000, 0x0000000095f00000, 0x0000000095f00000|100%|HC|  |TAMS 0x0000000095e00000, 0x0000000095e00000| Complete 
| 351|0x0000000095f00000, 0x0000000096000000, 0x0000000096000000|100%|HC|  |TAMS 0x0000000095f00000, 0x0000000095f00000| Complete 
| 352|0x0000000096000000, 0x0000000096100000, 0x0000000096100000|100%|HC|  |TAMS 0x0000000096000000, 0x0000000096000000| Complete 
| 353|0x0000000096100000, 0x0000000096200000, 0x0000000096200000|100%|HC|  |TAMS 0x0000000096100000, 0x0000000096100000| Complete 
| 354|0x0000000096200000, 0x0000000096300000, 0x0000000096300000|100%| O|  |TAMS 0x0000000096200000, 0x0000000096200000| Untracked 
| 355|0x0000000096300000, 0x0000000096400000, 0x0000000096400000|100%| O|  |TAMS 0x0000000096300000, 0x0000000096300000| Untracked 
| 356|0x0000000096400000, 0x0000000096500000, 0x0000000096500000|100%| O|  |TAMS 0x0000000096400000, 0x0000000096400000| Untracked 
| 357|0x0000000096500000, 0x0000000096537600, 0x0000000096600000| 21%| O|  |TAMS 0x0000000096500000, 0x0000000096500000| Untracked 
| 358|0x0000000096600000, 0x0000000096600000, 0x0000000096700000|  0%| F|  |TAMS 0x0000000096600000, 0x0000000096600000| Untracked 
| 359|0x0000000096700000, 0x0000000096700000, 0x0000000096800000|  0%| F|  |TAMS 0x0000000096700000, 0x0000000096700000| Untracked 
| 360|0x0000000096800000, 0x0000000096800000, 0x0000000096900000|  0%| F|  |TAMS 0x0000000096800000, 0x0000000096800000| Untracked 
| 361|0x0000000096900000, 0x0000000096900000, 0x0000000096a00000|  0%| F|  |TAMS 0x0000000096900000, 0x0000000096900000| Untracked 
| 362|0x0000000096a00000, 0x0000000096a00000, 0x0000000096b00000|  0%| F|  |TAMS 0x0000000096a00000, 0x0000000096a00000| Untracked 
| 363|0x0000000096b00000, 0x0000000096b00000, 0x0000000096c00000|  0%| F|  |TAMS 0x0000000096b00000, 0x0000000096b00000| Untracked 
| 364|0x0000000096c00000, 0x0000000096c00000, 0x0000000096d00000|  0%| F|  |TAMS 0x0000000096c00000, 0x0000000096c00000| Untracked 
| 365|0x0000000096d00000, 0x0000000096d00000, 0x0000000096e00000|  0%| F|  |TAMS 0x0000000096d00000, 0x0000000096d00000| Untracked 
| 366|0x0000000096e00000, 0x0000000096e00000, 0x0000000096f00000|  0%| F|  |TAMS 0x0000000096e00000, 0x0000000096e00000| Untracked 
| 367|0x0000000096f00000, 0x0000000096f00000, 0x0000000097000000|  0%| F|  |TAMS 0x0000000096f00000, 0x0000000096f00000| Untracked 
| 368|0x0000000097000000, 0x0000000097000000, 0x0000000097100000|  0%| F|  |TAMS 0x0000000097000000, 0x0000000097000000| Untracked 
| 369|0x0000000097100000, 0x0000000097100000, 0x0000000097200000|  0%| F|  |TAMS 0x0000000097100000, 0x0000000097100000| Untracked 
| 370|0x0000000097200000, 0x0000000097300000, 0x0000000097300000|100%| S|CS|TAMS 0x0000000097200000, 0x0000000097200000| Complete 
| 371|0x0000000097300000, 0x0000000097400000, 0x0000000097400000|100%| S|CS|TAMS 0x0000000097300000, 0x0000000097300000| Complete 
| 372|0x0000000097400000, 0x0000000097500000, 0x0000000097500000|100%| S|CS|TAMS 0x0000000097400000, 0x0000000097400000| Complete 
| 373|0x0000000097500000, 0x0000000097500000, 0x0000000097600000|  0%| F|  |TAMS 0x0000000097500000, 0x0000000097500000| Untracked 
| 374|0x0000000097600000, 0x0000000097600000, 0x0000000097700000|  0%| F|  |TAMS 0x0000000097600000, 0x0000000097600000| Untracked 
| 375|0x0000000097700000, 0x0000000097700000, 0x0000000097800000|  0%| F|  |TAMS 0x0000000097700000, 0x0000000097700000| Untracked 
| 376|0x0000000097800000, 0x0000000097800000, 0x0000000097900000|  0%| F|  |TAMS 0x0000000097800000, 0x0000000097800000| Untracked 
| 377|0x0000000097900000, 0x0000000097900000, 0x0000000097a00000|  0%| F|  |TAMS 0x0000000097900000, 0x0000000097900000| Untracked 
| 378|0x0000000097a00000, 0x0000000097a00000, 0x0000000097b00000|  0%| F|  |TAMS 0x0000000097a00000, 0x0000000097a00000| Untracked 
| 379|0x0000000097b00000, 0x0000000097b00000, 0x0000000097c00000|  0%| F|  |TAMS 0x0000000097b00000, 0x0000000097b00000| Untracked 
| 380|0x0000000097c00000, 0x0000000097c00000, 0x0000000097d00000|  0%| F|  |TAMS 0x0000000097c00000, 0x0000000097c00000| Untracked 
| 381|0x0000000097d00000, 0x0000000097d00000, 0x0000000097e00000|  0%| F|  |TAMS 0x0000000097d00000, 0x0000000097d00000| Untracked 
| 382|0x0000000097e00000, 0x0000000097e00000, 0x0000000097f00000|  0%| F|  |TAMS 0x0000000097e00000, 0x0000000097e00000| Untracked 
| 383|0x0000000097f00000, 0x0000000097f00000, 0x0000000098000000|  0%| F|  |TAMS 0x0000000097f00000, 0x0000000097f00000| Untracked 
| 384|0x0000000098000000, 0x0000000098000000, 0x0000000098100000|  0%| F|  |TAMS 0x0000000098000000, 0x0000000098000000| Untracked 
| 385|0x0000000098100000, 0x0000000098100000, 0x0000000098200000|  0%| F|  |TAMS 0x0000000098100000, 0x0000000098100000| Untracked 
| 386|0x0000000098200000, 0x0000000098200000, 0x0000000098300000|  0%| F|  |TAMS 0x0000000098200000, 0x0000000098200000| Untracked 
| 387|0x0000000098300000, 0x0000000098300000, 0x0000000098400000|  0%| F|  |TAMS 0x0000000098300000, 0x0000000098300000| Untracked 
| 388|0x0000000098400000, 0x0000000098400000, 0x0000000098500000|  0%| F|  |TAMS 0x0000000098400000, 0x0000000098400000| Untracked 
| 389|0x0000000098500000, 0x0000000098500000, 0x0000000098600000|  0%| F|  |TAMS 0x0000000098500000, 0x0000000098500000| Untracked 
| 390|0x0000000098600000, 0x0000000098600000, 0x0000000098700000|  0%| F|  |TAMS 0x0000000098600000, 0x0000000098600000| Untracked 
| 391|0x0000000098700000, 0x0000000098700000, 0x0000000098800000|  0%| F|  |TAMS 0x0000000098700000, 0x0000000098700000| Untracked 

Card table byte_map: [0x000001fdaf4f0000,0x000001fdaf8f0000] _byte_map_base: 0x000001fdaf0f0000

Marking Bits (Prev, Next): (CMBitMap*) 0x000001fd9aa5ca80, (CMBitMap*) 0x000001fd9aa5ca48
 Prev Bits: [0x000001fdb1cf0000, 0x000001fdb3cf0000)
 Next Bits: [0x000001fdafcf0000, 0x000001fdb1cf0000)

Polling page: 0x000001fd9fcc0000

Metaspace:

Usage:
  Non-class:    107.73 MB capacity,   105.80 MB ( 98%) used,     1.54 MB (  1%) free+waste,   411.19 KB ( <1%) overhead. 
      Class:     16.07 MB capacity,    14.88 MB ( 93%) used,     1.01 MB (  6%) free+waste,   177.88 KB (  1%) overhead. 
       Both:    123.80 MB capacity,   120.68 MB ( 97%) used,     2.54 MB (  2%) free+waste,   589.06 KB ( <1%) overhead. 

Virtual space:
  Non-class space:      108.00 MB reserved,     107.87 MB (>99%) committed 
      Class space:        1.00 GB reserved,      16.13 MB (  2%) committed 
             Both:        1.11 GB reserved,     124.00 MB ( 11%) committed 

Chunk freelists:
   Non-Class:  13.00 KB
       Class:  0 bytes
        Both:  13.00 KB

MaxMetaspaceSize: 17179869184.00 GB
CompressedClassSpaceSize: 1.00 GB

CodeHeap 'non-profiled nmethods': size=120064Kb used=14558Kb max_used=14558Kb free=105505Kb
 bounds [0x000001fda77a0000, 0x000001fda85e0000, 0x000001fdaece0000]
CodeHeap 'profiled nmethods': size=120000Kb used=47351Kb max_used=47351Kb free=72648Kb
 bounds [0x000001fda0270000, 0x000001fda30d0000, 0x000001fda77a0000]
CodeHeap 'non-nmethods': size=5696Kb used=2342Kb max_used=2425Kb free=3353Kb
 bounds [0x000001fd9fce0000, 0x000001fd9ff60000, 0x000001fda0270000]
 total_blobs=21165 nmethods=20193 adapters=882
 compilation: enabled
              stopped_count=0, restarted_count=0
 full_count=0

Compilation events (20 events):
Event: 2961.048 Thread 0x000001fdb6a78800 22208       3       java.util.regex.Pattern$SliceU::match (99 bytes)
Event: 2961.049 Thread 0x000001fdb6a78800 nmethod 22208 0x000001fda30c7a90 code [0x000001fda30c7cc0, 0x000001fda30c83f8]
Event: 2961.126 Thread 0x000001fdb6134800 nmethod 22207 0x000001fda85d3f10 code [0x000001fda85d4100, 0x000001fda85d56f8]
Event: 2962.018 Thread 0x000001fdb6134800 22209       4       java.io.BufferedInputStream::fill (236 bytes)
Event: 2962.024 Thread 0x000001fdb6134800 nmethod 22209 0x000001fda85d5d90 code [0x000001fda85d5f40, 0x000001fda85d63f8]
Event: 2962.055 Thread 0x000001fdb6a78800 22210       3       com.google.gson.internal.bind.TypeAdapters::newFactory (10 bytes)
Event: 2962.055 Thread 0x000001fdb6a78800 nmethod 22210 0x000001fda30c8690 code [0x000001fda30c8860, 0x000001fda30c8b18]
Event: 2962.055 Thread 0x000001fdb6a78800 22211       3       org.gradle.api.internal.provider.ValidatingValueCollector::addAll (35 bytes)
Event: 2962.056 Thread 0x000001fdb6a78800 nmethod 22211 0x000001fda30c8c10 code [0x000001fda30c8e00, 0x000001fda30c9238]
Event: 2962.088 Thread 0x000001fdb6a78800 22212       3       com.android.tools.r8.internal.ua::<init> (42 bytes)
Event: 2962.894 Thread 0x000001fdb6a78800 nmethod 22212 0x000001fda30c9410 code [0x000001fda30c95c0, 0x000001fda30c9738]
Event: 2962.966 Thread 0x000001fdb6a78800 22213       3       com.android.tools.r8.internal.w3::a (44 bytes)
Event: 2962.967 Thread 0x000001fdb6a78800 nmethod 22213 0x000001fda30c9810 code [0x000001fda30c99e0, 0x000001fda30c9df8]
Event: 2963.092 Thread 0x000001fdb6134800 22214 %     4       com.android.tools.r8.dex.j::k @ 35 (63 bytes)
Event: 2963.134 Thread 0x000001fdb6134800 nmethod 22214% 0x000001fda85d6610 code [0x000001fda85d67c0, 0x000001fda85d6dd8]
Event: 2963.158 Thread 0x000001fdb6134800 22215       4       com.android.tools.r8.internal.Zj::d (1438 bytes)
Event: 2963.187 Thread 0x000001fdb6134800 nmethod 22215 0x000001fda85d7010 code [0x000001fda85d7300, 0x000001fda85d81c0]
Event: 2963.187 Thread 0x000001fdb6134800 22218       4       com.android.tools.r8.internal.Yj::a (120 bytes)
Event: 2963.194 Thread 0x000001fdb6134800 nmethod 22218 0x000001fda85d8d90 code [0x000001fda85d8f40, 0x000001fda85d92d8]
Event: 2963.194 Thread 0x000001fdb6134800 22216       4       com.android.tools.r8.dex.j::m (2086 bytes)

GC Heap History (20 events):
Event: 2938.322 GC heap after
{Heap after GC invocations=154 (full 0):
 garbage-first heap   total 401408K, used 321145K [0x0000000080000000, 0x0000000100000000)
  region size 1024K, 2 young (2048K), 2 survivors (2048K)
 Metaspace       used 123249K, capacity 126632K, committed 126716K, reserved 1159168K
  class space    used 15237K, capacity 16451K, committed 16512K, reserved 1048576K
}
Event: 2939.449 GC heap before
{Heap before GC invocations=154 (full 0):
 garbage-first heap   total 401408K, used 340601K [0x0000000080000000, 0x0000000100000000)
  region size 1024K, 22 young (22528K), 2 survivors (2048K)
 Metaspace       used 123264K, capacity 126632K, committed 126716K, reserved 1159168K
  class space    used 15237K, capacity 16451K, committed 16512K, reserved 1048576K
}
Event: 2939.500 GC heap after
{Heap after GC invocations=155 (full 0):
 garbage-first heap   total 401408K, used 321818K [0x0000000080000000, 0x0000000100000000)
  region size 1024K, 3 young (3072K), 3 survivors (3072K)
 Metaspace       used 123264K, capacity 126632K, committed 126716K, reserved 1159168K
  class space    used 15237K, capacity 16451K, committed 16512K, reserved 1048576K
}
Event: 2949.264 GC heap before
{Heap before GC invocations=155 (full 0):
 garbage-first heap   total 401408K, used 344346K [0x0000000080000000, 0x0000000100000000)
  region size 1024K, 24 young (24576K), 3 survivors (3072K)
 Metaspace       used 123349K, capacity 126636K, committed 126716K, reserved 1159168K
  class space    used 15237K, capacity 16451K, committed 16512K, reserved 1048576K
}
Event: 2949.471 GC heap after
{Heap after GC invocations=156 (full 0):
 garbage-first heap   total 401408K, used 327200K [0x0000000080000000, 0x0000000100000000)
  region size 1024K, 3 young (3072K), 3 survivors (3072K)
 Metaspace       used 123349K, capacity 126636K, committed 126716K, reserved 1159168K
  class space    used 15237K, capacity 16451K, committed 16512K, reserved 1048576K
}
Event: 2950.807 GC heap before
{Heap before GC invocations=156 (full 0):
 garbage-first heap   total 401408K, used 346656K [0x0000000080000000, 0x0000000100000000)
  region size 1024K, 22 young (22528K), 3 survivors (3072K)
 Metaspace       used 123463K, capacity 126700K, committed 126972K, reserved 1159168K
  class space    used 15240K, capacity 16451K, committed 16512K, reserved 1048576K
}
Event: 2950.957 GC heap after
{Heap after GC invocations=157 (full 0):
 garbage-first heap   total 401408K, used 330114K [0x0000000080000000, 0x0000000100000000)
  region size 1024K, 3 young (3072K), 3 survivors (3072K)
 Metaspace       used 123463K, capacity 126700K, committed 126972K, reserved 1159168K
  class space    used 15240K, capacity 16451K, committed 16512K, reserved 1048576K
}
Event: 2955.109 GC heap before
{Heap before GC invocations=157 (full 0):
 garbage-first heap   total 401408K, used 351618K [0x0000000080000000, 0x0000000100000000)
  region size 1024K, 21 young (21504K), 3 survivors (3072K)
 Metaspace       used 123476K, capacity 126701K, committed 126972K, reserved 1159168K
  class space    used 15240K, capacity 16451K, committed 16512K, reserved 1048576K
}
Event: 2955.405 GC heap after
{Heap after GC invocations=158 (full 0):
 garbage-first heap   total 401408K, used 336124K [0x0000000080000000, 0x0000000100000000)
  region size 1024K, 3 young (3072K), 3 survivors (3072K)
 Metaspace       used 123476K, capacity 126701K, committed 126972K, reserved 1159168K
  class space    used 15240K, capacity 16451K, committed 16512K, reserved 1048576K
}
Event: 2955.646 GC heap before
{Heap before GC invocations=158 (full 0):
 garbage-first heap   total 401408K, used 351484K [0x0000000080000000, 0x0000000100000000)
  region size 1024K, 19 young (19456K), 3 survivors (3072K)
 Metaspace       used 123481K, capacity 126702K, committed 126972K, reserved 1159168K
  class space    used 15240K, capacity 16451K, committed 16512K, reserved 1048576K
}
Event: 2955.714 GC heap after
{Heap after GC invocations=159 (full 0):
 garbage-first heap   total 401408K, used 342016K [0x0000000080000000, 0x0000000100000000)
  region size 1024K, 3 young (3072K), 3 survivors (3072K)
 Metaspace       used 123481K, capacity 126702K, committed 126972K, reserved 1159168K
  class space    used 15240K, capacity 16451K, committed 16512K, reserved 1048576K
}
Event: 2957.230 GC heap before
{Heap before GC invocations=159 (full 0):
 garbage-first heap   total 401408K, used 358400K [0x0000000080000000, 0x0000000100000000)
  region size 1024K, 19 young (19456K), 3 survivors (3072K)
 Metaspace       used 123507K, capacity 126703K, committed 126972K, reserved 1159168K
  class space    used 15240K, capacity 16451K, committed 16512K, reserved 1048576K
}
Event: 2957.461 GC heap after
{Heap after GC invocations=160 (full 0):
 garbage-first heap   total 401408K, used 344361K [0x0000000080000000, 0x0000000100000000)
  region size 1024K, 3 young (3072K), 3 survivors (3072K)
 Metaspace       used 123507K, capacity 126703K, committed 126972K, reserved 1159168K
  class space    used 15240K, capacity 16451K, committed 16512K, reserved 1048576K
}
Event: 2958.421 GC heap before
{Heap before GC invocations=160 (full 0):
 garbage-first heap   total 401408K, used 359721K [0x0000000080000000, 0x0000000100000000)
  region size 1024K, 19 young (19456K), 3 survivors (3072K)
 Metaspace       used 123565K, capacity 126768K, committed 126972K, reserved 1159168K
  class space    used 15241K, capacity 16451K, committed 16512K, reserved 1048576K
}
Event: 2958.620 GC heap after
{Heap after GC invocations=161 (full 0):
 garbage-first heap   total 401408K, used 345984K [0x0000000080000000, 0x0000000100000000)
  region size 1024K, 2 young (2048K), 2 survivors (2048K)
 Metaspace       used 123565K, capacity 126768K, committed 126972K, reserved 1159168K
  class space    used 15241K, capacity 16451K, committed 16512K, reserved 1048576K
}
Event: 2960.084 GC heap before
{Heap before GC invocations=161 (full 0):
 garbage-first heap   total 401408K, used 362368K [0x0000000080000000, 0x0000000100000000)
  region size 1024K, 19 young (19456K), 2 survivors (2048K)
 Metaspace       used 123572K, capacity 126768K, committed 126972K, reserved 1159168K
  class space    used 15241K, capacity 16451K, committed 16512K, reserved 1048576K
}
Event: 2960.090 GC heap after
{Heap after GC invocations=162 (full 0):
 garbage-first heap   total 401408K, used 347398K [0x0000000080000000, 0x0000000100000000)
  region size 1024K, 3 young (3072K), 3 survivors (3072K)
 Metaspace       used 123572K, capacity 126768K, committed 126972K, reserved 1159168K
  class space    used 15241K, capacity 16451K, committed 16512K, reserved 1048576K
}
Event: 2962.089 GC heap before
{Heap before GC invocations=162 (full 0):
 garbage-first heap   total 401408K, used 356614K [0x0000000080000000, 0x0000000100000000)
  region size 1024K, 8 young (8192K), 3 survivors (3072K)
 Metaspace       used 123577K, capacity 126771K, committed 126972K, reserved 1159168K
  class space    used 15241K, capacity 16452K, committed 16512K, reserved 1048576K
}
Event: 2962.894 GC heap after
{Heap after GC invocations=163 (full 0):
 garbage-first heap   total 401408K, used 349545K [0x0000000080000000, 0x0000000100000000)
  region size 1024K, 1 young (1024K), 1 survivors (1024K)
 Metaspace       used 123577K, capacity 126771K, committed 126972K, reserved 1159168K
  class space    used 15241K, capacity 16452K, committed 16512K, reserved 1048576K
}
Event: 2963.241 GC heap before
{Heap before GC invocations=163 (full 0):
 garbage-first heap   total 401408K, used 377193K [0x0000000080000000, 0x0000000100000000)
  region size 1024K, 19 young (19456K), 1 survivors (1024K)
 Metaspace       used 123577K, capacity 126771K, committed 126972K, reserved 1159168K
  class space    used 15241K, capacity 16452K, committed 16512K, reserved 1048576K
}

Deoptimization events (20 events):
Event: 2960.785 Thread 0x000001fdb8f58800 DEOPT PACKING pc=0x000001fda7e168c4 sp=0x000000ab86efa370
Event: 2960.785 Thread 0x000001fdb8f58800 DEOPT UNPACKING pc=0x000001fd9fd06ca9 sp=0x000000ab86efa338 mode 2
Event: 2961.047 Thread 0x000001fdb8f60800 DEOPT PACKING pc=0x000001fda04a4160 sp=0x000000ab871fde10
Event: 2961.047 Thread 0x000001fdb8f60800 DEOPT UNPACKING pc=0x000001fd9fd06abf sp=0x000000ab871fd2d0 mode 0
Event: 2962.015 Thread 0x000001fdb8f60800 Uncommon trap: trap_request=0xffffffbe fr.pc=0x000001fda85d53b0 relative=0x00000000000012b0
Event: 2962.015 Thread 0x000001fdb8f60800 Uncommon trap: reason=profile_predicate action=maybe_recompile pc=0x000001fda85d53b0 method=java.util.regex.Pattern$CharPropertyGreedy.match(Ljava/util/regex/Matcher;ILjava/lang/CharSequence;)Z @ 12 c2
Event: 2962.015 Thread 0x000001fdb8f60800 DEOPT PACKING pc=0x000001fda85d53b0 sp=0x000000ab871fde40
Event: 2962.015 Thread 0x000001fdb8f60800 DEOPT UNPACKING pc=0x000001fd9fd06ca9 sp=0x000000ab871fddd0 mode 2
Event: 2962.018 Thread 0x000001fdb8f60800 Uncommon trap: trap_request=0xffffffbe fr.pc=0x000001fda85d53b0 relative=0x00000000000012b0
Event: 2962.018 Thread 0x000001fdb8f60800 Uncommon trap: reason=profile_predicate action=maybe_recompile pc=0x000001fda85d53b0 method=java.util.regex.Pattern$CharPropertyGreedy.match(Ljava/util/regex/Matcher;ILjava/lang/CharSequence;)Z @ 12 c2
Event: 2962.018 Thread 0x000001fdb8f60800 DEOPT PACKING pc=0x000001fda85d53b0 sp=0x000000ab871fde40
Event: 2962.018 Thread 0x000001fdb8f60800 DEOPT UNPACKING pc=0x000001fd9fd06ca9 sp=0x000000ab871fddd0 mode 2
Event: 2962.019 Thread 0x000001fdb8f60800 Uncommon trap: trap_request=0xffffffbe fr.pc=0x000001fda851ba34 relative=0x0000000000001434
Event: 2962.019 Thread 0x000001fdb8f60800 Uncommon trap: reason=profile_predicate action=maybe_recompile pc=0x000001fda851ba34 method=java.util.regex.Pattern$CharPropertyGreedy.match(Ljava/util/regex/Matcher;ILjava/lang/CharSequence;)Z @ 9 c2
Event: 2962.019 Thread 0x000001fdb8f60800 DEOPT PACKING pc=0x000001fda851ba34 sp=0x000000ab871fde20
Event: 2962.019 Thread 0x000001fdb8f60800 DEOPT UNPACKING pc=0x000001fd9fd06ca9 sp=0x000000ab871fdde0 mode 2
Event: 2963.093 Thread 0x000001fdb8f60800 DEOPT PACKING pc=0x000001fda24337f6 sp=0x000000ab871fd700
Event: 2963.093 Thread 0x000001fdb8f60800 DEOPT UNPACKING pc=0x000001fd9fd06abf sp=0x000000ab871fcdc0 mode 0
Event: 2963.094 Thread 0x000001fdb8f60800 DEOPT PACKING pc=0x000001fda24337f6 sp=0x000000ab871fd700
Event: 2963.094 Thread 0x000001fdb8f60800 DEOPT UNPACKING pc=0x000001fd9fd06abf sp=0x000000ab871fcdc0 mode 0

Classes redefined (0 events):
No events

Internal exceptions (20 events):
Event: 2950.264 Thread 0x000001fdbf950000 Exception <a 'sun/nio/fs/WindowsException'{0x0000000097be4660}> (0x0000000097be4660) thrown at [./src/hotspot/share/prims/jni.cpp, line 615]
Event: 2950.264 Thread 0x000001fdbf950000 Exception <a 'sun/nio/fs/WindowsException'{0x0000000097be6350}> (0x0000000097be6350) thrown at [./src/hotspot/share/prims/jni.cpp, line 615]
Event: 2950.264 Thread 0x000001fdbf950000 Exception <a 'sun/nio/fs/WindowsException'{0x0000000097be7ba8}> (0x0000000097be7ba8) thrown at [./src/hotspot/share/prims/jni.cpp, line 615]
Event: 2950.265 Thread 0x000001fdbf950000 Exception <a 'sun/nio/fs/WindowsException'{0x0000000097be95a0}> (0x0000000097be95a0) thrown at [./src/hotspot/share/prims/jni.cpp, line 615]
Event: 2950.265 Thread 0x000001fdbf950000 Exception <a 'sun/nio/fs/WindowsException'{0x0000000097be96f0}> (0x0000000097be96f0) thrown at [./src/hotspot/share/prims/jni.cpp, line 615]
Event: 2950.265 Thread 0x000001fdbf950000 Exception <a 'sun/nio/fs/WindowsException'{0x0000000097bec8e8}> (0x0000000097bec8e8) thrown at [./src/hotspot/share/prims/jni.cpp, line 615]
Event: 2950.265 Thread 0x000001fdbf950000 Exception <a 'sun/nio/fs/WindowsException'{0x0000000097beca28}> (0x0000000097beca28) thrown at [./src/hotspot/share/prims/jni.cpp, line 615]
Event: 2950.265 Thread 0x000001fdbf950000 Exception <a 'sun/nio/fs/WindowsException'{0x0000000097befc18}> (0x0000000097befc18) thrown at [./src/hotspot/share/prims/jni.cpp, line 615]
Event: 2950.305 Thread 0x000001fdbf950000 Exception <a 'sun/nio/fs/WindowsException'{0x00000000979ea3f0}> (0x00000000979ea3f0) thrown at [./src/hotspot/share/prims/jni.cpp, line 615]
Event: 2950.309 Thread 0x000001fdbf950000 Exception <a 'sun/nio/fs/WindowsException'{0x00000000979f24e0}> (0x00000000979f24e0) thrown at [./src/hotspot/share/prims/jni.cpp, line 615]
Event: 2950.618 Thread 0x000001fdbf950000 Exception <a 'sun/nio/fs/WindowsException'{0x00000000976817f0}> (0x00000000976817f0) thrown at [./src/hotspot/share/prims/jni.cpp, line 615]
Event: 2950.696 Thread 0x000001fdbf950000 Exception <a 'sun/nio/fs/WindowsException'{0x000000009768a4a8}> (0x000000009768a4a8) thrown at [./src/hotspot/share/prims/jni.cpp, line 615]
Event: 2950.705 Thread 0x000001fdbf950000 Exception <a 'sun/nio/fs/WindowsException'{0x000000009769b1a0}> (0x000000009769b1a0) thrown at [./src/hotspot/share/prims/jni.cpp, line 615]
Event: 2954.658 Thread 0x000001fdb8f58800 Exception <a 'sun/nio/fs/WindowsException'{0x0000000097e43770}> (0x0000000097e43770) thrown at [./src/hotspot/share/prims/jni.cpp, line 615]
Event: 2954.758 Thread 0x000001fdb8f65000 Exception <a 'sun/nio/fs/WindowsException'{0x0000000097ef9360}> (0x0000000097ef9360) thrown at [./src/hotspot/share/prims/jni.cpp, line 615]
Event: 2958.908 Thread 0x000001fdb8f65000 Exception <a 'sun/nio/fs/WindowsException'{0x0000000098052370}> (0x0000000098052370) thrown at [./src/hotspot/share/prims/jni.cpp, line 615]
Event: 2958.982 Thread 0x000001fdb8f65000 Exception <a 'sun/nio/fs/WindowsException'{0x0000000097d83d40}> (0x0000000097d83d40) thrown at [./src/hotspot/share/prims/jni.cpp, line 615]
Event: 2958.994 Thread 0x000001fdb8f65000 Exception <a 'sun/nio/fs/WindowsException'{0x0000000097dcce78}> (0x0000000097dcce78) thrown at [./src/hotspot/share/prims/jni.cpp, line 615]
Event: 2960.207 Thread 0x000001fdb8f65000 Exception <a 'sun/nio/fs/WindowsException'{0x0000000098688df8}> (0x0000000098688df8) thrown at [./src/hotspot/share/prims/jni.cpp, line 615]
Event: 2962.056 Thread 0x000001fdb8f60800 Exception <a 'sun/nio/fs/WindowsException'{0x00000000984b9580}> (0x00000000984b9580) thrown at [./src/hotspot/share/prims/jni.cpp, line 615]

Events (20 events):
Event: 2960.613 Executing VM operation: RevokeBias done
Event: 2960.613 Executing VM operation: RevokeBias
Event: 2960.613 Executing VM operation: RevokeBias done
Event: 2960.614 Executing VM operation: RevokeBias
Event: 2960.614 Executing VM operation: RevokeBias done
Event: 2960.614 Executing VM operation: RevokeBias
Event: 2960.614 Executing VM operation: RevokeBias done
Event: 2960.614 Executing VM operation: RevokeBias
Event: 2960.615 Executing VM operation: RevokeBias done
Event: 2960.615 Executing VM operation: RevokeBias
Event: 2960.615 Executing VM operation: RevokeBias done
Event: 2960.616 Executing VM operation: RevokeBias
Event: 2960.616 Executing VM operation: RevokeBias done
Event: 2960.616 Executing VM operation: RevokeBias
Event: 2960.616 Executing VM operation: RevokeBias done
Event: 2960.836 Executing VM operation: RevokeBias
Event: 2960.837 Executing VM operation: RevokeBias done
Event: 2962.088 Executing VM operation: G1CollectForAllocation
Event: 2962.894 Executing VM operation: G1CollectForAllocation done
Event: 2963.223 Executing VM operation: G1CollectForAllocation


Dynamic libraries:
0x00007ff75fba0000 - 0x00007ff75fbaa000 	C:\Program Files\Android\Android Studio\jre\bin\java.exe
0x00007ffbc83d0000 - 0x00007ffbc85c5000 	C:\WINDOWS\SYSTEM32\ntdll.dll
0x00007ffbc74c0000 - 0x00007ffbc757e000 	C:\WINDOWS\System32\KERNEL32.DLL
0x00007ffbc5af0000 - 0x00007ffbc5db9000 	C:\WINDOWS\System32\KERNELBASE.dll
0x00007ffbc6160000 - 0x00007ffbc6260000 	C:\WINDOWS\System32\ucrtbase.dll
0x00007ffbb3050000 - 0x00007ffbb3067000 	C:\Program Files\Android\Android Studio\jre\bin\VCRUNTIME140.dll
0x00007ffbace20000 - 0x00007ffbace39000 	C:\Program Files\Android\Android Studio\jre\bin\jli.dll
0x00007ffbc81e0000 - 0x00007ffbc8381000 	C:\WINDOWS\System32\USER32.dll
0x00007ffbc6130000 - 0x00007ffbc6152000 	C:\WINDOWS\System32\win32u.dll
0x00007ffba71e0000 - 0x00007ffba747a000 	C:\WINDOWS\WinSxS\amd64_microsoft.windows.common-controls_6595b64144ccf1df_6.0.19041.1110_none_60b5254171f9507e\COMCTL32.dll
0x00007ffbc67d0000 - 0x00007ffbc67fb000 	C:\WINDOWS\System32\GDI32.dll
0x00007ffbc5f50000 - 0x00007ffbc605b000 	C:\WINDOWS\System32\gdi32full.dll
0x00007ffbc6a80000 - 0x00007ffbc6b1e000 	C:\WINDOWS\System32\msvcrt.dll
0x00007ffbc6090000 - 0x00007ffbc612d000 	C:\WINDOWS\System32\msvcp_win.dll
0x00007ffbc6d50000 - 0x00007ffbc6d80000 	C:\WINDOWS\System32\IMM32.DLL
0x00007ffba0df0000 - 0x00007ffba0e8d000 	C:\Program Files\Android\Android Studio\jre\bin\msvcp140.dll
0x00007ffb374c0000 - 0x00007ffb37f8f000 	C:\Program Files\Android\Android Studio\jre\bin\server\jvm.dll
0x00007ffbc6420000 - 0x00007ffbc64cc000 	C:\WINDOWS\System32\ADVAPI32.dll
0x00007ffbc6c00000 - 0x00007ffbc6c9b000 	C:\WINDOWS\System32\sechost.dll
0x00007ffbc64d0000 - 0x00007ffbc65fa000 	C:\WINDOWS\System32\RPCRT4.dll
0x00007ffbc78f0000 - 0x00007ffbc78f8000 	C:\WINDOWS\System32\PSAPI.DLL
0x00007ffbab510000 - 0x00007ffbab537000 	C:\WINDOWS\SYSTEM32\WINMM.dll
0x00007ffbbde50000 - 0x00007ffbbde5a000 	C:\WINDOWS\SYSTEM32\VERSION.dll
0x00007ffbbadd0000 - 0x00007ffbbadd9000 	C:\WINDOWS\SYSTEM32\WSOCK32.dll
0x00007ffbc6a10000 - 0x00007ffbc6a7b000 	C:\WINDOWS\System32\WS2_32.dll
0x00007ffbc4370000 - 0x00007ffbc4382000 	C:\WINDOWS\SYSTEM32\kernel.appcore.dll
0x00007ffbacb20000 - 0x00007ffbacb31000 	C:\Program Files\Android\Android Studio\jre\bin\verify.dll
0x00007ffbc4080000 - 0x00007ffbc4264000 	C:\WINDOWS\SYSTEM32\DBGHELP.DLL
0x00007ffbac190000 - 0x00007ffbac1bc000 	C:\WINDOWS\SYSTEM32\dbgcore.DLL
0x00007ffbc5e10000 - 0x00007ffbc5e93000 	C:\WINDOWS\System32\bcryptPrimitives.dll
0x00007ffbacaf0000 - 0x00007ffbacb19000 	C:\Program Files\Android\Android Studio\jre\bin\java.dll
0x00007ffbb3b10000 - 0x00007ffbb3b1b000 	C:\Program Files\Android\Android Studio\jre\bin\jimage.dll
0x00007ffbacab0000 - 0x00007ffbacac8000 	C:\Program Files\Android\Android Studio\jre\bin\zip.dll
0x00007ffbc6d80000 - 0x00007ffbc74bf000 	C:\WINDOWS\System32\SHELL32.dll
0x00007ffbc3820000 - 0x00007ffbc3fb0000 	C:\WINDOWS\SYSTEM32\windows.storage.dll
0x00007ffbc7990000 - 0x00007ffbc7ce5000 	C:\WINDOWS\System32\combase.dll
0x00007ffbc54d0000 - 0x00007ffbc54fc000 	C:\WINDOWS\SYSTEM32\Wldp.dll
0x00007ffbc6ca0000 - 0x00007ffbc6d4e000 	C:\WINDOWS\System32\SHCORE.dll
0x00007ffbc77e0000 - 0x00007ffbc7835000 	C:\WINDOWS\System32\shlwapi.dll
0x00007ffbc5a30000 - 0x00007ffbc5a4f000 	C:\WINDOWS\SYSTEM32\profapi.dll
0x00007ffbaab60000 - 0x00007ffbaab7a000 	C:\Program Files\Android\Android Studio\jre\bin\net.dll
0x00007ffbb1de0000 - 0x00007ffbb1ee8000 	C:\WINDOWS\SYSTEM32\WINHTTP.dll
0x00007ffbc5230000 - 0x00007ffbc529a000 	C:\WINDOWS\system32\mswsock.dll
0x00007ffba0c30000 - 0x00007ffba0c44000 	C:\Program Files\Android\Android Studio\jre\bin\nio.dll
0x00007ffba0d60000 - 0x00007ffba0d87000 	C:\Users\hp\.gradle\native\8bec1ad78214c89d9ad589b4d07fe93259594b29d510b10fafb7a158f7737e5d\windows-amd64\native-platform.dll
0x00007ffb85220000 - 0x00007ffb8535d000 	C:\Users\hp\.gradle\native\53dbd7edfb1c66fb8903c78663c9afc45aea4f116125fa6feffd364cf09443e8\windows-amd64\native-platform-file-events.dll
0x00007ffbacc40000 - 0x00007ffbacc4a000 	C:\Program Files\Android\Android Studio\jre\bin\management.dll
0x00007ffbacbd0000 - 0x00007ffbacbdc000 	C:\Program Files\Android\Android Studio\jre\bin\management_ext.dll
0x00007ffbc5420000 - 0x00007ffbc5438000 	C:\WINDOWS\SYSTEM32\CRYPTSP.dll
0x00007ffbc4b50000 - 0x00007ffbc4b84000 	C:\WINDOWS\system32\rsaenh.dll
0x00007ffbc6060000 - 0x00007ffbc6087000 	C:\WINDOWS\System32\bcrypt.dll
0x00007ffbc59b0000 - 0x00007ffbc59de000 	C:\WINDOWS\SYSTEM32\USERENV.dll
0x00007ffbc5440000 - 0x00007ffbc544c000 	C:\WINDOWS\SYSTEM32\CRYPTBASE.dll
0x00007ffbc4ec0000 - 0x00007ffbc4efb000 	C:\WINDOWS\SYSTEM32\IPHLPAPI.DLL
0x00007ffbc8170000 - 0x00007ffbc8178000 	C:\WINDOWS\System32\NSI.dll
0x00007ffbc3690000 - 0x00007ffbc36a7000 	C:\WINDOWS\SYSTEM32\dhcpcsvc6.DLL
0x00007ffbc3670000 - 0x00007ffbc368d000 	C:\WINDOWS\SYSTEM32\dhcpcsvc.DLL
0x00007ffbc4f00000 - 0x00007ffbc4fcc000 	C:\WINDOWS\SYSTEM32\DNSAPI.dll
0x00007ffb96af0000 - 0x00007ffb96b17000 	C:\Program Files\Android\Android Studio\jre\bin\sunec.dll

dbghelp: loaded successfully - version: 4.0.5 - missing functions: none
symbol engine: initialized successfully - sym options: 0x614 - pdb path: .;C:\Program Files\Android\Android Studio\jre\bin;C:\WINDOWS\SYSTEM32;C:\WINDOWS\WinSxS\amd64_microsoft.windows.common-controls_6595b64144ccf1df_6.0.19041.1110_none_60b5254171f9507e;C:\Program Files\Android\Android Studio\jre\bin\server;C:\Users\hp\.gradle\native\8bec1ad78214c89d9ad589b4d07fe93259594b29d510b10fafb7a158f7737e5d\windows-amd64;C:\Users\hp\.gradle\native\53dbd7edfb1c66fb8903c78663c9afc45aea4f116125fa6feffd364cf09443e8\windows-amd64

VM Arguments:
jvm_args: --add-opens=java.base/java.util=ALL-UNNAMED --add-opens=java.base/java.lang=ALL-UNNAMED --add-opens=java.base/java.lang.invoke=ALL-UNNAMED --add-opens=java.base/java.util=ALL-UNNAMED --add-opens=java.prefs/java.util.prefs=ALL-UNNAMED --add-opens=java.prefs/java.util.prefs=ALL-UNNAMED --add-opens=java.base/java.nio.charset=ALL-UNNAMED --add-opens=java.base/java.net=ALL-UNNAMED --add-opens=java.base/java.util.concurrent.atomic=ALL-UNNAMED -Xmx2048m -Dfile.encoding=UTF-8 -Duser.country=US -Duser.language=en -Duser.variant 
java_command: org.gradle.launcher.daemon.bootstrap.GradleDaemon 7.0.2
java_class_path (initial): C:\Users\hp\.gradle\wrapper\dists\gradle-7.0.2-bin\857tjihv64xamwrf0h14cai3r\gradle-7.0.2\lib\gradle-launcher-7.0.2.jar
Launcher Type: SUN_STANDARD

[Global flags]
     intx CICompilerCount                          = 2                                         {product} {ergonomic}
     uint ConcGCThreads                            = 1                                         {product} {ergonomic}
     uint G1ConcRefinementThreads                  = 2                                         {product} {ergonomic}
   size_t G1HeapRegionSize                         = 1048576                                   {product} {ergonomic}
    uintx GCDrainStackTargetSize                   = 64                                        {product} {ergonomic}
   size_t InitialHeapSize                          = 65011712                                  {product} {ergonomic}
   size_t MarkStackSize                            = 4194304                                   {product} {ergonomic}
   size_t MaxHeapSize                              = 2147483648                                {product} {command line}
   size_t MaxNewSize                               = 1287651328                                {product} {ergonomic}
   size_t MinHeapDeltaBytes                        = 1048576                                   {product} {ergonomic}
    uintx NonNMethodCodeHeapSize                   = 5825164                                {pd product} {ergonomic}
    uintx NonProfiledCodeHeapSize                  = 122916538                              {pd product} {ergonomic}
    uintx ProfiledCodeHeapSize                     = 122916538                              {pd product} {ergonomic}
    uintx ReservedCodeCacheSize                    = 251658240                              {pd product} {ergonomic}
     bool SegmentedCodeCache                       = true                                      {product} {ergonomic}
     bool UseCompressedClassPointers               = true                                 {lp64_product} {ergonomic}
     bool UseCompressedOops                        = true                                 {lp64_product} {ergonomic}
     bool UseG1GC                                  = true                                      {product} {ergonomic}
     bool UseLargePagesIndividualAllocation        = false                                  {pd product} {ergonomic}

Logging:
Log output configuration:
 #0: stdout all=warning uptime,level,tags
 #1: stderr all=off uptime,level,tags

Environment Variables:
PATH=C:\Program Files\AdoptOpenJDK\jdk-11.0.10.9-hotspot\bin;C:\Program Files (x86)\Common Files\Oracle\Java\javapath;C:\ProgramData\Oracle\Java\javapath;C:\WINDOWS\system32;C:\WINDOWS;C:\WINDOWS\System32\Wbem;C:\WINDOWS\System32\WindowsPowerShell\v1.0\;C:\WINDOWS\System32\OpenSSH\;E:\App\Git\cmd;C:\Users\hp\AppData\Local\Microsoft\WindowsApps;C:\Users\hp\AppData\Local\GitHubDesktop\bin;C:\Users\hp\AppData\Local\Programs\Microsoft VS Code\bin
USERNAME=hp
OS=Windows_NT
PROCESSOR_IDENTIFIER=Intel64 Family 6 Model 122 Stepping 8, GenuineIntel



---------------  S Y S T E M  ---------------

OS: Windows 10 , 64 bit Build 19041 (10.0.19041.1202)
OS uptime: 1 days 2:12 hours

CPU:total 2 (initial active 2) (2 cores per cpu, 1 threads per core) family 6 model 122 stepping 8 microcode 0x16, cmov, cx8, fxsr, mmx, sse, sse2, sse3, ssse3, sse4.1, sse4.2, popcnt, aes, clmul, erms, 3dnowpref, tsc, tscinvbit, sha

Memory: 4k page, system-wide physical 3858M (142M free)
TotalPageFile size 7954M (AvailPageFile size 81M)
current process WorkingSet (physical memory assigned to process): 287M, peak: 549M
current process commit charge ("private bytes"): 758M, peak: 1090M

vm_info: OpenJDK 64-Bit Server VM (11.0.10+0-b96-7249189) for windows-amd64 JRE (11.0.10+0-b96-7249189), built on Mar 31 2021 21:44:00 by "builder" with MS VC++ 14.0 (VS2015)

END.
