#
# There is insufficient memory for the Java Runtime Environment to continue.
# Native memory allocation (mmap) failed to map 177209344 bytes for Failed to commit area from 0x0000000092900000 to 0x000000009d200000 of length 177209344.
# Possible reasons:
#   The system is out of physical RAM or swap space
#   The process is running with CompressedOops enabled, and the Java Heap may be blocking the growth of the native heap
# Possible solutions:
#   Reduce memory load on the system
#   Increase physical memory or swap space
#   Check if swap backing store is full
#   Decrease Java heap size (-Xmx/-Xms)
#   Decrease number of Java threads
#   Decrease Java thread stack sizes (-Xss)
#   Set larger code cache with -XX:ReservedCodeCacheSize=
#   JVM is running with Unscaled Compressed Oops mode in which the Java heap is
#     placed in the first 4GB address space. The Java Heap base address is the
#     maximum limit for the native heap growth. Please use -XX:HeapBaseMinAddress
#     to set the Java Heap base and to place the Java Heap above 4GB virtual address.
# This output file may be truncated or incomplete.
#
#  Out of Memory Error (./src/hotspot/os/windows/os_windows.cpp:3301), pid=29076, tid=29424
#
# JRE version: OpenJDK Runtime Environment (11.0.10) (build 11.0.10+0-b96-7249189)
# Java VM: OpenJDK 64-Bit Server VM (11.0.10+0-b96-7249189, mixed mode, tiered, compressed oops, g1 gc, windows-amd64)
# No core dump will be written. Minidumps are not enabled by default on client versions of Windows
#

---------------  S U M M A R Y ------------

Command Line: --add-opens=java.base/java.util=ALL-UNNAMED --add-opens=java.base/java.lang=ALL-UNNAMED --add-opens=java.base/java.lang.invoke=ALL-UNNAMED --add-opens=java.base/java.util=ALL-UNNAMED --add-opens=java.prefs/java.util.prefs=ALL-UNNAMED --add-opens=java.prefs/java.util.prefs=ALL-UNNAMED --add-opens=java.base/java.nio.charset=ALL-UNNAMED --add-opens=java.base/java.net=ALL-UNNAMED --add-opens=java.base/java.util.concurrent.atomic=ALL-UNNAMED -Xmx2048m -Dfile.encoding=UTF-8 -Duser.country=US -Duser.language=en -Duser.variant org.gradle.launcher.daemon.bootstrap.GradleDaemon 7.0.2

Host: Intel(R) Celeron(R) N4020 CPU @ 1.10GHz, 2 cores, 3G,  Windows 10 , 64 bit Build 19041 (10.0.19041.1202)
Time: Fri Oct 15 22:59:17 2021 SE Asia Standard Time elapsed time: 735.322863 seconds (0d 0h 12m 15s)

---------------  T H R E A D  ---------------

Current thread (0x000001cf22d2f000):  VMThread "VM Thread" [stack: 0x0000009fb4400000,0x0000009fb4500000] [id=29424]

Stack: [0x0000009fb4400000,0x0000009fb4500000]
[error occurred during error reporting (printing stack bounds), id 0xc0000005, EXCEPTION_ACCESS_VIOLATION (0xc0000005) at pc=0x000001cf0c990f3d]

Native frames: (J=compiled Java code, j=interpreted, Vv=VM code, C=native code)
V  [jvm.dll+0x5ecfaa]
V  [jvm.dll+0x722bd5]
V  [jvm.dll+0x72412d]
V  [jvm.dll+0x724745]
V  [jvm.dll+0x7246fb]
V  [jvm.dll+0x5ec348]
V  [jvm.dll+0x5ecad8]
C  [ntdll.dll+0xa20cf]
C  [ntdll.dll+0x51454]
C  [ntdll.dll+0xa0bfe]
C  0x000001cf0c990f3d

VM_Operation (0x0000009fb75fcd50): G1CollectForAllocation, mode: safepoint, requested by thread 0x000001cf23a05800


---------------  P R O C E S S  ---------------

Threads class SMR info:
_java_thread_list=0x000001cf2c2099a0, length=51, elements={
0x000001cf07678800, 0x000001cf22d36000, 0x000001cf22d37800, 0x000001cf0775c800,
0x000001cf22d8e800, 0x000001cf22d8f800, 0x000001cf22d94800, 0x000001cf22d9b000,
0x000001cf22d9d800, 0x000001cf237ff000, 0x000001cf250ba800, 0x000001cf24710800,
0x000001cf24281800, 0x000001cf258c9800, 0x000001cf258c9000, 0x000001cf258c8000,
0x000001cf258ca800, 0x000001cf258cb800, 0x000001cf239fe000, 0x000001cf239fd800,
0x000001cf239ff800, 0x000001cf239fb000, 0x000001cf23a02000, 0x000001cf23a04000,
0x000001cf2a162000, 0x000001cf2a16c000, 0x000001cf23a07000, 0x000001cf23a00800,
0x000001cf239fc800, 0x000001cf2a15f000, 0x000001cf2a163000, 0x000001cf2a160800,
0x000001cf2a15d000, 0x000001cf2a161000, 0x000001cf2a163800, 0x000001cf2a15e000,
0x000001cf2a165800, 0x000001cf2a164800, 0x000001cf2a15f800, 0x000001cf2a168000,
0x000001cf2a167000, 0x000001cf2a168800, 0x000001cf2a169800, 0x000001cf2a16a000,
0x000001cf2a16b000, 0x000001cf23a01800, 0x000001cf239fb800, 0x000001cf23a03000,
0x000001cf23a04800, 0x000001cf23a05800, 0x000001cf23a06800
}

Java Threads: ( => current thread )
  0x000001cf07678800 JavaThread "main" [_thread_blocked, id=20608, stack(0x0000009fb3e00000,0x0000009fb3f00000)]
  0x000001cf22d36000 JavaThread "Reference Handler" daemon [_thread_blocked, id=28840, stack(0x0000009fb4500000,0x0000009fb4600000)]
  0x000001cf22d37800 JavaThread "Finalizer" daemon [_thread_blocked, id=11664, stack(0x0000009fb4600000,0x0000009fb4700000)]
  0x000001cf0775c800 JavaThread "Signal Dispatcher" daemon [_thread_blocked, id=24552, stack(0x0000009fb4700000,0x0000009fb4800000)]
  0x000001cf22d8e800 JavaThread "Attach Listener" daemon [_thread_blocked, id=29040, stack(0x0000009fb4800000,0x0000009fb4900000)]
  0x000001cf22d8f800 JavaThread "Service Thread" daemon [_thread_blocked, id=31664, stack(0x0000009fb4900000,0x0000009fb4a00000)]
  0x000001cf22d94800 JavaThread "C2 CompilerThread0" daemon [_thread_blocked, id=29212, stack(0x0000009fb4a00000,0x0000009fb4b00000)]
  0x000001cf22d9b000 JavaThread "C1 CompilerThread0" daemon [_thread_blocked, id=28432, stack(0x0000009fb4b00000,0x0000009fb4c00000)]
  0x000001cf22d9d800 JavaThread "Sweeper thread" daemon [_thread_blocked, id=26800, stack(0x0000009fb4c00000,0x0000009fb4d00000)]
  0x000001cf237ff000 JavaThread "Common-Cleaner" daemon [_thread_blocked, id=3356, stack(0x0000009fb4d00000,0x0000009fb4e00000)]
  0x000001cf250ba800 JavaThread "Daemon health stats" [_thread_blocked, id=2288, stack(0x0000009fb5000000,0x0000009fb5100000)]
  0x000001cf24710800 JavaThread "Incoming local TCP Connector on port 60187" [_thread_in_native, id=13844, stack(0x0000009fb5100000,0x0000009fb5200000)]
  0x000001cf24281800 JavaThread "Daemon periodic checks" [_thread_blocked, id=30776, stack(0x0000009fb5200000,0x0000009fb5300000)]
  0x000001cf258c9800 JavaThread "Cache worker for file hash cache (C:\Users\hp\.gradle\caches\7.0.2\fileHashes)" [_thread_blocked, id=30452, stack(0x0000009fb5a00000,0x0000009fb5b00000)]
  0x000001cf258c9000 JavaThread "File lock request listener" [_thread_in_native, id=26344, stack(0x0000009fb5b00000,0x0000009fb5c00000)]
  0x000001cf258c8000 JavaThread "Cache worker for journal cache (C:\Users\hp\.gradle\caches\journal-1)" [_thread_blocked, id=29140, stack(0x0000009fb5c00000,0x0000009fb5d00000)]
  0x000001cf258ca800 JavaThread "File watcher server" daemon [_thread_blocked, id=26428, stack(0x0000009fb5e00000,0x0000009fb5f00000)]
  0x000001cf258cb800 JavaThread "File watcher consumer" daemon [_thread_blocked, id=27784, stack(0x0000009fb5f00000,0x0000009fb6000000)]
  0x000001cf239fe000 JavaThread "Cache worker for execution history cache (C:\Users\hp\.gradle\caches\7.0.2\executionHistory)" [_thread_blocked, id=24876, stack(0x0000009fb6300000,0x0000009fb6400000)]
  0x000001cf239fd800 JavaThread "jar transforms" [_thread_blocked, id=27176, stack(0x0000009fb6400000,0x0000009fb6500000)]
  0x000001cf239ff800 JavaThread "jar transforms Thread 2" [_thread_blocked, id=14172, stack(0x0000009fb6500000,0x0000009fb6600000)]
  0x000001cf239fb000 JavaThread "Cache worker for file content cache (C:\Users\hp\.gradle\caches\7.0.2\fileContent)" [_thread_blocked, id=5784, stack(0x0000009fb6600000,0x0000009fb6700000)]
  0x000001cf23a02000 JavaThread "Memory manager" [_thread_blocked, id=10584, stack(0x0000009fb6b00000,0x0000009fb6c00000)]
  0x000001cf23a04000 JavaThread "pool-3-thread-1" [_thread_blocked, id=22772, stack(0x0000009fb6d00000,0x0000009fb6e00000)]
  0x000001cf2a162000 JavaThread "Cache worker for Java compile cache (C:\Users\hp\.gradle\caches\7.0.2\javaCompile)" [_thread_blocked, id=29252, stack(0x0000009fb3b00000,0x0000009fb3c00000)]
  0x000001cf2a16c000 JavaThread "pool-8-thread-1" [_thread_blocked, id=28684, stack(0x0000009fb6c00000,0x0000009fb6d00000)]
  0x000001cf23a07000 JavaThread "ForkJoinPool.commonPool-worker-1" daemon [_thread_blocked, id=30944, stack(0x0000009fb7300000,0x0000009fb7400000)]
  0x000001cf23a00800 JavaThread "Daemon Thread 3" [_thread_blocked, id=400, stack(0x0000009fb3c00000,0x0000009fb3d00000)]
  0x000001cf239fc800 JavaThread "Daemon worker Thread 3" [_thread_blocked, id=25516, stack(0x0000009fb5400000,0x0000009fb5500000)]
  0x000001cf2a15f000 JavaThread "pool-12-thread-1" [_thread_blocked, id=28688, stack(0x0000009fb6a00000,0x0000009fb6b00000)]
  0x000001cf2a163000 JavaThread "Handler for socket connection from /127.0.0.1:60187 to /127.0.0.1:60304" [_thread_in_native, id=21704, stack(0x0000009fb3d00000,0x0000009fb3e00000)]
  0x000001cf2a160800 JavaThread "Cancel handler" [_thread_blocked, id=12672, stack(0x0000009fb5300000,0x0000009fb5400000)]
  0x000001cf2a15d000 JavaThread "Asynchronous log dispatcher for DefaultDaemonConnection: socket connection from /127.0.0.1:60187 to /127.0.0.1:60304" [_thread_blocked, id=28500, stack(0x0000009fb5500000,0x0000009fb5600000)]
  0x000001cf2a161000 JavaThread "Stdin handler" [_thread_blocked, id=22616, stack(0x0000009fb5600000,0x0000009fb5700000)]
  0x000001cf2a163800 JavaThread "Daemon client event forwarder" [_thread_blocked, id=13300, stack(0x0000009fb5700000,0x0000009fb5800000)]
  0x000001cf2a15e000 JavaThread "Cache worker for file hash cache (E:\AndroidStudioProjects\ImpIntentApp\.gradle\7.0.2\fileHashes)" [_thread_blocked, id=28848, stack(0x0000009fb5800000,0x0000009fb5900000)]
  0x000001cf2a165800 JavaThread "Cache worker for checksums cache (E:\AndroidStudioProjects\ImpIntentApp\.gradle\checksums)" [_thread_blocked, id=29256, stack(0x0000009fb5900000,0x0000009fb5a00000)]
  0x000001cf2a164800 JavaThread "Cache worker for cache directory md-supplier (C:\Users\hp\.gradle\caches\7.0.2\md-supplier)" [_thread_blocked, id=12368, stack(0x0000009fb5d00000,0x0000009fb5e00000)]
  0x000001cf2a15f800 JavaThread "Cache worker for cache directory md-rule (C:\Users\hp\.gradle\caches\7.0.2\md-rule)" [_thread_blocked, id=29960, stack(0x0000009fb6000000,0x0000009fb6100000)]
  0x000001cf2a168000 JavaThread "Cache worker for dependencies-accessors (E:\AndroidStudioProjects\ImpIntentApp\.gradle\7.0.2\dependencies-accessors)" [_thread_blocked, id=22176, stack(0x0000009fb6100000,0x0000009fb6200000)]
  0x000001cf2a167000 JavaThread "Cache worker for Build Output Cleanup Cache (E:\AndroidStudioProjects\ImpIntentApp\.gradle\buildOutputCleanup)" [_thread_blocked, id=26264, stack(0x0000009fb6200000,0x0000009fb6300000)]
  0x000001cf2a168800 JavaThread "Build operations" [_thread_blocked, id=13128, stack(0x0000009fb6700000,0x0000009fb6800000)]
  0x000001cf2a169800 JavaThread "Build operations Thread 2" [_thread_blocked, id=424, stack(0x0000009fb6800000,0x0000009fb6900000)]
  0x000001cf2a16a000 JavaThread "build event listener" [_thread_blocked, id=26808, stack(0x0000009fb6900000,0x0000009fb6a00000)]
  0x000001cf2a16b000 JavaThread "pool-16-thread-1" [_thread_blocked, id=30608, stack(0x0000009fb6e00000,0x0000009fb6f00000)]
  0x000001cf23a01800 JavaThread "build event listener" [_thread_blocked, id=30760, stack(0x0000009fb6f00000,0x0000009fb7000000)]
  0x000001cf239fb800 JavaThread "Execution worker for ':'" [_thread_blocked, id=31272, stack(0x0000009fb7000000,0x0000009fb7100000)]
  0x000001cf23a03000 JavaThread "Cache worker for execution history cache (E:\AndroidStudioProjects\ImpIntentApp\.gradle\7.0.2\executionHistory)" [_thread_blocked, id=11804, stack(0x0000009fb7100000,0x0000009fb7200000)]
  0x000001cf23a04800 JavaThread "Cache worker for Java compile cache (E:\AndroidStudioProjects\ImpIntentApp\.gradle\7.0.2\javaCompile)" [_thread_blocked, id=24628, stack(0x0000009fb7200000,0x0000009fb7300000)]
  0x000001cf23a05800 JavaThread "WorkerExecutor Queue" [_thread_blocked, id=9564, stack(0x0000009fb7500000,0x0000009fb7600000)]
  0x000001cf23a06800 JavaThread "WorkerExecutor Queue Thread 2" [_thread_blocked, id=29672, stack(0x0000009fb7600000,0x0000009fb7700000)]

Other Threads:
=>0x000001cf22d2f000 VMThread "VM Thread" [stack: 0x0000009fb4400000,0x0000009fb4500000] [id=29424]
  0x000001cf23841000 WatcherThread [stack: 0x0000009fb4e00000,0x0000009fb4f00000] [id=26732]
  0x000001cf07692000 GCTaskThread "GC Thread#0" [stack: 0x0000009fb3f00000,0x0000009fb4000000] [id=5944]
  0x000001cf2399a800 GCTaskThread "GC Thread#1" [stack: 0x0000009fb4f00000,0x0000009fb5000000] [id=31384]
  0x000001cf076c3800 ConcurrentGCThread "G1 Main Marker" [stack: 0x0000009fb4000000,0x0000009fb4100000] [id=29196]
  0x000001cf076c6000 ConcurrentGCThread "G1 Conc#0" [stack: 0x0000009fb4100000,0x0000009fb4200000] [id=8520]
  0x000001cf07719000 ConcurrentGCThread "G1 Refine#0" [stack: 0x0000009fb4200000,0x0000009fb4300000] [id=26032]
  0x000001cf0771a000 ConcurrentGCThread "G1 Young RemSet Sampling" [stack: 0x0000009fb4300000,0x0000009fb4400000] [id=25512]

Threads with active compile tasks:
C2 CompilerThread0 736054 19372   !   4       com.sun.crypto.provider.PKCS12PBECipherCore::derive (501 bytes)

VM state:at safepoint (normal execution)

VM Mutex/Monitor currently owned by a thread:  ([mutex/lock_event])
[0x000001cf076755c0] Threads_lock - owner thread: 0x000001cf22d2f000
[0x000001cf07676bb0] Heap_lock - owner thread: 0x000001cf23a05800

Heap address: 0x0000000080000000, size: 2048 MB, Compressed Oops mode: 32-bit
Narrow klass base: 0x0000000000000000, Narrow klass shift: 3
Compressed class space size: 1073741824 Address: 0x0000000100000000

Heap:
 garbage-first heap   total 477184K, used 165120K [0x0000000080000000, 0x0000000100000000)
  region size 1024K, 4 young (4096K), 4 survivors (4096K)
 Metaspace       used 119948K, capacity 123267K, committed 123428K, reserved 1157120K
  class space    used 15099K, capacity 16376K, committed 16384K, reserved 1048576K
Heap Regions: E=young(eden), S=young(survivor), O=old, HS=humongous(starts), HC=humongous(continues), CS=collection set, F=free, A=archive, TAMS=top-at-mark-start (previous, next)
|   0|0x0000000080000000, 0x0000000080100000, 0x0000000080100000|100%| O|  |TAMS 0x0000000080100000, 0x0000000080000000| Untracked 
|   1|0x0000000080100000, 0x0000000080200000, 0x0000000080200000|100%| O|  |TAMS 0x0000000080200000, 0x0000000080100000| Untracked 
|   2|0x0000000080200000, 0x0000000080300000, 0x0000000080300000|100%| O|  |TAMS 0x0000000080300000, 0x0000000080200000| Untracked 
|   3|0x0000000080300000, 0x0000000080400000, 0x0000000080400000|100%| O|  |TAMS 0x0000000080400000, 0x0000000080300000| Untracked 
|   4|0x0000000080400000, 0x0000000080500000, 0x0000000080500000|100%|HS|  |TAMS 0x0000000080500000, 0x0000000080400000| Complete 
|   5|0x0000000080500000, 0x0000000080600000, 0x0000000080600000|100%|HC|  |TAMS 0x0000000080600000, 0x0000000080500000| Complete 
|   6|0x0000000080600000, 0x0000000080700000, 0x0000000080700000|100%|HC|  |TAMS 0x0000000080700000, 0x0000000080600000| Complete 
|   7|0x0000000080700000, 0x0000000080800000, 0x0000000080800000|100%| O|  |TAMS 0x0000000080800000, 0x0000000080700000| Untracked 
|   8|0x0000000080800000, 0x0000000080900000, 0x0000000080900000|100%| O|  |TAMS 0x0000000080900000, 0x0000000080800000| Untracked 
|   9|0x0000000080900000, 0x0000000080a00000, 0x0000000080a00000|100%| O|  |TAMS 0x0000000080a00000, 0x0000000080900000| Untracked 
|  10|0x0000000080a00000, 0x0000000080b00000, 0x0000000080b00000|100%| O|  |TAMS 0x0000000080b00000, 0x0000000080a00000| Untracked 
|  11|0x0000000080b00000, 0x0000000080c00000, 0x0000000080c00000|100%| O|  |TAMS 0x0000000080c00000, 0x0000000080b00000| Untracked 
|  12|0x0000000080c00000, 0x0000000080d00000, 0x0000000080d00000|100%| O|  |TAMS 0x0000000080d00000, 0x0000000080c00000| Untracked 
|  13|0x0000000080d00000, 0x0000000080e00000, 0x0000000080e00000|100%| O|  |TAMS 0x0000000080e00000, 0x0000000080d00000| Complete 
|  14|0x0000000080e00000, 0x0000000080f00000, 0x0000000080f00000|100%| O|  |TAMS 0x0000000080f00000, 0x0000000080e00000| Untracked 
|  15|0x0000000080f00000, 0x0000000081000000, 0x0000000081000000|100%| O|  |TAMS 0x0000000081000000, 0x0000000080f00000| Complete 
|  16|0x0000000081000000, 0x0000000081100000, 0x0000000081100000|100%| O|  |TAMS 0x0000000081100000, 0x0000000081000000| Untracked 
|  17|0x0000000081100000, 0x0000000081200000, 0x0000000081200000|100%| O|  |TAMS 0x0000000081200000, 0x0000000081100000| Complete 
|  18|0x0000000081200000, 0x0000000081300000, 0x0000000081300000|100%| O|  |TAMS 0x0000000081300000, 0x0000000081200000| Untracked 
|  19|0x0000000081300000, 0x0000000081400000, 0x0000000081400000|100%| O|  |TAMS 0x0000000081400000, 0x0000000081300000| Untracked 
|  20|0x0000000081400000, 0x0000000081500000, 0x0000000081500000|100%| O|  |TAMS 0x0000000081500000, 0x0000000081400000| Untracked 
|  21|0x0000000081500000, 0x0000000081600000, 0x0000000081600000|100%| O|  |TAMS 0x0000000081600000, 0x0000000081500000| Complete 
|  22|0x0000000081600000, 0x0000000081700000, 0x0000000081700000|100%| O|  |TAMS 0x0000000081700000, 0x0000000081600000| Untracked 
|  23|0x0000000081700000, 0x0000000081800000, 0x0000000081800000|100%| O|  |TAMS 0x0000000081800000, 0x0000000081700000| Untracked 
|  24|0x0000000081800000, 0x0000000081900000, 0x0000000081900000|100%|HS|  |TAMS 0x0000000081900000, 0x0000000081800000| Complete 
|  25|0x0000000081900000, 0x0000000081a00000, 0x0000000081a00000|100%| O|  |TAMS 0x0000000081a00000, 0x0000000081900000| Untracked 
|  26|0x0000000081a00000, 0x0000000081b00000, 0x0000000081b00000|100%| O|  |TAMS 0x0000000081b00000, 0x0000000081a00000| Complete 
|  27|0x0000000081b00000, 0x0000000081c00000, 0x0000000081c00000|100%|HS|  |TAMS 0x0000000081c00000, 0x0000000081b00000| Complete 
|  28|0x0000000081c00000, 0x0000000081d00000, 0x0000000081d00000|100%| O|  |TAMS 0x0000000081d00000, 0x0000000081c00000| Untracked 
|  29|0x0000000081d00000, 0x0000000081e00000, 0x0000000081e00000|100%|HS|  |TAMS 0x0000000081e00000, 0x0000000081d00000| Complete 
|  30|0x0000000081e00000, 0x0000000081f00000, 0x0000000081f00000|100%|HC|  |TAMS 0x0000000081f00000, 0x0000000081e00000| Complete 
|  31|0x0000000081f00000, 0x0000000082000000, 0x0000000082000000|100%| O|  |TAMS 0x0000000082000000, 0x0000000081f00000| Untracked 
|  32|0x0000000082000000, 0x0000000082100000, 0x0000000082100000|100%| O|  |TAMS 0x0000000082100000, 0x0000000082000000| Untracked 
|  33|0x0000000082100000, 0x0000000082200000, 0x0000000082200000|100%| O|  |TAMS 0x0000000082200000, 0x0000000082100000| Untracked 
|  34|0x0000000082200000, 0x0000000082300000, 0x0000000082300000|100%| O|  |TAMS 0x0000000082300000, 0x0000000082200000| Complete 
|  35|0x0000000082300000, 0x0000000082400000, 0x0000000082400000|100%| O|  |TAMS 0x0000000082400000, 0x0000000082300000| Complete 
|  36|0x0000000082400000, 0x0000000082500000, 0x0000000082500000|100%| O|  |TAMS 0x0000000082500000, 0x0000000082400000| Untracked 
|  37|0x0000000082500000, 0x0000000082600000, 0x0000000082600000|100%| O|  |TAMS 0x0000000082600000, 0x0000000082500000| Untracked 
|  38|0x0000000082600000, 0x0000000082700000, 0x0000000082700000|100%| O|  |TAMS 0x0000000082700000, 0x0000000082600000| Untracked 
|  39|0x0000000082700000, 0x0000000082800000, 0x0000000082800000|100%| O|  |TAMS 0x0000000082800000, 0x0000000082700000| Complete 
|  40|0x0000000082800000, 0x0000000082900000, 0x0000000082900000|100%| O|  |TAMS 0x0000000082900000, 0x0000000082800000| Untracked 
|  41|0x0000000082900000, 0x0000000082a00000, 0x0000000082a00000|100%| O|  |TAMS 0x0000000082a00000, 0x0000000082900000| Untracked 
|  42|0x0000000082a00000, 0x0000000082b00000, 0x0000000082b00000|100%| O|  |TAMS 0x0000000082b00000, 0x0000000082a00000| Untracked 
|  43|0x0000000082b00000, 0x0000000082c00000, 0x0000000082c00000|100%| O|  |TAMS 0x0000000082c00000, 0x0000000082b00000| Complete 
|  44|0x0000000082c00000, 0x0000000082d00000, 0x0000000082d00000|100%| O|  |TAMS 0x0000000082d00000, 0x0000000082c00000| Untracked 
|  45|0x0000000082d00000, 0x0000000082e00000, 0x0000000082e00000|100%| O|  |TAMS 0x0000000082e00000, 0x0000000082d00000| Complete 
|  46|0x0000000082e00000, 0x0000000082f00000, 0x0000000082f00000|100%| O|  |TAMS 0x0000000082f00000, 0x0000000082e00000| Untracked 
|  47|0x0000000082f00000, 0x0000000083000000, 0x0000000083000000|100%| O|  |TAMS 0x0000000083000000, 0x0000000082f00000| Untracked 
|  48|0x0000000083000000, 0x0000000083100000, 0x0000000083100000|100%| O|  |TAMS 0x0000000083100000, 0x0000000083000000| Untracked 
|  49|0x0000000083100000, 0x0000000083200000, 0x0000000083200000|100%| O|  |TAMS 0x0000000083200000, 0x0000000083100000| Complete 
|  50|0x0000000083200000, 0x0000000083300000, 0x0000000083300000|100%| O|  |TAMS 0x0000000083300000, 0x0000000083200000| Complete 
|  51|0x0000000083300000, 0x0000000083400000, 0x0000000083400000|100%| O|  |TAMS 0x0000000083400000, 0x0000000083300000| Complete 
|  52|0x0000000083400000, 0x0000000083500000, 0x0000000083500000|100%| O|  |TAMS 0x0000000083500000, 0x0000000083400000| Complete 
|  53|0x0000000083500000, 0x0000000083600000, 0x0000000083600000|100%| O|  |TAMS 0x0000000083600000, 0x0000000083500000| Untracked 
|  54|0x0000000083600000, 0x0000000083700000, 0x0000000083700000|100%| O|  |TAMS 0x0000000083700000, 0x0000000083600000| Complete 
|  55|0x0000000083700000, 0x0000000083800000, 0x0000000083800000|100%| O|  |TAMS 0x0000000083800000, 0x0000000083700000| Untracked 
|  56|0x0000000083800000, 0x0000000083900000, 0x0000000083900000|100%| O|  |TAMS 0x0000000083900000, 0x0000000083800000| Complete 
|  57|0x0000000083900000, 0x0000000083a00000, 0x0000000083a00000|100%| O|  |TAMS 0x0000000083a00000, 0x0000000083900000| Complete 
|  58|0x0000000083a00000, 0x0000000083b00000, 0x0000000083b00000|100%| O|  |TAMS 0x0000000083b00000, 0x0000000083a00000| Untracked 
|  59|0x0000000083b00000, 0x0000000083c00000, 0x0000000083c00000|100%| O|  |TAMS 0x0000000083c00000, 0x0000000083b00000| Complete 
|  60|0x0000000083c00000, 0x0000000083d00000, 0x0000000083d00000|100%| O|  |TAMS 0x0000000083d00000, 0x0000000083c00000| Complete 
|  61|0x0000000083d00000, 0x0000000083e00000, 0x0000000083e00000|100%| O|  |TAMS 0x0000000083e00000, 0x0000000083d00000| Complete 
|  62|0x0000000083e00000, 0x0000000083f00000, 0x0000000083f00000|100%| O|  |TAMS 0x0000000083f00000, 0x0000000083e00000| Complete 
|  63|0x0000000083f00000, 0x0000000084000000, 0x0000000084000000|100%| O|  |TAMS 0x0000000084000000, 0x0000000083f00000| Untracked 
|  64|0x0000000084000000, 0x0000000084100000, 0x0000000084100000|100%| O|  |TAMS 0x0000000084100000, 0x0000000084000000| Complete 
|  65|0x0000000084100000, 0x0000000084200000, 0x0000000084200000|100%| O|  |TAMS 0x0000000084200000, 0x0000000084100000| Untracked 
|  66|0x0000000084200000, 0x0000000084300000, 0x0000000084300000|100%| O|  |TAMS 0x0000000084300000, 0x0000000084200000| Untracked 
|  67|0x0000000084300000, 0x0000000084400000, 0x0000000084400000|100%| O|  |TAMS 0x0000000084400000, 0x0000000084300000| Untracked 
|  68|0x0000000084400000, 0x0000000084500000, 0x0000000084500000|100%|HS|  |TAMS 0x0000000084500000, 0x0000000084400000| Complete 
|  69|0x0000000084500000, 0x0000000084600000, 0x0000000084600000|100%| O|  |TAMS 0x0000000084600000, 0x0000000084500000| Untracked 
|  70|0x0000000084600000, 0x0000000084700000, 0x0000000084700000|100%| O|  |TAMS 0x0000000084700000, 0x0000000084600000| Untracked 
|  71|0x0000000084700000, 0x0000000084800000, 0x0000000084800000|100%| O|  |TAMS 0x0000000084800000, 0x0000000084700000| Untracked 
|  72|0x0000000084800000, 0x0000000084900000, 0x0000000084900000|100%| O|  |TAMS 0x0000000084900000, 0x0000000084800000| Untracked 
|  73|0x0000000084900000, 0x0000000084a00000, 0x0000000084a00000|100%| O|  |TAMS 0x0000000084a00000, 0x0000000084900000| Complete 
|  74|0x0000000084a00000, 0x0000000084b00000, 0x0000000084b00000|100%| O|  |TAMS 0x0000000084b00000, 0x0000000084a00000| Untracked 
|  75|0x0000000084b00000, 0x0000000084c00000, 0x0000000084c00000|100%| O|  |TAMS 0x0000000084c00000, 0x0000000084b00000| Complete 
|  76|0x0000000084c00000, 0x0000000084d00000, 0x0000000084d00000|100%| O|  |TAMS 0x0000000084d00000, 0x0000000084c00000| Complete 
|  77|0x0000000084d00000, 0x0000000084e00000, 0x0000000084e00000|100%|HS|  |TAMS 0x0000000084e00000, 0x0000000084d00000| Complete 
|  78|0x0000000084e00000, 0x0000000084f00000, 0x0000000084f00000|100%| O|  |TAMS 0x0000000084f00000, 0x0000000084e00000| Untracked 
|  79|0x0000000084f00000, 0x0000000085000000, 0x0000000085000000|100%| O|  |TAMS 0x0000000085000000, 0x0000000084f00000| Untracked 
|  80|0x0000000085000000, 0x0000000085100000, 0x0000000085100000|100%| O|  |TAMS 0x0000000085100000, 0x0000000085000000| Complete 
|  81|0x0000000085100000, 0x0000000085200000, 0x0000000085200000|100%|HS|  |TAMS 0x0000000085200000, 0x0000000085100000| Complete 
|  82|0x0000000085200000, 0x0000000085300000, 0x0000000085300000|100%| O|  |TAMS 0x0000000085300000, 0x0000000085200000| Complete 
|  83|0x0000000085300000, 0x0000000085400000, 0x0000000085400000|100%| O|  |TAMS 0x0000000085400000, 0x0000000085300000| Complete 
|  84|0x0000000085400000, 0x0000000085500000, 0x0000000085500000|100%| O|  |TAMS 0x0000000085500000, 0x0000000085400000| Complete 
|  85|0x0000000085500000, 0x0000000085600000, 0x0000000085600000|100%|HS|  |TAMS 0x0000000085600000, 0x0000000085500000| Complete 
|  86|0x0000000085600000, 0x0000000085700000, 0x0000000085700000|100%|HS|  |TAMS 0x0000000085700000, 0x0000000085600000| Complete 
|  87|0x0000000085700000, 0x0000000085800000, 0x0000000085800000|100%|HS|  |TAMS 0x0000000085700000, 0x0000000085700000| Complete 
|  88|0x0000000085800000, 0x0000000085900000, 0x0000000085900000|100%|HS|  |TAMS 0x0000000085900000, 0x0000000085800000| Complete 
|  89|0x0000000085900000, 0x0000000085a00000, 0x0000000085a00000|100%|HS|  |TAMS 0x0000000085a00000, 0x0000000085900000| Complete 
|  90|0x0000000085a00000, 0x0000000085b00000, 0x0000000085b00000|100%| O|  |TAMS 0x0000000085b00000, 0x0000000085a00000| Untracked 
|  91|0x0000000085b00000, 0x0000000085c00000, 0x0000000085c00000|100%| O|  |TAMS 0x0000000085c00000, 0x0000000085b00000| Complete 
|  92|0x0000000085c00000, 0x0000000085d00000, 0x0000000085d00000|100%| O|  |TAMS 0x0000000085d00000, 0x0000000085c00000| Complete 
|  93|0x0000000085d00000, 0x0000000085e00000, 0x0000000085e00000|100%| O|  |TAMS 0x0000000085d00000, 0x0000000085d00000| Untracked 
|  94|0x0000000085e00000, 0x0000000085f00000, 0x0000000085f00000|100%| O|  |TAMS 0x0000000085f00000, 0x0000000085e00000| Untracked 
|  95|0x0000000085f00000, 0x0000000086000000, 0x0000000086000000|100%|HS|  |TAMS 0x0000000086000000, 0x0000000085f00000| Complete 
|  96|0x0000000086000000, 0x0000000086100000, 0x0000000086100000|100%| O|  |TAMS 0x0000000086100000, 0x0000000086000000| Untracked 
|  97|0x0000000086100000, 0x0000000086200000, 0x0000000086200000|100%| O|  |TAMS 0x0000000086200000, 0x0000000086100000| Untracked 
|  98|0x0000000086200000, 0x0000000086291000, 0x0000000086300000| 56%| O|  |TAMS 0x0000000086200000, 0x0000000086200000| Untracked 
|  99|0x0000000086300000, 0x0000000086400000, 0x0000000086400000|100%| O|  |TAMS 0x0000000086400000, 0x0000000086300000| Complete 
| 100|0x0000000086400000, 0x0000000086500000, 0x0000000086500000|100%| O|  |TAMS 0x0000000086500000, 0x0000000086400000| Untracked 
| 101|0x0000000086500000, 0x0000000086600000, 0x0000000086600000|100%| O|  |TAMS 0x0000000086600000, 0x0000000086500000| Complete 
| 102|0x0000000086600000, 0x0000000086700000, 0x0000000086700000|100%| O|  |TAMS 0x0000000086700000, 0x0000000086600000| Complete 
| 103|0x0000000086700000, 0x0000000086800000, 0x0000000086800000|100%| O|  |TAMS 0x0000000086800000, 0x0000000086700000| Complete 
| 104|0x0000000086800000, 0x0000000086800000, 0x0000000086900000|  0%| F|  |TAMS 0x0000000086800000, 0x0000000086800000| Untracked 
| 105|0x0000000086900000, 0x0000000086a00000, 0x0000000086a00000|100%| O|  |TAMS 0x0000000086a00000, 0x0000000086900000| Untracked 
| 106|0x0000000086a00000, 0x0000000086b00000, 0x0000000086b00000|100%| O|  |TAMS 0x0000000086b00000, 0x0000000086a00000| Untracked 
| 107|0x0000000086b00000, 0x0000000086c00000, 0x0000000086c00000|100%| O|  |TAMS 0x0000000086c00000, 0x0000000086b00000| Untracked 
| 108|0x0000000086c00000, 0x0000000086d00000, 0x0000000086d00000|100%| O|  |TAMS 0x0000000086d00000, 0x0000000086c00000| Complete 
| 109|0x0000000086d00000, 0x0000000086e00000, 0x0000000086e00000|100%| O|  |TAMS 0x0000000086e00000, 0x0000000086d00000| Untracked 
| 110|0x0000000086e00000, 0x0000000086f00000, 0x0000000086f00000|100%| O|  |TAMS 0x0000000086f00000, 0x0000000086e00000| Complete 
| 111|0x0000000086f00000, 0x0000000087000000, 0x0000000087000000|100%| O|  |TAMS 0x0000000087000000, 0x0000000086f00000| Complete 
| 112|0x0000000087000000, 0x0000000087100000, 0x0000000087100000|100%| O|  |TAMS 0x0000000087100000, 0x0000000087000000| Complete 
| 113|0x0000000087100000, 0x0000000087200000, 0x0000000087200000|100%| O|  |TAMS 0x0000000087200000, 0x0000000087100000| Complete 
| 114|0x0000000087200000, 0x0000000087300000, 0x0000000087300000|100%| O|  |TAMS 0x0000000087300000, 0x0000000087200000| Untracked 
| 115|0x0000000087300000, 0x0000000087400000, 0x0000000087400000|100%| O|  |TAMS 0x0000000087400000, 0x0000000087300000| Untracked 
| 116|0x0000000087400000, 0x0000000087500000, 0x0000000087500000|100%| O|  |TAMS 0x0000000087500000, 0x0000000087400000| Untracked 
| 117|0x0000000087500000, 0x0000000087600000, 0x0000000087600000|100%| O|  |TAMS 0x0000000087600000, 0x0000000087500000| Untracked 
| 118|0x0000000087600000, 0x0000000087700000, 0x0000000087700000|100%| O|  |TAMS 0x0000000087700000, 0x0000000087600000| Complete 
| 119|0x0000000087700000, 0x0000000087800000, 0x0000000087800000|100%| O|  |TAMS 0x0000000087800000, 0x0000000087700000| Untracked 
| 120|0x0000000087800000, 0x0000000087900000, 0x0000000087900000|100%| O|  |TAMS 0x0000000087900000, 0x0000000087800000| Untracked 
| 121|0x0000000087900000, 0x0000000087a00000, 0x0000000087a00000|100%| O|  |TAMS 0x0000000087a00000, 0x0000000087900000| Untracked 
| 122|0x0000000087a00000, 0x0000000087b00000, 0x0000000087b00000|100%| O|  |TAMS 0x0000000087b00000, 0x0000000087a00000| Untracked 
| 123|0x0000000087b00000, 0x0000000087c00000, 0x0000000087c00000|100%| O|  |TAMS 0x0000000087c00000, 0x0000000087b00000| Untracked 
| 124|0x0000000087c00000, 0x0000000087d00000, 0x0000000087d00000|100%| O|  |TAMS 0x0000000087d00000, 0x0000000087c00000| Untracked 
| 125|0x0000000087d00000, 0x0000000087e00000, 0x0000000087e00000|100%| O|  |TAMS 0x0000000087e00000, 0x0000000087d00000| Untracked 
| 126|0x0000000087e00000, 0x0000000087f00000, 0x0000000087f00000|100%| O|  |TAMS 0x0000000087f00000, 0x0000000087e00000| Complete 
| 127|0x0000000087f00000, 0x0000000088000000, 0x0000000088000000|100%| O|  |TAMS 0x0000000088000000, 0x0000000087f00000| Untracked 
| 128|0x0000000088000000, 0x0000000088100000, 0x0000000088100000|100%| O|  |TAMS 0x0000000088100000, 0x0000000088000000| Untracked 
| 129|0x0000000088100000, 0x0000000088200000, 0x0000000088200000|100%| O|  |TAMS 0x0000000088200000, 0x0000000088100000| Untracked 
| 130|0x0000000088200000, 0x0000000088300000, 0x0000000088300000|100%|HS|  |TAMS 0x0000000088300000, 0x0000000088200000| Complete 
| 131|0x0000000088300000, 0x0000000088400000, 0x0000000088400000|100%|HC|  |TAMS 0x0000000088400000, 0x0000000088300000| Complete 
| 132|0x0000000088400000, 0x0000000088500000, 0x0000000088500000|100%|HC|  |TAMS 0x0000000088500000, 0x0000000088400000| Complete 
| 133|0x0000000088500000, 0x0000000088600000, 0x0000000088600000|100%|HC|  |TAMS 0x0000000088600000, 0x0000000088500000| Complete 
| 134|0x0000000088600000, 0x0000000088700000, 0x0000000088700000|100%|HC|  |TAMS 0x0000000088700000, 0x0000000088600000| Complete 
| 135|0x0000000088700000, 0x0000000088800000, 0x0000000088800000|100%| O|  |TAMS 0x0000000088800000, 0x0000000088700000| Untracked 
| 136|0x0000000088800000, 0x0000000088900000, 0x0000000088900000|100%| O|  |TAMS 0x0000000088900000, 0x0000000088800000| Complete 
| 137|0x0000000088900000, 0x0000000088900000, 0x0000000088a00000|  0%| F|  |TAMS 0x0000000088900000, 0x0000000088900000| Untracked 
| 138|0x0000000088a00000, 0x0000000088b00000, 0x0000000088b00000|100%| O|  |TAMS 0x0000000088b00000, 0x0000000088a00000| Untracked 
| 139|0x0000000088b00000, 0x0000000088c00000, 0x0000000088c00000|100%| O|  |TAMS 0x0000000088c00000, 0x0000000088b00000| Untracked 
| 140|0x0000000088c00000, 0x0000000088d00000, 0x0000000088d00000|100%| O|  |TAMS 0x0000000088d00000, 0x0000000088c00000| Untracked 
| 141|0x0000000088d00000, 0x0000000088e00000, 0x0000000088e00000|100%| O|  |TAMS 0x0000000088e00000, 0x0000000088d00000| Untracked 
| 142|0x0000000088e00000, 0x0000000088f00000, 0x0000000088f00000|100%| O|  |TAMS 0x0000000088f00000, 0x0000000088e00000| Untracked 
| 143|0x0000000088f00000, 0x0000000089000000, 0x0000000089000000|100%| O|  |TAMS 0x0000000089000000, 0x0000000088f00000| Complete 
| 144|0x0000000089000000, 0x0000000089000000, 0x0000000089100000|  0%| F|  |TAMS 0x0000000089000000, 0x0000000089000000| Untracked 
| 145|0x0000000089100000, 0x0000000089200000, 0x0000000089200000|100%| O|  |TAMS 0x0000000089200000, 0x0000000089100000| Untracked 
| 146|0x0000000089200000, 0x0000000089300000, 0x0000000089300000|100%| O|  |TAMS 0x0000000089300000, 0x0000000089200000| Untracked 
| 147|0x0000000089300000, 0x0000000089400000, 0x0000000089400000|100%| O|  |TAMS 0x0000000089400000, 0x0000000089300000| Untracked 
| 148|0x0000000089400000, 0x0000000089500000, 0x0000000089500000|100%| O|  |TAMS 0x0000000089500000, 0x0000000089400000| Complete 
| 149|0x0000000089500000, 0x0000000089600000, 0x0000000089600000|100%| O|  |TAMS 0x0000000089600000, 0x0000000089500000| Complete 
| 150|0x0000000089600000, 0x0000000089600000, 0x0000000089700000|  0%| F|  |TAMS 0x0000000089600000, 0x0000000089600000| Untracked 
| 151|0x0000000089700000, 0x0000000089800000, 0x0000000089800000|100%| O|  |TAMS 0x0000000089800000, 0x0000000089700000| Complete 
| 152|0x0000000089800000, 0x0000000089900000, 0x0000000089900000|100%| O|  |TAMS 0x0000000089900000, 0x0000000089800000| Complete 
| 153|0x0000000089900000, 0x0000000089a00000, 0x0000000089a00000|100%| O|  |TAMS 0x0000000089a00000, 0x0000000089900000| Complete 
| 154|0x0000000089a00000, 0x0000000089b00000, 0x0000000089b00000|100%| O|  |TAMS 0x0000000089b00000, 0x0000000089a00000| Complete 
| 155|0x0000000089b00000, 0x0000000089c00000, 0x0000000089c00000|100%| O|  |TAMS 0x0000000089c00000, 0x0000000089b00000| Complete 
| 156|0x0000000089c00000, 0x0000000089d00000, 0x0000000089d00000|100%| O|  |TAMS 0x0000000089d00000, 0x0000000089c00000| Complete 
| 157|0x0000000089d00000, 0x0000000089e00000, 0x0000000089e00000|100%| O|  |TAMS 0x0000000089e00000, 0x0000000089d00000| Untracked 
| 158|0x0000000089e00000, 0x0000000089f00000, 0x0000000089f00000|100%| O|  |TAMS 0x0000000089f00000, 0x0000000089e00000| Untracked 
| 159|0x0000000089f00000, 0x000000008a000000, 0x000000008a000000|100%| O|  |TAMS 0x000000008a000000, 0x0000000089f00000| Untracked 
| 160|0x000000008a000000, 0x000000008a100000, 0x000000008a100000|100%| O|  |TAMS 0x000000008a100000, 0x000000008a000000| Untracked 
| 161|0x000000008a100000, 0x000000008a200000, 0x000000008a200000|100%| O|  |TAMS 0x000000008a1ece00, 0x000000008a100000| Untracked 
| 162|0x000000008a200000, 0x000000008a200000, 0x000000008a300000|  0%| F|  |TAMS 0x000000008a200000, 0x000000008a200000| Untracked 
| 163|0x000000008a300000, 0x000000008a300000, 0x000000008a400000|  0%| F|  |TAMS 0x000000008a300000, 0x000000008a300000| Untracked 
| 164|0x000000008a400000, 0x000000008a400000, 0x000000008a500000|  0%| F|  |TAMS 0x000000008a400000, 0x000000008a400000| Untracked 
| 165|0x000000008a500000, 0x000000008a500000, 0x000000008a600000|  0%| F|  |TAMS 0x000000008a500000, 0x000000008a500000| Untracked 
| 166|0x000000008a600000, 0x000000008a600000, 0x000000008a700000|  0%| F|  |TAMS 0x000000008a600000, 0x000000008a600000| Untracked 
| 167|0x000000008a700000, 0x000000008a700000, 0x000000008a800000|  0%| F|  |TAMS 0x000000008a700000, 0x000000008a700000| Untracked 
| 168|0x000000008a800000, 0x000000008a800000, 0x000000008a900000|  0%| F|  |TAMS 0x000000008a800000, 0x000000008a800000| Untracked 
| 169|0x000000008a900000, 0x000000008a900000, 0x000000008aa00000|  0%| F|  |TAMS 0x000000008a900000, 0x000000008a900000| Untracked 
| 170|0x000000008aa00000, 0x000000008aa00000, 0x000000008ab00000|  0%| F|  |TAMS 0x000000008aa00000, 0x000000008aa00000| Untracked 
| 171|0x000000008ab00000, 0x000000008ab00000, 0x000000008ac00000|  0%| F|  |TAMS 0x000000008ab00000, 0x000000008ab00000| Untracked 
| 172|0x000000008ac00000, 0x000000008ac00000, 0x000000008ad00000|  0%| F|  |TAMS 0x000000008ac00000, 0x000000008ac00000| Untracked 
| 173|0x000000008ad00000, 0x000000008ad00000, 0x000000008ae00000|  0%| F|  |TAMS 0x000000008ad00000, 0x000000008ad00000| Untracked 
| 174|0x000000008ae00000, 0x000000008ae00000, 0x000000008af00000|  0%| F|  |TAMS 0x000000008ae00000, 0x000000008ae00000| Untracked 
| 175|0x000000008af00000, 0x000000008af00000, 0x000000008b000000|  0%| F|  |TAMS 0x000000008af00000, 0x000000008af00000| Untracked 
| 176|0x000000008b000000, 0x000000008b000000, 0x000000008b100000|  0%| F|  |TAMS 0x000000008b000000, 0x000000008b000000| Untracked 
| 177|0x000000008b100000, 0x000000008b100000, 0x000000008b200000|  0%| F|  |TAMS 0x000000008b100000, 0x000000008b100000| Untracked 
| 178|0x000000008b200000, 0x000000008b200000, 0x000000008b300000|  0%| F|  |TAMS 0x000000008b200000, 0x000000008b200000| Untracked 
| 179|0x000000008b300000, 0x000000008b300000, 0x000000008b400000|  0%| F|  |TAMS 0x000000008b300000, 0x000000008b300000| Untracked 
| 180|0x000000008b400000, 0x000000008b400000, 0x000000008b500000|  0%| F|  |TAMS 0x000000008b400000, 0x000000008b400000| Untracked 
| 181|0x000000008b500000, 0x000000008b500000, 0x000000008b600000|  0%| F|  |TAMS 0x000000008b500000, 0x000000008b500000| Untracked 
| 182|0x000000008b600000, 0x000000008b600000, 0x000000008b700000|  0%| F|  |TAMS 0x000000008b600000, 0x000000008b600000| Untracked 
| 183|0x000000008b700000, 0x000000008b700000, 0x000000008b800000|  0%| F|  |TAMS 0x000000008b700000, 0x000000008b700000| Untracked 
| 184|0x000000008b800000, 0x000000008b800000, 0x000000008b900000|  0%| F|  |TAMS 0x000000008b800000, 0x000000008b800000| Untracked 
| 185|0x000000008b900000, 0x000000008b900000, 0x000000008ba00000|  0%| F|  |TAMS 0x000000008b900000, 0x000000008b900000| Untracked 
| 186|0x000000008ba00000, 0x000000008ba00000, 0x000000008bb00000|  0%| F|  |TAMS 0x000000008ba00000, 0x000000008ba00000| Untracked 
| 187|0x000000008bb00000, 0x000000008bb00000, 0x000000008bc00000|  0%| F|  |TAMS 0x000000008bb00000, 0x000000008bb00000| Untracked 
| 188|0x000000008bc00000, 0x000000008bc00000, 0x000000008bd00000|  0%| F|  |TAMS 0x000000008bc00000, 0x000000008bc00000| Untracked 
| 189|0x000000008bd00000, 0x000000008bd00000, 0x000000008be00000|  0%| F|  |TAMS 0x000000008bd00000, 0x000000008bd00000| Untracked 
| 190|0x000000008be00000, 0x000000008be00000, 0x000000008bf00000|  0%| F|  |TAMS 0x000000008be00000, 0x000000008be00000| Untracked 
| 191|0x000000008bf00000, 0x000000008bf00000, 0x000000008c000000|  0%| F|  |TAMS 0x000000008bf00000, 0x000000008bf00000| Untracked 
| 192|0x000000008c000000, 0x000000008c000000, 0x000000008c100000|  0%| F|  |TAMS 0x000000008c000000, 0x000000008c000000| Untracked 
| 193|0x000000008c100000, 0x000000008c100000, 0x000000008c200000|  0%| F|  |TAMS 0x000000008c100000, 0x000000008c100000| Untracked 
| 194|0x000000008c200000, 0x000000008c200000, 0x000000008c300000|  0%| F|  |TAMS 0x000000008c200000, 0x000000008c200000| Untracked 
| 195|0x000000008c300000, 0x000000008c300000, 0x000000008c400000|  0%| F|  |TAMS 0x000000008c300000, 0x000000008c300000| Untracked 
| 196|0x000000008c400000, 0x000000008c400000, 0x000000008c500000|  0%| F|  |TAMS 0x000000008c400000, 0x000000008c400000| Untracked 
| 197|0x000000008c500000, 0x000000008c500000, 0x000000008c600000|  0%| F|  |TAMS 0x000000008c500000, 0x000000008c500000| Untracked 
| 198|0x000000008c600000, 0x000000008c600000, 0x000000008c700000|  0%| F|  |TAMS 0x000000008c600000, 0x000000008c600000| Untracked 
| 199|0x000000008c700000, 0x000000008c700000, 0x000000008c800000|  0%| F|  |TAMS 0x000000008c700000, 0x000000008c700000| Untracked 
| 200|0x000000008c800000, 0x000000008c800000, 0x000000008c900000|  0%| F|  |TAMS 0x000000008c800000, 0x000000008c800000| Untracked 
| 201|0x000000008c900000, 0x000000008c900000, 0x000000008ca00000|  0%| F|  |TAMS 0x000000008c900000, 0x000000008c900000| Untracked 
| 202|0x000000008ca00000, 0x000000008ca00000, 0x000000008cb00000|  0%| F|  |TAMS 0x000000008ca00000, 0x000000008ca00000| Untracked 
| 203|0x000000008cb00000, 0x000000008cb00000, 0x000000008cc00000|  0%| F|  |TAMS 0x000000008cb00000, 0x000000008cb00000| Untracked 
| 204|0x000000008cc00000, 0x000000008cc00000, 0x000000008cd00000|  0%| F|  |TAMS 0x000000008cc00000, 0x000000008cc00000| Untracked 
| 205|0x000000008cd00000, 0x000000008cd00000, 0x000000008ce00000|  0%| F|  |TAMS 0x000000008cd00000, 0x000000008cd00000| Untracked 
| 206|0x000000008ce00000, 0x000000008ce00000, 0x000000008cf00000|  0%| F|  |TAMS 0x000000008ce00000, 0x000000008ce00000| Untracked 
| 207|0x000000008cf00000, 0x000000008cf00000, 0x000000008d000000|  0%| F|  |TAMS 0x000000008cf00000, 0x000000008cf00000| Untracked 
| 208|0x000000008d000000, 0x000000008d000000, 0x000000008d100000|  0%| F|  |TAMS 0x000000008d000000, 0x000000008d000000| Untracked 
| 209|0x000000008d100000, 0x000000008d100000, 0x000000008d200000|  0%| F|  |TAMS 0x000000008d100000, 0x000000008d100000| Untracked 
| 210|0x000000008d200000, 0x000000008d200000, 0x000000008d300000|  0%| F|  |TAMS 0x000000008d200000, 0x000000008d200000| Untracked 
| 211|0x000000008d300000, 0x000000008d300000, 0x000000008d400000|  0%| F|  |TAMS 0x000000008d300000, 0x000000008d300000| Untracked 
| 212|0x000000008d400000, 0x000000008d400000, 0x000000008d500000|  0%| F|  |TAMS 0x000000008d400000, 0x000000008d400000| Untracked 
| 213|0x000000008d500000, 0x000000008d500000, 0x000000008d600000|  0%| F|  |TAMS 0x000000008d500000, 0x000000008d500000| Untracked 
| 214|0x000000008d600000, 0x000000008d600000, 0x000000008d700000|  0%| F|  |TAMS 0x000000008d600000, 0x000000008d600000| Untracked 
| 215|0x000000008d700000, 0x000000008d700000, 0x000000008d800000|  0%| F|  |TAMS 0x000000008d700000, 0x000000008d700000| Untracked 
| 216|0x000000008d800000, 0x000000008d800000, 0x000000008d900000|  0%| F|  |TAMS 0x000000008d800000, 0x000000008d800000| Untracked 
| 217|0x000000008d900000, 0x000000008d900000, 0x000000008da00000|  0%| F|  |TAMS 0x000000008d900000, 0x000000008d900000| Untracked 
| 218|0x000000008da00000, 0x000000008da00000, 0x000000008db00000|  0%| F|  |TAMS 0x000000008da00000, 0x000000008da00000| Untracked 
| 219|0x000000008db00000, 0x000000008db00000, 0x000000008dc00000|  0%| F|  |TAMS 0x000000008db00000, 0x000000008db00000| Untracked 
| 220|0x000000008dc00000, 0x000000008dc00000, 0x000000008dd00000|  0%| F|  |TAMS 0x000000008dc00000, 0x000000008dc00000| Untracked 
| 221|0x000000008dd00000, 0x000000008dd00000, 0x000000008de00000|  0%| F|  |TAMS 0x000000008dd00000, 0x000000008dd00000| Untracked 
| 222|0x000000008de00000, 0x000000008de00000, 0x000000008df00000|  0%| F|  |TAMS 0x000000008de00000, 0x000000008de00000| Untracked 
| 223|0x000000008df00000, 0x000000008df00000, 0x000000008e000000|  0%| F|  |TAMS 0x000000008df00000, 0x000000008df00000| Untracked 
| 224|0x000000008e000000, 0x000000008e000000, 0x000000008e100000|  0%| F|  |TAMS 0x000000008e000000, 0x000000008e000000| Untracked 
| 225|0x000000008e100000, 0x000000008e100000, 0x000000008e200000|  0%| F|  |TAMS 0x000000008e100000, 0x000000008e100000| Untracked 
| 226|0x000000008e200000, 0x000000008e200000, 0x000000008e300000|  0%| F|  |TAMS 0x000000008e200000, 0x000000008e200000| Untracked 
| 227|0x000000008e300000, 0x000000008e300000, 0x000000008e400000|  0%| F|  |TAMS 0x000000008e300000, 0x000000008e300000| Untracked 
| 228|0x000000008e400000, 0x000000008e400000, 0x000000008e500000|  0%| F|  |TAMS 0x000000008e400000, 0x000000008e400000| Untracked 
| 229|0x000000008e500000, 0x000000008e500000, 0x000000008e600000|  0%| F|  |TAMS 0x000000008e500000, 0x000000008e500000| Untracked 
| 230|0x000000008e600000, 0x000000008e600000, 0x000000008e700000|  0%| F|  |TAMS 0x000000008e600000, 0x000000008e600000| Untracked 
| 231|0x000000008e700000, 0x000000008e700000, 0x000000008e800000|  0%| F|  |TAMS 0x000000008e700000, 0x000000008e700000| Untracked 
| 232|0x000000008e800000, 0x000000008e800000, 0x000000008e900000|  0%| F|  |TAMS 0x000000008e800000, 0x000000008e800000| Untracked 
| 233|0x000000008e900000, 0x000000008e900000, 0x000000008ea00000|  0%| F|  |TAMS 0x000000008e900000, 0x000000008e900000| Untracked 
| 234|0x000000008ea00000, 0x000000008ea00000, 0x000000008eb00000|  0%| F|  |TAMS 0x000000008ea00000, 0x000000008ea00000| Untracked 
| 235|0x000000008eb00000, 0x000000008eb00000, 0x000000008ec00000|  0%| F|  |TAMS 0x000000008eb00000, 0x000000008eb00000| Untracked 
| 236|0x000000008ec00000, 0x000000008ec00000, 0x000000008ed00000|  0%| F|  |TAMS 0x000000008ec00000, 0x000000008ec00000| Untracked 
| 237|0x000000008ed00000, 0x000000008ed00000, 0x000000008ee00000|  0%| F|  |TAMS 0x000000008ed00000, 0x000000008ed00000| Untracked 
| 238|0x000000008ee00000, 0x000000008ee00000, 0x000000008ef00000|  0%| F|  |TAMS 0x000000008ee00000, 0x000000008ee00000| Untracked 
| 239|0x000000008ef00000, 0x000000008ef00000, 0x000000008f000000|  0%| F|  |TAMS 0x000000008ef00000, 0x000000008ef00000| Untracked 
| 240|0x000000008f000000, 0x000000008f000000, 0x000000008f100000|  0%| F|  |TAMS 0x000000008f000000, 0x000000008f000000| Untracked 
| 241|0x000000008f100000, 0x000000008f100000, 0x000000008f200000|  0%| F|  |TAMS 0x000000008f100000, 0x000000008f100000| Untracked 
| 242|0x000000008f200000, 0x000000008f200000, 0x000000008f300000|  0%| F|  |TAMS 0x000000008f200000, 0x000000008f200000| Untracked 
| 243|0x000000008f300000, 0x000000008f300000, 0x000000008f400000|  0%| F|  |TAMS 0x000000008f300000, 0x000000008f300000| Untracked 
| 244|0x000000008f400000, 0x000000008f400000, 0x000000008f500000|  0%| F|  |TAMS 0x000000008f400000, 0x000000008f400000| Untracked 
| 245|0x000000008f500000, 0x000000008f500000, 0x000000008f600000|  0%| F|  |TAMS 0x000000008f500000, 0x000000008f500000| Untracked 
| 246|0x000000008f600000, 0x000000008f6af210, 0x000000008f700000| 68%| S|CS|TAMS 0x000000008f600000, 0x000000008f600000| Complete 
| 247|0x000000008f700000, 0x000000008f800000, 0x000000008f800000|100%| S|CS|TAMS 0x000000008f700000, 0x000000008f700000| Complete 
| 248|0x000000008f800000, 0x000000008f900000, 0x000000008f900000|100%| S|CS|TAMS 0x000000008f800000, 0x000000008f800000| Complete 
| 249|0x000000008f900000, 0x000000008fa00000, 0x000000008fa00000|100%| S|CS|TAMS 0x000000008f900000, 0x000000008f900000| Complete 
| 250|0x000000008fa00000, 0x000000008fa00000, 0x000000008fb00000|  0%| F|  |TAMS 0x000000008fa00000, 0x000000008fa00000| Untracked 
| 251|0x000000008fb00000, 0x000000008fb00000, 0x000000008fc00000|  0%| F|  |TAMS 0x000000008fb00000, 0x000000008fb00000| Untracked 
| 252|0x000000008fc00000, 0x000000008fc00000, 0x000000008fd00000|  0%| F|  |TAMS 0x000000008fc00000, 0x000000008fc00000| Untracked 
| 253|0x000000008fd00000, 0x000000008fd00000, 0x000000008fe00000|  0%| F|  |TAMS 0x000000008fd00000, 0x000000008fd00000| Untracked 
| 254|0x000000008fe00000, 0x000000008fe00000, 0x000000008ff00000|  0%| F|  |TAMS 0x000000008fe00000, 0x000000008fe00000| Untracked 
| 255|0x000000008ff00000, 0x000000008ff00000, 0x0000000090000000|  0%| F|  |TAMS 0x000000008ff00000, 0x000000008ff00000| Untracked 
| 256|0x0000000090000000, 0x0000000090000000, 0x0000000090100000|  0%| F|  |TAMS 0x0000000090000000, 0x0000000090000000| Untracked 
| 257|0x0000000090100000, 0x0000000090100000, 0x0000000090200000|  0%| F|  |TAMS 0x0000000090100000, 0x0000000090100000| Untracked 
| 258|0x0000000090200000, 0x0000000090200000, 0x0000000090300000|  0%| F|  |TAMS 0x0000000090200000, 0x0000000090200000| Untracked 
| 259|0x0000000090300000, 0x0000000090300000, 0x0000000090400000|  0%| F|  |TAMS 0x0000000090300000, 0x0000000090300000| Untracked 
| 260|0x0000000090400000, 0x0000000090400000, 0x0000000090500000|  0%| F|  |TAMS 0x0000000090400000, 0x0000000090400000| Untracked 
| 261|0x0000000090500000, 0x0000000090500000, 0x0000000090600000|  0%| F|  |TAMS 0x0000000090500000, 0x0000000090500000| Untracked 
| 262|0x0000000090600000, 0x0000000090600000, 0x0000000090700000|  0%| F|  |TAMS 0x0000000090600000, 0x0000000090600000| Untracked 
| 263|0x0000000090700000, 0x0000000090700000, 0x0000000090800000|  0%| F|  |TAMS 0x0000000090700000, 0x0000000090700000| Untracked 
| 264|0x0000000090800000, 0x0000000090800000, 0x0000000090900000|  0%| F|  |TAMS 0x0000000090800000, 0x0000000090800000| Untracked 
| 265|0x0000000090900000, 0x0000000090900000, 0x0000000090a00000|  0%| F|  |TAMS 0x0000000090900000, 0x0000000090900000| Untracked 
| 266|0x0000000090a00000, 0x0000000090a00000, 0x0000000090b00000|  0%| F|  |TAMS 0x0000000090a00000, 0x0000000090a00000| Untracked 
| 267|0x0000000090b00000, 0x0000000090b00000, 0x0000000090c00000|  0%| F|  |TAMS 0x0000000090b00000, 0x0000000090b00000| Untracked 
| 268|0x0000000090c00000, 0x0000000090c00000, 0x0000000090d00000|  0%| F|  |TAMS 0x0000000090c00000, 0x0000000090c00000| Untracked 
| 269|0x0000000090d00000, 0x0000000090d00000, 0x0000000090e00000|  0%| F|  |TAMS 0x0000000090d00000, 0x0000000090d00000| Untracked 
| 270|0x0000000090e00000, 0x0000000090e00000, 0x0000000090f00000|  0%| F|  |TAMS 0x0000000090e00000, 0x0000000090e00000| Untracked 
| 271|0x0000000090f00000, 0x0000000090f00000, 0x0000000091000000|  0%| F|  |TAMS 0x0000000090f00000, 0x0000000090f00000| Untracked 
| 272|0x0000000091000000, 0x0000000091000000, 0x0000000091100000|  0%| F|  |TAMS 0x0000000091000000, 0x0000000091000000| Untracked 
| 273|0x0000000091100000, 0x0000000091100000, 0x0000000091200000|  0%| F|  |TAMS 0x0000000091100000, 0x0000000091100000| Untracked 
| 274|0x0000000091200000, 0x0000000091200000, 0x0000000091300000|  0%| F|  |TAMS 0x0000000091200000, 0x0000000091200000| Untracked 
| 275|0x0000000091300000, 0x0000000091300000, 0x0000000091400000|  0%| F|  |TAMS 0x0000000091300000, 0x0000000091300000| Untracked 
| 276|0x0000000091400000, 0x0000000091400000, 0x0000000091500000|  0%| F|  |TAMS 0x0000000091400000, 0x0000000091400000| Untracked 
| 277|0x0000000091500000, 0x0000000091500000, 0x0000000091600000|  0%| F|  |TAMS 0x0000000091500000, 0x0000000091500000| Untracked 
| 278|0x0000000091600000, 0x0000000091600000, 0x0000000091700000|  0%| F|  |TAMS 0x0000000091600000, 0x0000000091600000| Untracked 
| 279|0x0000000091700000, 0x0000000091700000, 0x0000000091800000|  0%| F|  |TAMS 0x0000000091700000, 0x0000000091700000| Untracked 
| 280|0x0000000091800000, 0x0000000091800000, 0x0000000091900000|  0%| F|  |TAMS 0x0000000091800000, 0x0000000091800000| Untracked 
| 281|0x0000000091900000, 0x0000000091900000, 0x0000000091a00000|  0%| F|  |TAMS 0x0000000091900000, 0x0000000091900000| Untracked 
| 282|0x0000000091a00000, 0x0000000091a00000, 0x0000000091b00000|  0%| F|  |TAMS 0x0000000091a00000, 0x0000000091a00000| Untracked 
| 283|0x0000000091b00000, 0x0000000091b00000, 0x0000000091c00000|  0%| F|  |TAMS 0x0000000091b00000, 0x0000000091b00000| Untracked 
| 284|0x0000000091c00000, 0x0000000091c00000, 0x0000000091d00000|  0%| F|  |TAMS 0x0000000091c00000, 0x0000000091c00000| Untracked 
| 285|0x0000000091d00000, 0x0000000091d00000, 0x0000000091e00000|  0%| F|  |TAMS 0x0000000091d00000, 0x0000000091d00000| Untracked 
| 286|0x0000000091e00000, 0x0000000091e00000, 0x0000000091f00000|  0%| F|  |TAMS 0x0000000091e00000, 0x0000000091e00000| Untracked 
| 287|0x0000000091f00000, 0x0000000091f00000, 0x0000000092000000|  0%| F|  |TAMS 0x0000000091f00000, 0x0000000091f00000| Untracked 
| 288|0x0000000092000000, 0x0000000092000000, 0x0000000092100000|  0%| F|  |TAMS 0x0000000092000000, 0x0000000092000000| Untracked 
| 289|0x0000000092100000, 0x0000000092100000, 0x0000000092200000|  0%| F|  |TAMS 0x0000000092100000, 0x0000000092100000| Untracked 
| 290|0x0000000092200000, 0x0000000092200000, 0x0000000092300000|  0%| F|  |TAMS 0x0000000092200000, 0x0000000092200000| Untracked 
| 291|0x0000000092300000, 0x0000000092300000, 0x0000000092400000|  0%| F|  |TAMS 0x0000000092300000, 0x0000000092300000| Untracked 
| 292|0x0000000092400000, 0x0000000092400000, 0x0000000092500000|  0%| F|  |TAMS 0x0000000092400000, 0x0000000092400000| Untracked 
| 293|0x0000000092500000, 0x0000000092500000, 0x0000000092600000|  0%| F|  |TAMS 0x0000000092500000, 0x0000000092500000| Untracked 
| 294|0x0000000092600000, 0x0000000092600000, 0x0000000092700000|  0%| F|  |TAMS 0x0000000092600000, 0x0000000092600000| Untracked 
| 295|0x0000000092700000, 0x0000000092700000, 0x0000000092800000|  0%| F|  |TAMS 0x0000000092700000, 0x0000000092700000| Untracked 
| 296|0x0000000092800000, 0x0000000092800000, 0x0000000092900000|  0%| F|  |TAMS 0x0000000092800000, 0x0000000092800000| Untracked 

Card table byte_map: [0x000001cf1c1a0000,0x000001cf1c5a0000] _byte_map_base: 0x000001cf1bda0000

Marking Bits (Prev, Next): (CMBitMap*) 0x000001cf076baee0, (CMBitMap*) 0x000001cf076baea8
 Prev Bits: [0x000001cf1e9a0000, 0x000001cf209a0000)
 Next Bits: [0x000001cf1c9a0000, 0x000001cf1e9a0000)

Polling page: 0x000001cf07540000

Metaspace:

Usage:
  Non-class:    104.39 MB capacity,   102.39 MB ( 98%) used,     1.60 MB (  2%) free+waste,   400.19 KB ( <1%) overhead. 
      Class:     15.99 MB capacity,    14.75 MB ( 92%) used,     1.07 MB (  7%) free+waste,   177.00 KB (  1%) overhead. 
       Both:    120.38 MB capacity,   117.14 MB ( 97%) used,     2.68 MB (  2%) free+waste,   577.19 KB ( <1%) overhead. 

Virtual space:
  Non-class space:      106.00 MB reserved,     104.54 MB ( 99%) committed 
      Class space:        1.00 GB reserved,      16.00 MB (  2%) committed 
             Both:        1.10 GB reserved,     120.54 MB ( 11%) committed 

Chunk freelists:
   Non-Class:  25.00 KB
       Class:  0 bytes
        Both:  25.00 KB

MaxMetaspaceSize: 17179869184.00 GB
CompressedClassSpaceSize: 1.00 GB

CodeHeap 'non-profiled nmethods': size=120064Kb used=13459Kb max_used=13459Kb free=106604Kb
 bounds [0x000001cf14450000, 0x000001cf15180000, 0x000001cf1b990000]
CodeHeap 'profiled nmethods': size=120000Kb used=39643Kb max_used=39643Kb free=80356Kb
 bounds [0x000001cf0cf20000, 0x000001cf0f5f0000, 0x000001cf14450000]
CodeHeap 'non-nmethods': size=5696Kb used=2332Kb max_used=2383Kb free=3363Kb
 bounds [0x000001cf0c990000, 0x000001cf0cc00000, 0x000001cf0cf20000]
 total_blobs=19170 nmethods=18204 adapters=877
 compilation: enabled
              stopped_count=0, restarted_count=0
 full_count=0

Compilation events (20 events):
Event: 734.338 Thread 0x000001cf22d9b000 nmethod 19363 0x000001cf0f5dd090 code [0x000001cf0f5dd260, 0x000001cf0f5dd5f8]
Event: 734.338 Thread 0x000001cf22d9b000 19364       3       org.gradle.internal.snapshot.MediumChildMap::<init> (6 bytes)
Event: 734.338 Thread 0x000001cf22d9b000 nmethod 19364 0x000001cf0f5dd790 code [0x000001cf0f5dd940, 0x000001cf0f5ddb58]
Event: 734.468 Thread 0x000001cf22d9b000 19365       1       com.android.build.gradle.tasks.PackageAndroidArtifact$SplitterParams_Decorated::getModelIdentityDisplayName (5 bytes)
Event: 734.469 Thread 0x000001cf22d9b000 nmethod 19365 0x000001cf15175590 code [0x000001cf15175740, 0x000001cf151757f8]
Event: 734.543 Thread 0x000001cf22d9b000 19366       3       com.sun.org.apache.xerces.internal.util.ParserConfigurationSettings::addRecognizedProperties (15 bytes)
Event: 734.545 Thread 0x000001cf22d9b000 nmethod 19366 0x000001cf0f5ddc90 code [0x000001cf0f5ddea0, 0x000001cf0f5de458]
Event: 734.545 Thread 0x000001cf22d9b000 19367       3       com.sun.org.apache.xerces.internal.impl.XMLDocumentScannerImpl::getPropertyDefault (40 bytes)
Event: 734.546 Thread 0x000001cf22d9b000 nmethod 19367 0x000001cf0f5de690 code [0x000001cf0f5de880, 0x000001cf0f5deb58]
Event: 734.546 Thread 0x000001cf22d9b000 19368       3       com.sun.org.apache.xerces.internal.impl.XMLDocumentScannerImpl::setFeature (75 bytes)
Event: 734.550 Thread 0x000001cf22d9b000 nmethod 19368 0x000001cf0f5ded10 code [0x000001cf0f5defc0, 0x000001cf0f5dfc18]
Event: 734.550 Thread 0x000001cf22d9b000 19369       3       com.sun.org.apache.xerces.internal.util.ParserConfigurationSettings::getProperty (20 bytes)
Event: 734.551 Thread 0x000001cf22d9b000 nmethod 19369 0x000001cf0f5e0090 code [0x000001cf0f5e0260, 0x000001cf0f5e0508]
Event: 734.647 Thread 0x000001cf22d94800 19370  s    4       java.io.ByteArrayInputStream::available (10 bytes)
Event: 734.651 Thread 0x000001cf22d94800 nmethod 19370 0x000001cf15175890 code [0x000001cf15175a20, 0x000001cf15175c18]
Event: 734.673 Thread 0x000001cf22d9b000 19371       3       java.security.Provider$ServiceKey::equals (55 bytes)
Event: 734.674 Thread 0x000001cf22d9b000 nmethod 19371 0x000001cf0f5e0690 code [0x000001cf0f5e0880, 0x000001cf0f5e0d18]
Event: 734.724 Thread 0x000001cf22d94800 19372   !   4       com.sun.crypto.provider.PKCS12PBECipherCore::derive (501 bytes)
Event: 734.759 Thread 0x000001cf22d9b000 19373       3       sun.security.util.DerInputStream::readVector (299 bytes)
Event: 734.763 Thread 0x000001cf22d9b000 nmethod 19373 0x000001cf0f5e0e90 code [0x000001cf0f5e1340, 0x000001cf0f5e4888]

GC Heap History (20 events):
Event: 722.907 GC heap after
{Heap after GC invocations=123 (full 0):
 garbage-first heap   total 304128K, used 143468K [0x0000000080000000, 0x0000000100000000)
  region size 1024K, 5 young (5120K), 5 survivors (5120K)
 Metaspace       used 119814K, capacity 123072K, committed 123172K, reserved 1157120K
  class space    used 15089K, capacity 16357K, committed 16384K, reserved 1048576K
}
Event: 728.442 GC heap before
{Heap before GC invocations=124 (full 0):
 garbage-first heap   total 304128K, used 183404K [0x0000000080000000, 0x0000000100000000)
  region size 1024K, 61 young (62464K), 5 survivors (5120K)
 Metaspace       used 119918K, capacity 123266K, committed 123428K, reserved 1157120K
  class space    used 15099K, capacity 16376K, committed 16384K, reserved 1048576K
}
Event: 728.658 GC heap after
{Heap after GC invocations=125 (full 0):
 garbage-first heap   total 304128K, used 135832K [0x0000000080000000, 0x0000000100000000)
  region size 1024K, 8 young (8192K), 8 survivors (8192K)
 Metaspace       used 119918K, capacity 123266K, committed 123428K, reserved 1157120K
  class space    used 15099K, capacity 16376K, committed 16384K, reserved 1048576K
}
Event: 728.827 GC heap before
{Heap before GC invocations=125 (full 0):
 garbage-first heap   total 304128K, used 140952K [0x0000000080000000, 0x0000000100000000)
  region size 1024K, 14 young (14336K), 8 survivors (8192K)
 Metaspace       used 119918K, capacity 123266K, committed 123428K, reserved 1157120K
  class space    used 15099K, capacity 16376K, committed 16384K, reserved 1048576K
}
Event: 728.887 GC heap after
{Heap after GC invocations=126 (full 0):
 garbage-first heap   total 304128K, used 129024K [0x0000000080000000, 0x0000000100000000)
  region size 1024K, 2 young (2048K), 2 survivors (2048K)
 Metaspace       used 119918K, capacity 123266K, committed 123428K, reserved 1157120K
  class space    used 15099K, capacity 16376K, committed 16384K, reserved 1048576K
}
Event: 729.186 GC heap before
{Heap before GC invocations=126 (full 0):
 garbage-first heap   total 304128K, used 175104K [0x0000000080000000, 0x0000000100000000)
  region size 1024K, 47 young (48128K), 2 survivors (2048K)
 Metaspace       used 119921K, capacity 123267K, committed 123428K, reserved 1157120K
  class space    used 15099K, capacity 16376K, committed 16384K, reserved 1048576K
}
Event: 729.271 GC heap after
{Heap after GC invocations=127 (full 0):
 garbage-first heap   total 304128K, used 152576K [0x0000000080000000, 0x0000000100000000)
  region size 1024K, 6 young (6144K), 6 survivors (6144K)
 Metaspace       used 119921K, capacity 123267K, committed 123428K, reserved 1157120K
  class space    used 15099K, capacity 16376K, committed 16384K, reserved 1048576K
}
Event: 730.754 GC heap before
{Heap before GC invocations=128 (full 0):
 garbage-first heap   total 304128K, used 178176K [0x0000000080000000, 0x0000000100000000)
  region size 1024K, 36 young (36864K), 6 survivors (6144K)
 Metaspace       used 119924K, capacity 123267K, committed 123428K, reserved 1157120K
  class space    used 15099K, capacity 16376K, committed 16384K, reserved 1048576K
}
Event: 730.835 GC heap after
{Heap after GC invocations=129 (full 0):
 garbage-first heap   total 304128K, used 153600K [0x0000000080000000, 0x0000000100000000)
  region size 1024K, 5 young (5120K), 5 survivors (5120K)
 Metaspace       used 119924K, capacity 123267K, committed 123428K, reserved 1157120K
  class space    used 15099K, capacity 16376K, committed 16384K, reserved 1048576K
}
Event: 730.918 GC heap before
{Heap before GC invocations=129 (full 0):
 garbage-first heap   total 304128K, used 162816K [0x0000000080000000, 0x0000000100000000)
  region size 1024K, 14 young (14336K), 5 survivors (5120K)
 Metaspace       used 119925K, capacity 123267K, committed 123428K, reserved 1157120K
  class space    used 15099K, capacity 16376K, committed 16384K, reserved 1048576K
}
Event: 730.990 GC heap after
{Heap after GC invocations=130 (full 0):
 garbage-first heap   total 304128K, used 147968K [0x0000000080000000, 0x0000000100000000)
  region size 1024K, 2 young (2048K), 2 survivors (2048K)
 Metaspace       used 119925K, capacity 123267K, committed 123428K, reserved 1157120K
  class space    used 15099K, capacity 16376K, committed 16384K, reserved 1048576K
}
Event: 731.048 GC heap before
{Heap before GC invocations=130 (full 0):
 garbage-first heap   total 304128K, used 153088K [0x0000000080000000, 0x0000000100000000)
  region size 1024K, 8 young (8192K), 2 survivors (2048K)
 Metaspace       used 119925K, capacity 123267K, committed 123428K, reserved 1157120K
  class space    used 15099K, capacity 16376K, committed 16384K, reserved 1048576K
}
Event: 731.080 GC heap after
{Heap after GC invocations=131 (full 0):
 garbage-first heap   total 304128K, used 150016K [0x0000000080000000, 0x0000000100000000)
  region size 1024K, 4 young (4096K), 4 survivors (4096K)
 Metaspace       used 119925K, capacity 123267K, committed 123428K, reserved 1157120K
  class space    used 15099K, capacity 16376K, committed 16384K, reserved 1048576K
}
Event: 732.031 GC heap before
{Heap before GC invocations=132 (full 0):
 garbage-first heap   total 304128K, used 194048K [0x0000000080000000, 0x0000000100000000)
  region size 1024K, 40 young (40960K), 4 survivors (4096K)
 Metaspace       used 119926K, capacity 123267K, committed 123428K, reserved 1157120K
  class space    used 15099K, capacity 16376K, committed 16384K, reserved 1048576K
}
Event: 732.082 GC heap after
{Heap after GC invocations=133 (full 0):
 garbage-first heap   total 304128K, used 164698K [0x0000000080000000, 0x0000000100000000)
  region size 1024K, 5 young (5120K), 5 survivors (5120K)
 Metaspace       used 119926K, capacity 123267K, committed 123428K, reserved 1157120K
  class space    used 15099K, capacity 16376K, committed 16384K, reserved 1048576K
}
Event: 732.121 GC heap before
{Heap before GC invocations=133 (full 0):
 garbage-first heap   total 304128K, used 173914K [0x0000000080000000, 0x0000000100000000)
  region size 1024K, 14 young (14336K), 5 survivors (5120K)
 Metaspace       used 119926K, capacity 123267K, committed 123428K, reserved 1157120K
  class space    used 15099K, capacity 16376K, committed 16384K, reserved 1048576K
}
Event: 732.154 GC heap after
{Heap after GC invocations=134 (full 0):
 garbage-first heap   total 304128K, used 162739K [0x0000000080000000, 0x0000000100000000)
  region size 1024K, 2 young (2048K), 2 survivors (2048K)
 Metaspace       used 119926K, capacity 123267K, committed 123428K, reserved 1157120K
  class space    used 15099K, capacity 16376K, committed 16384K, reserved 1048576K
}
Event: 732.174 GC heap before
{Heap before GC invocations=134 (full 0):
 garbage-first heap   total 304128K, used 175027K [0x0000000080000000, 0x0000000100000000)
  region size 1024K, 15 young (15360K), 2 survivors (2048K)
 Metaspace       used 119926K, capacity 123267K, committed 123428K, reserved 1157120K
  class space    used 15099K, capacity 16376K, committed 16384K, reserved 1048576K
}
Event: 732.189 GC heap after
{Heap after GC invocations=135 (full 0):
 garbage-first heap   total 304128K, used 165402K [0x0000000080000000, 0x0000000100000000)
  region size 1024K, 5 young (5120K), 5 survivors (5120K)
 Metaspace       used 119926K, capacity 123267K, committed 123428K, reserved 1157120K
  class space    used 15099K, capacity 16376K, committed 16384K, reserved 1048576K
}
Event: 734.774 GC heap before
{Heap before GC invocations=136 (full 0):
 garbage-first heap   total 304128K, used 213530K [0x0000000080000000, 0x0000000100000000)
  region size 1024K, 47 young (48128K), 5 survivors (5120K)
 Metaspace       used 119948K, capacity 123267K, committed 123428K, reserved 1157120K
  class space    used 15099K, capacity 16376K, committed 16384K, reserved 1048576K
}

Deoptimization events (20 events):
Event: 730.430 Thread 0x000001cf23a05800 DEOPT PACKING pc=0x000001cf0ec43520 sp=0x0000009fb75fcec0
Event: 730.430 Thread 0x000001cf23a05800 DEOPT UNPACKING pc=0x000001cf0c9b6abf sp=0x0000009fb75fc3b8 mode 0
Event: 733.406 Thread 0x000001cf23a08000 DEOPT PACKING pc=0x000001cf0ede9505 sp=0x0000009fb77fee40
Event: 733.406 Thread 0x000001cf23a08000 DEOPT UNPACKING pc=0x000001cf0c9b6abf sp=0x0000009fb77fe2d8 mode 0
Event: 733.456 Thread 0x000001cf23a08000 DEOPT PACKING pc=0x000001cf0ede9505 sp=0x0000009fb77fee40
Event: 733.456 Thread 0x000001cf23a08000 DEOPT UNPACKING pc=0x000001cf0c9b6abf sp=0x0000009fb77fe2d8 mode 0
Event: 733.462 Thread 0x000001cf23a08000 DEOPT PACKING pc=0x000001cf0ede9505 sp=0x0000009fb77fee40
Event: 733.462 Thread 0x000001cf23a08000 DEOPT UNPACKING pc=0x000001cf0c9b6abf sp=0x0000009fb77fe2d8 mode 0
Event: 733.475 Thread 0x000001cf23a08000 DEOPT PACKING pc=0x000001cf0ede9505 sp=0x0000009fb77fee40
Event: 733.475 Thread 0x000001cf23a08000 DEOPT UNPACKING pc=0x000001cf0c9b6abf sp=0x0000009fb77fe2d8 mode 0
Event: 733.834 Thread 0x000001cf239fb800 Uncommon trap: trap_request=0xffffffde fr.pc=0x000001cf149d8da8 relative=0x00000000000002c8
Event: 733.834 Thread 0x000001cf239fb800 Uncommon trap: reason=class_check action=maybe_recompile pc=0x000001cf149d8da8 method=org.gradle.internal.snapshot.ChildMapFactory.childMapFromSorted(Ljava/util/List;)Lorg/gradle/internal/snapshot/ChildMap; @ 46 c2
Event: 733.834 Thread 0x000001cf239fb800 DEOPT PACKING pc=0x000001cf149d8da8 sp=0x0000009fb70fda40
Event: 733.834 Thread 0x000001cf239fb800 DEOPT UNPACKING pc=0x000001cf0c9b6ca9 sp=0x0000009fb70fd9f0 mode 2
Event: 734.724 Thread 0x000001cf23a05800 DEOPT PACKING pc=0x000001cf0d01aef6 sp=0x0000009fb75fcdf0
Event: 734.724 Thread 0x000001cf23a05800 DEOPT UNPACKING pc=0x000001cf0c9b6abf sp=0x0000009fb75fc370 mode 0
Event: 734.750 Thread 0x000001cf23a05800 DEOPT PACKING pc=0x000001cf0d01aef6 sp=0x0000009fb75fcdf0
Event: 734.750 Thread 0x000001cf23a05800 DEOPT UNPACKING pc=0x000001cf0c9b6abf sp=0x0000009fb75fc370 mode 0
Event: 734.771 Thread 0x000001cf23a05800 DEOPT PACKING pc=0x000001cf0d01aef6 sp=0x0000009fb75fd0e0
Event: 734.771 Thread 0x000001cf23a05800 DEOPT UNPACKING pc=0x000001cf0c9b6abf sp=0x0000009fb75fc660 mode 0

Classes redefined (0 events):
No events

Internal exceptions (20 events):
Event: 722.229 Thread 0x000001cf239fc800 Exception <a 'sun/nio/fs/WindowsException'{0x00000000922e08d0}> (0x00000000922e08d0) thrown at [./src/hotspot/share/prims/jni.cpp, line 615]
Event: 722.232 Thread 0x000001cf239fc800 Exception <a 'sun/nio/fs/WindowsException'{0x0000000091f0f800}> (0x0000000091f0f800) thrown at [./src/hotspot/share/prims/jni.cpp, line 615]
Event: 722.232 Thread 0x000001cf239fc800 Exception <a 'sun/nio/fs/WindowsException'{0x0000000091f0f960}> (0x0000000091f0f960) thrown at [./src/hotspot/share/prims/jni.cpp, line 615]
Event: 722.259 Thread 0x000001cf239fc800 Exception <a 'sun/nio/fs/WindowsException'{0x0000000091f58108}> (0x0000000091f58108) thrown at [./src/hotspot/share/prims/jni.cpp, line 615]
Event: 722.259 Thread 0x000001cf239fc800 Exception <a 'sun/nio/fs/WindowsException'{0x0000000091f58250}> (0x0000000091f58250) thrown at [./src/hotspot/share/prims/jni.cpp, line 615]
Event: 722.263 Thread 0x000001cf239fc800 Exception <a 'sun/nio/fs/WindowsException'{0x0000000091fc2e60}> (0x0000000091fc2e60) thrown at [./src/hotspot/share/prims/jni.cpp, line 615]
Event: 722.263 Thread 0x000001cf239fc800 Exception <a 'sun/nio/fs/WindowsException'{0x0000000091fc2fa8}> (0x0000000091fc2fa8) thrown at [./src/hotspot/share/prims/jni.cpp, line 615]
Event: 722.266 Thread 0x000001cf239fc800 Exception <a 'sun/nio/fs/WindowsException'{0x0000000091e0dbd0}> (0x0000000091e0dbd0) thrown at [./src/hotspot/share/prims/jni.cpp, line 615]
Event: 722.266 Thread 0x000001cf239fc800 Exception <a 'sun/nio/fs/WindowsException'{0x0000000091e0dd28}> (0x0000000091e0dd28) thrown at [./src/hotspot/share/prims/jni.cpp, line 615]
Event: 722.277 Thread 0x000001cf239fc800 Exception <a 'sun/nio/fs/WindowsException'{0x0000000091e8be60}> (0x0000000091e8be60) thrown at [./src/hotspot/share/prims/jni.cpp, line 615]
Event: 722.277 Thread 0x000001cf239fc800 Exception <a 'sun/nio/fs/WindowsException'{0x0000000091e8bfb0}> (0x0000000091e8bfb0) thrown at [./src/hotspot/share/prims/jni.cpp, line 615]
Event: 722.286 Thread 0x000001cf239fc800 Exception <a 'sun/nio/fs/WindowsException'{0x0000000091ef3640}> (0x0000000091ef3640) thrown at [./src/hotspot/share/prims/jni.cpp, line 615]
Event: 722.286 Thread 0x000001cf239fc800 Exception <a 'sun/nio/fs/WindowsException'{0x0000000091ef37b8}> (0x0000000091ef37b8) thrown at [./src/hotspot/share/prims/jni.cpp, line 615]
Event: 722.378 Thread 0x000001cf239fc800 Exception <a 'sun/nio/fs/WindowsException'{0x0000000091d933e8}> (0x0000000091d933e8) thrown at [./src/hotspot/share/prims/jni.cpp, line 615]
Event: 722.378 Thread 0x000001cf239fc800 Exception <a 'sun/nio/fs/WindowsException'{0x0000000091d93540}> (0x0000000091d93540) thrown at [./src/hotspot/share/prims/jni.cpp, line 615]
Event: 722.448 Thread 0x000001cf239fc800 Exception <a 'sun/nio/fs/WindowsException'{0x0000000091b16658}> (0x0000000091b16658) thrown at [./src/hotspot/share/prims/jni.cpp, line 615]
Event: 726.333 Thread 0x000001cf23a05800 Exception <a 'sun/nio/fs/WindowsException'{0x00000000922a0938}> (0x00000000922a0938) thrown at [./src/hotspot/share/prims/jni.cpp, line 615]
Event: 726.988 Thread 0x000001cf23a05800 Exception <a 'sun/nio/fs/WindowsException'{0x000000009184fa68}> (0x000000009184fa68) thrown at [./src/hotspot/share/prims/jni.cpp, line 615]
Event: 728.160 Thread 0x000001cf23a05800 Exception <a 'sun/nio/fs/WindowsException'{0x00000000918a7598}> (0x00000000918a7598) thrown at [./src/hotspot/share/prims/jni.cpp, line 615]
Event: 733.528 Thread 0x000001cf23a08000 Exception <a 'sun/nio/fs/WindowsException'{0x00000000900d2838}> (0x00000000900d2838) thrown at [./src/hotspot/share/prims/jni.cpp, line 615]

Events (20 events):
Event: 732.189 Executing VM operation: G1CollectForAllocation done
Event: 732.606 Executing VM operation: CGC_Operation
Event: 732.671 Executing VM operation: CGC_Operation done
Event: 732.884 Executing VM operation: CGC_Operation
Event: 732.885 Executing VM operation: CGC_Operation done
Event: 733.072 Executing VM operation: ICBufferFull
Event: 733.081 Executing VM operation: ICBufferFull done
Event: 733.139 Executing VM operation: ICBufferFull
Event: 733.140 Executing VM operation: ICBufferFull done
Event: 733.612 Executing VM operation: RevokeBias
Event: 733.613 Executing VM operation: RevokeBias done
Event: 733.613 Executing VM operation: RevokeBias
Event: 733.613 Executing VM operation: RevokeBias done
Event: 733.613 Thread 0x000001cf23a08800 Thread exited: 0x000001cf23a08800
Event: 733.615 Executing VM operation: RevokeBias
Event: 733.616 Executing VM operation: RevokeBias done
Event: 733.616 Thread 0x000001cf23a08000 Thread exited: 0x000001cf23a08000
Event: 734.486 Executing VM operation: RevokeBias
Event: 734.486 Executing VM operation: RevokeBias done
Event: 734.774 Executing VM operation: G1CollectForAllocation


Dynamic libraries:
0x00007ff6f8a80000 - 0x00007ff6f8a8a000 	C:\Program Files\Android\Android Studio\jre\bin\java.exe
0x00007ffbc83d0000 - 0x00007ffbc85c5000 	C:\WINDOWS\SYSTEM32\ntdll.dll
0x00007ffbc74c0000 - 0x00007ffbc757e000 	C:\WINDOWS\System32\KERNEL32.DLL
0x00007ffbc5af0000 - 0x00007ffbc5db9000 	C:\WINDOWS\System32\KERNELBASE.dll
0x00007ffbc6160000 - 0x00007ffbc6260000 	C:\WINDOWS\System32\ucrtbase.dll
0x00007ffbbad80000 - 0x00007ffbbad99000 	C:\Program Files\Android\Android Studio\jre\bin\jli.dll
0x00007ffbc81e0000 - 0x00007ffbc8381000 	C:\WINDOWS\System32\USER32.dll
0x00007ffbbabf0000 - 0x00007ffbbac07000 	C:\Program Files\Android\Android Studio\jre\bin\VCRUNTIME140.dll
0x00007ffbc6130000 - 0x00007ffbc6152000 	C:\WINDOWS\System32\win32u.dll
0x00007ffbc67d0000 - 0x00007ffbc67fb000 	C:\WINDOWS\System32\GDI32.dll
0x00007ffbc5f50000 - 0x00007ffbc605b000 	C:\WINDOWS\System32\gdi32full.dll
0x00007ffba71e0000 - 0x00007ffba747a000 	C:\WINDOWS\WinSxS\amd64_microsoft.windows.common-controls_6595b64144ccf1df_6.0.19041.1110_none_60b5254171f9507e\COMCTL32.dll
0x00007ffbc6090000 - 0x00007ffbc612d000 	C:\WINDOWS\System32\msvcp_win.dll
0x00007ffbc6a80000 - 0x00007ffbc6b1e000 	C:\WINDOWS\System32\msvcrt.dll
0x00007ffbc6d50000 - 0x00007ffbc6d80000 	C:\WINDOWS\System32\IMM32.DLL
0x00007ffba0df0000 - 0x00007ffba0e8d000 	C:\Program Files\Android\Android Studio\jre\bin\msvcp140.dll
0x00007ffb374c0000 - 0x00007ffb37f8f000 	C:\Program Files\Android\Android Studio\jre\bin\server\jvm.dll
0x00007ffbc6420000 - 0x00007ffbc64cc000 	C:\WINDOWS\System32\ADVAPI32.dll
0x00007ffbc6c00000 - 0x00007ffbc6c9b000 	C:\WINDOWS\System32\sechost.dll
0x00007ffbc64d0000 - 0x00007ffbc65fa000 	C:\WINDOWS\System32\RPCRT4.dll
0x00007ffbc78f0000 - 0x00007ffbc78f8000 	C:\WINDOWS\System32\PSAPI.DLL
0x00007ffbbadd0000 - 0x00007ffbbadd9000 	C:\WINDOWS\SYSTEM32\WSOCK32.dll
0x00007ffbab510000 - 0x00007ffbab537000 	C:\WINDOWS\SYSTEM32\WINMM.dll
0x00007ffbc6a10000 - 0x00007ffbc6a7b000 	C:\WINDOWS\System32\WS2_32.dll
0x00007ffbbde50000 - 0x00007ffbbde5a000 	C:\WINDOWS\SYSTEM32\VERSION.dll
0x00007ffbc4370000 - 0x00007ffbc4382000 	C:\WINDOWS\SYSTEM32\kernel.appcore.dll
0x00007ffbacb20000 - 0x00007ffbacb31000 	C:\Program Files\Android\Android Studio\jre\bin\verify.dll
0x00007ffbc4080000 - 0x00007ffbc4264000 	C:\WINDOWS\SYSTEM32\DBGHELP.DLL
0x00007ffbac190000 - 0x00007ffbac1bc000 	C:\WINDOWS\SYSTEM32\dbgcore.DLL
0x00007ffbc5e10000 - 0x00007ffbc5e93000 	C:\WINDOWS\System32\bcryptPrimitives.dll
0x00007ffbacaf0000 - 0x00007ffbacb19000 	C:\Program Files\Android\Android Studio\jre\bin\java.dll
0x00007ffbb3b10000 - 0x00007ffbb3b1b000 	C:\Program Files\Android\Android Studio\jre\bin\jimage.dll
0x00007ffbacab0000 - 0x00007ffbacac8000 	C:\Program Files\Android\Android Studio\jre\bin\zip.dll
0x00007ffbc6d80000 - 0x00007ffbc74bf000 	C:\WINDOWS\System32\SHELL32.dll
0x00007ffbc3820000 - 0x00007ffbc3fb0000 	C:\WINDOWS\SYSTEM32\windows.storage.dll
0x00007ffbc7990000 - 0x00007ffbc7ce5000 	C:\WINDOWS\System32\combase.dll
0x00007ffbc54d0000 - 0x00007ffbc54fc000 	C:\WINDOWS\SYSTEM32\Wldp.dll
0x00007ffbc6ca0000 - 0x00007ffbc6d4e000 	C:\WINDOWS\System32\SHCORE.dll
0x00007ffbc77e0000 - 0x00007ffbc7835000 	C:\WINDOWS\System32\shlwapi.dll
0x00007ffbc5a30000 - 0x00007ffbc5a4f000 	C:\WINDOWS\SYSTEM32\profapi.dll
0x00007ffbaab60000 - 0x00007ffbaab7a000 	C:\Program Files\Android\Android Studio\jre\bin\net.dll
0x00007ffbb1de0000 - 0x00007ffbb1ee8000 	C:\WINDOWS\SYSTEM32\WINHTTP.dll
0x00007ffbc5230000 - 0x00007ffbc529a000 	C:\WINDOWS\system32\mswsock.dll
0x00007ffba0c30000 - 0x00007ffba0c44000 	C:\Program Files\Android\Android Studio\jre\bin\nio.dll
0x00007ffba0d60000 - 0x00007ffba0d87000 	C:\Users\hp\.gradle\native\8bec1ad78214c89d9ad589b4d07fe93259594b29d510b10fafb7a158f7737e5d\windows-amd64\native-platform.dll
0x00007ffb85220000 - 0x00007ffb8535d000 	C:\Users\hp\.gradle\native\53dbd7edfb1c66fb8903c78663c9afc45aea4f116125fa6feffd364cf09443e8\windows-amd64\native-platform-file-events.dll
0x00007ffbacc40000 - 0x00007ffbacc4a000 	C:\Program Files\Android\Android Studio\jre\bin\management.dll
0x00007ffbacbd0000 - 0x00007ffbacbdc000 	C:\Program Files\Android\Android Studio\jre\bin\management_ext.dll
0x00007ffbc5420000 - 0x00007ffbc5438000 	C:\WINDOWS\SYSTEM32\CRYPTSP.dll
0x00007ffbc4b50000 - 0x00007ffbc4b84000 	C:\WINDOWS\system32\rsaenh.dll
0x00007ffbc6060000 - 0x00007ffbc6087000 	C:\WINDOWS\System32\bcrypt.dll
0x00007ffbc59b0000 - 0x00007ffbc59de000 	C:\WINDOWS\SYSTEM32\USERENV.dll
0x00007ffbc5440000 - 0x00007ffbc544c000 	C:\WINDOWS\SYSTEM32\CRYPTBASE.dll
0x00007ffbc4ec0000 - 0x00007ffbc4efb000 	C:\WINDOWS\SYSTEM32\IPHLPAPI.DLL
0x00007ffbc8170000 - 0x00007ffbc8178000 	C:\WINDOWS\System32\NSI.dll
0x00007ffbc3690000 - 0x00007ffbc36a7000 	C:\WINDOWS\SYSTEM32\dhcpcsvc6.DLL
0x00007ffbc3670000 - 0x00007ffbc368d000 	C:\WINDOWS\SYSTEM32\dhcpcsvc.DLL
0x00007ffbc4f00000 - 0x00007ffbc4fcc000 	C:\WINDOWS\SYSTEM32\DNSAPI.dll
0x00007ffb96af0000 - 0x00007ffb96b17000 	C:\Program Files\Android\Android Studio\jre\bin\sunec.dll

dbghelp: loaded successfully - version: 4.0.5 - missing functions: none
symbol engine: initialized successfully - sym options: 0x614 - pdb path: .;C:\Program Files\Android\Android Studio\jre\bin;C:\WINDOWS\SYSTEM32;C:\WINDOWS\WinSxS\amd64_microsoft.windows.common-controls_6595b64144ccf1df_6.0.19041.1110_none_60b5254171f9507e;C:\Program Files\Android\Android Studio\jre\bin\server;C:\Users\hp\.gradle\native\8bec1ad78214c89d9ad589b4d07fe93259594b29d510b10fafb7a158f7737e5d\windows-amd64;C:\Users\hp\.gradle\native\53dbd7edfb1c66fb8903c78663c9afc45aea4f116125fa6feffd364cf09443e8\windows-amd64

VM Arguments:
jvm_args: --add-opens=java.base/java.util=ALL-UNNAMED --add-opens=java.base/java.lang=ALL-UNNAMED --add-opens=java.base/java.lang.invoke=ALL-UNNAMED --add-opens=java.base/java.util=ALL-UNNAMED --add-opens=java.prefs/java.util.prefs=ALL-UNNAMED --add-opens=java.prefs/java.util.prefs=ALL-UNNAMED --add-opens=java.base/java.nio.charset=ALL-UNNAMED --add-opens=java.base/java.net=ALL-UNNAMED --add-opens=java.base/java.util.concurrent.atomic=ALL-UNNAMED -Xmx2048m -Dfile.encoding=UTF-8 -Duser.country=US -Duser.language=en -Duser.variant 
java_command: org.gradle.launcher.daemon.bootstrap.GradleDaemon 7.0.2
java_class_path (initial): C:\Users\hp\.gradle\wrapper\dists\gradle-7.0.2-bin\857tjihv64xamwrf0h14cai3r\gradle-7.0.2\lib\gradle-launcher-7.0.2.jar
Launcher Type: SUN_STANDARD

[Global flags]
     intx CICompilerCount                          = 2                                         {product} {ergonomic}
     uint ConcGCThreads                            = 1                                         {product} {ergonomic}
     uint G1ConcRefinementThreads                  = 2                                         {product} {ergonomic}
   size_t G1HeapRegionSize                         = 1048576                                   {product} {ergonomic}
    uintx GCDrainStackTargetSize                   = 64                                        {product} {ergonomic}
   size_t InitialHeapSize                          = 65011712                                  {product} {ergonomic}
   size_t MarkStackSize                            = 4194304                                   {product} {ergonomic}
   size_t MaxHeapSize                              = 2147483648                                {product} {command line}
   size_t MaxNewSize                               = 1287651328                                {product} {ergonomic}
   size_t MinHeapDeltaBytes                        = 1048576                                   {product} {ergonomic}
    uintx NonNMethodCodeHeapSize                   = 5825164                                {pd product} {ergonomic}
    uintx NonProfiledCodeHeapSize                  = 122916538                              {pd product} {ergonomic}
    uintx ProfiledCodeHeapSize                     = 122916538                              {pd product} {ergonomic}
    uintx ReservedCodeCacheSize                    = 251658240                              {pd product} {ergonomic}
     bool SegmentedCodeCache                       = true                                      {product} {ergonomic}
     bool UseCompressedClassPointers               = true                                 {lp64_product} {ergonomic}
     bool UseCompressedOops                        = true                                 {lp64_product} {ergonomic}
     bool UseG1GC                                  = true                                      {product} {ergonomic}
     bool UseLargePagesIndividualAllocation        = false                                  {pd product} {ergonomic}

Logging:
Log output configuration:
 #0: stdout all=warning uptime,level,tags
 #1: stderr all=off uptime,level,tags

Environment Variables:
PATH=C:\Program Files\AdoptOpenJDK\jdk-11.0.10.9-hotspot\bin;C:\Program Files (x86)\Common Files\Oracle\Java\javapath;C:\ProgramData\Oracle\Java\javapath;C:\WINDOWS\system32;C:\WINDOWS;C:\WINDOWS\System32\Wbem;C:\WINDOWS\System32\WindowsPowerShell\v1.0\;C:\WINDOWS\System32\OpenSSH\;E:\App\Git\cmd;C:\Users\hp\AppData\Local\Microsoft\WindowsApps;C:\Users\hp\AppData\Local\GitHubDesktop\bin;C:\Users\hp\AppData\Local\Programs\Microsoft VS Code\bin
USERNAME=hp
OS=Windows_NT
PROCESSOR_IDENTIFIER=Intel64 Family 6 Model 122 Stepping 8, GenuineIntel



---------------  S Y S T E M  ---------------

OS: Windows 10 , 64 bit Build 19041 (10.0.19041.1202)
OS uptime: 1 days 3:25 hours

CPU:total 2 (initial active 2) (2 cores per cpu, 1 threads per core) family 6 model 122 stepping 8 microcode 0x16, cmov, cx8, fxsr, mmx, sse, sse2, sse3, ssse3, sse4.1, sse4.2, popcnt, aes, clmul, erms, 3dnowpref, tsc, tscinvbit, sha

Memory: 4k page, system-wide physical 3858M (275M free)
TotalPageFile size 7954M (AvailPageFile size 160M)
current process WorkingSet (physical memory assigned to process): 448M, peak: 522M
current process commit charge ("private bytes"): 638M, peak: 807M

vm_info: OpenJDK 64-Bit Server VM (11.0.10+0-b96-7249189) for windows-amd64 JRE (11.0.10+0-b96-7249189), built on Mar 31 2021 21:44:00 by "builder" with MS VC++ 14.0 (VS2015)

END.
