#
# There is insufficient memory for the Java Runtime Environment to continue.
# Native memory allocation (mmap) failed to map 271581184 bytes for Failed to commit area from 0x0000000094e00000 to 0x00000000a5100000 of length 271581184.
# Possible reasons:
#   The system is out of physical RAM or swap space
#   The process is running with CompressedOops enabled, and the Java Heap may be blocking the growth of the native heap
# Possible solutions:
#   Reduce memory load on the system
#   Increase physical memory or swap space
#   Check if swap backing store is full
#   Decrease Java heap size (-Xmx/-Xms)
#   Decrease number of Java threads
#   Decrease Java thread stack sizes (-Xss)
#   Set larger code cache with -XX:ReservedCodeCacheSize=
#   JVM is running with Unscaled Compressed Oops mode in which the Java heap is
#     placed in the first 4GB address space. The Java Heap base address is the
#     maximum limit for the native heap growth. Please use -XX:HeapBaseMinAddress
#     to set the Java Heap base and to place the Java Heap above 4GB virtual address.
# This output file may be truncated or incomplete.
#
#  Out of Memory Error (./src/hotspot/os/windows/os_windows.cpp:3301), pid=28292, tid=10408
#
# JRE version: OpenJDK Runtime Environment (11.0.10) (build 11.0.10+0-b96-7249189)
# Java VM: OpenJDK 64-Bit Server VM (11.0.10+0-b96-7249189, mixed mode, tiered, compressed oops, g1 gc, windows-amd64)
# No core dump will be written. Minidumps are not enabled by default on client versions of Windows
#

---------------  S U M M A R Y ------------

Command Line: --add-opens=java.base/java.util=ALL-UNNAMED --add-opens=java.base/java.lang=ALL-UNNAMED --add-opens=java.base/java.lang.invoke=ALL-UNNAMED --add-opens=java.base/java.util=ALL-UNNAMED --add-opens=java.prefs/java.util.prefs=ALL-UNNAMED --add-opens=java.prefs/java.util.prefs=ALL-UNNAMED --add-opens=java.base/java.nio.charset=ALL-UNNAMED --add-opens=java.base/java.net=ALL-UNNAMED --add-opens=java.base/java.util.concurrent.atomic=ALL-UNNAMED -Xmx2048m -Dfile.encoding=UTF-8 -Duser.country=US -Duser.language=en -Duser.variant org.gradle.launcher.daemon.bootstrap.GradleDaemon 7.0.2

Host: Intel(R) Celeron(R) N4020 CPU @ 1.10GHz, 2 cores, 3G,  Windows 10 , 64 bit Build 19041 (10.0.19041.1202)
Time: Fri Oct 15 22:38:34 2021 SE Asia Standard Time elapsed time: 114.572993 seconds (0d 0h 1m 54s)

---------------  T H R E A D  ---------------

Current thread (0x000001fec2809800):  VMThread "VM Thread" [stack: 0x0000007a65800000,0x0000007a65900000] [id=10408]

Stack: [0x0000007a65800000,0x0000007a65900000]
[error occurred during error reporting (printing stack bounds), id 0xc0000005, EXCEPTION_ACCESS_VIOLATION (0xc0000005) at pc=0x000001feac470f3d]

Native frames: (J=compiled Java code, j=interpreted, Vv=VM code, C=native code)
V  [jvm.dll+0x5ecfaa]
V  [jvm.dll+0x722bd5]
V  [jvm.dll+0x72412d]
V  [jvm.dll+0x724745]
V  [jvm.dll+0x7246fb]
V  [jvm.dll+0x5ec348]
V  [jvm.dll+0x5ecad8]
C  [ntdll.dll+0xa20cf]
C  [ntdll.dll+0x51454]
C  [ntdll.dll+0xa0bfe]
C  0x000001feac470f3d

VM_Operation (0x0000007a66af03d0): G1CollectForAllocation, mode: safepoint, requested by thread 0x000001fec47c9800


---------------  P R O C E S S  ---------------

Threads class SMR info:
_java_thread_list=0x000001fec7efd7f0, length=46, elements={
0x000001fea897a000, 0x000001fec2812000, 0x000001fec2813000, 0x000001fec286b000,
0x000001fec286d000, 0x000001fec286e000, 0x000001fec2873800, 0x000001fec2888800,
0x000001fec31f8000, 0x000001fec3312000, 0x000001fec480c800, 0x000001fec4ed1800,
0x000001fec5091000, 0x000001fec41ea800, 0x000001fec5091800, 0x000001fec49b3000,
0x000001fec47c9800, 0x000001fec5018800, 0x000001fec47c5800, 0x000001fec47c4000,
0x000001fec47c3800, 0x000001fec47c5000, 0x000001fec731f800, 0x000001fec731c800,
0x000001fec731f000, 0x000001fec7323000, 0x000001fec7320800, 0x000001fec731d000,
0x000001fec7322000, 0x000001fec7323800, 0x000001fec731e000, 0x000001fec7329800,
0x000001fec7328800, 0x000001fec732a800, 0x000001fec7324800, 0x000001fec732b000,
0x000001fec7325800, 0x000001fec5a5e000, 0x000001fec5a5f000, 0x000001fec5a5b800,
0x000001fec5a5c800, 0x000001fec5a5f800, 0x000001fec5a5d800, 0x000001fec5a5a000,
0x000001fec5a60800, 0x000001fec5a5b000
}

Java Threads: ( => current thread )
  0x000001fea897a000 JavaThread "main" [_thread_blocked, id=31228, stack(0x0000007a65200000,0x0000007a65300000)]
  0x000001fec2812000 JavaThread "Reference Handler" daemon [_thread_blocked, id=29460, stack(0x0000007a65900000,0x0000007a65a00000)]
  0x000001fec2813000 JavaThread "Finalizer" daemon [_thread_blocked, id=16452, stack(0x0000007a65a00000,0x0000007a65b00000)]
  0x000001fec286b000 JavaThread "Signal Dispatcher" daemon [_thread_blocked, id=13160, stack(0x0000007a65b00000,0x0000007a65c00000)]
  0x000001fec286d000 JavaThread "Attach Listener" daemon [_thread_blocked, id=21920, stack(0x0000007a65c00000,0x0000007a65d00000)]
  0x000001fec286e000 JavaThread "Service Thread" daemon [_thread_blocked, id=24880, stack(0x0000007a65d00000,0x0000007a65e00000)]
  0x000001fec2873800 JavaThread "C2 CompilerThread0" daemon [_thread_blocked, id=29316, stack(0x0000007a65e00000,0x0000007a65f00000)]
  0x000001fec2888800 JavaThread "C1 CompilerThread0" daemon [_thread_blocked, id=12132, stack(0x0000007a65f00000,0x0000007a66000000)]
  0x000001fec31f8000 JavaThread "Sweeper thread" daemon [_thread_blocked, id=7196, stack(0x0000007a66000000,0x0000007a66100000)]
  0x000001fec3312000 JavaThread "Common-Cleaner" daemon [_thread_blocked, id=26968, stack(0x0000007a66100000,0x0000007a66200000)]
  0x000001fec480c800 JavaThread "Daemon health stats" [_thread_blocked, id=29916, stack(0x0000007a66400000,0x0000007a66500000)]
  0x000001fec4ed1800 JavaThread "Incoming local TCP Connector on port 60127" [_thread_in_native, id=28788, stack(0x0000007a66500000,0x0000007a66600000)]
  0x000001fec5091000 JavaThread "Daemon" [_thread_blocked, id=28360, stack(0x0000007a66600000,0x0000007a66700000)]
  0x000001fec41ea800 JavaThread "Handler for socket connection from /127.0.0.1:60127 to /127.0.0.1:60128" [_thread_in_native, id=28536, stack(0x0000007a66700000,0x0000007a66800000)]
  0x000001fec5091800 JavaThread "Daemon periodic checks" [_thread_blocked, id=26592, stack(0x0000007a66800000,0x0000007a66900000)]
  0x000001fec49b3000 JavaThread "Cancel handler" [_thread_blocked, id=29560, stack(0x0000007a66900000,0x0000007a66a00000)]
  0x000001fec47c9800 JavaThread "Daemon worker" [_thread_blocked, id=28068, stack(0x0000007a66a00000,0x0000007a66b00000)]
  0x000001fec5018800 JavaThread "Asynchronous log dispatcher for DefaultDaemonConnection: socket connection from /127.0.0.1:60127 to /127.0.0.1:60128" [_thread_blocked, id=30152, stack(0x0000007a66b00000,0x0000007a66c00000)]
  0x000001fec47c5800 JavaThread "Daemon client event forwarder" [_thread_blocked, id=26740, stack(0x0000007a66d00000,0x0000007a66e00000)]
  0x000001fec47c4000 JavaThread "Cache worker for file hash cache (C:\Users\hp\.gradle\caches\7.0.2\fileHashes)" [_thread_blocked, id=31144, stack(0x0000007a66e00000,0x0000007a66f00000)]
  0x000001fec47c3800 JavaThread "File lock request listener" [_thread_in_native, id=12068, stack(0x0000007a66f00000,0x0000007a67000000)]
  0x000001fec47c5000 JavaThread "Cache worker for journal cache (C:\Users\hp\.gradle\caches\journal-1)" [_thread_blocked, id=28884, stack(0x0000007a67000000,0x0000007a67100000)]
  0x000001fec731f800 JavaThread "Cache worker for file hash cache (E:\AndroidStudioProjects\ImpIntentApp\.gradle\7.0.2\fileHashes)" [_thread_blocked, id=29204, stack(0x0000007a67100000,0x0000007a67200000)]
  0x000001fec731c800 JavaThread "File watcher server" daemon [_thread_blocked, id=30924, stack(0x0000007a67200000,0x0000007a67300000)]
  0x000001fec731f000 JavaThread "File watcher consumer" daemon [_thread_blocked, id=9704, stack(0x0000007a67300000,0x0000007a67400000)]
  0x000001fec7323000 JavaThread "Cache worker for checksums cache (E:\AndroidStudioProjects\ImpIntentApp\.gradle\checksums)" [_thread_blocked, id=10772, stack(0x0000007a67400000,0x0000007a67500000)]
  0x000001fec7320800 JavaThread "Cache worker for cache directory md-supplier (C:\Users\hp\.gradle\caches\7.0.2\md-supplier)" [_thread_blocked, id=30228, stack(0x0000007a67500000,0x0000007a67600000)]
  0x000001fec731d000 JavaThread "Cache worker for cache directory md-rule (C:\Users\hp\.gradle\caches\7.0.2\md-rule)" [_thread_blocked, id=30260, stack(0x0000007a67600000,0x0000007a67700000)]
  0x000001fec7322000 JavaThread "Cache worker for execution history cache (C:\Users\hp\.gradle\caches\7.0.2\executionHistory)" [_thread_blocked, id=29032, stack(0x0000007a67700000,0x0000007a67800000)]
  0x000001fec7323800 JavaThread "jar transforms" [_thread_blocked, id=20652, stack(0x0000007a67800000,0x0000007a67900000)]
  0x000001fec731e000 JavaThread "jar transforms Thread 2" [_thread_blocked, id=28516, stack(0x0000007a67900000,0x0000007a67a00000)]
  0x000001fec7329800 JavaThread "Cache worker for file content cache (C:\Users\hp\.gradle\caches\7.0.2\fileContent)" [_thread_blocked, id=29564, stack(0x0000007a67a00000,0x0000007a67b00000)]
  0x000001fec7328800 JavaThread "Cache worker for dependencies-accessors (E:\AndroidStudioProjects\ImpIntentApp\.gradle\7.0.2\dependencies-accessors)" [_thread_blocked, id=30744, stack(0x0000007a67b00000,0x0000007a67c00000)]
  0x000001fec732a800 JavaThread "Cache worker for Build Output Cleanup Cache (E:\AndroidStudioProjects\ImpIntentApp\.gradle\buildOutputCleanup)" [_thread_blocked, id=9608, stack(0x0000007a67c00000,0x0000007a67d00000)]
  0x000001fec7324800 JavaThread "Build operations" [_thread_blocked, id=30560, stack(0x0000007a67d00000,0x0000007a67e00000)]
  0x000001fec732b000 JavaThread "Build operations Thread 2" [_thread_blocked, id=28024, stack(0x0000007a67e00000,0x0000007a67f00000)]
  0x000001fec7325800 JavaThread "Memory manager" [_thread_blocked, id=31008, stack(0x0000007a68100000,0x0000007a68200000)]
  0x000001fec5a5e000 JavaThread "build event listener" [_thread_blocked, id=27632, stack(0x0000007a68200000,0x0000007a68300000)]
  0x000001fec5a5f000 JavaThread "pool-3-thread-1" [_thread_blocked, id=20996, stack(0x0000007a68300000,0x0000007a68400000)]
  0x000001fec5a5b800 JavaThread "build event listener" [_thread_blocked, id=27576, stack(0x0000007a68400000,0x0000007a68500000)]
  0x000001fec5a5c800 JavaThread "Execution worker for ':'" [_thread_blocked, id=28272, stack(0x0000007a68500000,0x0000007a68600000)]
  0x000001fec5a5f800 JavaThread "Cache worker for execution history cache (E:\AndroidStudioProjects\ImpIntentApp\.gradle\7.0.2\executionHistory)" [_thread_blocked, id=27432, stack(0x0000007a68600000,0x0000007a68700000)]
  0x000001fec5a5d800 JavaThread "Cache worker for Java compile cache (C:\Users\hp\.gradle\caches\7.0.2\javaCompile)" [_thread_blocked, id=29284, stack(0x0000007a65000000,0x0000007a65100000)]
  0x000001fec5a5a000 JavaThread "Cache worker for Java compile cache (E:\AndroidStudioProjects\ImpIntentApp\.gradle\7.0.2\javaCompile)" [_thread_blocked, id=20164, stack(0x0000007a65100000,0x0000007a65200000)]
  0x000001fec5a60800 JavaThread "WorkerExecutor Queue" [_thread_blocked, id=28352, stack(0x0000007a66c00000,0x0000007a66d00000)]
  0x000001fec5a5b000 JavaThread "WorkerExecutor Queue Thread 2" [_thread_blocked, id=28560, stack(0x0000007a68700000,0x0000007a68800000)]

Other Threads:
=>0x000001fec2809800 VMThread "VM Thread" [stack: 0x0000007a65800000,0x0000007a65900000] [id=10408]
  0x000001fec336b000 WatcherThread [stack: 0x0000007a66200000,0x0000007a66300000] [id=26888]
  0x000001fea8996000 GCTaskThread "GC Thread#0" [stack: 0x0000007a65300000,0x0000007a65400000] [id=31004]
  0x000001fec33c4800 GCTaskThread "GC Thread#1" [stack: 0x0000007a66300000,0x0000007a66400000] [id=13652]
  0x000001fea89c5800 ConcurrentGCThread "G1 Main Marker" [stack: 0x0000007a65400000,0x0000007a65500000] [id=28896]
  0x000001fea89c8000 ConcurrentGCThread "G1 Conc#0" [stack: 0x0000007a65500000,0x0000007a65600000] [id=28928]
  0x000001fea8a17800 ConcurrentGCThread "G1 Refine#0" [stack: 0x0000007a65600000,0x0000007a65700000] [id=25804]
  0x000001fea8a18800 ConcurrentGCThread "G1 Young RemSet Sampling" [stack: 0x0000007a65700000,0x0000007a65800000] [id=26824]

Threads with active compile tasks:

VM state:at safepoint (normal execution)

VM Mutex/Monitor currently owned by a thread:  ([mutex/lock_event])
[0x000001fea8976cc0] Threads_lock - owner thread: 0x000001fec2809800
[0x000001fea8977530] Heap_lock - owner thread: 0x000001fec47c9800

Heap address: 0x0000000080000000, size: 2048 MB, Compressed Oops mode: 32-bit
Narrow klass base: 0x0000000000000000, Narrow klass shift: 3
Compressed class space size: 1073741824 Address: 0x0000000100000000

Heap:
 garbage-first heap   total 607232K, used 167004K [0x0000000080000000, 0x0000000100000000)
  region size 1024K, 2 young (2048K), 2 survivors (2048K)
 Metaspace       used 104323K, capacity 107116K, committed 107428K, reserved 1142784K
  class space    used 13616K, capacity 14663K, committed 14720K, reserved 1048576K
Heap Regions: E=young(eden), S=young(survivor), O=old, HS=humongous(starts), HC=humongous(continues), CS=collection set, F=free, A=archive, TAMS=top-at-mark-start (previous, next)
|   0|0x0000000080000000, 0x0000000080100000, 0x0000000080100000|100%| O|  |TAMS 0x0000000080100000, 0x0000000080000000| Untracked 
|   1|0x0000000080100000, 0x0000000080200000, 0x0000000080200000|100%| O|  |TAMS 0x0000000080200000, 0x0000000080100000| Untracked 
|   2|0x0000000080200000, 0x0000000080300000, 0x0000000080300000|100%| O|  |TAMS 0x0000000080300000, 0x0000000080200000| Untracked 
|   3|0x0000000080300000, 0x0000000080400000, 0x0000000080400000|100%| O|  |TAMS 0x0000000080400000, 0x0000000080300000| Untracked 
|   4|0x0000000080400000, 0x0000000080500000, 0x0000000080500000|100%|HS|  |TAMS 0x0000000080500000, 0x0000000080400000| Complete 
|   5|0x0000000080500000, 0x0000000080600000, 0x0000000080600000|100%|HC|  |TAMS 0x0000000080600000, 0x0000000080500000| Complete 
|   6|0x0000000080600000, 0x0000000080700000, 0x0000000080700000|100%|HC|  |TAMS 0x0000000080700000, 0x0000000080600000| Complete 
|   7|0x0000000080700000, 0x0000000080800000, 0x0000000080800000|100%| O|  |TAMS 0x0000000080800000, 0x0000000080700000| Untracked 
|   8|0x0000000080800000, 0x0000000080900000, 0x0000000080900000|100%| O|  |TAMS 0x0000000080900000, 0x0000000080800000| Untracked 
|   9|0x0000000080900000, 0x0000000080a00000, 0x0000000080a00000|100%| O|  |TAMS 0x0000000080a00000, 0x0000000080900000| Untracked 
|  10|0x0000000080a00000, 0x0000000080b00000, 0x0000000080b00000|100%| O|  |TAMS 0x0000000080b00000, 0x0000000080a00000| Untracked 
|  11|0x0000000080b00000, 0x0000000080c00000, 0x0000000080c00000|100%| O|  |TAMS 0x0000000080c00000, 0x0000000080b00000| Untracked 
|  12|0x0000000080c00000, 0x0000000080d00000, 0x0000000080d00000|100%| O|  |TAMS 0x0000000080d00000, 0x0000000080c00000| Untracked 
|  13|0x0000000080d00000, 0x0000000080e00000, 0x0000000080e00000|100%| O|  |TAMS 0x0000000080e00000, 0x0000000080d00000| Untracked 
|  14|0x0000000080e00000, 0x0000000080f00000, 0x0000000080f00000|100%| O|  |TAMS 0x0000000080f00000, 0x0000000080e00000| Untracked 
|  15|0x0000000080f00000, 0x0000000081000000, 0x0000000081000000|100%| O|  |TAMS 0x0000000081000000, 0x0000000080f00000| Untracked 
|  16|0x0000000081000000, 0x0000000081100000, 0x0000000081100000|100%| O|  |TAMS 0x0000000081100000, 0x0000000081000000| Untracked 
|  17|0x0000000081100000, 0x0000000081200000, 0x0000000081200000|100%| O|  |TAMS 0x0000000081200000, 0x0000000081100000| Untracked 
|  18|0x0000000081200000, 0x0000000081300000, 0x0000000081300000|100%| O|  |TAMS 0x0000000081300000, 0x0000000081200000| Untracked 
|  19|0x0000000081300000, 0x0000000081400000, 0x0000000081400000|100%| O|  |TAMS 0x0000000081400000, 0x0000000081300000| Untracked 
|  20|0x0000000081400000, 0x0000000081500000, 0x0000000081500000|100%| O|  |TAMS 0x0000000081500000, 0x0000000081400000| Untracked 
|  21|0x0000000081500000, 0x0000000081600000, 0x0000000081600000|100%| O|  |TAMS 0x0000000081600000, 0x0000000081500000| Untracked 
|  22|0x0000000081600000, 0x0000000081700000, 0x0000000081700000|100%| O|  |TAMS 0x0000000081700000, 0x0000000081600000| Untracked 
|  23|0x0000000081700000, 0x0000000081800000, 0x0000000081800000|100%| O|  |TAMS 0x0000000081800000, 0x0000000081700000| Untracked 
|  24|0x0000000081800000, 0x0000000081900000, 0x0000000081900000|100%| O|  |TAMS 0x0000000081900000, 0x0000000081800000| Untracked 
|  25|0x0000000081900000, 0x0000000081a00000, 0x0000000081a00000|100%| O|  |TAMS 0x0000000081a00000, 0x0000000081900000| Untracked 
|  26|0x0000000081a00000, 0x0000000081b00000, 0x0000000081b00000|100%| O|  |TAMS 0x0000000081b00000, 0x0000000081a00000| Untracked 
|  27|0x0000000081b00000, 0x0000000081c00000, 0x0000000081c00000|100%|HS|  |TAMS 0x0000000081c00000, 0x0000000081b00000| Complete 
|  28|0x0000000081c00000, 0x0000000081d00000, 0x0000000081d00000|100%|HS|  |TAMS 0x0000000081d00000, 0x0000000081c00000| Complete 
|  29|0x0000000081d00000, 0x0000000081e00000, 0x0000000081e00000|100%|HS|  |TAMS 0x0000000081e00000, 0x0000000081d00000| Complete 
|  30|0x0000000081e00000, 0x0000000081f00000, 0x0000000081f00000|100%|HC|  |TAMS 0x0000000081f00000, 0x0000000081e00000| Complete 
|  31|0x0000000081f00000, 0x0000000082000000, 0x0000000082000000|100%| O|  |TAMS 0x0000000082000000, 0x0000000081f00000| Untracked 
|  32|0x0000000082000000, 0x0000000082100000, 0x0000000082100000|100%| O|  |TAMS 0x0000000082100000, 0x0000000082000000| Untracked 
|  33|0x0000000082100000, 0x0000000082200000, 0x0000000082200000|100%| O|  |TAMS 0x0000000082200000, 0x0000000082100000| Untracked 
|  34|0x0000000082200000, 0x0000000082300000, 0x0000000082300000|100%| O|  |TAMS 0x0000000082300000, 0x0000000082200000| Untracked 
|  35|0x0000000082300000, 0x0000000082400000, 0x0000000082400000|100%| O|  |TAMS 0x0000000082400000, 0x0000000082300000| Untracked 
|  36|0x0000000082400000, 0x0000000082500000, 0x0000000082500000|100%| O|  |TAMS 0x0000000082500000, 0x0000000082400000| Untracked 
|  37|0x0000000082500000, 0x0000000082600000, 0x0000000082600000|100%| O|  |TAMS 0x0000000082600000, 0x0000000082500000| Untracked 
|  38|0x0000000082600000, 0x0000000082700000, 0x0000000082700000|100%| O|  |TAMS 0x0000000082700000, 0x0000000082600000| Untracked 
|  39|0x0000000082700000, 0x0000000082800000, 0x0000000082800000|100%| O|  |TAMS 0x0000000082800000, 0x0000000082700000| Untracked 
|  40|0x0000000082800000, 0x0000000082900000, 0x0000000082900000|100%| O|  |TAMS 0x0000000082900000, 0x0000000082800000| Untracked 
|  41|0x0000000082900000, 0x0000000082a00000, 0x0000000082a00000|100%| O|  |TAMS 0x0000000082a00000, 0x0000000082900000| Untracked 
|  42|0x0000000082a00000, 0x0000000082b00000, 0x0000000082b00000|100%| O|  |TAMS 0x0000000082b00000, 0x0000000082a00000| Untracked 
|  43|0x0000000082b00000, 0x0000000082c00000, 0x0000000082c00000|100%| O|  |TAMS 0x0000000082c00000, 0x0000000082b00000| Untracked 
|  44|0x0000000082c00000, 0x0000000082d00000, 0x0000000082d00000|100%| O|  |TAMS 0x0000000082d00000, 0x0000000082c00000| Untracked 
|  45|0x0000000082d00000, 0x0000000082e00000, 0x0000000082e00000|100%| O|  |TAMS 0x0000000082e00000, 0x0000000082d00000| Untracked 
|  46|0x0000000082e00000, 0x0000000082f00000, 0x0000000082f00000|100%| O|  |TAMS 0x0000000082f00000, 0x0000000082e00000| Untracked 
|  47|0x0000000082f00000, 0x0000000083000000, 0x0000000083000000|100%| O|  |TAMS 0x0000000083000000, 0x0000000082f00000| Untracked 
|  48|0x0000000083000000, 0x0000000083100000, 0x0000000083100000|100%| O|  |TAMS 0x0000000083100000, 0x0000000083000000| Untracked 
|  49|0x0000000083100000, 0x0000000083200000, 0x0000000083200000|100%| O|  |TAMS 0x0000000083200000, 0x0000000083100000| Untracked 
|  50|0x0000000083200000, 0x0000000083300000, 0x0000000083300000|100%| O|  |TAMS 0x0000000083300000, 0x0000000083200000| Untracked 
|  51|0x0000000083300000, 0x0000000083400000, 0x0000000083400000|100%| O|  |TAMS 0x0000000083400000, 0x0000000083300000| Untracked 
|  52|0x0000000083400000, 0x0000000083500000, 0x0000000083500000|100%| O|  |TAMS 0x0000000083500000, 0x0000000083400000| Untracked 
|  53|0x0000000083500000, 0x0000000083600000, 0x0000000083600000|100%| O|  |TAMS 0x0000000083600000, 0x0000000083500000| Untracked 
|  54|0x0000000083600000, 0x0000000083700000, 0x0000000083700000|100%| O|  |TAMS 0x0000000083700000, 0x0000000083600000| Untracked 
|  55|0x0000000083700000, 0x0000000083800000, 0x0000000083800000|100%| O|  |TAMS 0x0000000083800000, 0x0000000083700000| Untracked 
|  56|0x0000000083800000, 0x0000000083900000, 0x0000000083900000|100%| O|  |TAMS 0x0000000083900000, 0x0000000083800000| Untracked 
|  57|0x0000000083900000, 0x0000000083a00000, 0x0000000083a00000|100%| O|  |TAMS 0x0000000083a00000, 0x0000000083900000| Untracked 
|  58|0x0000000083a00000, 0x0000000083b00000, 0x0000000083b00000|100%| O|  |TAMS 0x0000000083b00000, 0x0000000083a00000| Untracked 
|  59|0x0000000083b00000, 0x0000000083c00000, 0x0000000083c00000|100%| O|  |TAMS 0x0000000083c00000, 0x0000000083b00000| Untracked 
|  60|0x0000000083c00000, 0x0000000083d00000, 0x0000000083d00000|100%| O|  |TAMS 0x0000000083d00000, 0x0000000083c00000| Untracked 
|  61|0x0000000083d00000, 0x0000000083e00000, 0x0000000083e00000|100%| O|  |TAMS 0x0000000083e00000, 0x0000000083d00000| Untracked 
|  62|0x0000000083e00000, 0x0000000083f00000, 0x0000000083f00000|100%| O|  |TAMS 0x0000000083f00000, 0x0000000083e00000| Untracked 
|  63|0x0000000083f00000, 0x0000000084000000, 0x0000000084000000|100%| O|  |TAMS 0x0000000084000000, 0x0000000083f00000| Untracked 
|  64|0x0000000084000000, 0x0000000084100000, 0x0000000084100000|100%| O|  |TAMS 0x0000000084100000, 0x0000000084000000| Untracked 
|  65|0x0000000084100000, 0x0000000084200000, 0x0000000084200000|100%| O|  |TAMS 0x0000000084200000, 0x0000000084100000| Untracked 
|  66|0x0000000084200000, 0x0000000084300000, 0x0000000084300000|100%| O|  |TAMS 0x0000000084300000, 0x0000000084200000| Untracked 
|  67|0x0000000084300000, 0x0000000084400000, 0x0000000084400000|100%| O|  |TAMS 0x0000000084400000, 0x0000000084300000| Untracked 
|  68|0x0000000084400000, 0x0000000084500000, 0x0000000084500000|100%| O|  |TAMS 0x0000000084500000, 0x0000000084400000| Untracked 
|  69|0x0000000084500000, 0x0000000084600000, 0x0000000084600000|100%| O|  |TAMS 0x0000000084600000, 0x0000000084500000| Untracked 
|  70|0x0000000084600000, 0x0000000084700000, 0x0000000084700000|100%| O|  |TAMS 0x0000000084700000, 0x0000000084600000| Untracked 
|  71|0x0000000084700000, 0x0000000084800000, 0x0000000084800000|100%| O|  |TAMS 0x0000000084800000, 0x0000000084700000| Untracked 
|  72|0x0000000084800000, 0x0000000084900000, 0x0000000084900000|100%| O|  |TAMS 0x0000000084900000, 0x0000000084800000| Untracked 
|  73|0x0000000084900000, 0x0000000084a00000, 0x0000000084a00000|100%| O|  |TAMS 0x0000000084a00000, 0x0000000084900000| Untracked 
|  74|0x0000000084a00000, 0x0000000084b00000, 0x0000000084b00000|100%| O|  |TAMS 0x0000000084a00000, 0x0000000084a00000| Untracked 
|  75|0x0000000084b00000, 0x0000000084c00000, 0x0000000084c00000|100%| O|  |TAMS 0x0000000084c00000, 0x0000000084b00000| Untracked 
|  76|0x0000000084c00000, 0x0000000084d00000, 0x0000000084d00000|100%| O|  |TAMS 0x0000000084d00000, 0x0000000084c00000| Untracked 
|  77|0x0000000084d00000, 0x0000000084e00000, 0x0000000084e00000|100%| O|  |TAMS 0x0000000084e00000, 0x0000000084d00000| Untracked 
|  78|0x0000000084e00000, 0x0000000084f00000, 0x0000000084f00000|100%| O|  |TAMS 0x0000000084f00000, 0x0000000084e00000| Untracked 
|  79|0x0000000084f00000, 0x0000000085000000, 0x0000000085000000|100%| O|  |TAMS 0x0000000085000000, 0x0000000084f00000| Untracked 
|  80|0x0000000085000000, 0x0000000085100000, 0x0000000085100000|100%| O|  |TAMS 0x0000000085100000, 0x0000000085000000| Untracked 
|  81|0x0000000085100000, 0x0000000085200000, 0x0000000085200000|100%| O|  |TAMS 0x0000000085200000, 0x0000000085100000| Untracked 
|  82|0x0000000085200000, 0x0000000085300000, 0x0000000085300000|100%| O|  |TAMS 0x0000000085300000, 0x0000000085200000| Untracked 
|  83|0x0000000085300000, 0x0000000085400000, 0x0000000085400000|100%| O|  |TAMS 0x0000000085300000, 0x0000000085300000| Untracked 
|  84|0x0000000085400000, 0x0000000085500000, 0x0000000085500000|100%|HS|  |TAMS 0x0000000085500000, 0x0000000085400000| Complete 
|  85|0x0000000085500000, 0x0000000085600000, 0x0000000085600000|100%|HC|  |TAMS 0x0000000085600000, 0x0000000085500000| Complete 
|  86|0x0000000085600000, 0x0000000085700000, 0x0000000085700000|100%|HC|  |TAMS 0x0000000085700000, 0x0000000085600000| Complete 
|  87|0x0000000085700000, 0x0000000085800000, 0x0000000085800000|100%|HC|  |TAMS 0x0000000085800000, 0x0000000085700000| Complete 
|  88|0x0000000085800000, 0x0000000085900000, 0x0000000085900000|100%|HC|  |TAMS 0x0000000085900000, 0x0000000085800000| Complete 
|  89|0x0000000085900000, 0x0000000085a00000, 0x0000000085a00000|100%| O|  |TAMS 0x0000000085a00000, 0x0000000085900000| Untracked 
|  90|0x0000000085a00000, 0x0000000085b00000, 0x0000000085b00000|100%| O|  |TAMS 0x0000000085b00000, 0x0000000085a00000| Untracked 
|  91|0x0000000085b00000, 0x0000000085c00000, 0x0000000085c00000|100%| O|  |TAMS 0x0000000085c00000, 0x0000000085b00000| Untracked 
|  92|0x0000000085c00000, 0x0000000085d00000, 0x0000000085d00000|100%| O|  |TAMS 0x0000000085d00000, 0x0000000085c00000| Untracked 
|  93|0x0000000085d00000, 0x0000000085e00000, 0x0000000085e00000|100%| O|  |TAMS 0x0000000085e00000, 0x0000000085d00000| Untracked 
|  94|0x0000000085e00000, 0x0000000085f00000, 0x0000000085f00000|100%| O|  |TAMS 0x0000000085f00000, 0x0000000085e00000| Untracked 
|  95|0x0000000085f00000, 0x0000000086000000, 0x0000000086000000|100%| O|  |TAMS 0x0000000086000000, 0x0000000085f00000| Untracked 
|  96|0x0000000086000000, 0x0000000086100000, 0x0000000086100000|100%| O|  |TAMS 0x0000000086100000, 0x0000000086000000| Untracked 
|  97|0x0000000086100000, 0x0000000086200000, 0x0000000086200000|100%| O|  |TAMS 0x0000000086200000, 0x0000000086100000| Untracked 
|  98|0x0000000086200000, 0x0000000086300000, 0x0000000086300000|100%| O|  |TAMS 0x0000000086300000, 0x0000000086200000| Untracked 
|  99|0x0000000086300000, 0x0000000086400000, 0x0000000086400000|100%| O|  |TAMS 0x0000000086400000, 0x0000000086300000| Untracked 
| 100|0x0000000086400000, 0x0000000086500000, 0x0000000086500000|100%| O|  |TAMS 0x0000000086500000, 0x0000000086400000| Untracked 
| 101|0x0000000086500000, 0x0000000086600000, 0x0000000086600000|100%| O|  |TAMS 0x0000000086600000, 0x0000000086500000| Untracked 
| 102|0x0000000086600000, 0x0000000086700000, 0x0000000086700000|100%| O|  |TAMS 0x0000000086661400, 0x0000000086600000| Untracked 
| 103|0x0000000086700000, 0x0000000086800000, 0x0000000086800000|100%| O|  |TAMS 0x0000000086700000, 0x0000000086700000| Untracked 
| 104|0x0000000086800000, 0x0000000086900000, 0x0000000086900000|100%| O|  |TAMS 0x0000000086800000, 0x0000000086800000| Untracked 
| 105|0x0000000086900000, 0x0000000086a00000, 0x0000000086a00000|100%| O|  |TAMS 0x0000000086900000, 0x0000000086900000| Untracked 
| 106|0x0000000086a00000, 0x0000000086b00000, 0x0000000086b00000|100%| O|  |TAMS 0x0000000086a00000, 0x0000000086a00000| Untracked 
| 107|0x0000000086b00000, 0x0000000086c00000, 0x0000000086c00000|100%| O|  |TAMS 0x0000000086b00000, 0x0000000086b00000| Untracked 
| 108|0x0000000086c00000, 0x0000000086d00000, 0x0000000086d00000|100%|HS|  |TAMS 0x0000000086d00000, 0x0000000086c00000| Complete 
| 109|0x0000000086d00000, 0x0000000086e00000, 0x0000000086e00000|100%|HC|  |TAMS 0x0000000086e00000, 0x0000000086d00000| Complete 
| 110|0x0000000086e00000, 0x0000000086f00000, 0x0000000086f00000|100%|HC|  |TAMS 0x0000000086f00000, 0x0000000086e00000| Complete 
| 111|0x0000000086f00000, 0x0000000087000000, 0x0000000087000000|100%|HC|  |TAMS 0x0000000087000000, 0x0000000086f00000| Complete 
| 112|0x0000000087000000, 0x0000000087100000, 0x0000000087100000|100%|HC|  |TAMS 0x0000000087100000, 0x0000000087000000| Complete 
| 113|0x0000000087100000, 0x0000000087200000, 0x0000000087200000|100%| O|  |TAMS 0x0000000087100000, 0x0000000087100000| Untracked 
| 114|0x0000000087200000, 0x0000000087300000, 0x0000000087300000|100%| O|  |TAMS 0x0000000087200000, 0x0000000087200000| Untracked 
| 115|0x0000000087300000, 0x0000000087400000, 0x0000000087400000|100%| O|  |TAMS 0x0000000087300000, 0x0000000087300000| Untracked 
| 116|0x0000000087400000, 0x0000000087500000, 0x0000000087500000|100%| O|  |TAMS 0x0000000087400000, 0x0000000087400000| Untracked 
| 117|0x0000000087500000, 0x0000000087600000, 0x0000000087600000|100%| O|  |TAMS 0x0000000087500000, 0x0000000087500000| Untracked 
| 118|0x0000000087600000, 0x0000000087700000, 0x0000000087700000|100%| O|  |TAMS 0x0000000087600000, 0x0000000087600000| Untracked 
| 119|0x0000000087700000, 0x0000000087800000, 0x0000000087800000|100%| O|  |TAMS 0x0000000087700000, 0x0000000087700000| Untracked 
| 120|0x0000000087800000, 0x0000000087900000, 0x0000000087900000|100%| O|  |TAMS 0x0000000087800000, 0x0000000087800000| Untracked 
| 121|0x0000000087900000, 0x0000000087a00000, 0x0000000087a00000|100%| O|  |TAMS 0x0000000087900000, 0x0000000087900000| Untracked 
| 122|0x0000000087a00000, 0x0000000087b00000, 0x0000000087b00000|100%| O|  |TAMS 0x0000000087a00000, 0x0000000087a00000| Untracked 
| 123|0x0000000087b00000, 0x0000000087c00000, 0x0000000087c00000|100%| O|  |TAMS 0x0000000087b00000, 0x0000000087b00000| Untracked 
| 124|0x0000000087c00000, 0x0000000087d00000, 0x0000000087d00000|100%| O|  |TAMS 0x0000000087c00000, 0x0000000087c00000| Untracked 
| 125|0x0000000087d00000, 0x0000000087e00000, 0x0000000087e00000|100%| O|  |TAMS 0x0000000087d00000, 0x0000000087d00000| Untracked 
| 126|0x0000000087e00000, 0x0000000087f00000, 0x0000000087f00000|100%| O|  |TAMS 0x0000000087e00000, 0x0000000087e00000| Untracked 
| 127|0x0000000087f00000, 0x0000000088000000, 0x0000000088000000|100%| O|  |TAMS 0x0000000087f00000, 0x0000000087f00000| Untracked 
| 128|0x0000000088000000, 0x0000000088100000, 0x0000000088100000|100%| O|  |TAMS 0x0000000088000000, 0x0000000088000000| Untracked 
| 129|0x0000000088100000, 0x0000000088200000, 0x0000000088200000|100%| O|  |TAMS 0x0000000088100000, 0x0000000088100000| Untracked 
| 130|0x0000000088200000, 0x0000000088300000, 0x0000000088300000|100%| O|  |TAMS 0x0000000088200000, 0x0000000088200000| Untracked 
| 131|0x0000000088300000, 0x0000000088400000, 0x0000000088400000|100%| O|  |TAMS 0x0000000088300000, 0x0000000088300000| Untracked 
| 132|0x0000000088400000, 0x0000000088500000, 0x0000000088500000|100%| O|  |TAMS 0x0000000088400000, 0x0000000088400000| Untracked 
| 133|0x0000000088500000, 0x0000000088600000, 0x0000000088600000|100%| O|  |TAMS 0x0000000088500000, 0x0000000088500000| Untracked 
| 134|0x0000000088600000, 0x0000000088700000, 0x0000000088700000|100%| O|  |TAMS 0x0000000088600000, 0x0000000088600000| Untracked 
| 135|0x0000000088700000, 0x0000000088800000, 0x0000000088800000|100%|HS|  |TAMS 0x0000000088700000, 0x0000000088700000| Complete 
| 136|0x0000000088800000, 0x0000000088900000, 0x0000000088900000|100%|HS|  |TAMS 0x0000000088800000, 0x0000000088800000| Complete 
| 137|0x0000000088900000, 0x0000000088a00000, 0x0000000088a00000|100%|HS|  |TAMS 0x0000000088900000, 0x0000000088900000| Complete 
| 138|0x0000000088a00000, 0x0000000088b00000, 0x0000000088b00000|100%|HS|  |TAMS 0x0000000088a00000, 0x0000000088a00000| Complete 
| 139|0x0000000088b00000, 0x0000000088c00000, 0x0000000088c00000|100%|HS|  |TAMS 0x0000000088b00000, 0x0000000088b00000| Complete 
| 140|0x0000000088c00000, 0x0000000088d00000, 0x0000000088d00000|100%|HS|  |TAMS 0x0000000088c00000, 0x0000000088c00000| Complete 
| 141|0x0000000088d00000, 0x0000000088e00000, 0x0000000088e00000|100%| O|  |TAMS 0x0000000088d00000, 0x0000000088d00000| Untracked 
| 142|0x0000000088e00000, 0x0000000088f00000, 0x0000000088f00000|100%| O|  |TAMS 0x0000000088e00000, 0x0000000088e00000| Untracked 
| 143|0x0000000088f00000, 0x0000000089000000, 0x0000000089000000|100%| O|  |TAMS 0x0000000088f00000, 0x0000000088f00000| Untracked 
| 144|0x0000000089000000, 0x0000000089100000, 0x0000000089100000|100%| O|  |TAMS 0x0000000089000000, 0x0000000089000000| Untracked 
| 145|0x0000000089100000, 0x0000000089200000, 0x0000000089200000|100%| O|  |TAMS 0x0000000089100000, 0x0000000089100000| Untracked 
| 146|0x0000000089200000, 0x0000000089300000, 0x0000000089300000|100%|HS|  |TAMS 0x0000000089200000, 0x0000000089200000| Complete 
| 147|0x0000000089300000, 0x0000000089400000, 0x0000000089400000|100%|HS|  |TAMS 0x0000000089300000, 0x0000000089300000| Complete 
| 148|0x0000000089400000, 0x0000000089500000, 0x0000000089500000|100%| O|  |TAMS 0x0000000089400000, 0x0000000089400000| Untracked 
| 149|0x0000000089500000, 0x0000000089600000, 0x0000000089600000|100%| O|  |TAMS 0x0000000089500000, 0x0000000089500000| Untracked 
| 150|0x0000000089600000, 0x0000000089700000, 0x0000000089700000|100%| O|  |TAMS 0x0000000089600000, 0x0000000089600000| Untracked 
| 151|0x0000000089700000, 0x0000000089800000, 0x0000000089800000|100%| O|  |TAMS 0x0000000089700000, 0x0000000089700000| Untracked 
| 152|0x0000000089800000, 0x0000000089900000, 0x0000000089900000|100%| O|  |TAMS 0x0000000089800000, 0x0000000089800000| Untracked 
| 153|0x0000000089900000, 0x0000000089a00000, 0x0000000089a00000|100%| O|  |TAMS 0x0000000089900000, 0x0000000089900000| Untracked 
| 154|0x0000000089a00000, 0x0000000089b00000, 0x0000000089b00000|100%|HS|  |TAMS 0x0000000089a00000, 0x0000000089a00000| Complete 
| 155|0x0000000089b00000, 0x0000000089b00000, 0x0000000089c00000|  0%| F|  |TAMS 0x0000000089b00000, 0x0000000089b00000| Untracked 
| 156|0x0000000089c00000, 0x0000000089c00000, 0x0000000089d00000|  0%| F|  |TAMS 0x0000000089c00000, 0x0000000089c00000| Untracked 
| 157|0x0000000089d00000, 0x0000000089d00000, 0x0000000089e00000|  0%| F|  |TAMS 0x0000000089d00000, 0x0000000089d00000| Untracked 
| 158|0x0000000089e00000, 0x0000000089e00000, 0x0000000089f00000|  0%| F|  |TAMS 0x0000000089e00000, 0x0000000089e00000| Untracked 
| 159|0x0000000089f00000, 0x0000000089f00000, 0x000000008a000000|  0%| F|  |TAMS 0x0000000089f00000, 0x0000000089f00000| Untracked 
| 160|0x000000008a000000, 0x000000008a000000, 0x000000008a100000|  0%| F|  |TAMS 0x000000008a000000, 0x000000008a000000| Untracked 
| 161|0x000000008a100000, 0x000000008a200000, 0x000000008a200000|100%| O|  |TAMS 0x000000008a100000, 0x000000008a100000| Untracked 
| 162|0x000000008a200000, 0x000000008a300000, 0x000000008a300000|100%| O|  |TAMS 0x000000008a200000, 0x000000008a200000| Untracked 
| 163|0x000000008a300000, 0x000000008a400000, 0x000000008a400000|100%| O|  |TAMS 0x000000008a300000, 0x000000008a300000| Untracked 
| 164|0x000000008a400000, 0x000000008a500000, 0x000000008a500000|100%| O|  |TAMS 0x000000008a400000, 0x000000008a400000| Untracked 
| 165|0x000000008a500000, 0x000000008a600000, 0x000000008a600000|100%| O|  |TAMS 0x000000008a500000, 0x000000008a500000| Untracked 
| 166|0x000000008a600000, 0x000000008a700000, 0x000000008a700000|100%| O|  |TAMS 0x000000008a600000, 0x000000008a600000| Untracked 
| 167|0x000000008a700000, 0x000000008a759a00, 0x000000008a800000| 35%| O|  |TAMS 0x000000008a700000, 0x000000008a700000| Untracked 
| 168|0x000000008a800000, 0x000000008a800000, 0x000000008a900000|  0%| F|  |TAMS 0x000000008a800000, 0x000000008a800000| Untracked 
| 169|0x000000008a900000, 0x000000008a900000, 0x000000008aa00000|  0%| F|  |TAMS 0x000000008a900000, 0x000000008a900000| Untracked 
| 170|0x000000008aa00000, 0x000000008aa00000, 0x000000008ab00000|  0%| F|  |TAMS 0x000000008aa00000, 0x000000008aa00000| Untracked 
| 171|0x000000008ab00000, 0x000000008ab00000, 0x000000008ac00000|  0%| F|  |TAMS 0x000000008ab00000, 0x000000008ab00000| Untracked 
| 172|0x000000008ac00000, 0x000000008ac00000, 0x000000008ad00000|  0%| F|  |TAMS 0x000000008ac00000, 0x000000008ac00000| Untracked 
| 173|0x000000008ad00000, 0x000000008ad00000, 0x000000008ae00000|  0%| F|  |TAMS 0x000000008ad00000, 0x000000008ad00000| Untracked 
| 174|0x000000008ae00000, 0x000000008ae00000, 0x000000008af00000|  0%| F|  |TAMS 0x000000008ae00000, 0x000000008ae00000| Untracked 
| 175|0x000000008af00000, 0x000000008af00000, 0x000000008b000000|  0%| F|  |TAMS 0x000000008af00000, 0x000000008af00000| Untracked 
| 176|0x000000008b000000, 0x000000008b000000, 0x000000008b100000|  0%| F|  |TAMS 0x000000008b000000, 0x000000008b000000| Untracked 
| 177|0x000000008b100000, 0x000000008b100000, 0x000000008b200000|  0%| F|  |TAMS 0x000000008b100000, 0x000000008b100000| Untracked 
| 178|0x000000008b200000, 0x000000008b200000, 0x000000008b300000|  0%| F|  |TAMS 0x000000008b200000, 0x000000008b200000| Untracked 
| 179|0x000000008b300000, 0x000000008b300000, 0x000000008b400000|  0%| F|  |TAMS 0x000000008b300000, 0x000000008b300000| Untracked 
| 180|0x000000008b400000, 0x000000008b400000, 0x000000008b500000|  0%| F|  |TAMS 0x000000008b400000, 0x000000008b400000| Untracked 
| 181|0x000000008b500000, 0x000000008b500000, 0x000000008b600000|  0%| F|  |TAMS 0x000000008b500000, 0x000000008b500000| Untracked 
| 182|0x000000008b600000, 0x000000008b600000, 0x000000008b700000|  0%| F|  |TAMS 0x000000008b600000, 0x000000008b600000| Untracked 
| 183|0x000000008b700000, 0x000000008b700000, 0x000000008b800000|  0%| F|  |TAMS 0x000000008b700000, 0x000000008b700000| Untracked 
| 184|0x000000008b800000, 0x000000008b800000, 0x000000008b900000|  0%| F|  |TAMS 0x000000008b800000, 0x000000008b800000| Untracked 
| 185|0x000000008b900000, 0x000000008b900000, 0x000000008ba00000|  0%| F|  |TAMS 0x000000008b900000, 0x000000008b900000| Untracked 
| 186|0x000000008ba00000, 0x000000008ba00000, 0x000000008bb00000|  0%| F|  |TAMS 0x000000008ba00000, 0x000000008ba00000| Untracked 
| 187|0x000000008bb00000, 0x000000008bb00000, 0x000000008bc00000|  0%| F|  |TAMS 0x000000008bb00000, 0x000000008bb00000| Untracked 
| 188|0x000000008bc00000, 0x000000008bc00000, 0x000000008bd00000|  0%| F|  |TAMS 0x000000008bc00000, 0x000000008bc00000| Untracked 
| 189|0x000000008bd00000, 0x000000008bd00000, 0x000000008be00000|  0%| F|  |TAMS 0x000000008bd00000, 0x000000008bd00000| Untracked 
| 190|0x000000008be00000, 0x000000008be00000, 0x000000008bf00000|  0%| F|  |TAMS 0x000000008be00000, 0x000000008be00000| Untracked 
| 191|0x000000008bf00000, 0x000000008bf00000, 0x000000008c000000|  0%| F|  |TAMS 0x000000008bf00000, 0x000000008bf00000| Untracked 
| 192|0x000000008c000000, 0x000000008c000000, 0x000000008c100000|  0%| F|  |TAMS 0x000000008c000000, 0x000000008c000000| Untracked 
| 193|0x000000008c100000, 0x000000008c100000, 0x000000008c200000|  0%| F|  |TAMS 0x000000008c100000, 0x000000008c100000| Untracked 
| 194|0x000000008c200000, 0x000000008c200000, 0x000000008c300000|  0%| F|  |TAMS 0x000000008c200000, 0x000000008c200000| Untracked 
| 195|0x000000008c300000, 0x000000008c300000, 0x000000008c400000|  0%| F|  |TAMS 0x000000008c300000, 0x000000008c300000| Untracked 
| 196|0x000000008c400000, 0x000000008c400000, 0x000000008c500000|  0%| F|  |TAMS 0x000000008c400000, 0x000000008c400000| Untracked 
| 197|0x000000008c500000, 0x000000008c500000, 0x000000008c600000|  0%| F|  |TAMS 0x000000008c500000, 0x000000008c500000| Untracked 
| 198|0x000000008c600000, 0x000000008c600000, 0x000000008c700000|  0%| F|  |TAMS 0x000000008c600000, 0x000000008c600000| Untracked 
| 199|0x000000008c700000, 0x000000008c700000, 0x000000008c800000|  0%| F|  |TAMS 0x000000008c700000, 0x000000008c700000| Untracked 
| 200|0x000000008c800000, 0x000000008c800000, 0x000000008c900000|  0%| F|  |TAMS 0x000000008c800000, 0x000000008c800000| Untracked 
| 201|0x000000008c900000, 0x000000008c900000, 0x000000008ca00000|  0%| F|  |TAMS 0x000000008c900000, 0x000000008c900000| Untracked 
| 202|0x000000008ca00000, 0x000000008ca00000, 0x000000008cb00000|  0%| F|  |TAMS 0x000000008ca00000, 0x000000008ca00000| Untracked 
| 203|0x000000008cb00000, 0x000000008cb00000, 0x000000008cc00000|  0%| F|  |TAMS 0x000000008cb00000, 0x000000008cb00000| Untracked 
| 204|0x000000008cc00000, 0x000000008cc00000, 0x000000008cd00000|  0%| F|  |TAMS 0x000000008cc00000, 0x000000008cc00000| Untracked 
| 205|0x000000008cd00000, 0x000000008cd00000, 0x000000008ce00000|  0%| F|  |TAMS 0x000000008cd00000, 0x000000008cd00000| Untracked 
| 206|0x000000008ce00000, 0x000000008ce00000, 0x000000008cf00000|  0%| F|  |TAMS 0x000000008ce00000, 0x000000008ce00000| Untracked 
| 207|0x000000008cf00000, 0x000000008cf00000, 0x000000008d000000|  0%| F|  |TAMS 0x000000008cf00000, 0x000000008cf00000| Untracked 
| 208|0x000000008d000000, 0x000000008d000000, 0x000000008d100000|  0%| F|  |TAMS 0x000000008d000000, 0x000000008d000000| Untracked 
| 209|0x000000008d100000, 0x000000008d100000, 0x000000008d200000|  0%| F|  |TAMS 0x000000008d100000, 0x000000008d100000| Untracked 
| 210|0x000000008d200000, 0x000000008d200000, 0x000000008d300000|  0%| F|  |TAMS 0x000000008d200000, 0x000000008d200000| Untracked 
| 211|0x000000008d300000, 0x000000008d300000, 0x000000008d400000|  0%| F|  |TAMS 0x000000008d300000, 0x000000008d300000| Untracked 
| 212|0x000000008d400000, 0x000000008d400000, 0x000000008d500000|  0%| F|  |TAMS 0x000000008d400000, 0x000000008d400000| Untracked 
| 213|0x000000008d500000, 0x000000008d500000, 0x000000008d600000|  0%| F|  |TAMS 0x000000008d500000, 0x000000008d500000| Untracked 
| 214|0x000000008d600000, 0x000000008d600000, 0x000000008d700000|  0%| F|  |TAMS 0x000000008d600000, 0x000000008d600000| Untracked 
| 215|0x000000008d700000, 0x000000008d700000, 0x000000008d800000|  0%| F|  |TAMS 0x000000008d700000, 0x000000008d700000| Untracked 
| 216|0x000000008d800000, 0x000000008d800000, 0x000000008d900000|  0%| F|  |TAMS 0x000000008d800000, 0x000000008d800000| Untracked 
| 217|0x000000008d900000, 0x000000008d900000, 0x000000008da00000|  0%| F|  |TAMS 0x000000008d900000, 0x000000008d900000| Untracked 
| 218|0x000000008da00000, 0x000000008da00000, 0x000000008db00000|  0%| F|  |TAMS 0x000000008da00000, 0x000000008da00000| Untracked 
| 219|0x000000008db00000, 0x000000008db00000, 0x000000008dc00000|  0%| F|  |TAMS 0x000000008db00000, 0x000000008db00000| Untracked 
| 220|0x000000008dc00000, 0x000000008dc00000, 0x000000008dd00000|  0%| F|  |TAMS 0x000000008dc00000, 0x000000008dc00000| Untracked 
| 221|0x000000008dd00000, 0x000000008dd00000, 0x000000008de00000|  0%| F|  |TAMS 0x000000008dd00000, 0x000000008dd00000| Untracked 
| 222|0x000000008de00000, 0x000000008de00000, 0x000000008df00000|  0%| F|  |TAMS 0x000000008de00000, 0x000000008de00000| Untracked 
| 223|0x000000008df00000, 0x000000008df00000, 0x000000008e000000|  0%| F|  |TAMS 0x000000008df00000, 0x000000008df00000| Untracked 
| 224|0x000000008e000000, 0x000000008e000000, 0x000000008e100000|  0%| F|  |TAMS 0x000000008e000000, 0x000000008e000000| Untracked 
| 225|0x000000008e100000, 0x000000008e100000, 0x000000008e200000|  0%| F|  |TAMS 0x000000008e100000, 0x000000008e100000| Untracked 
| 226|0x000000008e200000, 0x000000008e200000, 0x000000008e300000|  0%| F|  |TAMS 0x000000008e200000, 0x000000008e200000| Untracked 
| 227|0x000000008e300000, 0x000000008e300000, 0x000000008e400000|  0%| F|  |TAMS 0x000000008e300000, 0x000000008e300000| Untracked 
| 228|0x000000008e400000, 0x000000008e400000, 0x000000008e500000|  0%| F|  |TAMS 0x000000008e400000, 0x000000008e400000| Untracked 
| 229|0x000000008e500000, 0x000000008e500000, 0x000000008e600000|  0%| F|  |TAMS 0x000000008e500000, 0x000000008e500000| Untracked 
| 230|0x000000008e600000, 0x000000008e600000, 0x000000008e700000|  0%| F|  |TAMS 0x000000008e600000, 0x000000008e600000| Untracked 
| 231|0x000000008e700000, 0x000000008e700000, 0x000000008e800000|  0%| F|  |TAMS 0x000000008e700000, 0x000000008e700000| Untracked 
| 232|0x000000008e800000, 0x000000008e800000, 0x000000008e900000|  0%| F|  |TAMS 0x000000008e800000, 0x000000008e800000| Untracked 
| 233|0x000000008e900000, 0x000000008e900000, 0x000000008ea00000|  0%| F|  |TAMS 0x000000008e900000, 0x000000008e900000| Untracked 
| 234|0x000000008ea00000, 0x000000008ea00000, 0x000000008eb00000|  0%| F|  |TAMS 0x000000008ea00000, 0x000000008ea00000| Untracked 
| 235|0x000000008eb00000, 0x000000008eb00000, 0x000000008ec00000|  0%| F|  |TAMS 0x000000008eb00000, 0x000000008eb00000| Untracked 
| 236|0x000000008ec00000, 0x000000008ec00000, 0x000000008ed00000|  0%| F|  |TAMS 0x000000008ec00000, 0x000000008ec00000| Untracked 
| 237|0x000000008ed00000, 0x000000008ed00000, 0x000000008ee00000|  0%| F|  |TAMS 0x000000008ed00000, 0x000000008ed00000| Untracked 
| 238|0x000000008ee00000, 0x000000008ee00000, 0x000000008ef00000|  0%| F|  |TAMS 0x000000008ee00000, 0x000000008ee00000| Untracked 
| 239|0x000000008ef00000, 0x000000008ef00000, 0x000000008f000000|  0%| F|  |TAMS 0x000000008ef00000, 0x000000008ef00000| Untracked 
| 240|0x000000008f000000, 0x000000008f000000, 0x000000008f100000|  0%| F|  |TAMS 0x000000008f000000, 0x000000008f000000| Untracked 
| 241|0x000000008f100000, 0x000000008f100000, 0x000000008f200000|  0%| F|  |TAMS 0x000000008f100000, 0x000000008f100000| Untracked 
| 242|0x000000008f200000, 0x000000008f200000, 0x000000008f300000|  0%| F|  |TAMS 0x000000008f200000, 0x000000008f200000| Untracked 
| 243|0x000000008f300000, 0x000000008f300000, 0x000000008f400000|  0%| F|  |TAMS 0x000000008f300000, 0x000000008f300000| Untracked 
| 244|0x000000008f400000, 0x000000008f400000, 0x000000008f500000|  0%| F|  |TAMS 0x000000008f400000, 0x000000008f400000| Untracked 
| 245|0x000000008f500000, 0x000000008f500000, 0x000000008f600000|  0%| F|  |TAMS 0x000000008f500000, 0x000000008f500000| Untracked 
| 246|0x000000008f600000, 0x000000008f600000, 0x000000008f700000|  0%| F|  |TAMS 0x000000008f600000, 0x000000008f600000| Untracked 
| 247|0x000000008f700000, 0x000000008f700000, 0x000000008f800000|  0%| F|  |TAMS 0x000000008f700000, 0x000000008f700000| Untracked 
| 248|0x000000008f800000, 0x000000008f800000, 0x000000008f900000|  0%| F|  |TAMS 0x000000008f800000, 0x000000008f800000| Untracked 
| 249|0x000000008f900000, 0x000000008f900000, 0x000000008fa00000|  0%| F|  |TAMS 0x000000008f900000, 0x000000008f900000| Untracked 
| 250|0x000000008fa00000, 0x000000008fa00000, 0x000000008fb00000|  0%| F|  |TAMS 0x000000008fa00000, 0x000000008fa00000| Untracked 
| 251|0x000000008fb00000, 0x000000008fb00000, 0x000000008fc00000|  0%| F|  |TAMS 0x000000008fb00000, 0x000000008fb00000| Untracked 
| 252|0x000000008fc00000, 0x000000008fc00000, 0x000000008fd00000|  0%| F|  |TAMS 0x000000008fc00000, 0x000000008fc00000| Untracked 
| 253|0x000000008fd00000, 0x000000008fd00000, 0x000000008fe00000|  0%| F|  |TAMS 0x000000008fd00000, 0x000000008fd00000| Untracked 
| 254|0x000000008fe00000, 0x000000008fe00000, 0x000000008ff00000|  0%| F|  |TAMS 0x000000008fe00000, 0x000000008fe00000| Untracked 
| 255|0x000000008ff00000, 0x000000008ff00000, 0x0000000090000000|  0%| F|  |TAMS 0x000000008ff00000, 0x000000008ff00000| Untracked 
| 256|0x0000000090000000, 0x0000000090000000, 0x0000000090100000|  0%| F|  |TAMS 0x0000000090000000, 0x0000000090000000| Untracked 
| 257|0x0000000090100000, 0x0000000090100000, 0x0000000090200000|  0%| F|  |TAMS 0x0000000090100000, 0x0000000090100000| Untracked 
| 258|0x0000000090200000, 0x0000000090200000, 0x0000000090300000|  0%| F|  |TAMS 0x0000000090200000, 0x0000000090200000| Untracked 
| 259|0x0000000090300000, 0x0000000090300000, 0x0000000090400000|  0%| F|  |TAMS 0x0000000090300000, 0x0000000090300000| Untracked 
| 260|0x0000000090400000, 0x0000000090400000, 0x0000000090500000|  0%| F|  |TAMS 0x0000000090400000, 0x0000000090400000| Untracked 
| 261|0x0000000090500000, 0x0000000090500000, 0x0000000090600000|  0%| F|  |TAMS 0x0000000090500000, 0x0000000090500000| Untracked 
| 262|0x0000000090600000, 0x0000000090600000, 0x0000000090700000|  0%| F|  |TAMS 0x0000000090600000, 0x0000000090600000| Untracked 
| 263|0x0000000090700000, 0x0000000090700000, 0x0000000090800000|  0%| F|  |TAMS 0x0000000090700000, 0x0000000090700000| Untracked 
| 264|0x0000000090800000, 0x0000000090800000, 0x0000000090900000|  0%| F|  |TAMS 0x0000000090800000, 0x0000000090800000| Untracked 
| 265|0x0000000090900000, 0x0000000090900000, 0x0000000090a00000|  0%| F|  |TAMS 0x0000000090900000, 0x0000000090900000| Untracked 
| 266|0x0000000090a00000, 0x0000000090a00000, 0x0000000090b00000|  0%| F|  |TAMS 0x0000000090a00000, 0x0000000090a00000| Untracked 
| 267|0x0000000090b00000, 0x0000000090b00000, 0x0000000090c00000|  0%| F|  |TAMS 0x0000000090b00000, 0x0000000090b00000| Untracked 
| 268|0x0000000090c00000, 0x0000000090c00000, 0x0000000090d00000|  0%| F|  |TAMS 0x0000000090c00000, 0x0000000090c00000| Untracked 
| 269|0x0000000090d00000, 0x0000000090d00000, 0x0000000090e00000|  0%| F|  |TAMS 0x0000000090d00000, 0x0000000090d00000| Untracked 
| 270|0x0000000090e00000, 0x0000000090e00000, 0x0000000090f00000|  0%| F|  |TAMS 0x0000000090e00000, 0x0000000090e00000| Untracked 
| 271|0x0000000090f00000, 0x0000000090f00000, 0x0000000091000000|  0%| F|  |TAMS 0x0000000090f00000, 0x0000000090f00000| Untracked 
| 272|0x0000000091000000, 0x0000000091000000, 0x0000000091100000|  0%| F|  |TAMS 0x0000000091000000, 0x0000000091000000| Untracked 
| 273|0x0000000091100000, 0x00000000911bd990, 0x0000000091200000| 74%| S|CS|TAMS 0x0000000091100000, 0x0000000091100000| Complete 
| 274|0x0000000091200000, 0x0000000091300000, 0x0000000091300000|100%| S|CS|TAMS 0x0000000091200000, 0x0000000091200000| Complete 
| 275|0x0000000091300000, 0x0000000091300000, 0x0000000091400000|  0%| F|  |TAMS 0x0000000091300000, 0x0000000091300000| Untracked 
| 276|0x0000000091400000, 0x0000000091400000, 0x0000000091500000|  0%| F|  |TAMS 0x0000000091400000, 0x0000000091400000| Untracked 
| 277|0x0000000091500000, 0x0000000091500000, 0x0000000091600000|  0%| F|  |TAMS 0x0000000091500000, 0x0000000091500000| Untracked 
| 278|0x0000000091600000, 0x0000000091600000, 0x0000000091700000|  0%| F|  |TAMS 0x0000000091600000, 0x0000000091600000| Untracked 
| 279|0x0000000091700000, 0x0000000091700000, 0x0000000091800000|  0%| F|  |TAMS 0x0000000091700000, 0x0000000091700000| Untracked 
| 280|0x0000000091800000, 0x0000000091800000, 0x0000000091900000|  0%| F|  |TAMS 0x0000000091800000, 0x0000000091800000| Untracked 
| 281|0x0000000091900000, 0x0000000091900000, 0x0000000091a00000|  0%| F|  |TAMS 0x0000000091900000, 0x0000000091900000| Untracked 
| 282|0x0000000091a00000, 0x0000000091a00000, 0x0000000091b00000|  0%| F|  |TAMS 0x0000000091a00000, 0x0000000091a00000| Untracked 
| 283|0x0000000091b00000, 0x0000000091b00000, 0x0000000091c00000|  0%| F|  |TAMS 0x0000000091b00000, 0x0000000091b00000| Untracked 
| 284|0x0000000091c00000, 0x0000000091c00000, 0x0000000091d00000|  0%| F|  |TAMS 0x0000000091c00000, 0x0000000091c00000| Untracked 
| 285|0x0000000091d00000, 0x0000000091d00000, 0x0000000091e00000|  0%| F|  |TAMS 0x0000000091d00000, 0x0000000091d00000| Untracked 
| 286|0x0000000091e00000, 0x0000000091e00000, 0x0000000091f00000|  0%| F|  |TAMS 0x0000000091e00000, 0x0000000091e00000| Untracked 
| 287|0x0000000091f00000, 0x0000000091f00000, 0x0000000092000000|  0%| F|  |TAMS 0x0000000091f00000, 0x0000000091f00000| Untracked 
| 288|0x0000000092000000, 0x0000000092000000, 0x0000000092100000|  0%| F|  |TAMS 0x0000000092000000, 0x0000000092000000| Untracked 
| 289|0x0000000092100000, 0x0000000092100000, 0x0000000092200000|  0%| F|  |TAMS 0x0000000092100000, 0x0000000092100000| Untracked 
| 290|0x0000000092200000, 0x0000000092200000, 0x0000000092300000|  0%| F|  |TAMS 0x0000000092200000, 0x0000000092200000| Untracked 
| 291|0x0000000092300000, 0x0000000092300000, 0x0000000092400000|  0%| F|  |TAMS 0x0000000092300000, 0x0000000092300000| Untracked 
| 292|0x0000000092400000, 0x0000000092400000, 0x0000000092500000|  0%| F|  |TAMS 0x0000000092400000, 0x0000000092400000| Untracked 
| 293|0x0000000092500000, 0x0000000092500000, 0x0000000092600000|  0%| F|  |TAMS 0x0000000092500000, 0x0000000092500000| Untracked 
| 294|0x0000000092600000, 0x0000000092600000, 0x0000000092700000|  0%| F|  |TAMS 0x0000000092600000, 0x0000000092600000| Untracked 
| 295|0x0000000092700000, 0x0000000092700000, 0x0000000092800000|  0%| F|  |TAMS 0x0000000092700000, 0x0000000092700000| Untracked 
| 296|0x0000000092800000, 0x0000000092800000, 0x0000000092900000|  0%| F|  |TAMS 0x0000000092800000, 0x0000000092800000| Untracked 
| 297|0x0000000092900000, 0x0000000092900000, 0x0000000092a00000|  0%| F|  |TAMS 0x0000000092900000, 0x0000000092900000| Untracked 
| 298|0x0000000092a00000, 0x0000000092a00000, 0x0000000092b00000|  0%| F|  |TAMS 0x0000000092a00000, 0x0000000092a00000| Untracked 
| 299|0x0000000092b00000, 0x0000000092b00000, 0x0000000092c00000|  0%| F|  |TAMS 0x0000000092b00000, 0x0000000092b00000| Untracked 
| 300|0x0000000092c00000, 0x0000000092c00000, 0x0000000092d00000|  0%| F|  |TAMS 0x0000000092c00000, 0x0000000092c00000| Untracked 
| 301|0x0000000092d00000, 0x0000000092d00000, 0x0000000092e00000|  0%| F|  |TAMS 0x0000000092d00000, 0x0000000092d00000| Untracked 
| 302|0x0000000092e00000, 0x0000000092e00000, 0x0000000092f00000|  0%| F|  |TAMS 0x0000000092e00000, 0x0000000092e00000| Untracked 
| 303|0x0000000092f00000, 0x0000000092f00000, 0x0000000093000000|  0%| F|  |TAMS 0x0000000092f00000, 0x0000000092f00000| Untracked 
| 304|0x0000000093000000, 0x0000000093000000, 0x0000000093100000|  0%| F|  |TAMS 0x0000000093000000, 0x0000000093000000| Untracked 
| 305|0x0000000093100000, 0x0000000093100000, 0x0000000093200000|  0%| F|  |TAMS 0x0000000093100000, 0x0000000093100000| Untracked 
| 306|0x0000000093200000, 0x0000000093200000, 0x0000000093300000|  0%| F|  |TAMS 0x0000000093200000, 0x0000000093200000| Untracked 
| 307|0x0000000093300000, 0x0000000093300000, 0x0000000093400000|  0%| F|  |TAMS 0x0000000093300000, 0x0000000093300000| Untracked 
| 308|0x0000000093400000, 0x0000000093400000, 0x0000000093500000|  0%| F|  |TAMS 0x0000000093400000, 0x0000000093400000| Untracked 
| 309|0x0000000093500000, 0x0000000093500000, 0x0000000093600000|  0%| F|  |TAMS 0x0000000093500000, 0x0000000093500000| Untracked 
| 310|0x0000000093600000, 0x0000000093600000, 0x0000000093700000|  0%| F|  |TAMS 0x0000000093600000, 0x0000000093600000| Untracked 
| 311|0x0000000093700000, 0x0000000093700000, 0x0000000093800000|  0%| F|  |TAMS 0x0000000093700000, 0x0000000093700000| Untracked 
| 312|0x0000000093800000, 0x0000000093800000, 0x0000000093900000|  0%| F|  |TAMS 0x0000000093800000, 0x0000000093800000| Untracked 
| 313|0x0000000093900000, 0x0000000093900000, 0x0000000093a00000|  0%| F|  |TAMS 0x0000000093900000, 0x0000000093900000| Untracked 
| 314|0x0000000093a00000, 0x0000000093a00000, 0x0000000093b00000|  0%| F|  |TAMS 0x0000000093a00000, 0x0000000093a00000| Untracked 
| 315|0x0000000093b00000, 0x0000000093b00000, 0x0000000093c00000|  0%| F|  |TAMS 0x0000000093b00000, 0x0000000093b00000| Untracked 
| 316|0x0000000093c00000, 0x0000000093c00000, 0x0000000093d00000|  0%| F|  |TAMS 0x0000000093c00000, 0x0000000093c00000| Untracked 
| 317|0x0000000093d00000, 0x0000000093d00000, 0x0000000093e00000|  0%| F|  |TAMS 0x0000000093d00000, 0x0000000093d00000| Untracked 
| 318|0x0000000093e00000, 0x0000000093e00000, 0x0000000093f00000|  0%| F|  |TAMS 0x0000000093e00000, 0x0000000093e00000| Untracked 
| 319|0x0000000093f00000, 0x0000000093f00000, 0x0000000094000000|  0%| F|  |TAMS 0x0000000093f00000, 0x0000000093f00000| Untracked 
| 320|0x0000000094000000, 0x0000000094000000, 0x0000000094100000|  0%| F|  |TAMS 0x0000000094000000, 0x0000000094000000| Untracked 
| 321|0x0000000094100000, 0x0000000094100000, 0x0000000094200000|  0%| F|  |TAMS 0x0000000094100000, 0x0000000094100000| Untracked 
| 322|0x0000000094200000, 0x0000000094200000, 0x0000000094300000|  0%| F|  |TAMS 0x0000000094200000, 0x0000000094200000| Untracked 
| 323|0x0000000094300000, 0x0000000094300000, 0x0000000094400000|  0%| F|  |TAMS 0x0000000094300000, 0x0000000094300000| Untracked 
| 324|0x0000000094400000, 0x0000000094400000, 0x0000000094500000|  0%| F|  |TAMS 0x0000000094400000, 0x0000000094400000| Untracked 
| 325|0x0000000094500000, 0x0000000094500000, 0x0000000094600000|  0%| F|  |TAMS 0x0000000094500000, 0x0000000094500000| Untracked 
| 326|0x0000000094600000, 0x0000000094600000, 0x0000000094700000|  0%| F|  |TAMS 0x0000000094600000, 0x0000000094600000| Untracked 
| 327|0x0000000094700000, 0x0000000094700000, 0x0000000094800000|  0%| F|  |TAMS 0x0000000094700000, 0x0000000094700000| Untracked 
| 328|0x0000000094800000, 0x0000000094800000, 0x0000000094900000|  0%| F|  |TAMS 0x0000000094800000, 0x0000000094800000| Untracked 
| 329|0x0000000094900000, 0x0000000094900000, 0x0000000094a00000|  0%| F|  |TAMS 0x0000000094900000, 0x0000000094900000| Untracked 
| 330|0x0000000094a00000, 0x0000000094a00000, 0x0000000094b00000|  0%| F|  |TAMS 0x0000000094a00000, 0x0000000094a00000| Untracked 
| 331|0x0000000094b00000, 0x0000000094b00000, 0x0000000094c00000|  0%| F|  |TAMS 0x0000000094b00000, 0x0000000094b00000| Untracked 
| 332|0x0000000094c00000, 0x0000000094c00000, 0x0000000094d00000|  0%| F|  |TAMS 0x0000000094c00000, 0x0000000094c00000| Untracked 
| 333|0x0000000094d00000, 0x0000000094d00000, 0x0000000094e00000|  0%| F|  |TAMS 0x0000000094d00000, 0x0000000094d00000| Untracked 

Card table byte_map: [0x000001febbc70000,0x000001febc070000] _byte_map_base: 0x000001febb870000

Marking Bits (Prev, Next): (CMBitMap*) 0x000001fea89bca80, (CMBitMap*) 0x000001fea89bca48
 Prev Bits: [0x000001febe470000, 0x000001fec0470000)
 Next Bits: [0x000001febc470000, 0x000001febe470000)

Polling page: 0x000001fea7030000

Metaspace:

Usage:
  Non-class:     90.29 MB capacity,    88.58 MB ( 98%) used,     1.38 MB (  2%) free+waste,   335.19 KB ( <1%) overhead. 
      Class:     14.32 MB capacity,    13.30 MB ( 93%) used,   894.92 KB (  6%) free+waste,   151.31 KB (  1%) overhead. 
       Both:    104.61 MB capacity,   101.88 MB ( 97%) used,     2.25 MB (  2%) free+waste,   486.50 KB ( <1%) overhead. 

Virtual space:
  Non-class space:       92.00 MB reserved,      90.54 MB ( 98%) committed 
      Class space:        1.00 GB reserved,      14.38 MB (  1%) committed 
             Both:        1.09 GB reserved,     104.91 MB (  9%) committed 

Chunk freelists:
   Non-Class:  63.00 KB
       Class:  25.00 KB
        Both:  88.00 KB

MaxMetaspaceSize: 17179869184.00 GB
CompressedClassSpaceSize: 1.00 GB

CodeHeap 'non-profiled nmethods': size=120064Kb used=7845Kb max_used=7845Kb free=112218Kb
 bounds [0x000001feb3f30000, 0x000001feb46e0000, 0x000001febb470000]
CodeHeap 'profiled nmethods': size=120000Kb used=27886Kb max_used=27886Kb free=92113Kb
 bounds [0x000001feaca00000, 0x000001feae540000, 0x000001feb3f30000]
CodeHeap 'non-nmethods': size=5696Kb used=2300Kb max_used=2360Kb free=3395Kb
 bounds [0x000001feac470000, 0x000001feac6e0000, 0x000001feaca00000]
 total_blobs=13870 nmethods=12948 adapters=834
 compilation: enabled
              stopped_count=0, restarted_count=0
 full_count=0

Compilation events (20 events):
Event: 112.796 Thread 0x000001fec2888800 nmethod 13118 0x000001feae538c10 code [0x000001feae538ec0, 0x000001feae539d98]
Event: 112.796 Thread 0x000001fec2888800 13119       1       org.gradle.internal.execution.UnitOfWork$InputPropertyType::isIncremental (5 bytes)
Event: 112.797 Thread 0x000001fec2888800 nmethod 13119 0x000001feb46d8290 code [0x000001feb46d8440, 0x000001feb46d84f8]
Event: 112.802 Thread 0x000001fec2873800 nmethod 13120 0x000001feb46d8590 code [0x000001feb46d8720, 0x000001feb46d88d8]
Event: 113.231 Thread 0x000001fec2888800 13121       3       kotlin.reflect.jvm.internal.pcollections.IntTree::get (60 bytes)
Event: 113.231 Thread 0x000001fec2888800 nmethod 13121 0x000001feae53a310 code [0x000001feae53a4e0, 0x000001feae53a758]
Event: 113.232 Thread 0x000001fec2888800 13122       1       kotlin.reflect.jvm.internal.KClassImpl::getJClass (5 bytes)
Event: 113.232 Thread 0x000001fec2888800 nmethod 13122 0x000001feb46d8990 code [0x000001feb46d8b40, 0x000001feb46d8bf8]
Event: 113.321 Thread 0x000001fec2888800 13123       3       kotlin.reflect.jvm.internal.impl.name.FqNameUnsafe::isRoot (8 bytes)
Event: 113.321 Thread 0x000001fec2888800 nmethod 13123 0x000001feae53a890 code [0x000001feae53aa40, 0x000001feae53ac18]
Event: 113.324 Thread 0x000001fec2888800 13124       3       kotlin.reflect.jvm.internal.impl.name.FqName::asString (16 bytes)
Event: 113.324 Thread 0x000001fec2888800 nmethod 13124 0x000001feae53ad10 code [0x000001feae53aee0, 0x000001feae53b138]
Event: 113.324 Thread 0x000001fec2888800 13126       3       kotlin.reflect.jvm.internal.impl.name.FqName::toUnsafe (13 bytes)
Event: 113.324 Thread 0x000001fec2888800 nmethod 13126 0x000001feae53b290 code [0x000001feae53b440, 0x000001feae53b5c8]
Event: 113.324 Thread 0x000001fec2888800 13125       3       kotlin.reflect.jvm.internal.impl.name.FqNameUnsafe::asString (13 bytes)
Event: 113.325 Thread 0x000001fec2888800 nmethod 13125 0x000001feae53b690 code [0x000001feae53b840, 0x000001feae53b9c8]
Event: 113.391 Thread 0x000001fec2873800 13127   !   4       java.util.zip.Inflater::reset (64 bytes)
Event: 113.396 Thread 0x000001fec2873800 nmethod 13127 0x000001feb46d8c90 code [0x000001feb46d8e40, 0x000001feb46d92e8]
Event: 113.475 Thread 0x000001fec2888800 13128       1       kotlin.reflect.jvm.internal.pcollections.ConsPStack::size (5 bytes)
Event: 113.476 Thread 0x000001fec2888800 nmethod 13128 0x000001feb46d9490 code [0x000001feb46d9640, 0x000001feb46d96f8]

GC Heap History (20 events):
Event: 101.413 GC heap after
{Heap after GC invocations=63 (full 0):
 garbage-first heap   total 139264K, used 102400K [0x0000000080000000, 0x0000000100000000)
  region size 1024K, 2 young (2048K), 2 survivors (2048K)
 Metaspace       used 101528K, capacity 104270K, committed 104484K, reserved 1140736K
  class space    used 13211K, capacity 14252K, committed 14336K, reserved 1048576K
}
Event: 101.695 GC heap before
{Heap before GC invocations=63 (full 0):
 garbage-first heap   total 139264K, used 112640K [0x0000000080000000, 0x0000000100000000)
  region size 1024K, 13 young (13312K), 2 survivors (2048K)
 Metaspace       used 102545K, capacity 105286K, committed 105508K, reserved 1140736K
  class space    used 13493K, capacity 14527K, committed 14592K, reserved 1048576K
}
Event: 101.725 GC heap after
{Heap after GC invocations=64 (full 0):
 garbage-first heap   total 139264K, used 106909K [0x0000000080000000, 0x0000000100000000)
  region size 1024K, 2 young (2048K), 2 survivors (2048K)
 Metaspace       used 102545K, capacity 105286K, committed 105508K, reserved 1140736K
  class space    used 13493K, capacity 14527K, committed 14592K, reserved 1048576K
}
Event: 101.941 GC heap before
{Heap before GC invocations=64 (full 0):
 garbage-first heap   total 139264K, used 115101K [0x0000000080000000, 0x0000000100000000)
  region size 1024K, 10 young (10240K), 2 survivors (2048K)
 Metaspace       used 102743K, capacity 105438K, committed 105508K, reserved 1140736K
  class space    used 13496K, capacity 14530K, committed 14592K, reserved 1048576K
}
Event: 101.976 GC heap after
{Heap after GC invocations=65 (full 0):
 garbage-first heap   total 171008K, used 112005K [0x0000000080000000, 0x0000000100000000)
  region size 1024K, 2 young (2048K), 2 survivors (2048K)
 Metaspace       used 102743K, capacity 105438K, committed 105508K, reserved 1140736K
  class space    used 13496K, capacity 14530K, committed 14592K, reserved 1048576K
}
Event: 102.784 GC heap before
{Heap before GC invocations=66 (full 0):
 garbage-first heap   total 171008K, used 127365K [0x0000000080000000, 0x0000000100000000)
  region size 1024K, 18 young (18432K), 2 survivors (2048K)
 Metaspace       used 102769K, capacity 105503K, committed 105764K, reserved 1140736K
  class space    used 13496K, capacity 14530K, committed 14592K, reserved 1048576K
}
Event: 102.899 GC heap after
{Heap after GC invocations=67 (full 0):
 garbage-first heap   total 171008K, used 120667K [0x0000000080000000, 0x0000000100000000)
  region size 1024K, 3 young (3072K), 3 survivors (3072K)
 Metaspace       used 102769K, capacity 105503K, committed 105764K, reserved 1140736K
  class space    used 13496K, capacity 14530K, committed 14592K, reserved 1048576K
}
Event: 102.974 GC heap before
{Heap before GC invocations=67 (full 0):
 garbage-first heap   total 171008K, used 125787K [0x0000000080000000, 0x0000000100000000)
  region size 1024K, 8 young (8192K), 3 survivors (3072K)
 Metaspace       used 102774K, capacity 105503K, committed 105764K, reserved 1140736K
  class space    used 13496K, capacity 14530K, committed 14592K, reserved 1048576K
}
Event: 103.079 GC heap after
{Heap after GC invocations=68 (full 0):
 garbage-first heap   total 171008K, used 121856K [0x0000000080000000, 0x0000000100000000)
  region size 1024K, 1 young (1024K), 1 survivors (1024K)
 Metaspace       used 102774K, capacity 105503K, committed 105764K, reserved 1140736K
  class space    used 13496K, capacity 14530K, committed 14592K, reserved 1048576K
}
Event: 104.291 GC heap before
{Heap before GC invocations=68 (full 0):
 garbage-first heap   total 171008K, used 134144K [0x0000000080000000, 0x0000000100000000)
  region size 1024K, 14 young (14336K), 1 survivors (1024K)
 Metaspace       used 102832K, capacity 105570K, committed 105764K, reserved 1140736K
  class space    used 13496K, capacity 14530K, committed 14592K, reserved 1048576K
}
Event: 104.321 GC heap after
{Heap after GC invocations=69 (full 0):
 garbage-first heap   total 171008K, used 129280K [0x0000000080000000, 0x0000000100000000)
  region size 1024K, 2 young (2048K), 2 survivors (2048K)
 Metaspace       used 102832K, capacity 105570K, committed 105764K, reserved 1140736K
  class space    used 13496K, capacity 14530K, committed 14592K, reserved 1048576K
}
Event: 104.525 GC heap before
{Heap before GC invocations=69 (full 0):
 garbage-first heap   total 171008K, used 139520K [0x0000000080000000, 0x0000000100000000)
  region size 1024K, 12 young (12288K), 2 survivors (2048K)
 Metaspace       used 102989K, capacity 105725K, committed 106020K, reserved 1140736K
  class space    used 13502K, capacity 14532K, committed 14592K, reserved 1048576K
}
Event: 104.554 GC heap after
{Heap after GC invocations=70 (full 0):
 garbage-first heap   total 342016K, used 134144K [0x0000000080000000, 0x0000000100000000)
  region size 1024K, 2 young (2048K), 2 survivors (2048K)
 Metaspace       used 102989K, capacity 105725K, committed 106020K, reserved 1140736K
  class space    used 13502K, capacity 14532K, committed 14592K, reserved 1048576K
}
Event: 105.755 GC heap before
{Heap before GC invocations=70 (full 0):
 garbage-first heap   total 342016K, used 167936K [0x0000000080000000, 0x0000000100000000)
  region size 1024K, 36 young (36864K), 2 survivors (2048K)
 Metaspace       used 103157K, capacity 105879K, committed 106020K, reserved 1140736K
  class space    used 13506K, capacity 14534K, committed 14592K, reserved 1048576K
}
Event: 105.830 GC heap after
{Heap after GC invocations=71 (full 0):
 garbage-first heap   total 342016K, used 143145K [0x0000000080000000, 0x0000000100000000)
  region size 1024K, 5 young (5120K), 5 survivors (5120K)
 Metaspace       used 103157K, capacity 105879K, committed 106020K, reserved 1140736K
  class space    used 13506K, capacity 14534K, committed 14592K, reserved 1048576K
}
Event: 109.251 GC heap before
{Heap before GC invocations=71 (full 0):
 garbage-first heap   total 342016K, used 180009K [0x0000000080000000, 0x0000000100000000)
  region size 1024K, 36 young (36864K), 5 survivors (5120K)
 Metaspace       used 103310K, capacity 106064K, committed 106276K, reserved 1140736K
  class space    used 13513K, capacity 14545K, committed 14592K, reserved 1048576K
}
Event: 109.343 GC heap after
{Heap after GC invocations=72 (full 0):
 garbage-first heap   total 342016K, used 154624K [0x0000000080000000, 0x0000000100000000)
  region size 1024K, 5 young (5120K), 5 survivors (5120K)
 Metaspace       used 103310K, capacity 106064K, committed 106276K, reserved 1140736K
  class space    used 13513K, capacity 14545K, committed 14592K, reserved 1048576K
}
Event: 109.828 GC heap before
{Heap before GC invocations=72 (full 0):
 garbage-first heap   total 342016K, used 198656K [0x0000000080000000, 0x0000000100000000)
  region size 1024K, 47 young (48128K), 5 survivors (5120K)
 Metaspace       used 103377K, capacity 106097K, committed 106276K, reserved 1140736K
  class space    used 13518K, capacity 14554K, committed 14592K, reserved 1048576K
}
Event: 109.864 GC heap after
{Heap after GC invocations=73 (full 0):
 garbage-first heap   total 342016K, used 163840K [0x0000000080000000, 0x0000000100000000)
  region size 1024K, 6 young (6144K), 6 survivors (6144K)
 Metaspace       used 103377K, capacity 106097K, committed 106276K, reserved 1140736K
  class space    used 13518K, capacity 14554K, committed 14592K, reserved 1048576K
}
Event: 113.631 GC heap before
{Heap before GC invocations=73 (full 0):
 garbage-first heap   total 342016K, used 225280K [0x0000000080000000, 0x0000000100000000)
  region size 1024K, 59 young (60416K), 6 survivors (6144K)
 Metaspace       used 104323K, capacity 107116K, committed 107428K, reserved 1142784K
  class space    used 13616K, capacity 14663K, committed 14720K, reserved 1048576K
}

Deoptimization events (20 events):
Event: 112.769 Thread 0x000001fec47c9800 Uncommon trap: trap_request=0xffffffde fr.pc=0x000001feb443ea0c relative=0x0000000000000e4c
Event: 112.769 Thread 0x000001fec47c9800 Uncommon trap: reason=class_check action=maybe_recompile pc=0x000001feb443ea0c method=org.gradle.internal.snapshot.ChildMap$Entry.handleAncestorDescendantOrExactMatch(Lorg/gradle/internal/snapshot/VfsRelativePath;Lorg/gradle/internal/snapshot/CaseSensitiv
Event: 112.769 Thread 0x000001fec47c9800 DEOPT PACKING pc=0x000001feb443ea0c sp=0x0000007a66af8b80
Event: 112.769 Thread 0x000001fec47c9800 DEOPT UNPACKING pc=0x000001feac496ca9 sp=0x0000007a66af8b70 mode 2
Event: 112.790 Thread 0x000001fec47c9800 Uncommon trap: trap_request=0xffffffc6 fr.pc=0x000001feb44d3c2c relative=0x000000000000006c
Event: 112.790 Thread 0x000001fec47c9800 Uncommon trap: reason=bimorphic_or_optimized_type_check action=maybe_recompile pc=0x000001feb44d3c2c method=org.gradle.internal.fingerprint.classpath.impl.ClasspathFingerprintingStrategy$ClasspathFingerprintingVisitor.visitEntry(Lorg/gradle/internal/snaps
Event: 112.790 Thread 0x000001fec47c9800 DEOPT PACKING pc=0x000001feb44d3c2c sp=0x0000007a66af95f0
Event: 112.790 Thread 0x000001fec47c9800 DEOPT UNPACKING pc=0x000001feac496ca9 sp=0x0000007a66af9610 mode 2
Event: 112.797 Thread 0x000001fec47c9800 Uncommon trap: trap_request=0xffffffde fr.pc=0x000001feb442f798 relative=0x0000000000000078
Event: 112.797 Thread 0x000001fec47c9800 Uncommon trap: reason=class_check action=maybe_recompile pc=0x000001feb442f798 method=java.util.AbstractList$RandomAccessSpliterator.getFence()I @ 34 c2
Event: 112.797 Thread 0x000001fec47c9800 DEOPT PACKING pc=0x000001feb442f798 sp=0x0000007a66af9250
Event: 112.797 Thread 0x000001fec47c9800 DEOPT UNPACKING pc=0x000001feac496ca9 sp=0x0000007a66af91d0 mode 2
Event: 112.808 Thread 0x000001fec47c9800 Uncommon trap: trap_request=0xffffff4d fr.pc=0x000001feb4378bb8 relative=0x0000000000000718
Event: 112.808 Thread 0x000001fec47c9800 Uncommon trap: reason=unstable_if action=reinterpret pc=0x000001feb4378bb8 method=org.gradle.internal.snapshot.VfsRelativePath.compareToFirstSegment(Ljava/lang/String;Lorg/gradle/internal/snapshot/CaseSensitivity;)I @ 134 c2
Event: 112.808 Thread 0x000001fec47c9800 DEOPT PACKING pc=0x000001feb4378bb8 sp=0x0000007a66af6fc0
Event: 112.808 Thread 0x000001fec47c9800 DEOPT UNPACKING pc=0x000001feac496ca9 sp=0x0000007a66af6f40 mode 2
Event: 113.362 Thread 0x000001fec47c9800 Uncommon trap: trap_request=0xffffff4d fr.pc=0x000001feb44a16ac relative=0x00000000000001ec
Event: 113.362 Thread 0x000001fec47c9800 Uncommon trap: reason=unstable_if action=reinterpret pc=0x000001feb44a16ac method=java.lang.String.lastIndexOf([BBILjava/lang/String;I)I @ 28 c2
Event: 113.362 Thread 0x000001fec47c9800 DEOPT PACKING pc=0x000001feb44a16ac sp=0x0000007a66af55d0
Event: 113.362 Thread 0x000001fec47c9800 DEOPT UNPACKING pc=0x000001feac496ca9 sp=0x0000007a66af5568 mode 2

Classes redefined (0 events):
No events

Internal exceptions (20 events):
Event: 94.599 Thread 0x000001fec5a60800 Exception <a 'java/lang/IncompatibleClassChangeError'{0x00000000863ad470}: Found class java.lang.Object, but interface was expected> (0x00000000863ad470) thrown at [./src/hotspot/share/interpreter/linkResolver.cpp, line 839]
Event: 94.600 Thread 0x000001fec5a60800 Exception <a 'java/lang/IncompatibleClassChangeError'{0x00000000863b5bf8}: Found class java.lang.Object, but interface was expected> (0x00000000863b5bf8) thrown at [./src/hotspot/share/interpreter/linkResolver.cpp, line 839]
Event: 94.679 Thread 0x000001fec5a60800 Exception <a 'java/lang/NoSuchMethodError'{0x0000000086b63538}: 'void java.lang.invoke.DirectMethodHandle$Holder.invokeStatic(java.lang.Object, java.lang.Object, java.lang.Object, int)'> (0x0000000086b63538) thrown at [./src/hotspot/share/interpreter/linkResolver.cpp, line 773]
Event: 94.680 Thread 0x000001fec5a60800 Exception <a 'java/lang/IncompatibleClassChangeError'{0x0000000086b6b2d8}: Found class java.lang.Object, but interface was expected> (0x0000000086b6b2d8) thrown at [./src/hotspot/share/interpreter/linkResolver.cpp, line 839]
Event: 95.204 Thread 0x000001fec5a60800 Exception <a 'java/lang/NoSuchMethodError'{0x00000000867ab028}: 'java.lang.Object java.lang.invoke.DirectMethodHandle$Holder.invokeStatic(java.lang.Object, int, java.lang.Object, java.lang.Object)'> (0x00000000867ab028) thrown at [./src/hotspot/share/interpreter/linkResolver.cpp, line 773]
Event: 95.253 Thread 0x000001fec5a60800 Exception <a 'java/lang/NoSuchMethodError'{0x0000000086657820}: 'java.lang.Object java.lang.invoke.Invokers$Holder.linkToTargetMethod(java.lang.Object, java.lang.Object, java.lang.Object, java.lang.Object, java.lang.Object, java.lang.Object, java.lang.Object, java.lang.Object)'> (0x0000000086657820) thrown at [./src/hotspot/share/interpreter/linkResolver.cpp, line 773]
Event: 95.272 Thread 0x000001fec5a60800 Exception <a 'java/lang/NoSuchMethodError'{0x00000000866eb4c8}: 'java.lang.Object java.lang.invoke.Invokers$Holder.linkToTargetMethod(java.lang.Object, java.lang.Object, java.lang.Object, java.lang.Object, java.lang.Object, java.lang.Object, java.lang.Object)'> (0x00000000866eb4c8) thrown at [./src/hotspot/share/interpreter/linkResolver.cpp, line 773]
Event: 95.414 Thread 0x000001fec5a60800 Exception <a 'java/lang/NoSuchMethodError'{0x0000000086a2b4b0}: 'java.lang.Object java.lang.invoke.DirectMethodHandle$Holder.invokeVirtual(java.lang.Object, java.lang.Object, int, java.lang.Object)'> (0x0000000086a2b4b0) thrown at [./src/hotspot/share/interpreter/linkResolver.cpp, line 773]
Event: 95.509 Thread 0x000001fec5a60800 Exception <a 'java/lang/NoSuchMethodError'{0x0000000086af5590}: 'void java.lang.invoke.DirectMethodHandle$Holder.invokeVirtual(java.lang.Object, java.lang.Object, int, java.lang.Object)'> (0x0000000086af5590) thrown at [./src/hotspot/share/interpreter/linkResolver.cpp, line 773]
Event: 96.035 Thread 0x000001fec5a60800 Exception <a 'java/lang/IncompatibleClassChangeError'{0x0000000086505858}: Found class java.lang.Object, but interface was expected> (0x0000000086505858) thrown at [./src/hotspot/share/interpreter/linkResolver.cpp, line 839]
Event: 96.070 Thread 0x000001fec5a60800 Exception <a 'java/lang/NoSuchMethodError'{0x00000000865b9590}: 'void java.lang.invoke.DirectMethodHandle$Holder.invokeSpecial(java.lang.Object, java.lang.Object, int, java.lang.Object, java.lang.Object, java.lang.Object, java.lang.Object)'> (0x00000000865b9590) thrown at [./src/hotspot/share/interpreter/linkResolver.cpp, line 773]
Event: 96.071 Thread 0x000001fec5a60800 Exception <a 'java/lang/NoSuchMethodError'{0x00000000865c4c40}: 'java.lang.Object java.lang.invoke.Invokers$Holder.linkToTargetMethod(java.lang.Object, int, java.lang.Object, java.lang.Object, java.lang.Object, java.lang.Object)'> (0x00000000865c4c40) thrown at [./src/hotspot/share/interpreter/linkResolver.cpp, line 773]
Event: 96.071 Thread 0x000001fec5a60800 Exception <a 'java/lang/NoSuchMethodError'{0x00000000865c88f8}: 'void java.lang.invoke.DirectMethodHandle$Holder.invokeSpecial(java.lang.Object, java.lang.Object, java.lang.Object, java.lang.Object, java.lang.Object, java.lang.Object, java.lang.Object, java.lang.Object, java.lang.Object)'> (0x00000000865c88f8) thrown at [./src/hotspot/share/interpreter/linkResolver.cpp, line 773]
Event: 96.073 Thread 0x000001fec5a60800 Exception <a 'java/lang/NoSuchMethodError'{0x00000000865e03c8}: 'void java.lang.invoke.DirectMethodHandle$Holder.invokeStatic(java.lang.Object, java.lang.Object, java.lang.Object, java.lang.Object, java.lang.Object, java.lang.Object, java.lang.Object, java.lang.Object)'> (0x00000000865e03c8) thrown at [./src/hotspot/share/interpreter/linkResolver.cpp, line 773]
Event: 96.199 Thread 0x000001fec5a60800 Exception <a 'java/lang/NoSuchMethodError'{0x0000000086271098}: 'void java.lang.invoke.DirectMethodHandle$Holder.invokeVirtual(java.lang.Object, java.lang.Object, int)'> (0x0000000086271098) thrown at [./src/hotspot/share/interpreter/linkResolver.cpp, line 773]
Event: 96.360 Thread 0x000001fec5a60800 Exception <a 'sun/nio/fs/WindowsException'{0x00000000862d4968}> (0x00000000862d4968) thrown at [./src/hotspot/share/prims/jni.cpp, line 615]
Event: 100.758 Thread 0x000001fec5a60800 Exception <a 'sun/nio/fs/WindowsException'{0x0000000086aee650}> (0x0000000086aee650) thrown at [./src/hotspot/share/prims/jni.cpp, line 615]
Event: 101.431 Thread 0x000001fec5a60800 Implicit null exception at 0x000001feb45b889c to 0x000001feb45b92c8
Event: 108.534 Thread 0x000001fec5a60800 Exception <a 'java/lang/IncompatibleClassChangeError'{0x00000000941ebd30}: Found class java.lang.Object, but interface was expected> (0x00000000941ebd30) thrown at [./src/hotspot/share/interpreter/linkResolver.cpp, line 839]
Event: 110.759 Thread 0x000001fec9848000 Exception <a 'sun/nio/fs/WindowsException'{0x00000000923c4d40}> (0x00000000923c4d40) thrown at [./src/hotspot/share/prims/jni.cpp, line 615]

Events (20 events):
Event: 113.579 loading class kotlin/reflect/jvm/internal/impl/protobuf/InvalidProtocolBufferException done
Event: 113.582 loading class kotlin/reflect/jvm/internal/impl/load/kotlin/DeserializedDescriptorResolver$Companion
Event: 113.582 loading class kotlin/reflect/jvm/internal/impl/load/kotlin/DeserializedDescriptorResolver$Companion done
Event: 113.583 loading class kotlin/reflect/jvm/internal/impl/load/kotlin/header/KotlinClassHeader$Kind
Event: 113.583 loading class kotlin/reflect/jvm/internal/impl/load/kotlin/header/KotlinClassHeader$Kind done
Event: 113.588 loading class kotlin/reflect/jvm/internal/impl/load/kotlin/header/KotlinClassHeader$Kind$Companion
Event: 113.588 loading class kotlin/reflect/jvm/internal/impl/load/kotlin/header/KotlinClassHeader$Kind$Companion done
Event: 113.590 loading class kotlin/reflect/jvm/internal/impl/metadata/jvm/deserialization/JvmMetadataVersion
Event: 113.590 loading class kotlin/reflect/jvm/internal/impl/metadata/jvm/deserialization/JvmMetadataVersion done
Event: 113.597 loading class kotlin/reflect/jvm/internal/impl/metadata/deserialization/BinaryVersion
Event: 113.597 loading class kotlin/reflect/jvm/internal/impl/metadata/deserialization/BinaryVersion done
Event: 113.613 loading class kotlin/reflect/jvm/internal/impl/metadata/deserialization/BinaryVersion$Companion
Event: 113.613 loading class kotlin/reflect/jvm/internal/impl/metadata/deserialization/BinaryVersion$Companion done
Event: 113.614 loading class kotlin/reflect/jvm/internal/impl/metadata/jvm/deserialization/JvmMetadataVersion$Companion
Event: 113.614 loading class kotlin/reflect/jvm/internal/impl/metadata/jvm/deserialization/JvmMetadataVersion$Companion done
Event: 113.616 loading class kotlin/reflect/jvm/internal/impl/load/java/lazy/SingleModuleClassResolver
Event: 113.616 loading class kotlin/reflect/jvm/internal/impl/load/java/lazy/SingleModuleClassResolver done
Event: 113.630 loading class kotlin/reflect/jvm/internal/impl/load/java/lazy/ModuleClassResolver
Event: 113.630 loading class kotlin/reflect/jvm/internal/impl/load/java/lazy/ModuleClassResolver done
Event: 113.630 Executing VM operation: G1CollectForAllocation


Dynamic libraries:
0x00007ff76a5f0000 - 0x00007ff76a5fa000 	C:\Program Files\Android\Android Studio\jre\bin\java.exe
0x00007ffbc83d0000 - 0x00007ffbc85c5000 	C:\WINDOWS\SYSTEM32\ntdll.dll
0x00007ffbc74c0000 - 0x00007ffbc757e000 	C:\WINDOWS\System32\KERNEL32.DLL
0x00007ffbc5af0000 - 0x00007ffbc5db9000 	C:\WINDOWS\System32\KERNELBASE.dll
0x00007ffbc6160000 - 0x00007ffbc6260000 	C:\WINDOWS\System32\ucrtbase.dll
0x00007ffbbad80000 - 0x00007ffbbad97000 	C:\Program Files\Android\Android Studio\jre\bin\VCRUNTIME140.dll
0x00007ffbbabf0000 - 0x00007ffbbac09000 	C:\Program Files\Android\Android Studio\jre\bin\jli.dll
0x00007ffbc81e0000 - 0x00007ffbc8381000 	C:\WINDOWS\System32\USER32.dll
0x00007ffbc6130000 - 0x00007ffbc6152000 	C:\WINDOWS\System32\win32u.dll
0x00007ffba71e0000 - 0x00007ffba747a000 	C:\WINDOWS\WinSxS\amd64_microsoft.windows.common-controls_6595b64144ccf1df_6.0.19041.1110_none_60b5254171f9507e\COMCTL32.dll
0x00007ffbc67d0000 - 0x00007ffbc67fb000 	C:\WINDOWS\System32\GDI32.dll
0x00007ffbc6a80000 - 0x00007ffbc6b1e000 	C:\WINDOWS\System32\msvcrt.dll
0x00007ffbc5f50000 - 0x00007ffbc605b000 	C:\WINDOWS\System32\gdi32full.dll
0x00007ffbc6090000 - 0x00007ffbc612d000 	C:\WINDOWS\System32\msvcp_win.dll
0x00007ffbc6d50000 - 0x00007ffbc6d80000 	C:\WINDOWS\System32\IMM32.DLL
0x00007ffba0df0000 - 0x00007ffba0e8d000 	C:\Program Files\Android\Android Studio\jre\bin\msvcp140.dll
0x00007ffb374c0000 - 0x00007ffb37f8f000 	C:\Program Files\Android\Android Studio\jre\bin\server\jvm.dll
0x00007ffbc6420000 - 0x00007ffbc64cc000 	C:\WINDOWS\System32\ADVAPI32.dll
0x00007ffbc6c00000 - 0x00007ffbc6c9b000 	C:\WINDOWS\System32\sechost.dll
0x00007ffbc64d0000 - 0x00007ffbc65fa000 	C:\WINDOWS\System32\RPCRT4.dll
0x00007ffbc78f0000 - 0x00007ffbc78f8000 	C:\WINDOWS\System32\PSAPI.DLL
0x00007ffbbadd0000 - 0x00007ffbbadd9000 	C:\WINDOWS\SYSTEM32\WSOCK32.dll
0x00007ffbab510000 - 0x00007ffbab537000 	C:\WINDOWS\SYSTEM32\WINMM.dll
0x00007ffbc6a10000 - 0x00007ffbc6a7b000 	C:\WINDOWS\System32\WS2_32.dll
0x00007ffbbde50000 - 0x00007ffbbde5a000 	C:\WINDOWS\SYSTEM32\VERSION.dll
0x00007ffbc4370000 - 0x00007ffbc4382000 	C:\WINDOWS\SYSTEM32\kernel.appcore.dll
0x00007ffbacb20000 - 0x00007ffbacb31000 	C:\Program Files\Android\Android Studio\jre\bin\verify.dll
0x00007ffbc4080000 - 0x00007ffbc4264000 	C:\WINDOWS\SYSTEM32\DBGHELP.DLL
0x00007ffbac190000 - 0x00007ffbac1bc000 	C:\WINDOWS\SYSTEM32\dbgcore.DLL
0x00007ffbc5e10000 - 0x00007ffbc5e93000 	C:\WINDOWS\System32\bcryptPrimitives.dll
0x00007ffbacaf0000 - 0x00007ffbacb19000 	C:\Program Files\Android\Android Studio\jre\bin\java.dll
0x00007ffbb3b10000 - 0x00007ffbb3b1b000 	C:\Program Files\Android\Android Studio\jre\bin\jimage.dll
0x00007ffbacab0000 - 0x00007ffbacac8000 	C:\Program Files\Android\Android Studio\jre\bin\zip.dll
0x00007ffbc6d80000 - 0x00007ffbc74bf000 	C:\WINDOWS\System32\SHELL32.dll
0x00007ffbc3820000 - 0x00007ffbc3fb0000 	C:\WINDOWS\SYSTEM32\windows.storage.dll
0x00007ffbc7990000 - 0x00007ffbc7ce5000 	C:\WINDOWS\System32\combase.dll
0x00007ffbc54d0000 - 0x00007ffbc54fc000 	C:\WINDOWS\SYSTEM32\Wldp.dll
0x00007ffbc6ca0000 - 0x00007ffbc6d4e000 	C:\WINDOWS\System32\SHCORE.dll
0x00007ffbc77e0000 - 0x00007ffbc7835000 	C:\WINDOWS\System32\shlwapi.dll
0x00007ffbc5a30000 - 0x00007ffbc5a4f000 	C:\WINDOWS\SYSTEM32\profapi.dll
0x00007ffbaab60000 - 0x00007ffbaab7a000 	C:\Program Files\Android\Android Studio\jre\bin\net.dll
0x00007ffbb1de0000 - 0x00007ffbb1ee8000 	C:\WINDOWS\SYSTEM32\WINHTTP.dll
0x00007ffbc5230000 - 0x00007ffbc529a000 	C:\WINDOWS\system32\mswsock.dll
0x00007ffba0c30000 - 0x00007ffba0c44000 	C:\Program Files\Android\Android Studio\jre\bin\nio.dll
0x00007ffba0d60000 - 0x00007ffba0d87000 	C:\Users\hp\.gradle\native\8bec1ad78214c89d9ad589b4d07fe93259594b29d510b10fafb7a158f7737e5d\windows-amd64\native-platform.dll
0x00007ffb85220000 - 0x00007ffb8535d000 	C:\Users\hp\.gradle\native\53dbd7edfb1c66fb8903c78663c9afc45aea4f116125fa6feffd364cf09443e8\windows-amd64\native-platform-file-events.dll
0x00007ffbacc40000 - 0x00007ffbacc4a000 	C:\Program Files\Android\Android Studio\jre\bin\management.dll
0x00007ffbacbd0000 - 0x00007ffbacbdc000 	C:\Program Files\Android\Android Studio\jre\bin\management_ext.dll
0x00007ffbc5420000 - 0x00007ffbc5438000 	C:\WINDOWS\SYSTEM32\CRYPTSP.dll
0x00007ffbc4b50000 - 0x00007ffbc4b84000 	C:\WINDOWS\system32\rsaenh.dll
0x00007ffbc6060000 - 0x00007ffbc6087000 	C:\WINDOWS\System32\bcrypt.dll
0x00007ffbc59b0000 - 0x00007ffbc59de000 	C:\WINDOWS\SYSTEM32\USERENV.dll
0x00007ffbc5440000 - 0x00007ffbc544c000 	C:\WINDOWS\SYSTEM32\CRYPTBASE.dll
0x00007ffbc4ec0000 - 0x00007ffbc4efb000 	C:\WINDOWS\SYSTEM32\IPHLPAPI.DLL
0x00007ffbc8170000 - 0x00007ffbc8178000 	C:\WINDOWS\System32\NSI.dll
0x00007ffbc3690000 - 0x00007ffbc36a7000 	C:\WINDOWS\SYSTEM32\dhcpcsvc6.DLL
0x00007ffbc3670000 - 0x00007ffbc368d000 	C:\WINDOWS\SYSTEM32\dhcpcsvc.DLL
0x00007ffbc4f00000 - 0x00007ffbc4fcc000 	C:\WINDOWS\SYSTEM32\DNSAPI.dll

dbghelp: loaded successfully - version: 4.0.5 - missing functions: none
symbol engine: initialized successfully - sym options: 0x614 - pdb path: .;C:\Program Files\Android\Android Studio\jre\bin;C:\WINDOWS\SYSTEM32;C:\WINDOWS\WinSxS\amd64_microsoft.windows.common-controls_6595b64144ccf1df_6.0.19041.1110_none_60b5254171f9507e;C:\Program Files\Android\Android Studio\jre\bin\server;C:\Users\hp\.gradle\native\8bec1ad78214c89d9ad589b4d07fe93259594b29d510b10fafb7a158f7737e5d\windows-amd64;C:\Users\hp\.gradle\native\53dbd7edfb1c66fb8903c78663c9afc45aea4f116125fa6feffd364cf09443e8\windows-amd64

VM Arguments:
jvm_args: --add-opens=java.base/java.util=ALL-UNNAMED --add-opens=java.base/java.lang=ALL-UNNAMED --add-opens=java.base/java.lang.invoke=ALL-UNNAMED --add-opens=java.base/java.util=ALL-UNNAMED --add-opens=java.prefs/java.util.prefs=ALL-UNNAMED --add-opens=java.prefs/java.util.prefs=ALL-UNNAMED --add-opens=java.base/java.nio.charset=ALL-UNNAMED --add-opens=java.base/java.net=ALL-UNNAMED --add-opens=java.base/java.util.concurrent.atomic=ALL-UNNAMED -Xmx2048m -Dfile.encoding=UTF-8 -Duser.country=US -Duser.language=en -Duser.variant 
java_command: org.gradle.launcher.daemon.bootstrap.GradleDaemon 7.0.2
java_class_path (initial): C:\Users\hp\.gradle\wrapper\dists\gradle-7.0.2-bin\857tjihv64xamwrf0h14cai3r\gradle-7.0.2\lib\gradle-launcher-7.0.2.jar
Launcher Type: SUN_STANDARD

[Global flags]
     intx CICompilerCount                          = 2                                         {product} {ergonomic}
     uint ConcGCThreads                            = 1                                         {product} {ergonomic}
     uint G1ConcRefinementThreads                  = 2                                         {product} {ergonomic}
   size_t G1HeapRegionSize                         = 1048576                                   {product} {ergonomic}
    uintx GCDrainStackTargetSize                   = 64                                        {product} {ergonomic}
   size_t InitialHeapSize                          = 65011712                                  {product} {ergonomic}
   size_t MarkStackSize                            = 4194304                                   {product} {ergonomic}
   size_t MaxHeapSize                              = 2147483648                                {product} {command line}
   size_t MaxNewSize                               = 1287651328                                {product} {ergonomic}
   size_t MinHeapDeltaBytes                        = 1048576                                   {product} {ergonomic}
    uintx NonNMethodCodeHeapSize                   = 5825164                                {pd product} {ergonomic}
    uintx NonProfiledCodeHeapSize                  = 122916538                              {pd product} {ergonomic}
    uintx ProfiledCodeHeapSize                     = 122916538                              {pd product} {ergonomic}
    uintx ReservedCodeCacheSize                    = 251658240                              {pd product} {ergonomic}
     bool SegmentedCodeCache                       = true                                      {product} {ergonomic}
     bool UseCompressedClassPointers               = true                                 {lp64_product} {ergonomic}
     bool UseCompressedOops                        = true                                 {lp64_product} {ergonomic}
     bool UseG1GC                                  = true                                      {product} {ergonomic}
     bool UseLargePagesIndividualAllocation        = false                                  {pd product} {ergonomic}

Logging:
Log output configuration:
 #0: stdout all=warning uptime,level,tags
 #1: stderr all=off uptime,level,tags

Environment Variables:
PATH=C:\Program Files\AdoptOpenJDK\jdk-11.0.10.9-hotspot\bin;C:\Program Files (x86)\Common Files\Oracle\Java\javapath;C:\ProgramData\Oracle\Java\javapath;C:\WINDOWS\system32;C:\WINDOWS;C:\WINDOWS\System32\Wbem;C:\WINDOWS\System32\WindowsPowerShell\v1.0\;C:\WINDOWS\System32\OpenSSH\;E:\App\Git\cmd;C:\Users\hp\AppData\Local\Microsoft\WindowsApps;C:\Users\hp\AppData\Local\GitHubDesktop\bin;C:\Users\hp\AppData\Local\Programs\Microsoft VS Code\bin
USERNAME=hp
OS=Windows_NT
PROCESSOR_IDENTIFIER=Intel64 Family 6 Model 122 Stepping 8, GenuineIntel



---------------  S Y S T E M  ---------------

OS: Windows 10 , 64 bit Build 19041 (10.0.19041.1202)
OS uptime: 1 days 3:04 hours

CPU:total 2 (initial active 2) (2 cores per cpu, 1 threads per core) family 6 model 122 stepping 8 microcode 0x16, cmov, cx8, fxsr, mmx, sse, sse2, sse3, ssse3, sse4.1, sse4.2, popcnt, aes, clmul, erms, 3dnowpref, tsc, tscinvbit, sha

Memory: 4k page, system-wide physical 3858M (116M free)
TotalPageFile size 7954M (AvailPageFile size 215M)
current process WorkingSet (physical memory assigned to process): 364M, peak: 391M
current process commit charge ("private bytes"): 610M, peak: 869M

vm_info: OpenJDK 64-Bit Server VM (11.0.10+0-b96-7249189) for windows-amd64 JRE (11.0.10+0-b96-7249189), built on Mar 31 2021 21:44:00 by "builder" with MS VC++ 14.0 (VS2015)

END.
