#
# There is insufficient memory for the Java Runtime Environment to continue.
# Native memory allocation (mmap) failed to map 370147328 bytes for Failed to commit area from 0x0000000091000000 to 0x00000000a7100000 of length 370147328.
# Possible reasons:
#   The system is out of physical RAM or swap space
#   The process is running with CompressedOops enabled, and the Java Heap may be blocking the growth of the native heap
# Possible solutions:
#   Reduce memory load on the system
#   Increase physical memory or swap space
#   Check if swap backing store is full
#   Decrease Java heap size (-Xmx/-Xms)
#   Decrease number of Java threads
#   Decrease Java thread stack sizes (-Xss)
#   Set larger code cache with -XX:ReservedCodeCacheSize=
#   JVM is running with Unscaled Compressed Oops mode in which the Java heap is
#     placed in the first 4GB address space. The Java Heap base address is the
#     maximum limit for the native heap growth. Please use -XX:HeapBaseMinAddress
#     to set the Java Heap base and to place the Java Heap above 4GB virtual address.
# This output file may be truncated or incomplete.
#
#  Out of Memory Error (./src/hotspot/os/windows/os_windows.cpp:3301), pid=29744, tid=12248
#
# JRE version: OpenJDK Runtime Environment (11.0.10) (build 11.0.10+0-b96-7249189)
# Java VM: OpenJDK 64-Bit Server VM (11.0.10+0-b96-7249189, mixed mode, tiered, compressed oops, g1 gc, windows-amd64)
# No core dump will be written. Minidumps are not enabled by default on client versions of Windows
#

---------------  S U M M A R Y ------------

Command Line: --add-opens=java.base/java.util=ALL-UNNAMED --add-opens=java.base/java.lang=ALL-UNNAMED --add-opens=java.base/java.lang.invoke=ALL-UNNAMED --add-opens=java.base/java.util=ALL-UNNAMED --add-opens=java.prefs/java.util.prefs=ALL-UNNAMED --add-opens=java.prefs/java.util.prefs=ALL-UNNAMED --add-opens=java.base/java.nio.charset=ALL-UNNAMED --add-opens=java.base/java.net=ALL-UNNAMED --add-opens=java.base/java.util.concurrent.atomic=ALL-UNNAMED -Xmx2048m -Dfile.encoding=UTF-8 -Duser.country=US -Duser.language=en -Duser.variant org.gradle.launcher.daemon.bootstrap.GradleDaemon 7.0.2

Host: Intel(R) Celeron(R) N4020 CPU @ 1.10GHz, 2 cores, 3G,  Windows 10 , 64 bit Build 19041 (10.0.19041.1202)
Time: Fri Oct 15 22:03:35 2021 SE Asia Standard Time elapsed time: 930.677876 seconds (0d 0h 15m 30s)

---------------  T H R E A D  ---------------

Current thread (0x000002532d90b800):  VMThread "VM Thread" [stack: 0x00000077c7d00000,0x00000077c7e00000] [id=12248]

Stack: [0x00000077c7d00000,0x00000077c7e00000]
[error occurred during error reporting (printing stack bounds), id 0xc0000005, EXCEPTION_ACCESS_VIOLATION (0xc0000005) at pc=0x0000025317580f3d]

Native frames: (J=compiled Java code, j=interpreted, Vv=VM code, C=native code)
V  [jvm.dll+0x5ecfaa]
V  [jvm.dll+0x722bd5]
V  [jvm.dll+0x72412d]
V  [jvm.dll+0x724745]
V  [jvm.dll+0x7246fb]
V  [jvm.dll+0x5ec348]
V  [jvm.dll+0x5ecad8]
C  [ntdll.dll+0xa20cf]
C  [ntdll.dll+0x51454]
C  [ntdll.dll+0xa0bfe]
C  0x0000025317580f3d

VM_Operation (0x00000077cb0fdd30): G1CollectForAllocation, mode: safepoint, requested by thread 0x00000253306cb800


---------------  P R O C E S S  ---------------

Threads class SMR info:
_java_thread_list=0x00000253346311b0, length=54, elements={
0x0000025313a8c000, 0x000002532d910000, 0x000002532d913000, 0x000002532d96d800,
0x000002532d970000, 0x000002532d971000, 0x000002532d973800, 0x000002532d974800,
0x000002532d98e000, 0x000002532e3de000, 0x000002532efa2000, 0x000002532f300000,
0x000002532fddd800, 0x000002532e5ef800, 0x000002532e5ee000, 0x000002532e5f0800,
0x000002532e5f2000, 0x000002532e5ec800, 0x000002532e62f800, 0x000002532e62b800,
0x000002532e633000, 0x000002532e62e000, 0x000002532e635800, 0x000002532e637000,
0x0000025334364800, 0x0000025334368800, 0x0000025334367000, 0x0000025334368000,
0x0000025334363000, 0x0000025334369800, 0x0000025334365800, 0x0000025334363800,
0x0000025334366000, 0x000002532e634800, 0x000002532e633800, 0x000002532e62e800,
0x000002532e636000, 0x000002532e630800, 0x000002532e631000, 0x000002532e637800,
0x000002532e638800, 0x000002532e639800, 0x000002532e63a000, 0x000002532e5ef000,
0x000002532e5f1000, 0x000002532e5f3000, 0x000002532e5ed000, 0x00000253306ce000,
0x00000253306cd000, 0x00000253306cc000, 0x00000253306c9800, 0x00000253306ca800,
0x00000253306cb800, 0x00000253306c8000
}

Java Threads: ( => current thread )
  0x0000025313a8c000 JavaThread "main" [_thread_blocked, id=29224, stack(0x00000077c7700000,0x00000077c7800000)]
  0x000002532d910000 JavaThread "Reference Handler" daemon [_thread_blocked, id=26740, stack(0x00000077c7e00000,0x00000077c7f00000)]
  0x000002532d913000 JavaThread "Finalizer" daemon [_thread_blocked, id=28460, stack(0x00000077c7f00000,0x00000077c8000000)]
  0x000002532d96d800 JavaThread "Signal Dispatcher" daemon [_thread_blocked, id=12068, stack(0x00000077c8000000,0x00000077c8100000)]
  0x000002532d970000 JavaThread "Attach Listener" daemon [_thread_blocked, id=29204, stack(0x00000077c8100000,0x00000077c8200000)]
  0x000002532d971000 JavaThread "Service Thread" daemon [_thread_blocked, id=27860, stack(0x00000077c8200000,0x00000077c8300000)]
  0x000002532d973800 JavaThread "C2 CompilerThread0" daemon [_thread_blocked, id=15316, stack(0x00000077c8300000,0x00000077c8400000)]
  0x000002532d974800 JavaThread "C1 CompilerThread0" daemon [_thread_blocked, id=25024, stack(0x00000077c8400000,0x00000077c8500000)]
  0x000002532d98e000 JavaThread "Sweeper thread" daemon [_thread_blocked, id=12132, stack(0x00000077c8500000,0x00000077c8600000)]
  0x000002532e3de000 JavaThread "Common-Cleaner" daemon [_thread_blocked, id=24840, stack(0x00000077c8600000,0x00000077c8700000)]
  0x000002532efa2000 JavaThread "Daemon health stats" [_thread_blocked, id=15800, stack(0x00000077c8900000,0x00000077c8a00000)]
  0x000002532f300000 JavaThread "Incoming local TCP Connector on port 59765" [_thread_in_native, id=24160, stack(0x00000077c8a00000,0x00000077c8b00000)]
  0x000002532fddd800 JavaThread "Daemon periodic checks" [_thread_blocked, id=31192, stack(0x00000077c8b00000,0x00000077c8c00000)]
  0x000002532e5ef800 JavaThread "Cache worker for file hash cache (C:\Users\hp\.gradle\caches\7.0.2\fileHashes)" [_thread_blocked, id=29352, stack(0x00000077c9300000,0x00000077c9400000)]
  0x000002532e5ee000 JavaThread "File lock request listener" [_thread_in_native, id=25888, stack(0x00000077c9400000,0x00000077c9500000)]
  0x000002532e5f0800 JavaThread "Cache worker for journal cache (C:\Users\hp\.gradle\caches\journal-1)" [_thread_blocked, id=26128, stack(0x00000077c9500000,0x00000077c9600000)]
  0x000002532e5f2000 JavaThread "File watcher server" daemon [_thread_blocked, id=9992, stack(0x00000077c9700000,0x00000077c9800000)]
  0x000002532e5ec800 JavaThread "File watcher consumer" daemon [_thread_blocked, id=27196, stack(0x00000077c9800000,0x00000077c9900000)]
  0x000002532e62f800 JavaThread "Cache worker for execution history cache (C:\Users\hp\.gradle\caches\7.0.2\executionHistory)" [_thread_blocked, id=13160, stack(0x00000077c9c00000,0x00000077c9d00000)]
  0x000002532e62b800 JavaThread "jar transforms" [_thread_blocked, id=10508, stack(0x00000077c9d00000,0x00000077c9e00000)]
  0x000002532e633000 JavaThread "jar transforms Thread 2" [_thread_blocked, id=13240, stack(0x00000077c9e00000,0x00000077c9f00000)]
  0x000002532e62e000 JavaThread "Cache worker for file content cache (C:\Users\hp\.gradle\caches\7.0.2\fileContent)" [_thread_blocked, id=29032, stack(0x00000077c9f00000,0x00000077ca000000)]
  0x000002532e635800 JavaThread "Memory manager" [_thread_blocked, id=29252, stack(0x00000077ca400000,0x00000077ca500000)]
  0x000002532e637000 JavaThread "pool-3-thread-1" [_thread_blocked, id=28132, stack(0x00000077ca800000,0x00000077ca900000)]
  0x0000025334364800 JavaThread "ForkJoinPool.commonPool-worker-1" daemon [_thread_blocked, id=29804, stack(0x00000077cae00000,0x00000077caf00000)]
  0x0000025334368800 JavaThread "Daemon Thread 2" [_thread_blocked, id=10408, stack(0x00000077c7400000,0x00000077c7500000)]
  0x0000025334367000 JavaThread "Handler for socket connection from /127.0.0.1:59765 to /127.0.0.1:59865" [_thread_in_native, id=11688, stack(0x00000077c7500000,0x00000077c7600000)]
  0x0000025334368000 JavaThread "Cancel handler" [_thread_blocked, id=13652, stack(0x00000077c7600000,0x00000077c7700000)]
  0x0000025334363000 JavaThread "Daemon worker Thread 2" [_thread_blocked, id=26488, stack(0x00000077c8c00000,0x00000077c8d00000)]
  0x0000025334369800 JavaThread "Asynchronous log dispatcher for DefaultDaemonConnection: socket connection from /127.0.0.1:59765 to /127.0.0.1:59865" [_thread_blocked, id=18688, stack(0x00000077c8d00000,0x00000077c8e00000)]
  0x0000025334365800 JavaThread "Stdin handler" [_thread_blocked, id=31068, stack(0x00000077c8e00000,0x00000077c8f00000)]
  0x0000025334363800 JavaThread "Daemon client event forwarder" [_thread_blocked, id=27284, stack(0x00000077c8f00000,0x00000077c9000000)]
  0x0000025334366000 JavaThread "Cache worker for file hash cache (E:\AndroidStudioProjects\ImpIntentApp\.gradle\7.0.2\fileHashes)" [_thread_blocked, id=26888, stack(0x00000077c9000000,0x00000077c9100000)]
  0x000002532e634800 JavaThread "Cache worker for checksums cache (E:\AndroidStudioProjects\ImpIntentApp\.gradle\checksums)" [_thread_blocked, id=1428, stack(0x00000077c9100000,0x00000077c9200000)]
  0x000002532e633800 JavaThread "Cache worker for cache directory md-supplier (C:\Users\hp\.gradle\caches\7.0.2\md-supplier)" [_thread_blocked, id=31036, stack(0x00000077c9200000,0x00000077c9300000)]
  0x000002532e62e800 JavaThread "Cache worker for cache directory md-rule (C:\Users\hp\.gradle\caches\7.0.2\md-rule)" [_thread_blocked, id=27616, stack(0x00000077c9600000,0x00000077c9700000)]
  0x000002532e636000 JavaThread "Cache worker for dependencies-accessors (E:\AndroidStudioProjects\ImpIntentApp\.gradle\7.0.2\dependencies-accessors)" [_thread_blocked, id=29768, stack(0x00000077c9900000,0x00000077c9a00000)]
  0x000002532e630800 JavaThread "Cache worker for Build Output Cleanup Cache (E:\AndroidStudioProjects\ImpIntentApp\.gradle\buildOutputCleanup)" [_thread_blocked, id=13180, stack(0x00000077c9a00000,0x00000077c9b00000)]
  0x000002532e631000 JavaThread "Build operations" [_thread_blocked, id=30992, stack(0x00000077c9b00000,0x00000077c9c00000)]
  0x000002532e637800 JavaThread "Build operations Thread 2" [_thread_blocked, id=29176, stack(0x00000077ca000000,0x00000077ca100000)]
  0x000002532e638800 JavaThread "build event listener" [_thread_blocked, id=27256, stack(0x00000077ca100000,0x00000077ca200000)]
  0x000002532e639800 JavaThread "pool-8-thread-1" [_thread_blocked, id=12296, stack(0x00000077ca200000,0x00000077ca300000)]
  0x000002532e63a000 JavaThread "build event listener" [_thread_blocked, id=26968, stack(0x00000077ca300000,0x00000077ca400000)]
  0x000002532e5ef000 JavaThread "Execution worker for ':'" [_thread_blocked, id=21416, stack(0x00000077ca500000,0x00000077ca600000)]
  0x000002532e5f1000 JavaThread "Cache worker for execution history cache (E:\AndroidStudioProjects\ImpIntentApp\.gradle\7.0.2\executionHistory)" [_thread_blocked, id=26944, stack(0x00000077ca600000,0x00000077ca700000)]
  0x000002532e5f3000 JavaThread "WorkerExecutor Queue" [_thread_blocked, id=29460, stack(0x00000077ca700000,0x00000077ca800000)]
  0x000002532e5ed000 JavaThread "WorkerExecutor Queue Thread 2" [_thread_blocked, id=30248, stack(0x00000077ca900000,0x00000077caa00000)]
  0x00000253306ce000 JavaThread "pool-9-thread-1" [_thread_blocked, id=30656, stack(0x00000077caa00000,0x00000077cab00000)]
  0x00000253306cd000 JavaThread "stderr" [_thread_in_native, id=17892, stack(0x00000077cab00000,0x00000077cac00000)]
  0x00000253306cc000 JavaThread "stdout" [_thread_in_native, id=25648, stack(0x00000077cac00000,0x00000077cad00000)]
  0x00000253306c9800 JavaThread "Cache worker for Java compile cache (C:\Users\hp\.gradle\caches\7.0.2\javaCompile)" [_thread_blocked, id=27456, stack(0x00000077cad00000,0x00000077cae00000)]
  0x00000253306ca800 JavaThread "Cache worker for Java compile cache (E:\AndroidStudioProjects\ImpIntentApp\.gradle\7.0.2\javaCompile)" [_thread_blocked, id=29668, stack(0x00000077caf00000,0x00000077cb000000)]
  0x00000253306cb800 JavaThread "ForkJoinPool-2-worker-3" daemon [_thread_blocked, id=11920, stack(0x00000077cb000000,0x00000077cb100000)]
  0x00000253306c8000 JavaThread "ForkJoinPool-2-worker-1" daemon [_thread_blocked, id=27636, stack(0x00000077cb100000,0x00000077cb200000)]

Other Threads:
=>0x000002532d90b800 VMThread "VM Thread" [stack: 0x00000077c7d00000,0x00000077c7e00000] [id=12248]
  0x000002532e3f9000 WatcherThread [stack: 0x00000077c8700000,0x00000077c8800000] [id=30148]
  0x0000025313aa5000 GCTaskThread "GC Thread#0" [stack: 0x00000077c7800000,0x00000077c7900000] [id=18228]
  0x000002532e484800 GCTaskThread "GC Thread#1" [stack: 0x00000077c8800000,0x00000077c8900000] [id=30608]
  0x0000025313ad6800 ConcurrentGCThread "G1 Main Marker" [stack: 0x00000077c7900000,0x00000077c7a00000] [id=9984]
  0x0000025313ad9000 ConcurrentGCThread "G1 Conc#0" [stack: 0x00000077c7a00000,0x00000077c7b00000] [id=29264]
  0x0000025313b27800 ConcurrentGCThread "G1 Refine#0" [stack: 0x00000077c7b00000,0x00000077c7c00000] [id=25800]
  0x0000025313b28800 ConcurrentGCThread "G1 Young RemSet Sampling" [stack: 0x00000077c7c00000,0x00000077c7d00000] [id=13012]

Threads with active compile tasks:
C2 CompilerThread0 930843 18252       4       com.android.tools.r8.internal.Su::a (112 bytes)

VM state:at safepoint (normal execution)

VM Mutex/Monitor currently owned by a thread:  ([mutex/lock_event])
[0x0000025313a87560] Threads_lock - owner thread: 0x000002532d90b800
[0x0000025313a86fc0] Heap_lock - owner thread: 0x00000253306cb800

Heap address: 0x0000000080000000, size: 2048 MB, Compressed Oops mode: 32-bit
Narrow klass base: 0x0000000000000000, Narrow klass shift: 3
Compressed class space size: 1073741824 Address: 0x0000000100000000

Heap:
 garbage-first heap   total 640000K, used 167168K [0x0000000080000000, 0x0000000100000000)
  region size 1024K, 2 young (2048K), 2 survivors (2048K)
 Metaspace       used 119753K, capacity 122729K, committed 123044K, reserved 1157120K
  class space    used 14983K, capacity 16128K, committed 16256K, reserved 1048576K
Heap Regions: E=young(eden), S=young(survivor), O=old, HS=humongous(starts), HC=humongous(continues), CS=collection set, F=free, A=archive, TAMS=top-at-mark-start (previous, next)
|   0|0x0000000080000000, 0x0000000080100000, 0x0000000080100000|100%| O|  |TAMS 0x0000000080100000, 0x0000000080000000| Untracked 
|   1|0x0000000080100000, 0x0000000080200000, 0x0000000080200000|100%| O|  |TAMS 0x0000000080200000, 0x0000000080100000| Untracked 
|   2|0x0000000080200000, 0x0000000080300000, 0x0000000080300000|100%| O|  |TAMS 0x0000000080300000, 0x0000000080200000| Untracked 
|   3|0x0000000080300000, 0x0000000080400000, 0x0000000080400000|100%| O|  |TAMS 0x0000000080400000, 0x0000000080300000| Untracked 
|   4|0x0000000080400000, 0x0000000080500000, 0x0000000080500000|100%|HS|  |TAMS 0x0000000080500000, 0x0000000080400000| Complete 
|   5|0x0000000080500000, 0x0000000080600000, 0x0000000080600000|100%|HC|  |TAMS 0x0000000080600000, 0x0000000080500000| Complete 
|   6|0x0000000080600000, 0x0000000080700000, 0x0000000080700000|100%|HC|  |TAMS 0x0000000080700000, 0x0000000080600000| Complete 
|   7|0x0000000080700000, 0x0000000080800000, 0x0000000080800000|100%| O|  |TAMS 0x0000000080800000, 0x0000000080700000| Untracked 
|   8|0x0000000080800000, 0x0000000080900000, 0x0000000080900000|100%| O|  |TAMS 0x0000000080900000, 0x0000000080800000| Untracked 
|   9|0x0000000080900000, 0x0000000080a00000, 0x0000000080a00000|100%| O|  |TAMS 0x0000000080a00000, 0x0000000080900000| Untracked 
|  10|0x0000000080a00000, 0x0000000080b00000, 0x0000000080b00000|100%| O|  |TAMS 0x0000000080b00000, 0x0000000080a00000| Untracked 
|  11|0x0000000080b00000, 0x0000000080c00000, 0x0000000080c00000|100%| O|  |TAMS 0x0000000080c00000, 0x0000000080b00000| Untracked 
|  12|0x0000000080c00000, 0x0000000080d00000, 0x0000000080d00000|100%| O|  |TAMS 0x0000000080d00000, 0x0000000080c00000| Untracked 
|  13|0x0000000080d00000, 0x0000000080e00000, 0x0000000080e00000|100%| O|  |TAMS 0x0000000080e00000, 0x0000000080d00000| Untracked 
|  14|0x0000000080e00000, 0x0000000080f00000, 0x0000000080f00000|100%| O|  |TAMS 0x0000000080f00000, 0x0000000080e00000| Untracked 
|  15|0x0000000080f00000, 0x0000000081000000, 0x0000000081000000|100%| O|  |TAMS 0x0000000081000000, 0x0000000080f00000| Untracked 
|  16|0x0000000081000000, 0x0000000081100000, 0x0000000081100000|100%| O|  |TAMS 0x0000000081100000, 0x0000000081000000| Untracked 
|  17|0x0000000081100000, 0x0000000081200000, 0x0000000081200000|100%| O|  |TAMS 0x0000000081200000, 0x0000000081100000| Untracked 
|  18|0x0000000081200000, 0x0000000081300000, 0x0000000081300000|100%| O|  |TAMS 0x0000000081300000, 0x0000000081200000| Untracked 
|  19|0x0000000081300000, 0x0000000081400000, 0x0000000081400000|100%| O|  |TAMS 0x0000000081400000, 0x0000000081300000| Untracked 
|  20|0x0000000081400000, 0x0000000081500000, 0x0000000081500000|100%| O|  |TAMS 0x0000000081500000, 0x0000000081400000| Untracked 
|  21|0x0000000081500000, 0x0000000081600000, 0x0000000081600000|100%| O|  |TAMS 0x0000000081600000, 0x0000000081500000| Untracked 
|  22|0x0000000081600000, 0x0000000081700000, 0x0000000081700000|100%| O|  |TAMS 0x0000000081700000, 0x0000000081600000| Untracked 
|  23|0x0000000081700000, 0x0000000081800000, 0x0000000081800000|100%| O|  |TAMS 0x0000000081800000, 0x0000000081700000| Untracked 
|  24|0x0000000081800000, 0x0000000081900000, 0x0000000081900000|100%| O|  |TAMS 0x0000000081900000, 0x0000000081800000| Untracked 
|  25|0x0000000081900000, 0x0000000081a00000, 0x0000000081a00000|100%| O|  |TAMS 0x0000000081a00000, 0x0000000081900000| Untracked 
|  26|0x0000000081a00000, 0x0000000081b00000, 0x0000000081b00000|100%| O|  |TAMS 0x0000000081b00000, 0x0000000081a00000| Untracked 
|  27|0x0000000081b00000, 0x0000000081c00000, 0x0000000081c00000|100%| O|  |TAMS 0x0000000081c00000, 0x0000000081b00000| Untracked 
|  28|0x0000000081c00000, 0x0000000081d00000, 0x0000000081d00000|100%|HS|  |TAMS 0x0000000081d00000, 0x0000000081c00000| Complete 
|  29|0x0000000081d00000, 0x0000000081e00000, 0x0000000081e00000|100%|HS|  |TAMS 0x0000000081e00000, 0x0000000081d00000| Complete 
|  30|0x0000000081e00000, 0x0000000081f00000, 0x0000000081f00000|100%| O|  |TAMS 0x0000000081f00000, 0x0000000081e00000| Untracked 
|  31|0x0000000081f00000, 0x0000000082000000, 0x0000000082000000|100%| O|  |TAMS 0x0000000082000000, 0x0000000081f00000| Untracked 
|  32|0x0000000082000000, 0x0000000082100000, 0x0000000082100000|100%|HS|  |TAMS 0x0000000082100000, 0x0000000082000000| Complete 
|  33|0x0000000082100000, 0x0000000082200000, 0x0000000082200000|100%|HC|  |TAMS 0x0000000082200000, 0x0000000082100000| Complete 
|  34|0x0000000082200000, 0x0000000082300000, 0x0000000082300000|100%| O|  |TAMS 0x0000000082300000, 0x0000000082200000| Untracked 
|  35|0x0000000082300000, 0x0000000082400000, 0x0000000082400000|100%| O|  |TAMS 0x0000000082400000, 0x0000000082300000| Untracked 
|  36|0x0000000082400000, 0x0000000082500000, 0x0000000082500000|100%| O|  |TAMS 0x0000000082500000, 0x0000000082400000| Untracked 
|  37|0x0000000082500000, 0x0000000082600000, 0x0000000082600000|100%| O|  |TAMS 0x0000000082600000, 0x0000000082500000| Untracked 
|  38|0x0000000082600000, 0x0000000082700000, 0x0000000082700000|100%| O|  |TAMS 0x0000000082700000, 0x0000000082600000| Untracked 
|  39|0x0000000082700000, 0x0000000082800000, 0x0000000082800000|100%| O|  |TAMS 0x0000000082800000, 0x0000000082700000| Untracked 
|  40|0x0000000082800000, 0x0000000082900000, 0x0000000082900000|100%| O|  |TAMS 0x0000000082900000, 0x0000000082800000| Untracked 
|  41|0x0000000082900000, 0x0000000082a00000, 0x0000000082a00000|100%| O|  |TAMS 0x0000000082a00000, 0x0000000082900000| Untracked 
|  42|0x0000000082a00000, 0x0000000082b00000, 0x0000000082b00000|100%| O|  |TAMS 0x0000000082b00000, 0x0000000082a00000| Untracked 
|  43|0x0000000082b00000, 0x0000000082c00000, 0x0000000082c00000|100%| O|  |TAMS 0x0000000082c00000, 0x0000000082b00000| Untracked 
|  44|0x0000000082c00000, 0x0000000082d00000, 0x0000000082d00000|100%| O|  |TAMS 0x0000000082d00000, 0x0000000082c00000| Untracked 
|  45|0x0000000082d00000, 0x0000000082e00000, 0x0000000082e00000|100%| O|  |TAMS 0x0000000082e00000, 0x0000000082d00000| Untracked 
|  46|0x0000000082e00000, 0x0000000082f00000, 0x0000000082f00000|100%| O|  |TAMS 0x0000000082f00000, 0x0000000082e00000| Untracked 
|  47|0x0000000082f00000, 0x0000000083000000, 0x0000000083000000|100%| O|  |TAMS 0x0000000083000000, 0x0000000082f00000| Untracked 
|  48|0x0000000083000000, 0x0000000083100000, 0x0000000083100000|100%| O|  |TAMS 0x0000000083100000, 0x0000000083000000| Untracked 
|  49|0x0000000083100000, 0x0000000083200000, 0x0000000083200000|100%| O|  |TAMS 0x0000000083200000, 0x0000000083100000| Untracked 
|  50|0x0000000083200000, 0x0000000083300000, 0x0000000083300000|100%| O|  |TAMS 0x0000000083300000, 0x0000000083200000| Untracked 
|  51|0x0000000083300000, 0x0000000083400000, 0x0000000083400000|100%| O|  |TAMS 0x0000000083400000, 0x0000000083300000| Untracked 
|  52|0x0000000083400000, 0x0000000083500000, 0x0000000083500000|100%| O|  |TAMS 0x0000000083500000, 0x0000000083400000| Untracked 
|  53|0x0000000083500000, 0x0000000083600000, 0x0000000083600000|100%| O|  |TAMS 0x0000000083600000, 0x0000000083500000| Untracked 
|  54|0x0000000083600000, 0x0000000083700000, 0x0000000083700000|100%| O|  |TAMS 0x0000000083700000, 0x0000000083600000| Untracked 
|  55|0x0000000083700000, 0x0000000083800000, 0x0000000083800000|100%| O|  |TAMS 0x0000000083800000, 0x0000000083700000| Untracked 
|  56|0x0000000083800000, 0x0000000083900000, 0x0000000083900000|100%| O|  |TAMS 0x0000000083900000, 0x0000000083800000| Untracked 
|  57|0x0000000083900000, 0x0000000083a00000, 0x0000000083a00000|100%| O|  |TAMS 0x0000000083a00000, 0x0000000083900000| Untracked 
|  58|0x0000000083a00000, 0x0000000083b00000, 0x0000000083b00000|100%| O|  |TAMS 0x0000000083b00000, 0x0000000083a00000| Untracked 
|  59|0x0000000083b00000, 0x0000000083c00000, 0x0000000083c00000|100%| O|  |TAMS 0x0000000083c00000, 0x0000000083b00000| Untracked 
|  60|0x0000000083c00000, 0x0000000083d00000, 0x0000000083d00000|100%| O|  |TAMS 0x0000000083d00000, 0x0000000083c00000| Untracked 
|  61|0x0000000083d00000, 0x0000000083e00000, 0x0000000083e00000|100%| O|  |TAMS 0x0000000083e00000, 0x0000000083d00000| Untracked 
|  62|0x0000000083e00000, 0x0000000083f00000, 0x0000000083f00000|100%| O|  |TAMS 0x0000000083f00000, 0x0000000083e00000| Untracked 
|  63|0x0000000083f00000, 0x0000000084000000, 0x0000000084000000|100%| O|  |TAMS 0x0000000084000000, 0x0000000083f00000| Untracked 
|  64|0x0000000084000000, 0x0000000084100000, 0x0000000084100000|100%| O|  |TAMS 0x0000000084100000, 0x0000000084000000| Untracked 
|  65|0x0000000084100000, 0x0000000084200000, 0x0000000084200000|100%| O|  |TAMS 0x0000000084200000, 0x0000000084100000| Untracked 
|  66|0x0000000084200000, 0x0000000084300000, 0x0000000084300000|100%| O|  |TAMS 0x0000000084300000, 0x0000000084200000| Untracked 
|  67|0x0000000084300000, 0x0000000084400000, 0x0000000084400000|100%| O|  |TAMS 0x0000000084400000, 0x0000000084300000| Untracked 
|  68|0x0000000084400000, 0x0000000084500000, 0x0000000084500000|100%| O|  |TAMS 0x0000000084500000, 0x0000000084400000| Untracked 
|  69|0x0000000084500000, 0x0000000084600000, 0x0000000084600000|100%|HS|  |TAMS 0x0000000084500000, 0x0000000084500000| Complete 
|  70|0x0000000084600000, 0x0000000084700000, 0x0000000084700000|100%| O|  |TAMS 0x0000000084600000, 0x0000000084600000| Untracked 
|  71|0x0000000084700000, 0x0000000084800000, 0x0000000084800000|100%| O|  |TAMS 0x0000000084700000, 0x0000000084700000| Untracked 
|  72|0x0000000084800000, 0x0000000084900000, 0x0000000084900000|100%| O|  |TAMS 0x0000000084800000, 0x0000000084800000| Untracked 
|  73|0x0000000084900000, 0x0000000084a00000, 0x0000000084a00000|100%| O|  |TAMS 0x0000000084900000, 0x0000000084900000| Untracked 
|  74|0x0000000084a00000, 0x0000000084b00000, 0x0000000084b00000|100%| O|  |TAMS 0x0000000084a00000, 0x0000000084a00000| Untracked 
|  75|0x0000000084b00000, 0x0000000084c00000, 0x0000000084c00000|100%| O|  |TAMS 0x0000000084b00000, 0x0000000084b00000| Untracked 
|  76|0x0000000084c00000, 0x0000000084d00000, 0x0000000084d00000|100%| O|  |TAMS 0x0000000084d00000, 0x0000000084c00000| Untracked 
|  77|0x0000000084d00000, 0x0000000084e00000, 0x0000000084e00000|100%| O|  |TAMS 0x0000000084d00000, 0x0000000084d00000| Untracked 
|  78|0x0000000084e00000, 0x0000000084f00000, 0x0000000084f00000|100%| O|  |TAMS 0x0000000084e00000, 0x0000000084e00000| Untracked 
|  79|0x0000000084f00000, 0x0000000085000000, 0x0000000085000000|100%| O|  |TAMS 0x0000000084f00000, 0x0000000084f00000| Untracked 
|  80|0x0000000085000000, 0x0000000085100000, 0x0000000085100000|100%| O|  |TAMS 0x0000000085000000, 0x0000000085000000| Untracked 
|  81|0x0000000085100000, 0x0000000085200000, 0x0000000085200000|100%| O|  |TAMS 0x0000000085100000, 0x0000000085100000| Untracked 
|  82|0x0000000085200000, 0x0000000085300000, 0x0000000085300000|100%| O|  |TAMS 0x0000000085300000, 0x0000000085200000| Untracked 
|  83|0x0000000085300000, 0x0000000085400000, 0x0000000085400000|100%| O|  |TAMS 0x0000000085300000, 0x0000000085300000| Untracked 
|  84|0x0000000085400000, 0x0000000085500000, 0x0000000085500000|100%| O|  |TAMS 0x0000000085500000, 0x0000000085400000| Untracked 
|  85|0x0000000085500000, 0x0000000085600000, 0x0000000085600000|100%| O|  |TAMS 0x0000000085600000, 0x0000000085500000| Untracked 
|  86|0x0000000085600000, 0x0000000085700000, 0x0000000085700000|100%| O|  |TAMS 0x0000000085600000, 0x0000000085600000| Untracked 
|  87|0x0000000085700000, 0x0000000085800000, 0x0000000085800000|100%| O|  |TAMS 0x0000000085800000, 0x0000000085700000| Untracked 
|  88|0x0000000085800000, 0x0000000085900000, 0x0000000085900000|100%| O|  |TAMS 0x0000000085800000, 0x0000000085800000| Untracked 
|  89|0x0000000085900000, 0x0000000085a00000, 0x0000000085a00000|100%| O|  |TAMS 0x0000000085900000, 0x0000000085900000| Untracked 
|  90|0x0000000085a00000, 0x0000000085b00000, 0x0000000085b00000|100%|HS|  |TAMS 0x0000000085a00000, 0x0000000085a00000| Complete 
|  91|0x0000000085b00000, 0x0000000085c00000, 0x0000000085c00000|100%| O|  |TAMS 0x0000000085b00000, 0x0000000085b00000| Untracked 
|  92|0x0000000085c00000, 0x0000000085d00000, 0x0000000085d00000|100%| O|  |TAMS 0x0000000085c00000, 0x0000000085c00000| Untracked 
|  93|0x0000000085d00000, 0x0000000085e00000, 0x0000000085e00000|100%|HS|  |TAMS 0x0000000085d00000, 0x0000000085d00000| Complete 
|  94|0x0000000085e00000, 0x0000000085f00000, 0x0000000085f00000|100%|HS|  |TAMS 0x0000000085e00000, 0x0000000085e00000| Complete 
|  95|0x0000000085f00000, 0x0000000086000000, 0x0000000086000000|100%|HS|  |TAMS 0x0000000085f00000, 0x0000000085f00000| Complete 
|  96|0x0000000086000000, 0x0000000086100000, 0x0000000086100000|100%|HS|  |TAMS 0x0000000086000000, 0x0000000086000000| Complete 
|  97|0x0000000086100000, 0x0000000086200000, 0x0000000086200000|100%| O|  |TAMS 0x0000000086100000, 0x0000000086100000| Untracked 
|  98|0x0000000086200000, 0x0000000086300000, 0x0000000086300000|100%| O|  |TAMS 0x0000000086200000, 0x0000000086200000| Untracked 
|  99|0x0000000086300000, 0x0000000086400000, 0x0000000086400000|100%| O|  |TAMS 0x0000000086300000, 0x0000000086300000| Untracked 
| 100|0x0000000086400000, 0x0000000086500000, 0x0000000086500000|100%| O|  |TAMS 0x0000000086400000, 0x0000000086400000| Untracked 
| 101|0x0000000086500000, 0x0000000086600000, 0x0000000086600000|100%| O|  |TAMS 0x0000000086600000, 0x0000000086500000| Untracked 
| 102|0x0000000086600000, 0x0000000086700000, 0x0000000086700000|100%| O|  |TAMS 0x0000000086600000, 0x0000000086600000| Untracked 
| 103|0x0000000086700000, 0x0000000086800000, 0x0000000086800000|100%| O|  |TAMS 0x0000000086700000, 0x0000000086700000| Untracked 
| 104|0x0000000086800000, 0x0000000086900000, 0x0000000086900000|100%| O|  |TAMS 0x0000000086800000, 0x0000000086800000| Untracked 
| 105|0x0000000086900000, 0x0000000086a00000, 0x0000000086a00000|100%| O|  |TAMS 0x0000000086a00000, 0x0000000086900000| Untracked 
| 106|0x0000000086a00000, 0x0000000086a40200, 0x0000000086b00000| 25%| O|  |TAMS 0x0000000086a00000, 0x0000000086a00000| Untracked 
| 107|0x0000000086b00000, 0x0000000086b00000, 0x0000000086c00000|  0%| F|  |TAMS 0x0000000086b00000, 0x0000000086b00000| Untracked 
| 108|0x0000000086c00000, 0x0000000086c00000, 0x0000000086d00000|  0%| F|  |TAMS 0x0000000086c00000, 0x0000000086c00000| Untracked 
| 109|0x0000000086d00000, 0x0000000086d00000, 0x0000000086e00000|  0%| F|  |TAMS 0x0000000086d00000, 0x0000000086d00000| Untracked 
| 110|0x0000000086e00000, 0x0000000086e00000, 0x0000000086f00000|  0%| F|  |TAMS 0x0000000086e00000, 0x0000000086e00000| Untracked 
| 111|0x0000000086f00000, 0x0000000086f00000, 0x0000000087000000|  0%| F|  |TAMS 0x0000000086f00000, 0x0000000086f00000| Untracked 
| 112|0x0000000087000000, 0x0000000087000000, 0x0000000087100000|  0%| F|  |TAMS 0x0000000087000000, 0x0000000087000000| Untracked 
| 113|0x0000000087100000, 0x0000000087100000, 0x0000000087200000|  0%| F|  |TAMS 0x0000000087100000, 0x0000000087100000| Untracked 
| 114|0x0000000087200000, 0x0000000087200000, 0x0000000087300000|  0%| F|  |TAMS 0x0000000087200000, 0x0000000087200000| Untracked 
| 115|0x0000000087300000, 0x0000000087300000, 0x0000000087400000|  0%| F|  |TAMS 0x0000000087300000, 0x0000000087300000| Untracked 
| 116|0x0000000087400000, 0x0000000087400000, 0x0000000087500000|  0%| F|  |TAMS 0x0000000087400000, 0x0000000087400000| Untracked 
| 117|0x0000000087500000, 0x0000000087500000, 0x0000000087600000|  0%| F|  |TAMS 0x0000000087500000, 0x0000000087500000| Untracked 
| 118|0x0000000087600000, 0x0000000087600000, 0x0000000087700000|  0%| F|  |TAMS 0x0000000087600000, 0x0000000087600000| Untracked 
| 119|0x0000000087700000, 0x0000000087700000, 0x0000000087800000|  0%| F|  |TAMS 0x0000000087700000, 0x0000000087700000| Untracked 
| 120|0x0000000087800000, 0x0000000087800000, 0x0000000087900000|  0%| F|  |TAMS 0x0000000087800000, 0x0000000087800000| Untracked 
| 121|0x0000000087900000, 0x0000000087900000, 0x0000000087a00000|  0%| F|  |TAMS 0x0000000087900000, 0x0000000087900000| Untracked 
| 122|0x0000000087a00000, 0x0000000087a00000, 0x0000000087b00000|  0%| F|  |TAMS 0x0000000087a00000, 0x0000000087a00000| Untracked 
| 123|0x0000000087b00000, 0x0000000087b00000, 0x0000000087c00000|  0%| F|  |TAMS 0x0000000087b00000, 0x0000000087b00000| Untracked 
| 124|0x0000000087c00000, 0x0000000087c00000, 0x0000000087d00000|  0%| F|  |TAMS 0x0000000087c00000, 0x0000000087c00000| Untracked 
| 125|0x0000000087d00000, 0x0000000087d00000, 0x0000000087e00000|  0%| F|  |TAMS 0x0000000087d00000, 0x0000000087d00000| Untracked 
| 126|0x0000000087e00000, 0x0000000087e00000, 0x0000000087f00000|  0%| F|  |TAMS 0x0000000087e00000, 0x0000000087e00000| Untracked 
| 127|0x0000000087f00000, 0x0000000087f00000, 0x0000000088000000|  0%| F|  |TAMS 0x0000000087f00000, 0x0000000087f00000| Untracked 
| 128|0x0000000088000000, 0x0000000088000000, 0x0000000088100000|  0%| F|  |TAMS 0x0000000088000000, 0x0000000088000000| Untracked 
| 129|0x0000000088100000, 0x0000000088100000, 0x0000000088200000|  0%| F|  |TAMS 0x0000000088100000, 0x0000000088100000| Untracked 
| 130|0x0000000088200000, 0x0000000088300000, 0x0000000088300000|100%| O|  |TAMS 0x0000000088300000, 0x0000000088200000| Untracked 
| 131|0x0000000088300000, 0x0000000088300000, 0x0000000088400000|  0%| F|  |TAMS 0x0000000088300000, 0x0000000088300000| Untracked 
| 132|0x0000000088400000, 0x0000000088400000, 0x0000000088500000|  0%| F|  |TAMS 0x0000000088400000, 0x0000000088400000| Untracked 
| 133|0x0000000088500000, 0x0000000088500000, 0x0000000088600000|  0%| F|  |TAMS 0x0000000088500000, 0x0000000088500000| Untracked 
| 134|0x0000000088600000, 0x0000000088600000, 0x0000000088700000|  0%| F|  |TAMS 0x0000000088600000, 0x0000000088600000| Untracked 
| 135|0x0000000088700000, 0x0000000088700000, 0x0000000088800000|  0%| F|  |TAMS 0x0000000088700000, 0x0000000088700000| Untracked 
| 136|0x0000000088800000, 0x0000000088800000, 0x0000000088900000|  0%| F|  |TAMS 0x0000000088800000, 0x0000000088800000| Untracked 
| 137|0x0000000088900000, 0x0000000088900000, 0x0000000088a00000|  0%| F|  |TAMS 0x0000000088900000, 0x0000000088900000| Untracked 
| 138|0x0000000088a00000, 0x0000000088b00000, 0x0000000088b00000|100%| O|  |TAMS 0x0000000088b00000, 0x0000000088a00000| Untracked 
| 139|0x0000000088b00000, 0x0000000088b00000, 0x0000000088c00000|  0%| F|  |TAMS 0x0000000088b00000, 0x0000000088b00000| Untracked 
| 140|0x0000000088c00000, 0x0000000088c00000, 0x0000000088d00000|  0%| F|  |TAMS 0x0000000088c00000, 0x0000000088c00000| Untracked 
| 141|0x0000000088d00000, 0x0000000088d00000, 0x0000000088e00000|  0%| F|  |TAMS 0x0000000088d00000, 0x0000000088d00000| Untracked 
| 142|0x0000000088e00000, 0x0000000088e00000, 0x0000000088f00000|  0%| F|  |TAMS 0x0000000088e00000, 0x0000000088e00000| Untracked 
| 143|0x0000000088f00000, 0x0000000088f00000, 0x0000000089000000|  0%| F|  |TAMS 0x0000000088f00000, 0x0000000088f00000| Untracked 
| 144|0x0000000089000000, 0x0000000089000000, 0x0000000089100000|  0%| F|  |TAMS 0x0000000089000000, 0x0000000089000000| Untracked 
| 145|0x0000000089100000, 0x0000000089100000, 0x0000000089200000|  0%| F|  |TAMS 0x0000000089100000, 0x0000000089100000| Untracked 
| 146|0x0000000089200000, 0x0000000089200000, 0x0000000089300000|  0%| F|  |TAMS 0x0000000089200000, 0x0000000089200000| Untracked 
| 147|0x0000000089300000, 0x0000000089300000, 0x0000000089400000|  0%| F|  |TAMS 0x0000000089300000, 0x0000000089300000| Untracked 
| 148|0x0000000089400000, 0x0000000089400000, 0x0000000089500000|  0%| F|  |TAMS 0x0000000089400000, 0x0000000089400000| Untracked 
| 149|0x0000000089500000, 0x0000000089500000, 0x0000000089600000|  0%| F|  |TAMS 0x0000000089500000, 0x0000000089500000| Untracked 
| 150|0x0000000089600000, 0x0000000089600000, 0x0000000089700000|  0%| F|  |TAMS 0x0000000089600000, 0x0000000089600000| Untracked 
| 151|0x0000000089700000, 0x0000000089700000, 0x0000000089800000|  0%| F|  |TAMS 0x0000000089700000, 0x0000000089700000| Untracked 
| 152|0x0000000089800000, 0x0000000089800000, 0x0000000089900000|  0%| F|  |TAMS 0x0000000089800000, 0x0000000089800000| Untracked 
| 153|0x0000000089900000, 0x0000000089a00000, 0x0000000089a00000|100%| O|  |TAMS 0x0000000089a00000, 0x0000000089900000| Untracked 
| 154|0x0000000089a00000, 0x0000000089a00000, 0x0000000089b00000|  0%| F|  |TAMS 0x0000000089a00000, 0x0000000089a00000| Untracked 
| 155|0x0000000089b00000, 0x0000000089b00000, 0x0000000089c00000|  0%| F|  |TAMS 0x0000000089b00000, 0x0000000089b00000| Untracked 
| 156|0x0000000089c00000, 0x0000000089c00000, 0x0000000089d00000|  0%| F|  |TAMS 0x0000000089c00000, 0x0000000089c00000| Untracked 
| 157|0x0000000089d00000, 0x0000000089d00000, 0x0000000089e00000|  0%| F|  |TAMS 0x0000000089d00000, 0x0000000089d00000| Untracked 
| 158|0x0000000089e00000, 0x0000000089e00000, 0x0000000089f00000|  0%| F|  |TAMS 0x0000000089e00000, 0x0000000089e00000| Untracked 
| 159|0x0000000089f00000, 0x0000000089f00000, 0x000000008a000000|  0%| F|  |TAMS 0x0000000089f00000, 0x0000000089f00000| Untracked 
| 160|0x000000008a000000, 0x000000008a000000, 0x000000008a100000|  0%| F|  |TAMS 0x000000008a000000, 0x000000008a000000| Untracked 
| 161|0x000000008a100000, 0x000000008a100000, 0x000000008a200000|  0%| F|  |TAMS 0x000000008a100000, 0x000000008a100000| Untracked 
| 162|0x000000008a200000, 0x000000008a300000, 0x000000008a300000|100%| O|  |TAMS 0x000000008a300000, 0x000000008a200000| Untracked 
| 163|0x000000008a300000, 0x000000008a400000, 0x000000008a400000|100%| O|  |TAMS 0x000000008a400000, 0x000000008a300000| Untracked 
| 164|0x000000008a400000, 0x000000008a500000, 0x000000008a500000|100%| O|  |TAMS 0x000000008a500000, 0x000000008a400000| Untracked 
| 165|0x000000008a500000, 0x000000008a600000, 0x000000008a600000|100%| O|  |TAMS 0x000000008a600000, 0x000000008a500000| Untracked 
| 166|0x000000008a600000, 0x000000008a700000, 0x000000008a700000|100%| O|  |TAMS 0x000000008a700000, 0x000000008a600000| Untracked 
| 167|0x000000008a700000, 0x000000008a700000, 0x000000008a800000|  0%| F|  |TAMS 0x000000008a700000, 0x000000008a700000| Untracked 
| 168|0x000000008a800000, 0x000000008a900000, 0x000000008a900000|100%| O|  |TAMS 0x000000008a900000, 0x000000008a800000| Untracked 
| 169|0x000000008a900000, 0x000000008a900000, 0x000000008aa00000|  0%| F|  |TAMS 0x000000008a900000, 0x000000008a900000| Untracked 
| 170|0x000000008aa00000, 0x000000008aa00000, 0x000000008ab00000|  0%| F|  |TAMS 0x000000008aa00000, 0x000000008aa00000| Untracked 
| 171|0x000000008ab00000, 0x000000008ab00000, 0x000000008ac00000|  0%| F|  |TAMS 0x000000008ab00000, 0x000000008ab00000| Untracked 
| 172|0x000000008ac00000, 0x000000008ad00000, 0x000000008ad00000|100%| O|  |TAMS 0x000000008ad00000, 0x000000008ac00000| Untracked 
| 173|0x000000008ad00000, 0x000000008ae00000, 0x000000008ae00000|100%| O|  |TAMS 0x000000008ae00000, 0x000000008ad00000| Untracked 
| 174|0x000000008ae00000, 0x000000008af00000, 0x000000008af00000|100%| O|  |TAMS 0x000000008af00000, 0x000000008ae00000| Untracked 
| 175|0x000000008af00000, 0x000000008af00000, 0x000000008b000000|  0%| F|  |TAMS 0x000000008af00000, 0x000000008af00000| Untracked 
| 176|0x000000008b000000, 0x000000008b000000, 0x000000008b100000|  0%| F|  |TAMS 0x000000008b000000, 0x000000008b000000| Untracked 
| 177|0x000000008b100000, 0x000000008b200000, 0x000000008b200000|100%| O|  |TAMS 0x000000008b200000, 0x000000008b100000| Untracked 
| 178|0x000000008b200000, 0x000000008b300000, 0x000000008b300000|100%|HS|  |TAMS 0x000000008b300000, 0x000000008b200000| Complete 
| 179|0x000000008b300000, 0x000000008b400000, 0x000000008b400000|100%|HC|  |TAMS 0x000000008b400000, 0x000000008b300000| Complete 
| 180|0x000000008b400000, 0x000000008b500000, 0x000000008b500000|100%|HC|  |TAMS 0x000000008b500000, 0x000000008b400000| Complete 
| 181|0x000000008b500000, 0x000000008b600000, 0x000000008b600000|100%|HC|  |TAMS 0x000000008b600000, 0x000000008b500000| Complete 
| 182|0x000000008b600000, 0x000000008b700000, 0x000000008b700000|100%|HC|  |TAMS 0x000000008b700000, 0x000000008b600000| Complete 
| 183|0x000000008b700000, 0x000000008b800000, 0x000000008b800000|100%| O|  |TAMS 0x000000008b800000, 0x000000008b700000| Untracked 
| 184|0x000000008b800000, 0x000000008b900000, 0x000000008b900000|100%| O|  |TAMS 0x000000008b900000, 0x000000008b800000| Untracked 
| 185|0x000000008b900000, 0x000000008ba00000, 0x000000008ba00000|100%| O|  |TAMS 0x000000008ba00000, 0x000000008b900000| Untracked 
| 186|0x000000008ba00000, 0x000000008bb00000, 0x000000008bb00000|100%| O|  |TAMS 0x000000008bb00000, 0x000000008ba00000| Untracked 
| 187|0x000000008bb00000, 0x000000008bc00000, 0x000000008bc00000|100%| O|  |TAMS 0x000000008bc00000, 0x000000008bb00000| Untracked 
| 188|0x000000008bc00000, 0x000000008bd00000, 0x000000008bd00000|100%|HS|  |TAMS 0x000000008bd00000, 0x000000008bc00000| Complete 
| 189|0x000000008bd00000, 0x000000008be00000, 0x000000008be00000|100%|HC|  |TAMS 0x000000008be00000, 0x000000008bd00000| Complete 
| 190|0x000000008be00000, 0x000000008bf00000, 0x000000008bf00000|100%|HC|  |TAMS 0x000000008bf00000, 0x000000008be00000| Complete 
| 191|0x000000008bf00000, 0x000000008c000000, 0x000000008c000000|100%|HC|  |TAMS 0x000000008c000000, 0x000000008bf00000| Complete 
| 192|0x000000008c000000, 0x000000008c100000, 0x000000008c100000|100%|HC|  |TAMS 0x000000008c100000, 0x000000008c000000| Complete 
| 193|0x000000008c100000, 0x000000008c200000, 0x000000008c200000|100%| O|  |TAMS 0x000000008c200000, 0x000000008c100000| Untracked 
| 194|0x000000008c200000, 0x000000008c300000, 0x000000008c300000|100%| O|  |TAMS 0x000000008c300000, 0x000000008c200000| Untracked 
| 195|0x000000008c300000, 0x000000008c300000, 0x000000008c400000|  0%| F|  |TAMS 0x000000008c300000, 0x000000008c300000| Untracked 
| 196|0x000000008c400000, 0x000000008c400000, 0x000000008c500000|  0%| F|  |TAMS 0x000000008c400000, 0x000000008c400000| Untracked 
| 197|0x000000008c500000, 0x000000008c500000, 0x000000008c600000|  0%| F|  |TAMS 0x000000008c500000, 0x000000008c500000| Untracked 
| 198|0x000000008c600000, 0x000000008c600000, 0x000000008c700000|  0%| F|  |TAMS 0x000000008c600000, 0x000000008c600000| Untracked 
| 199|0x000000008c700000, 0x000000008c700000, 0x000000008c800000|  0%| F|  |TAMS 0x000000008c700000, 0x000000008c700000| Untracked 
| 200|0x000000008c800000, 0x000000008c900000, 0x000000008c900000|100%| O|  |TAMS 0x000000008c900000, 0x000000008c800000| Untracked 
| 201|0x000000008c900000, 0x000000008ca00000, 0x000000008ca00000|100%| O|  |TAMS 0x000000008ca00000, 0x000000008c900000| Untracked 
| 202|0x000000008ca00000, 0x000000008cb00000, 0x000000008cb00000|100%| O|  |TAMS 0x000000008cb00000, 0x000000008ca00000| Untracked 
| 203|0x000000008cb00000, 0x000000008cc00000, 0x000000008cc00000|100%| O|  |TAMS 0x000000008cc00000, 0x000000008cb00000| Untracked 
| 204|0x000000008cc00000, 0x000000008cd00000, 0x000000008cd00000|100%| O|  |TAMS 0x000000008cd00000, 0x000000008cc00000| Untracked 
| 205|0x000000008cd00000, 0x000000008ce00000, 0x000000008ce00000|100%| O|  |TAMS 0x000000008ce00000, 0x000000008cd00000| Untracked 
| 206|0x000000008ce00000, 0x000000008cf00000, 0x000000008cf00000|100%| O|  |TAMS 0x000000008cf00000, 0x000000008ce00000| Untracked 
| 207|0x000000008cf00000, 0x000000008d000000, 0x000000008d000000|100%| O|  |TAMS 0x000000008d000000, 0x000000008cf00000| Untracked 
| 208|0x000000008d000000, 0x000000008d100000, 0x000000008d100000|100%| O|  |TAMS 0x000000008d100000, 0x000000008d000000| Untracked 
| 209|0x000000008d100000, 0x000000008d200000, 0x000000008d200000|100%| O|  |TAMS 0x000000008d200000, 0x000000008d100000| Untracked 
| 210|0x000000008d200000, 0x000000008d300000, 0x000000008d300000|100%| O|  |TAMS 0x000000008d300000, 0x000000008d200000| Untracked 
| 211|0x000000008d300000, 0x000000008d400000, 0x000000008d400000|100%| O|  |TAMS 0x000000008d400000, 0x000000008d300000| Untracked 
| 212|0x000000008d400000, 0x000000008d500000, 0x000000008d500000|100%| O|  |TAMS 0x000000008d500000, 0x000000008d400000| Untracked 
| 213|0x000000008d500000, 0x000000008d600000, 0x000000008d600000|100%| O|  |TAMS 0x000000008d600000, 0x000000008d500000| Untracked 
| 214|0x000000008d600000, 0x000000008d700000, 0x000000008d700000|100%| O|  |TAMS 0x000000008d700000, 0x000000008d600000| Untracked 
| 215|0x000000008d700000, 0x000000008d800000, 0x000000008d800000|100%| O|  |TAMS 0x000000008d800000, 0x000000008d700000| Untracked 
| 216|0x000000008d800000, 0x000000008d900000, 0x000000008d900000|100%| O|  |TAMS 0x000000008d900000, 0x000000008d800000| Untracked 
| 217|0x000000008d900000, 0x000000008da00000, 0x000000008da00000|100%| O|  |TAMS 0x000000008da00000, 0x000000008d900000| Untracked 
| 218|0x000000008da00000, 0x000000008da00000, 0x000000008db00000|  0%| F|  |TAMS 0x000000008da00000, 0x000000008da00000| Untracked 
| 219|0x000000008db00000, 0x000000008dc00000, 0x000000008dc00000|100%| O|  |TAMS 0x000000008db00000, 0x000000008db00000| Untracked 
| 220|0x000000008dc00000, 0x000000008dd00000, 0x000000008dd00000|100%| O|  |TAMS 0x000000008dc00000, 0x000000008dc00000| Untracked 
| 221|0x000000008dd00000, 0x000000008de00000, 0x000000008de00000|100%| O|  |TAMS 0x000000008dd00000, 0x000000008dd00000| Untracked 
| 222|0x000000008de00000, 0x000000008df00000, 0x000000008df00000|100%| O|  |TAMS 0x000000008de00000, 0x000000008de00000| Untracked 
| 223|0x000000008df00000, 0x000000008e000000, 0x000000008e000000|100%| O|  |TAMS 0x000000008df00000, 0x000000008df00000| Untracked 
| 224|0x000000008e000000, 0x000000008e100000, 0x000000008e100000|100%| O|  |TAMS 0x000000008e000000, 0x000000008e000000| Untracked 
| 225|0x000000008e100000, 0x000000008e200000, 0x000000008e200000|100%| O|  |TAMS 0x000000008e100000, 0x000000008e100000| Untracked 
| 226|0x000000008e200000, 0x000000008e200000, 0x000000008e300000|  0%| F|  |TAMS 0x000000008e200000, 0x000000008e200000| Untracked 
| 227|0x000000008e300000, 0x000000008e300000, 0x000000008e400000|  0%| F|  |TAMS 0x000000008e300000, 0x000000008e300000| Untracked 
| 228|0x000000008e400000, 0x000000008e400000, 0x000000008e500000|  0%| F|  |TAMS 0x000000008e400000, 0x000000008e400000| Untracked 
| 229|0x000000008e500000, 0x000000008e500000, 0x000000008e600000|  0%| F|  |TAMS 0x000000008e500000, 0x000000008e500000| Untracked 
| 230|0x000000008e600000, 0x000000008e600000, 0x000000008e700000|  0%| F|  |TAMS 0x000000008e600000, 0x000000008e600000| Untracked 
| 231|0x000000008e700000, 0x000000008e700000, 0x000000008e800000|  0%| F|  |TAMS 0x000000008e700000, 0x000000008e700000| Untracked 
| 232|0x000000008e800000, 0x000000008e800000, 0x000000008e900000|  0%| F|  |TAMS 0x000000008e800000, 0x000000008e800000| Untracked 
| 233|0x000000008e900000, 0x000000008e900000, 0x000000008ea00000|  0%| F|  |TAMS 0x000000008e900000, 0x000000008e900000| Untracked 
| 234|0x000000008ea00000, 0x000000008ea00000, 0x000000008eb00000|  0%| F|  |TAMS 0x000000008ea00000, 0x000000008ea00000| Untracked 
| 235|0x000000008eb00000, 0x000000008eb00000, 0x000000008ec00000|  0%| F|  |TAMS 0x000000008eb00000, 0x000000008eb00000| Untracked 
| 236|0x000000008ec00000, 0x000000008ec00000, 0x000000008ed00000|  0%| F|  |TAMS 0x000000008ec00000, 0x000000008ec00000| Untracked 
| 237|0x000000008ed00000, 0x000000008ed00000, 0x000000008ee00000|  0%| F|  |TAMS 0x000000008ed00000, 0x000000008ed00000| Untracked 
| 238|0x000000008ee00000, 0x000000008ee00000, 0x000000008ef00000|  0%| F|  |TAMS 0x000000008ee00000, 0x000000008ee00000| Untracked 
| 239|0x000000008ef00000, 0x000000008ef00000, 0x000000008f000000|  0%| F|  |TAMS 0x000000008ef00000, 0x000000008ef00000| Untracked 
| 240|0x000000008f000000, 0x000000008f000000, 0x000000008f100000|  0%| F|  |TAMS 0x000000008f000000, 0x000000008f000000| Untracked 
| 241|0x000000008f100000, 0x000000008f100000, 0x000000008f200000|  0%| F|  |TAMS 0x000000008f100000, 0x000000008f100000| Untracked 
| 242|0x000000008f200000, 0x000000008f200000, 0x000000008f300000|  0%| F|  |TAMS 0x000000008f200000, 0x000000008f200000| Untracked 
| 243|0x000000008f300000, 0x000000008f300000, 0x000000008f400000|  0%| F|  |TAMS 0x000000008f300000, 0x000000008f300000| Untracked 
| 244|0x000000008f400000, 0x000000008f400000, 0x000000008f500000|  0%| F|  |TAMS 0x000000008f400000, 0x000000008f400000| Untracked 
| 245|0x000000008f500000, 0x000000008f500000, 0x000000008f600000|  0%| F|  |TAMS 0x000000008f500000, 0x000000008f500000| Untracked 
| 246|0x000000008f600000, 0x000000008f600000, 0x000000008f700000|  0%| F|  |TAMS 0x000000008f600000, 0x000000008f600000| Untracked 
| 247|0x000000008f700000, 0x000000008f700000, 0x000000008f800000|  0%| F|  |TAMS 0x000000008f700000, 0x000000008f700000| Untracked 
| 248|0x000000008f800000, 0x000000008f800000, 0x000000008f900000|  0%| F|  |TAMS 0x000000008f800000, 0x000000008f800000| Untracked 
| 249|0x000000008f900000, 0x000000008f900000, 0x000000008fa00000|  0%| F|  |TAMS 0x000000008f900000, 0x000000008f900000| Untracked 
| 250|0x000000008fa00000, 0x000000008fa00000, 0x000000008fb00000|  0%| F|  |TAMS 0x000000008fa00000, 0x000000008fa00000| Untracked 
| 251|0x000000008fb00000, 0x000000008fb00000, 0x000000008fc00000|  0%| F|  |TAMS 0x000000008fb00000, 0x000000008fb00000| Untracked 
| 252|0x000000008fc00000, 0x000000008fc00000, 0x000000008fd00000|  0%| F|  |TAMS 0x000000008fc00000, 0x000000008fc00000| Untracked 
| 253|0x000000008fd00000, 0x000000008fd00000, 0x000000008fe00000|  0%| F|  |TAMS 0x000000008fd00000, 0x000000008fd00000| Untracked 
| 254|0x000000008fe00000, 0x000000008fe00000, 0x000000008ff00000|  0%| F|  |TAMS 0x000000008fe00000, 0x000000008fe00000| Untracked 
| 255|0x000000008ff00000, 0x000000008ff00000, 0x0000000090000000|  0%| F|  |TAMS 0x000000008ff00000, 0x000000008ff00000| Untracked 
| 256|0x0000000090000000, 0x0000000090000000, 0x0000000090100000|  0%| F|  |TAMS 0x0000000090000000, 0x0000000090000000| Untracked 
| 257|0x0000000090100000, 0x0000000090100000, 0x0000000090200000|  0%| F|  |TAMS 0x0000000090100000, 0x0000000090100000| Untracked 
| 258|0x0000000090200000, 0x0000000090200000, 0x0000000090300000|  0%| F|  |TAMS 0x0000000090200000, 0x0000000090200000| Untracked 
| 259|0x0000000090300000, 0x0000000090400000, 0x0000000090400000|100%| S|CS|TAMS 0x0000000090300000, 0x0000000090300000| Complete 
| 260|0x0000000090400000, 0x0000000090500000, 0x0000000090500000|100%| S|CS|TAMS 0x0000000090400000, 0x0000000090400000| Complete 
| 261|0x0000000090500000, 0x0000000090500000, 0x0000000090600000|  0%| F|  |TAMS 0x0000000090500000, 0x0000000090500000| Untracked 
| 262|0x0000000090600000, 0x0000000090600000, 0x0000000090700000|  0%| F|  |TAMS 0x0000000090600000, 0x0000000090600000| Untracked 
| 263|0x0000000090700000, 0x0000000090700000, 0x0000000090800000|  0%| F|  |TAMS 0x0000000090700000, 0x0000000090700000| Untracked 
| 264|0x0000000090800000, 0x0000000090800000, 0x0000000090900000|  0%| F|  |TAMS 0x0000000090800000, 0x0000000090800000| Untracked 
| 265|0x0000000090900000, 0x0000000090900000, 0x0000000090a00000|  0%| F|  |TAMS 0x0000000090900000, 0x0000000090900000| Untracked 
| 266|0x0000000090a00000, 0x0000000090a00000, 0x0000000090b00000|  0%| F|  |TAMS 0x0000000090a00000, 0x0000000090a00000| Untracked 
| 267|0x0000000090b00000, 0x0000000090b00000, 0x0000000090c00000|  0%| F|  |TAMS 0x0000000090b00000, 0x0000000090b00000| Untracked 
| 268|0x0000000090c00000, 0x0000000090c00000, 0x0000000090d00000|  0%| F|  |TAMS 0x0000000090c00000, 0x0000000090c00000| Untracked 
| 269|0x0000000090d00000, 0x0000000090d00000, 0x0000000090e00000|  0%| F|  |TAMS 0x0000000090d00000, 0x0000000090d00000| Untracked 
| 270|0x0000000090e00000, 0x0000000090e00000, 0x0000000090f00000|  0%| F|  |TAMS 0x0000000090e00000, 0x0000000090e00000| Untracked 
| 271|0x0000000090f00000, 0x0000000090f00000, 0x0000000091000000|  0%| F|  |TAMS 0x0000000090f00000, 0x0000000090f00000| Untracked 

Card table byte_map: [0x0000025326d80000,0x0000025327180000] _byte_map_base: 0x0000025326980000

Marking Bits (Prev, Next): (CMBitMap*) 0x0000025313acdc70, (CMBitMap*) 0x0000025313acdc38
 Prev Bits: [0x0000025329580000, 0x000002532b580000)
 Next Bits: [0x0000025327580000, 0x0000025329580000)

Polling page: 0x00000253120d0000

Metaspace:

Usage:
  Non-class:    104.10 MB capacity,   102.31 MB ( 98%) used,     1.42 MB (  1%) free+waste,   375.69 KB ( <1%) overhead. 
      Class:     15.75 MB capacity,    14.63 MB ( 93%) used,   979.56 KB (  6%) free+waste,   165.38 KB (  1%) overhead. 
       Both:    119.85 MB capacity,   116.95 MB ( 98%) used,     2.38 MB (  2%) free+waste,   541.06 KB ( <1%) overhead. 

Virtual space:
  Non-class space:      106.00 MB reserved,     104.29 MB ( 98%) committed 
      Class space:        1.00 GB reserved,      15.88 MB (  2%) committed 
             Both:        1.10 GB reserved,     120.16 MB ( 11%) committed 

Chunk freelists:
   Non-Class:  59.00 KB
       Class:  13.00 KB
        Both:  72.00 KB

MaxMetaspaceSize: 17179869184.00 GB
CompressedClassSpaceSize: 1.00 GB

CodeHeap 'non-profiled nmethods': size=120064Kb used=10723Kb max_used=10723Kb free=109340Kb
 bounds [0x000002531f040000, 0x000002531fad0000, 0x0000025326580000]
CodeHeap 'profiled nmethods': size=120000Kb used=37914Kb max_used=37914Kb free=82086Kb
 bounds [0x0000025317b10000, 0x000002531a030000, 0x000002531f040000]
CodeHeap 'non-nmethods': size=5696Kb used=2334Kb max_used=2391Kb free=3361Kb
 bounds [0x0000025317580000, 0x00000253177f0000, 0x0000025317b10000]
 total_blobs=18073 nmethods=17105 adapters=879
 compilation: enabled
              stopped_count=0, restarted_count=0
 full_count=0

Compilation events (20 events):
Event: 930.364 Thread 0x000002532d974800 18254       3       com.android.tools.r8.graph.J::j (6 bytes)
Event: 930.364 Thread 0x000002532d974800 nmethod 18254 0x000002531a01fb10 code [0x000002531a01fce0, 0x000002531a01ff78]
Event: 930.364 Thread 0x000002532d974800 18255       3       com.android.tools.r8.graph.J$$Lambda$1129/0x0000000100d48840::a (5 bytes)
Event: 930.365 Thread 0x000002532d974800 nmethod 18255 0x000002531a020090 code [0x000002531a020460, 0x000002531a021f68]
Event: 930.365 Thread 0x000002532d974800 18256       3       com.android.tools.r8.graph.J$$Lambda$1130/0x0000000100d48c40::applyAsInt (8 bytes)
Event: 930.365 Thread 0x000002532d974800 nmethod 18256 0x000002531a022710 code [0x000002531a0228c0, 0x000002531a022ab8]
Event: 930.366 Thread 0x000002532d974800 18257       3       com.android.tools.r8.dex.o::a (19 bytes)
Event: 930.367 Thread 0x000002532d974800 nmethod 18257 0x000002531a022b90 code [0x000002531a022d80, 0x000002531a0231f8]
Event: 930.367 Thread 0x000002532d974800 18258       3       com.android.tools.r8.internal.Pb::a (59 bytes)
Event: 930.368 Thread 0x000002532d974800 nmethod 18258 0x000002531a023390 code [0x000002531a023560, 0x000002531a023948]
Event: 930.368 Thread 0x000002532d974800 18259       3       com.android.tools.r8.internal.BE::compareTo (11 bytes)
Event: 930.368 Thread 0x000002532d974800 nmethod 18259 0x000002531a023a90 code [0x000002531a023c60, 0x000002531a023f28]
Event: 930.368 Thread 0x000002532d974800 18260       3       com.android.tools.r8.graph.r::equals (52 bytes)
Event: 930.368 Thread 0x000002532d974800 nmethod 18260 0x000002531a024010 code [0x000002531a0241e0, 0x000002531a024648]
Event: 930.369 Thread 0x000002532d974800 18262       3       com.android.tools.r8.graph.u::g (26 bytes)
Event: 930.369 Thread 0x000002532d974800 nmethod 18262 0x000002531a024790 code [0x000002531a024960, 0x000002531a024cc8]
Event: 930.369 Thread 0x000002532d974800 18263       3       com.android.tools.r8.graph.t::equals (55 bytes)
Event: 930.369 Thread 0x000002532d974800 nmethod 18263 0x000002531a024d90 code [0x000002531a024f80, 0x000002531a025598]
Event: 930.370 Thread 0x000002532d974800 18267       3       com.android.tools.r8.dex.o::a (10 bytes)
Event: 930.370 Thread 0x000002532d974800 nmethod 18267 0x000002531a025710 code [0x000002531a0258e0, 0x000002531a025c18]

GC Heap History (20 events):
Event: 920.427 GC heap after
{Heap after GC invocations=95 (full 0):
 garbage-first heap   total 278528K, used 179708K [0x0000000080000000, 0x0000000100000000)
  region size 1024K, 4 young (4096K), 4 survivors (4096K)
 Metaspace       used 114882K, capacity 117654K, committed 117796K, reserved 1150976K
  class space    used 14471K, capacity 15506K, committed 15616K, reserved 1048576K
}
Event: 923.087 GC heap before
{Heap before GC invocations=95 (full 0):
 garbage-first heap   total 278528K, used 226812K [0x0000000080000000, 0x0000000100000000)
  region size 1024K, 51 young (52224K), 4 survivors (4096K)
 Metaspace       used 118769K, capacity 121811K, committed 122020K, reserved 1155072K
  class space    used 14975K, capacity 16133K, committed 16256K, reserved 1048576K
}
Event: 923.133 GC heap after
{Heap after GC invocations=96 (full 0):
 garbage-first heap   total 278528K, used 188416K [0x0000000080000000, 0x0000000100000000)
  region size 1024K, 7 young (7168K), 7 survivors (7168K)
 Metaspace       used 118769K, capacity 121811K, committed 122020K, reserved 1155072K
  class space    used 14975K, capacity 16133K, committed 16256K, reserved 1048576K
}
Event: 925.060 GC heap before
{Heap before GC invocations=96 (full 0):
 garbage-first heap   total 278528K, used 245760K [0x0000000080000000, 0x0000000100000000)
  region size 1024K, 48 young (49152K), 7 survivors (7168K)
 Metaspace       used 119764K, capacity 122765K, committed 123044K, reserved 1157120K
  class space    used 14990K, capacity 16141K, committed 16256K, reserved 1048576K
}
Event: 925.101 GC heap after
{Heap after GC invocations=97 (full 0):
 garbage-first heap   total 278528K, used 200675K [0x0000000080000000, 0x0000000100000000)
  region size 1024K, 4 young (4096K), 4 survivors (4096K)
 Metaspace       used 119764K, capacity 122765K, committed 123044K, reserved 1157120K
  class space    used 14990K, capacity 16141K, committed 16256K, reserved 1048576K
}
Event: 925.370 GC heap before
{Heap before GC invocations=97 (full 0):
 garbage-first heap   total 278528K, used 235491K [0x0000000080000000, 0x0000000100000000)
  region size 1024K, 39 young (39936K), 4 survivors (4096K)
 Metaspace       used 119769K, capacity 122765K, committed 123044K, reserved 1157120K
  class space    used 14990K, capacity 16141K, committed 16256K, reserved 1048576K
}
Event: 925.477 GC heap after
{Heap after GC invocations=98 (full 0):
 garbage-first heap   total 278528K, used 216576K [0x0000000080000000, 0x0000000100000000)
  region size 1024K, 5 young (5120K), 5 survivors (5120K)
 Metaspace       used 119769K, capacity 122765K, committed 123044K, reserved 1157120K
  class space    used 14990K, capacity 16141K, committed 16256K, reserved 1048576K
}
Event: 925.779 GC heap before
{Heap before GC invocations=98 (full 0):
 garbage-first heap   total 278528K, used 233984K [0x0000000080000000, 0x0000000100000000)
  region size 1024K, 23 young (23552K), 5 survivors (5120K)
 Metaspace       used 119772K, capacity 122765K, committed 123044K, reserved 1157120K
  class space    used 14990K, capacity 16141K, committed 16256K, reserved 1048576K
}
Event: 925.847 GC heap after
{Heap after GC invocations=99 (full 0):
 garbage-first heap   total 278528K, used 227328K [0x0000000080000000, 0x0000000100000000)
  region size 1024K, 3 young (3072K), 3 survivors (3072K)
 Metaspace       used 119772K, capacity 122765K, committed 123044K, reserved 1157120K
  class space    used 14990K, capacity 16141K, committed 16256K, reserved 1048576K
}
Event: 926.290 GC heap before
{Heap before GC invocations=99 (full 0):
 garbage-first heap   total 278528K, used 236544K [0x0000000080000000, 0x0000000100000000)
  region size 1024K, 13 young (13312K), 3 survivors (3072K)
 Metaspace       used 119773K, capacity 122765K, committed 123044K, reserved 1157120K
  class space    used 14990K, capacity 16141K, committed 16256K, reserved 1048576K
}
Event: 926.320 GC heap after
{Heap after GC invocations=100 (full 0):
 garbage-first heap   total 278528K, used 233472K [0x0000000080000000, 0x0000000100000000)
  region size 1024K, 2 young (2048K), 2 survivors (2048K)
 Metaspace       used 119773K, capacity 122765K, committed 123044K, reserved 1157120K
  class space    used 14990K, capacity 16141K, committed 16256K, reserved 1048576K
}
Event: 927.160 GC heap before
{Heap before GC invocations=100 (full 0):
 garbage-first heap   total 278528K, used 185344K [0x0000000080000000, 0x0000000100000000)
  region size 1024K, 13 young (13312K), 2 survivors (2048K)
 Metaspace       used 119753K, capacity 122729K, committed 123044K, reserved 1157120K
  class space    used 14983K, capacity 16128K, committed 16256K, reserved 1048576K
}
Event: 928.102 GC heap after
{Heap after GC invocations=101 (full 0):
 garbage-first heap   total 278528K, used 181248K [0x0000000080000000, 0x0000000100000000)
  region size 1024K, 2 young (2048K), 2 survivors (2048K)
 Metaspace       used 119753K, capacity 122729K, committed 123044K, reserved 1157120K
  class space    used 14983K, capacity 16128K, committed 16256K, reserved 1048576K
}
Event: 928.680 GC heap before
{Heap before GC invocations=102 (full 0):
 garbage-first heap   total 278528K, used 210944K [0x0000000080000000, 0x0000000100000000)
  region size 1024K, 32 young (32768K), 2 survivors (2048K)
 Metaspace       used 119753K, capacity 122729K, committed 123044K, reserved 1157120K
  class space    used 14983K, capacity 16128K, committed 16256K, reserved 1048576K
}
Event: 929.022 GC heap after
{Heap after GC invocations=103 (full 0):
 garbage-first heap   total 278528K, used 188928K [0x0000000080000000, 0x0000000100000000)
  region size 1024K, 4 young (4096K), 4 survivors (4096K)
 Metaspace       used 119753K, capacity 122729K, committed 123044K, reserved 1157120K
  class space    used 14983K, capacity 16128K, committed 16256K, reserved 1048576K
}
Event: 929.147 GC heap before
{Heap before GC invocations=103 (full 0):
 garbage-first heap   total 278528K, used 198144K [0x0000000080000000, 0x0000000100000000)
  region size 1024K, 13 young (13312K), 4 survivors (4096K)
 Metaspace       used 119753K, capacity 122729K, committed 123044K, reserved 1157120K
  class space    used 14983K, capacity 16128K, committed 16256K, reserved 1048576K
}
Event: 929.400 GC heap after
{Heap after GC invocations=104 (full 0):
 garbage-first heap   total 278528K, used 164864K [0x0000000080000000, 0x0000000100000000)
  region size 1024K, 2 young (2048K), 2 survivors (2048K)
 Metaspace       used 119753K, capacity 122729K, committed 123044K, reserved 1157120K
  class space    used 14983K, capacity 16128K, committed 16256K, reserved 1048576K
}
Event: 929.773 GC heap before
{Heap before GC invocations=104 (full 0):
 garbage-first heap   total 278528K, used 179200K [0x0000000080000000, 0x0000000100000000)
  region size 1024K, 13 young (13312K), 2 survivors (2048K)
 Metaspace       used 119753K, capacity 122729K, committed 123044K, reserved 1157120K
  class space    used 14983K, capacity 16128K, committed 16256K, reserved 1048576K
}
Event: 930.093 GC heap after
{Heap after GC invocations=105 (full 0):
 garbage-first heap   total 278528K, used 162776K [0x0000000080000000, 0x0000000100000000)
  region size 1024K, 2 young (2048K), 2 survivors (2048K)
 Metaspace       used 119753K, capacity 122729K, committed 123044K, reserved 1157120K
  class space    used 14983K, capacity 16128K, committed 16256K, reserved 1048576K
}
Event: 930.378 GC heap before
{Heap before GC invocations=105 (full 0):
 garbage-first heap   total 278528K, used 175064K [0x0000000080000000, 0x0000000100000000)
  region size 1024K, 13 young (13312K), 2 survivors (2048K)
 Metaspace       used 119753K, capacity 122729K, committed 123044K, reserved 1157120K
  class space    used 14983K, capacity 16128K, committed 16256K, reserved 1048576K
}

Deoptimization events (20 events):
Event: 928.273 Thread 0x00000253306cb800 DEOPT PACKING pc=0x000002531f1e427c sp=0x00000077cb0fed20
Event: 928.273 Thread 0x00000253306cb800 DEOPT UNPACKING pc=0x00000253175a6ca9 sp=0x00000077cb0fece0 mode 2
Event: 928.273 Thread 0x00000253306cb800 Uncommon trap: trap_request=0xffffffbe fr.pc=0x000002531f1e427c relative=0x0000000000000cfc
Event: 928.273 Thread 0x00000253306cb800 Uncommon trap: reason=profile_predicate action=maybe_recompile pc=0x000002531f1e427c method=com.android.tools.r8.dex.b.a(Lcom/android/tools/r8/graph/Z;)V @ 10 c2
Event: 928.273 Thread 0x00000253306cb800 DEOPT PACKING pc=0x000002531f1e427c sp=0x00000077cb0fed20
Event: 928.273 Thread 0x00000253306cb800 DEOPT UNPACKING pc=0x00000253175a6ca9 sp=0x00000077cb0fece0 mode 2
Event: 928.274 Thread 0x00000253306cb800 Uncommon trap: trap_request=0xffffffbe fr.pc=0x000002531f74e758 relative=0x00000000000003f8
Event: 928.274 Thread 0x00000253306cb800 Uncommon trap: reason=profile_predicate action=maybe_recompile pc=0x000002531f74e758 method=com.android.tools.r8.dex.b.a(Lcom/android/tools/r8/graph/Z;)V @ 76 c2
Event: 928.274 Thread 0x00000253306cb800 DEOPT PACKING pc=0x000002531f74e758 sp=0x00000077cb0fed30
Event: 928.274 Thread 0x00000253306cb800 DEOPT UNPACKING pc=0x00000253175a6ca9 sp=0x00000077cb0fece0 mode 2
Event: 928.614 Thread 0x000002532e5f3000 DEOPT PACKING pc=0x00000253194bfc85 sp=0x00000077ca7fd9a0
Event: 928.614 Thread 0x000002532e5f3000 DEOPT UNPACKING pc=0x00000253175a6abf sp=0x00000077ca7fce70 mode 0
Event: 929.607 Thread 0x000002532e5f3000 DEOPT PACKING pc=0x0000025318312a16 sp=0x00000077ca7fd800
Event: 929.607 Thread 0x000002532e5f3000 DEOPT UNPACKING pc=0x00000253175a6abf sp=0x00000077ca7fcd18 mode 0
Event: 929.635 Thread 0x00000253306cb800 Uncommon trap: trap_request=0xffffff4d fr.pc=0x000002531f79f174 relative=0x00000000000014d4
Event: 929.635 Thread 0x00000253306cb800 Uncommon trap: reason=unstable_if action=reinterpret pc=0x000002531f79f174 method=java.util.TimSort.mergeHi(IIII)V @ 529 c2
Event: 929.635 Thread 0x00000253306cb800 DEOPT PACKING pc=0x000002531f79f174 sp=0x00000077cb0fe4f0
Event: 929.635 Thread 0x00000253306cb800 DEOPT UNPACKING pc=0x00000253175a6ca9 sp=0x00000077cb0fe4b8 mode 2
Event: 930.358 Thread 0x00000253306cb800 DEOPT PACKING pc=0x000002531951d3d9 sp=0x00000077cb0fe910
Event: 930.358 Thread 0x00000253306cb800 DEOPT UNPACKING pc=0x00000253175a6abf sp=0x00000077cb0fde38 mode 0

Classes redefined (0 events):
No events

Internal exceptions (20 events):
Event: 918.404 Thread 0x0000025334363000 Exception <a 'sun/nio/fs/WindowsException'{0x000000008f75c508}> (0x000000008f75c508) thrown at [./src/hotspot/share/prims/jni.cpp, line 615]
Event: 918.418 Thread 0x0000025334363000 Exception <a 'sun/nio/fs/WindowsException'{0x000000008f7647e8}> (0x000000008f7647e8) thrown at [./src/hotspot/share/prims/jni.cpp, line 615]
Event: 918.511 Thread 0x0000025334363000 Exception <a 'sun/nio/fs/WindowsException'{0x000000008f40e5b0}> (0x000000008f40e5b0) thrown at [./src/hotspot/share/prims/jni.cpp, line 615]
Event: 918.521 Thread 0x0000025334363000 Exception <a 'sun/nio/fs/WindowsException'{0x000000008f417268}> (0x000000008f417268) thrown at [./src/hotspot/share/prims/jni.cpp, line 615]
Event: 918.529 Thread 0x0000025334363000 Exception <a 'sun/nio/fs/WindowsException'{0x000000008f4284b0}> (0x000000008f4284b0) thrown at [./src/hotspot/share/prims/jni.cpp, line 615]
Event: 918.627 Thread 0x0000025334363800 Exception <a 'java/lang/NoSuchMethodError'{0x000000008f3cb078}: <clinit>> (0x000000008f3cb078) thrown at [./src/hotspot/share/prims/jni.cpp, line 1362]
Event: 920.186 Thread 0x0000025334363000 Exception <a 'sun/nio/fs/WindowsException'{0x000000008e7bd7d8}> (0x000000008e7bd7d8) thrown at [./src/hotspot/share/prims/jni.cpp, line 615]
Event: 920.256 Thread 0x0000025334363000 Exception <a 'java/lang/NoSuchMethodError'{0x000000008e680f38}: <clinit>> (0x000000008e680f38) thrown at [./src/hotspot/share/prims/jni.cpp, line 1362]
Event: 920.449 Thread 0x000002532e5ed000 Exception <a 'sun/nio/fs/WindowsException'{0x0000000090fa3a48}> (0x0000000090fa3a48) thrown at [./src/hotspot/share/prims/jni.cpp, line 615]
Event: 920.969 Thread 0x000002532e5ed000 Exception <a 'java/lang/NoSuchMethodError'{0x00000000903a4728}: 'void java.lang.invoke.DirectMethodHandle$Holder.invokeStatic(java.lang.Object, java.lang.Object, int, java.lang.Object, java.lang.Object, java.lang.Object, java.lang.Object)'> (0x00000000903a4728) thrown at [./src/hotspot/share/interpreter/linkResolver.cpp, line 773]
Event: 920.972 Thread 0x000002532e5ed000 Exception <a 'java/lang/NoSuchMethodError'{0x00000000903b3d18}: 'long java.lang.invoke.DirectMethodHandle$Holder.invokeStatic(java.lang.Object, java.lang.Object)'> (0x00000000903b3d18) thrown at [./src/hotspot/share/interpreter/linkResolver.cpp, line 773]
Event: 921.254 Thread 0x000002532e5ed000 Exception <a 'java/lang/IncompatibleClassChangeError'{0x000000008f92b078}: Found class java.lang.Object, but interface was expected> (0x000000008f92b078) thrown at [./src/hotspot/share/interpreter/linkResolver.cpp, line 839]
Event: 921.641 Thread 0x000002532e5f3000 Exception <a 'java/lang/NoSuchMethodError'{0x000000008f23def8}: 'java.lang.Object java.lang.invoke.DirectMethodHandle$Holder.invokeStatic(java.lang.Object, int, java.lang.Object, java.lang.Object)'> (0x000000008f23def8) thrown at [./src/hotspot/share/interpreter/linkResolver.cpp, line 773]
Event: 921.687 Thread 0x000002532e5f3000 Exception <a 'java/lang/NoSuchMethodError'{0x000000008f2f6210}: 'java.lang.Object java.lang.invoke.Invokers$Holder.linkToTargetMethod(java.lang.Object, java.lang.Object, java.lang.Object, java.lang.Object, java.lang.Object, java.lang.Object, java.lang.Object, java.lang.Object)'> (0x000000008f2f6210) thrown at [./src/hotspot/share/interpreter/linkResolver.cpp, line 773]
Event: 922.258 Thread 0x000002532e5ed000 Exception <a 'java/lang/NoSuchMethodError'{0x000000008efea9d8}: 'java.lang.Object java.lang.invoke.DirectMethodHandle$Holder.invokeVirtual(java.lang.Object, java.lang.Object, int, java.lang.Object)'> (0x000000008efea9d8) thrown at [./src/hotspot/share/interpreter/linkResolver.cpp, line 773]
Event: 922.300 Thread 0x000002532e5ed000 Exception <a 'java/lang/NoSuchMethodError'{0x000000008ee5c830}: 'void java.lang.invoke.DirectMethodHandle$Holder.invokeVirtual(java.lang.Object, java.lang.Object, int, java.lang.Object)'> (0x000000008ee5c830) thrown at [./src/hotspot/share/interpreter/linkResolver.cpp, line 773]
Event: 923.069 Thread 0x000002532e5ed000 Exception <a 'java/lang/IncompatibleClassChangeError'{0x000000008e19c998}: Found class java.lang.Object, but interface was expected> (0x000000008e19c998) thrown at [./src/hotspot/share/interpreter/linkResolver.cpp, line 839]
Event: 923.188 Thread 0x000002532e5ed000 Exception <a 'sun/nio/fs/WindowsException'{0x0000000090f09948}> (0x0000000090f09948) thrown at [./src/hotspot/share/prims/jni.cpp, line 615]
Event: 923.379 Thread 0x000002532e5ed000 Exception <a 'sun/nio/fs/WindowsException'{0x0000000090f115e8}> (0x0000000090f115e8) thrown at [./src/hotspot/share/prims/jni.cpp, line 615]
Event: 924.977 Thread 0x000002532e5f3000 Exception <a 'sun/nio/fs/WindowsException'{0x000000008ed851f8}> (0x000000008ed851f8) thrown at [./src/hotspot/share/prims/jni.cpp, line 615]

Events (20 events):
Event: 926.320 Executing VM operation: G1CollectForAllocation done
Event: 926.675 Executing VM operation: CGC_Operation
Event: 927.020 Executing VM operation: CGC_Operation done
Event: 927.157 Executing VM operation: G1CollectForAllocation
Event: 928.102 Executing coalesced safepoint VM operation: RevokeBias
Event: 928.102 Executing coalesced safepoint VM operation: RevokeBias done
Event: 928.102 Executing VM operation: G1CollectForAllocation done
Event: 928.160 Executing VM operation: RevokeBias
Event: 928.183 Executing VM operation: RevokeBias done
Event: 928.200 Executing VM operation: RevokeBias
Event: 928.220 Executing VM operation: RevokeBias done
Event: 928.531 Executing VM operation: CGC_Operation
Event: 928.533 Executing VM operation: CGC_Operation done
Event: 928.680 Executing VM operation: G1CollectForAllocation
Event: 929.022 Executing VM operation: G1CollectForAllocation done
Event: 929.147 Executing VM operation: G1CollectForAllocation
Event: 929.400 Executing VM operation: G1CollectForAllocation done
Event: 929.773 Executing VM operation: G1CollectForAllocation
Event: 930.093 Executing VM operation: G1CollectForAllocation done
Event: 930.377 Executing VM operation: G1CollectForAllocation


Dynamic libraries:
0x00007ff76a5f0000 - 0x00007ff76a5fa000 	C:\Program Files\Android\Android Studio\jre\bin\java.exe
0x00007ffbc83d0000 - 0x00007ffbc85c5000 	C:\WINDOWS\SYSTEM32\ntdll.dll
0x00007ffbc74c0000 - 0x00007ffbc757e000 	C:\WINDOWS\System32\KERNEL32.DLL
0x00007ffbc5af0000 - 0x00007ffbc5db9000 	C:\WINDOWS\System32\KERNELBASE.dll
0x00007ffbc6160000 - 0x00007ffbc6260000 	C:\WINDOWS\System32\ucrtbase.dll
0x00007ffbbad80000 - 0x00007ffbbad99000 	C:\Program Files\Android\Android Studio\jre\bin\jli.dll
0x00007ffbbabf0000 - 0x00007ffbbac07000 	C:\Program Files\Android\Android Studio\jre\bin\VCRUNTIME140.dll
0x00007ffbc81e0000 - 0x00007ffbc8381000 	C:\WINDOWS\System32\USER32.dll
0x00007ffbc6130000 - 0x00007ffbc6152000 	C:\WINDOWS\System32\win32u.dll
0x00007ffba71e0000 - 0x00007ffba747a000 	C:\WINDOWS\WinSxS\amd64_microsoft.windows.common-controls_6595b64144ccf1df_6.0.19041.1110_none_60b5254171f9507e\COMCTL32.dll
0x00007ffbc67d0000 - 0x00007ffbc67fb000 	C:\WINDOWS\System32\GDI32.dll
0x00007ffbc6a80000 - 0x00007ffbc6b1e000 	C:\WINDOWS\System32\msvcrt.dll
0x00007ffbc5f50000 - 0x00007ffbc605b000 	C:\WINDOWS\System32\gdi32full.dll
0x00007ffbc6090000 - 0x00007ffbc612d000 	C:\WINDOWS\System32\msvcp_win.dll
0x00007ffbc6d50000 - 0x00007ffbc6d80000 	C:\WINDOWS\System32\IMM32.DLL
0x00007ffba0df0000 - 0x00007ffba0e8d000 	C:\Program Files\Android\Android Studio\jre\bin\msvcp140.dll
0x00007ffb374c0000 - 0x00007ffb37f8f000 	C:\Program Files\Android\Android Studio\jre\bin\server\jvm.dll
0x00007ffbc6420000 - 0x00007ffbc64cc000 	C:\WINDOWS\System32\ADVAPI32.dll
0x00007ffbc6c00000 - 0x00007ffbc6c9b000 	C:\WINDOWS\System32\sechost.dll
0x00007ffbc64d0000 - 0x00007ffbc65fa000 	C:\WINDOWS\System32\RPCRT4.dll
0x00007ffbc78f0000 - 0x00007ffbc78f8000 	C:\WINDOWS\System32\PSAPI.DLL
0x00007ffbbadd0000 - 0x00007ffbbadd9000 	C:\WINDOWS\SYSTEM32\WSOCK32.dll
0x00007ffbab510000 - 0x00007ffbab537000 	C:\WINDOWS\SYSTEM32\WINMM.dll
0x00007ffbc6a10000 - 0x00007ffbc6a7b000 	C:\WINDOWS\System32\WS2_32.dll
0x00007ffbbde50000 - 0x00007ffbbde5a000 	C:\WINDOWS\SYSTEM32\VERSION.dll
0x00007ffbc4370000 - 0x00007ffbc4382000 	C:\WINDOWS\SYSTEM32\kernel.appcore.dll
0x00007ffbacb20000 - 0x00007ffbacb31000 	C:\Program Files\Android\Android Studio\jre\bin\verify.dll
0x00007ffbc4080000 - 0x00007ffbc4264000 	C:\WINDOWS\SYSTEM32\DBGHELP.DLL
0x00007ffbac190000 - 0x00007ffbac1bc000 	C:\WINDOWS\SYSTEM32\dbgcore.DLL
0x00007ffbc5e10000 - 0x00007ffbc5e93000 	C:\WINDOWS\System32\bcryptPrimitives.dll
0x00007ffbacaf0000 - 0x00007ffbacb19000 	C:\Program Files\Android\Android Studio\jre\bin\java.dll
0x00007ffbb3b10000 - 0x00007ffbb3b1b000 	C:\Program Files\Android\Android Studio\jre\bin\jimage.dll
0x00007ffbacab0000 - 0x00007ffbacac8000 	C:\Program Files\Android\Android Studio\jre\bin\zip.dll
0x00007ffbc6d80000 - 0x00007ffbc74bf000 	C:\WINDOWS\System32\SHELL32.dll
0x00007ffbc3820000 - 0x00007ffbc3fb0000 	C:\WINDOWS\SYSTEM32\windows.storage.dll
0x00007ffbc7990000 - 0x00007ffbc7ce5000 	C:\WINDOWS\System32\combase.dll
0x00007ffbc54d0000 - 0x00007ffbc54fc000 	C:\WINDOWS\SYSTEM32\Wldp.dll
0x00007ffbc6ca0000 - 0x00007ffbc6d4e000 	C:\WINDOWS\System32\SHCORE.dll
0x00007ffbc77e0000 - 0x00007ffbc7835000 	C:\WINDOWS\System32\shlwapi.dll
0x00007ffbc5a30000 - 0x00007ffbc5a4f000 	C:\WINDOWS\SYSTEM32\profapi.dll
0x00007ffbaab60000 - 0x00007ffbaab7a000 	C:\Program Files\Android\Android Studio\jre\bin\net.dll
0x00007ffbb1de0000 - 0x00007ffbb1ee8000 	C:\WINDOWS\SYSTEM32\WINHTTP.dll
0x00007ffbc5230000 - 0x00007ffbc529a000 	C:\WINDOWS\system32\mswsock.dll
0x00007ffba0c30000 - 0x00007ffba0c44000 	C:\Program Files\Android\Android Studio\jre\bin\nio.dll
0x00007ffba0d60000 - 0x00007ffba0d87000 	C:\Users\hp\.gradle\native\8bec1ad78214c89d9ad589b4d07fe93259594b29d510b10fafb7a158f7737e5d\windows-amd64\native-platform.dll
0x00007ffb85220000 - 0x00007ffb8535d000 	C:\Users\hp\.gradle\native\53dbd7edfb1c66fb8903c78663c9afc45aea4f116125fa6feffd364cf09443e8\windows-amd64\native-platform-file-events.dll
0x00007ffbacc40000 - 0x00007ffbacc4a000 	C:\Program Files\Android\Android Studio\jre\bin\management.dll
0x00007ffbacbd0000 - 0x00007ffbacbdc000 	C:\Program Files\Android\Android Studio\jre\bin\management_ext.dll
0x00007ffbc5420000 - 0x00007ffbc5438000 	C:\WINDOWS\SYSTEM32\CRYPTSP.dll
0x00007ffbc4b50000 - 0x00007ffbc4b84000 	C:\WINDOWS\system32\rsaenh.dll
0x00007ffbc6060000 - 0x00007ffbc6087000 	C:\WINDOWS\System32\bcrypt.dll
0x00007ffbc59b0000 - 0x00007ffbc59de000 	C:\WINDOWS\SYSTEM32\USERENV.dll
0x00007ffbc5440000 - 0x00007ffbc544c000 	C:\WINDOWS\SYSTEM32\CRYPTBASE.dll
0x00007ffbc4ec0000 - 0x00007ffbc4efb000 	C:\WINDOWS\SYSTEM32\IPHLPAPI.DLL
0x00007ffbc8170000 - 0x00007ffbc8178000 	C:\WINDOWS\System32\NSI.dll
0x00007ffbc3690000 - 0x00007ffbc36a7000 	C:\WINDOWS\SYSTEM32\dhcpcsvc6.DLL
0x00007ffbc3670000 - 0x00007ffbc368d000 	C:\WINDOWS\SYSTEM32\dhcpcsvc.DLL
0x00007ffbc4f00000 - 0x00007ffbc4fcc000 	C:\WINDOWS\SYSTEM32\DNSAPI.dll
0x00007ffb96af0000 - 0x00007ffb96b17000 	C:\Program Files\Android\Android Studio\jre\bin\sunec.dll

dbghelp: loaded successfully - version: 4.0.5 - missing functions: none
symbol engine: initialized successfully - sym options: 0x614 - pdb path: .;C:\Program Files\Android\Android Studio\jre\bin;C:\WINDOWS\SYSTEM32;C:\WINDOWS\WinSxS\amd64_microsoft.windows.common-controls_6595b64144ccf1df_6.0.19041.1110_none_60b5254171f9507e;C:\Program Files\Android\Android Studio\jre\bin\server;C:\Users\hp\.gradle\native\8bec1ad78214c89d9ad589b4d07fe93259594b29d510b10fafb7a158f7737e5d\windows-amd64;C:\Users\hp\.gradle\native\53dbd7edfb1c66fb8903c78663c9afc45aea4f116125fa6feffd364cf09443e8\windows-amd64

VM Arguments:
jvm_args: --add-opens=java.base/java.util=ALL-UNNAMED --add-opens=java.base/java.lang=ALL-UNNAMED --add-opens=java.base/java.lang.invoke=ALL-UNNAMED --add-opens=java.base/java.util=ALL-UNNAMED --add-opens=java.prefs/java.util.prefs=ALL-UNNAMED --add-opens=java.prefs/java.util.prefs=ALL-UNNAMED --add-opens=java.base/java.nio.charset=ALL-UNNAMED --add-opens=java.base/java.net=ALL-UNNAMED --add-opens=java.base/java.util.concurrent.atomic=ALL-UNNAMED -Xmx2048m -Dfile.encoding=UTF-8 -Duser.country=US -Duser.language=en -Duser.variant 
java_command: org.gradle.launcher.daemon.bootstrap.GradleDaemon 7.0.2
java_class_path (initial): C:\Users\hp\.gradle\wrapper\dists\gradle-7.0.2-bin\857tjihv64xamwrf0h14cai3r\gradle-7.0.2\lib\gradle-launcher-7.0.2.jar
Launcher Type: SUN_STANDARD

[Global flags]
     intx CICompilerCount                          = 2                                         {product} {ergonomic}
     uint ConcGCThreads                            = 1                                         {product} {ergonomic}
     uint G1ConcRefinementThreads                  = 2                                         {product} {ergonomic}
   size_t G1HeapRegionSize                         = 1048576                                   {product} {ergonomic}
    uintx GCDrainStackTargetSize                   = 64                                        {product} {ergonomic}
   size_t InitialHeapSize                          = 65011712                                  {product} {ergonomic}
   size_t MarkStackSize                            = 4194304                                   {product} {ergonomic}
   size_t MaxHeapSize                              = 2147483648                                {product} {command line}
   size_t MaxNewSize                               = 1287651328                                {product} {ergonomic}
   size_t MinHeapDeltaBytes                        = 1048576                                   {product} {ergonomic}
    uintx NonNMethodCodeHeapSize                   = 5825164                                {pd product} {ergonomic}
    uintx NonProfiledCodeHeapSize                  = 122916538                              {pd product} {ergonomic}
    uintx ProfiledCodeHeapSize                     = 122916538                              {pd product} {ergonomic}
    uintx ReservedCodeCacheSize                    = 251658240                              {pd product} {ergonomic}
     bool SegmentedCodeCache                       = true                                      {product} {ergonomic}
     bool UseCompressedClassPointers               = true                                 {lp64_product} {ergonomic}
     bool UseCompressedOops                        = true                                 {lp64_product} {ergonomic}
     bool UseG1GC                                  = true                                      {product} {ergonomic}
     bool UseLargePagesIndividualAllocation        = false                                  {pd product} {ergonomic}

Logging:
Log output configuration:
 #0: stdout all=warning uptime,level,tags
 #1: stderr all=off uptime,level,tags

Environment Variables:
PATH=C:\Program Files\AdoptOpenJDK\jdk-11.0.10.9-hotspot\bin;C:\Program Files (x86)\Common Files\Oracle\Java\javapath;C:\ProgramData\Oracle\Java\javapath;C:\WINDOWS\system32;C:\WINDOWS;C:\WINDOWS\System32\Wbem;C:\WINDOWS\System32\WindowsPowerShell\v1.0\;C:\WINDOWS\System32\OpenSSH\;E:\App\Git\cmd;C:\Users\hp\AppData\Local\Microsoft\WindowsApps;C:\Users\hp\AppData\Local\GitHubDesktop\bin;C:\Users\hp\AppData\Local\Programs\Microsoft VS Code\bin
USERNAME=hp
OS=Windows_NT
PROCESSOR_IDENTIFIER=Intel64 Family 6 Model 122 Stepping 8, GenuineIntel



---------------  S Y S T E M  ---------------

OS: Windows 10 , 64 bit Build 19041 (10.0.19041.1202)
OS uptime: 1 days 2:29 hours

CPU:total 2 (initial active 2) (2 cores per cpu, 1 threads per core) family 6 model 122 stepping 8 microcode 0x16, cmov, cx8, fxsr, mmx, sse, sse2, sse3, ssse3, sse4.1, sse4.2, popcnt, aes, clmul, erms, 3dnowpref, tsc, tscinvbit, sha

Memory: 4k page, system-wide physical 3858M (282M free)
TotalPageFile size 7954M (AvailPageFile size 172M)
current process WorkingSet (physical memory assigned to process): 469M, peak: 532M
current process commit charge ("private bytes"): 610M, peak: 963M

vm_info: OpenJDK 64-Bit Server VM (11.0.10+0-b96-7249189) for windows-amd64 JRE (11.0.10+0-b96-7249189), built on Mar 31 2021 21:44:00 by "builder" with MS VC++ 14.0 (VS2015)

END.
