#
# There is insufficient memory for the Java Runtime Environment to continue.
# Native memory allocation (mmap) failed to map 356515840 bytes for Failed to commit area from 0x000000009a200000 to 0x00000000af600000 of length 356515840.
# Possible reasons:
#   The system is out of physical RAM or swap space
#   The process is running with CompressedOops enabled, and the Java Heap may be blocking the growth of the native heap
# Possible solutions:
#   Reduce memory load on the system
#   Increase physical memory or swap space
#   Check if swap backing store is full
#   Decrease Java heap size (-Xmx/-Xms)
#   Decrease number of Java threads
#   Decrease Java thread stack sizes (-Xss)
#   Set larger code cache with -XX:ReservedCodeCacheSize=
#   JVM is running with Unscaled Compressed Oops mode in which the Java heap is
#     placed in the first 4GB address space. The Java Heap base address is the
#     maximum limit for the native heap growth. Please use -XX:HeapBaseMinAddress
#     to set the Java Heap base and to place the Java Heap above 4GB virtual address.
# This output file may be truncated or incomplete.
#
#  Out of Memory Error (./src/hotspot/os/windows/os_windows.cpp:3301), pid=29312, tid=30828
#
# JRE version: OpenJDK Runtime Environment (11.0.10) (build 11.0.10+0-b96-7249189)
# Java VM: OpenJDK 64-Bit Server VM (11.0.10+0-b96-7249189, mixed mode, tiered, compressed oops, g1 gc, windows-amd64)
# No core dump will be written. Minidumps are not enabled by default on client versions of Windows
#

---------------  S U M M A R Y ------------

Command Line: --add-opens=java.base/java.util=ALL-UNNAMED --add-opens=java.base/java.lang=ALL-UNNAMED --add-opens=java.base/java.lang.invoke=ALL-UNNAMED --add-opens=java.base/java.util=ALL-UNNAMED --add-opens=java.prefs/java.util.prefs=ALL-UNNAMED --add-opens=java.prefs/java.util.prefs=ALL-UNNAMED --add-opens=java.base/java.nio.charset=ALL-UNNAMED --add-opens=java.base/java.net=ALL-UNNAMED --add-opens=java.base/java.util.concurrent.atomic=ALL-UNNAMED -Xmx2048m -Dfile.encoding=UTF-8 -Duser.country=US -Duser.language=en -Duser.variant org.gradle.launcher.daemon.bootstrap.GradleDaemon 7.0.2

Host: Intel(R) Celeron(R) N4020 CPU @ 1.10GHz, 2 cores, 3G,  Windows 10 , 64 bit Build 19041 (10.0.19041.1202)
Time: Fri Oct 15 22:34:21 2021 SE Asia Standard Time elapsed time: 1750.750186 seconds (0d 0h 29m 10s)

---------------  T H R E A D  ---------------

Current thread (0x000002ba6dda7800):  VMThread "VM Thread" [stack: 0x000000e3feb00000,0x000000e3fec00000] [id=30828]

Stack: [0x000000e3feb00000,0x000000e3fec00000]
[error occurred during error reporting (printing stack bounds), id 0xc0000005, EXCEPTION_ACCESS_VIOLATION (0xc0000005) at pc=0x000002ba579d0f3d]

Native frames: (J=compiled Java code, j=interpreted, Vv=VM code, C=native code)
V  [jvm.dll+0x5ecfaa]
V  [jvm.dll+0x722bd5]
V  [jvm.dll+0x72412d]
V  [jvm.dll+0x724745]
V  [jvm.dll+0x7246fb]
V  [jvm.dll+0x5ec348]
V  [jvm.dll+0x5ecad8]
C  [ntdll.dll+0xa20cf]
C  [ntdll.dll+0x51454]
C  [ntdll.dll+0xa0bfe]
C  0x000002ba579d0f3d

VM_Operation (0x000000e3829fe240): G1CollectForAllocation, mode: safepoint, requested by thread 0x000002ba702ec000


---------------  P R O C E S S  ---------------

Threads class SMR info:
_java_thread_list=0x000002ba7489ece0, length=52, elements={
0x000002ba526fc000, 0x000002ba6ddae800, 0x000002ba6ddb0000, 0x000002ba6de0a800,
0x000002ba6de0c000, 0x000002ba6de0d800, 0x000002ba6de13000, 0x000002ba6de18800,
0x000002ba6de27000, 0x000002ba6e88c800, 0x000002ba70312800, 0x000002ba70057800,
0x000002ba6f3ae800, 0x000002ba702e9000, 0x000002ba702ed800, 0x000002ba702ea800,
0x000002ba702eb800, 0x000002ba702e9800, 0x000002ba7160b800, 0x000002ba7160a800,
0x000002ba7160c000, 0x000002ba71608000, 0x000002ba71612800, 0x000002ba71613800,
0x000002ba746e5800, 0x000002ba746f3800, 0x000002ba71609000, 0x000002ba746e9800,
0x000002ba746e6800, 0x000002ba746ec000, 0x000002ba746eb800, 0x000002ba746e7000,
0x000002ba746e8000, 0x000002ba746ea800, 0x000002ba746ed800, 0x000002ba746e9000,
0x000002ba746ef800, 0x000002ba746f4800, 0x000002ba746f0000, 0x000002ba746f1000,
0x000002ba746f2000, 0x000002ba746f2800, 0x000002ba746ee800, 0x000002ba71607800,
0x000002ba7160e800, 0x000002ba71609800, 0x000002ba71610800, 0x000002ba71614800,
0x000002ba71615000, 0x000002ba7160f800, 0x000002ba71611000, 0x000002ba702ec000
}

Java Threads: ( => current thread )
  0x000002ba526fc000 JavaThread "main" [_thread_blocked, id=27244, stack(0x000000e3fe500000,0x000000e3fe600000)]
  0x000002ba6ddae800 JavaThread "Reference Handler" daemon [_thread_blocked, id=3332, stack(0x000000e3fec00000,0x000000e3fed00000)]
  0x000002ba6ddb0000 JavaThread "Finalizer" daemon [_thread_blocked, id=6200, stack(0x000000e3fed00000,0x000000e3fee00000)]
  0x000002ba6de0a800 JavaThread "Signal Dispatcher" daemon [_thread_blocked, id=27396, stack(0x000000e3fee00000,0x000000e3fef00000)]
  0x000002ba6de0c000 JavaThread "Attach Listener" daemon [_thread_blocked, id=26112, stack(0x000000e3fef00000,0x000000e3ff000000)]
  0x000002ba6de0d800 JavaThread "Service Thread" daemon [_thread_blocked, id=30208, stack(0x000000e3ff000000,0x000000e3ff100000)]
  0x000002ba6de13000 JavaThread "C2 CompilerThread0" daemon [_thread_blocked, id=30728, stack(0x000000e3ff100000,0x000000e3ff200000)]
  0x000002ba6de18800 JavaThread "C1 CompilerThread0" daemon [_thread_blocked, id=21240, stack(0x000000e3ff200000,0x000000e3ff300000)]
  0x000002ba6de27000 JavaThread "Sweeper thread" daemon [_thread_blocked, id=20292, stack(0x000000e3ff300000,0x000000e3ff400000)]
  0x000002ba6e88c800 JavaThread "Common-Cleaner" daemon [_thread_blocked, id=28176, stack(0x000000e3ff400000,0x000000e3ff500000)]
  0x000002ba70312800 JavaThread "Daemon health stats" [_thread_blocked, id=28428, stack(0x000000e3ff700000,0x000000e3ff800000)]
  0x000002ba70057800 JavaThread "Incoming local TCP Connector on port 59883" [_thread_in_native, id=27992, stack(0x000000e3ff800000,0x000000e3ff900000)]
  0x000002ba6f3ae800 JavaThread "Daemon periodic checks" [_thread_blocked, id=29648, stack(0x000000e3ff900000,0x000000e3ffa00000)]
  0x000002ba702e9000 JavaThread "Cache worker for file hash cache (C:\Users\hp\.gradle\caches\7.0.2\fileHashes)" [_thread_blocked, id=30716, stack(0x000000e380100000,0x000000e380200000)]
  0x000002ba702ed800 JavaThread "File lock request listener" [_thread_in_native, id=22100, stack(0x000000e380200000,0x000000e380300000)]
  0x000002ba702ea800 JavaThread "Cache worker for journal cache (C:\Users\hp\.gradle\caches\journal-1)" [_thread_blocked, id=29932, stack(0x000000e380300000,0x000000e380400000)]
  0x000002ba702eb800 JavaThread "File watcher server" daemon [_thread_blocked, id=27952, stack(0x000000e380500000,0x000000e380600000)]
  0x000002ba702e9800 JavaThread "File watcher consumer" daemon [_thread_blocked, id=31576, stack(0x000000e380600000,0x000000e380700000)]
  0x000002ba7160b800 JavaThread "Cache worker for execution history cache (C:\Users\hp\.gradle\caches\7.0.2\executionHistory)" [_thread_blocked, id=28572, stack(0x000000e380a00000,0x000000e380b00000)]
  0x000002ba7160a800 JavaThread "jar transforms" [_thread_blocked, id=28124, stack(0x000000e380b00000,0x000000e380c00000)]
  0x000002ba7160c000 JavaThread "jar transforms Thread 2" [_thread_blocked, id=30824, stack(0x000000e380c00000,0x000000e380d00000)]
  0x000002ba71608000 JavaThread "Cache worker for file content cache (C:\Users\hp\.gradle\caches\7.0.2\fileContent)" [_thread_blocked, id=29568, stack(0x000000e380d00000,0x000000e380e00000)]
  0x000002ba71612800 JavaThread "Memory manager" [_thread_blocked, id=10728, stack(0x000000e381400000,0x000000e381500000)]
  0x000002ba71613800 JavaThread "pool-3-thread-1" [_thread_blocked, id=30376, stack(0x000000e381600000,0x000000e381700000)]
  0x000002ba746e5800 JavaThread "ForkJoinPool.commonPool-worker-1" daemon [_thread_blocked, id=2788, stack(0x000000e381f00000,0x000000e382000000)]
  0x000002ba746f3800 JavaThread "pool-8-thread-1" [_thread_blocked, id=29772, stack(0x000000e381b00000,0x000000e381c00000)]
  0x000002ba71609000 JavaThread "Cache worker for Java compile cache (C:\Users\hp\.gradle\caches\7.0.2\javaCompile)" [_thread_blocked, id=29444, stack(0x000000e382000000,0x000000e382100000)]
  0x000002ba746e9800 JavaThread "pool-12-thread-1" [_thread_blocked, id=26704, stack(0x000000e381c00000,0x000000e381d00000)]
  0x000002ba746e6800 JavaThread "Daemon Thread 4" [_thread_blocked, id=29248, stack(0x000000e380000000,0x000000e380100000)]
  0x000002ba746ec000 JavaThread "Handler for socket connection from /127.0.0.1:59883 to /127.0.0.1:60105" [_thread_in_native, id=12268, stack(0x000000e380400000,0x000000e380500000)]
  0x000002ba746eb800 JavaThread "Cancel handler" [_thread_blocked, id=29440, stack(0x000000e380700000,0x000000e380800000)]
  0x000002ba746e7000 JavaThread "Daemon worker Thread 4" [_thread_blocked, id=26256, stack(0x000000e380800000,0x000000e380900000)]
  0x000002ba746e8000 JavaThread "Asynchronous log dispatcher for DefaultDaemonConnection: socket connection from /127.0.0.1:59883 to /127.0.0.1:60105" [_thread_blocked, id=30920, stack(0x000000e380900000,0x000000e380a00000)]
  0x000002ba746ea800 JavaThread "Daemon client event forwarder" [_thread_blocked, id=18008, stack(0x000000e380f00000,0x000000e381000000)]
  0x000002ba746ed800 JavaThread "Cache worker for file hash cache (E:\AndroidStudioProjects\ImpIntentApp\.gradle\7.0.2\fileHashes)" [_thread_blocked, id=25392, stack(0x000000e381000000,0x000000e381100000)]
  0x000002ba746e9000 JavaThread "Cache worker for checksums cache (E:\AndroidStudioProjects\ImpIntentApp\.gradle\checksums)" [_thread_blocked, id=9464, stack(0x000000e381100000,0x000000e381200000)]
  0x000002ba746ef800 JavaThread "Cache worker for cache directory md-supplier (C:\Users\hp\.gradle\caches\7.0.2\md-supplier)" [_thread_blocked, id=19620, stack(0x000000e381200000,0x000000e381300000)]
  0x000002ba746f4800 JavaThread "Cache worker for cache directory md-rule (C:\Users\hp\.gradle\caches\7.0.2\md-rule)" [_thread_blocked, id=4068, stack(0x000000e381300000,0x000000e381400000)]
  0x000002ba746f0000 JavaThread "Cache worker for dependencies-accessors (E:\AndroidStudioProjects\ImpIntentApp\.gradle\7.0.2\dependencies-accessors)" [_thread_blocked, id=31704, stack(0x000000e381500000,0x000000e381600000)]
  0x000002ba746f1000 JavaThread "Cache worker for Build Output Cleanup Cache (E:\AndroidStudioProjects\ImpIntentApp\.gradle\buildOutputCleanup)" [_thread_blocked, id=30740, stack(0x000000e381700000,0x000000e381800000)]
  0x000002ba746f2000 JavaThread "Build operations" [_thread_blocked, id=4360, stack(0x000000e381800000,0x000000e381900000)]
  0x000002ba746f2800 JavaThread "Build operations Thread 2" [_thread_blocked, id=19784, stack(0x000000e381900000,0x000000e381a00000)]
  0x000002ba746ee800 JavaThread "build event listener" [_thread_blocked, id=29940, stack(0x000000e381a00000,0x000000e381b00000)]
  0x000002ba71607800 JavaThread "pool-16-thread-1" [_thread_blocked, id=28288, stack(0x000000e381d00000,0x000000e381e00000)]
  0x000002ba7160e800 JavaThread "build event listener" [_thread_blocked, id=30852, stack(0x000000e381e00000,0x000000e381f00000)]
  0x000002ba71609800 JavaThread "Execution worker for ':'" [_thread_blocked, id=26088, stack(0x000000e382200000,0x000000e382300000)]
  0x000002ba71610800 JavaThread "Cache worker for execution history cache (E:\AndroidStudioProjects\ImpIntentApp\.gradle\7.0.2\executionHistory)" [_thread_blocked, id=29692, stack(0x000000e382300000,0x000000e382400000)]
  0x000002ba71614800 JavaThread "Cache worker for Java compile cache (E:\AndroidStudioProjects\ImpIntentApp\.gradle\7.0.2\javaCompile)" [_thread_blocked, id=13100, stack(0x000000e382400000,0x000000e382500000)]
  0x000002ba71615000 JavaThread "WorkerExecutor Queue" [_thread_blocked, id=31276, stack(0x000000e382500000,0x000000e382600000)]
  0x000002ba7160f800 JavaThread "WorkerExecutor Queue Thread 2" [_thread_blocked, id=28348, stack(0x000000e382600000,0x000000e382700000)]
  0x000002ba71611000 JavaThread "ForkJoinPool-4-worker-3" daemon [_thread_blocked, id=29452, stack(0x000000e382800000,0x000000e382900000)]
  0x000002ba702ec000 JavaThread "ForkJoinPool-4-worker-1" daemon [_thread_blocked, id=27680, stack(0x000000e382900000,0x000000e382a00000)]

Other Threads:
=>0x000002ba6dda7800 VMThread "VM Thread" [stack: 0x000000e3feb00000,0x000000e3fec00000] [id=30828]
  0x000002ba6e8a6000 WatcherThread [stack: 0x000000e3ff500000,0x000000e3ff600000] [id=29344]
  0x000002ba52715800 GCTaskThread "GC Thread#0" [stack: 0x000000e3fe600000,0x000000e3fe700000] [id=31240]
  0x000002ba6e98e800 GCTaskThread "GC Thread#1" [stack: 0x000000e3ff600000,0x000000e3ff700000] [id=31124]
  0x000002ba52745000 ConcurrentGCThread "G1 Main Marker" [stack: 0x000000e3fe700000,0x000000e3fe800000] [id=10436]
  0x000002ba52747800 ConcurrentGCThread "G1 Conc#0" [stack: 0x000000e3fe800000,0x000000e3fe900000] [id=26140]
  0x000002ba52797800 ConcurrentGCThread "G1 Refine#0" [stack: 0x000000e3fe900000,0x000000e3fea00000] [id=19484]
  0x000002ba77d67000 ConcurrentGCThread "G1 Refine#1" [stack: 0x000000e382100000,0x000000e382200000] [id=26160]
  0x000002ba52798800 ConcurrentGCThread "G1 Young RemSet Sampling" [stack: 0x000000e3fea00000,0x000000e3feb00000] [id=31016]

Threads with active compile tasks:
C2 CompilerThread01751556 19424 %     4       com.android.tools.r8.dex.m::b @ 96 (204 bytes)

VM state:at safepoint (normal execution)

VM Mutex/Monitor currently owned by a thread:  ([mutex/lock_event])
[0x000002ba526f7d60] Threads_lock - owner thread: 0x000002ba6dda7800
[0x000002ba526f8ff0] Heap_lock - owner thread: 0x000002ba702ec000

Heap address: 0x0000000080000000, size: 2048 MB, Compressed Oops mode: 32-bit
Narrow klass base: 0x0000000000000000, Narrow klass shift: 3
Compressed class space size: 1073741824 Address: 0x0000000100000000

Heap:
 garbage-first heap   total 776192K, used 164988K [0x0000000080000000, 0x0000000100000000)
  region size 1024K, 3 young (3072K), 3 survivors (3072K)
 Metaspace       used 119251K, capacity 122381K, committed 122532K, reserved 1155072K
  class space    used 14985K, capacity 16212K, committed 16256K, reserved 1048576K
Heap Regions: E=young(eden), S=young(survivor), O=old, HS=humongous(starts), HC=humongous(continues), CS=collection set, F=free, A=archive, TAMS=top-at-mark-start (previous, next)
|   0|0x0000000080000000, 0x0000000080100000, 0x0000000080100000|100%| O|  |TAMS 0x0000000080100000, 0x0000000080000000| Untracked 
|   1|0x0000000080100000, 0x0000000080200000, 0x0000000080200000|100%| O|  |TAMS 0x0000000080200000, 0x0000000080100000| Untracked 
|   2|0x0000000080200000, 0x0000000080300000, 0x0000000080300000|100%| O|  |TAMS 0x0000000080300000, 0x0000000080200000| Untracked 
|   3|0x0000000080300000, 0x0000000080400000, 0x0000000080400000|100%| O|  |TAMS 0x0000000080400000, 0x0000000080300000| Untracked 
|   4|0x0000000080400000, 0x0000000080500000, 0x0000000080500000|100%|HS|  |TAMS 0x0000000080500000, 0x0000000080400000| Complete 
|   5|0x0000000080500000, 0x0000000080600000, 0x0000000080600000|100%|HC|  |TAMS 0x0000000080600000, 0x0000000080500000| Complete 
|   6|0x0000000080600000, 0x0000000080700000, 0x0000000080700000|100%|HC|  |TAMS 0x0000000080700000, 0x0000000080600000| Complete 
|   7|0x0000000080700000, 0x0000000080800000, 0x0000000080800000|100%| O|  |TAMS 0x0000000080800000, 0x0000000080700000| Untracked 
|   8|0x0000000080800000, 0x0000000080900000, 0x0000000080900000|100%| O|  |TAMS 0x0000000080900000, 0x0000000080800000| Untracked 
|   9|0x0000000080900000, 0x0000000080a00000, 0x0000000080a00000|100%| O|  |TAMS 0x0000000080a00000, 0x0000000080900000| Untracked 
|  10|0x0000000080a00000, 0x0000000080b00000, 0x0000000080b00000|100%| O|  |TAMS 0x0000000080b00000, 0x0000000080a00000| Untracked 
|  11|0x0000000080b00000, 0x0000000080c00000, 0x0000000080c00000|100%| O|  |TAMS 0x0000000080c00000, 0x0000000080b00000| Complete 
|  12|0x0000000080c00000, 0x0000000080d00000, 0x0000000080d00000|100%| O|  |TAMS 0x0000000080d00000, 0x0000000080c00000| Untracked 
|  13|0x0000000080d00000, 0x0000000080e00000, 0x0000000080e00000|100%| O|  |TAMS 0x0000000080e00000, 0x0000000080d00000| Untracked 
|  14|0x0000000080e00000, 0x0000000080f00000, 0x0000000080f00000|100%| O|  |TAMS 0x0000000080f00000, 0x0000000080e00000| Complete 
|  15|0x0000000080f00000, 0x0000000081000000, 0x0000000081000000|100%| O|  |TAMS 0x0000000081000000, 0x0000000080f00000| Untracked 
|  16|0x0000000081000000, 0x0000000081100000, 0x0000000081100000|100%| O|  |TAMS 0x0000000081100000, 0x0000000081000000| Complete 
|  17|0x0000000081100000, 0x0000000081200000, 0x0000000081200000|100%| O|  |TAMS 0x0000000081200000, 0x0000000081100000| Untracked 
|  18|0x0000000081200000, 0x0000000081300000, 0x0000000081300000|100%| O|  |TAMS 0x0000000081300000, 0x0000000081200000| Complete 
|  19|0x0000000081300000, 0x0000000081400000, 0x0000000081400000|100%| O|  |TAMS 0x0000000081400000, 0x0000000081300000| Untracked 
|  20|0x0000000081400000, 0x0000000081500000, 0x0000000081500000|100%| O|  |TAMS 0x0000000081500000, 0x0000000081400000| Untracked 
|  21|0x0000000081500000, 0x0000000081600000, 0x0000000081600000|100%| O|  |TAMS 0x0000000081600000, 0x0000000081500000| Untracked 
|  22|0x0000000081600000, 0x0000000081700000, 0x0000000081700000|100%| O|  |TAMS 0x0000000081700000, 0x0000000081600000| Complete 
|  23|0x0000000081700000, 0x0000000081800000, 0x0000000081800000|100%| O|  |TAMS 0x0000000081800000, 0x0000000081700000| Untracked 
|  24|0x0000000081800000, 0x0000000081900000, 0x0000000081900000|100%| O|  |TAMS 0x0000000081900000, 0x0000000081800000| Complete 
|  25|0x0000000081900000, 0x0000000081a00000, 0x0000000081a00000|100%|HS|  |TAMS 0x0000000081a00000, 0x0000000081900000| Complete 
|  26|0x0000000081a00000, 0x0000000081b00000, 0x0000000081b00000|100%| O|  |TAMS 0x0000000081b00000, 0x0000000081a00000| Untracked 
|  27|0x0000000081b00000, 0x0000000081c00000, 0x0000000081c00000|100%| O|  |TAMS 0x0000000081c00000, 0x0000000081b00000| Complete 
|  28|0x0000000081c00000, 0x0000000081d00000, 0x0000000081d00000|100%|HS|  |TAMS 0x0000000081d00000, 0x0000000081c00000| Complete 
|  29|0x0000000081d00000, 0x0000000081e00000, 0x0000000081e00000|100%|HS|  |TAMS 0x0000000081e00000, 0x0000000081d00000| Complete 
|  30|0x0000000081e00000, 0x0000000081f00000, 0x0000000081f00000|100%|HC|  |TAMS 0x0000000081f00000, 0x0000000081e00000| Complete 
|  31|0x0000000081f00000, 0x0000000082000000, 0x0000000082000000|100%| O|  |TAMS 0x0000000082000000, 0x0000000081f00000| Untracked 
|  32|0x0000000082000000, 0x0000000082100000, 0x0000000082100000|100%| O|  |TAMS 0x0000000082100000, 0x0000000082000000| Complete 
|  33|0x0000000082100000, 0x0000000082200000, 0x0000000082200000|100%| O|  |TAMS 0x0000000082200000, 0x0000000082100000| Untracked 
|  34|0x0000000082200000, 0x0000000082300000, 0x0000000082300000|100%| O|  |TAMS 0x0000000082300000, 0x0000000082200000| Complete 
|  35|0x0000000082300000, 0x0000000082400000, 0x0000000082400000|100%| O|  |TAMS 0x0000000082400000, 0x0000000082300000| Complete 
|  36|0x0000000082400000, 0x0000000082500000, 0x0000000082500000|100%| O|  |TAMS 0x0000000082500000, 0x0000000082400000| Untracked 
|  37|0x0000000082500000, 0x0000000082600000, 0x0000000082600000|100%| O|  |TAMS 0x0000000082600000, 0x0000000082500000| Untracked 
|  38|0x0000000082600000, 0x0000000082700000, 0x0000000082700000|100%| O|  |TAMS 0x0000000082700000, 0x0000000082600000| Untracked 
|  39|0x0000000082700000, 0x0000000082800000, 0x0000000082800000|100%| O|  |TAMS 0x0000000082800000, 0x0000000082700000| Untracked 
|  40|0x0000000082800000, 0x0000000082900000, 0x0000000082900000|100%| O|  |TAMS 0x0000000082900000, 0x0000000082800000| Untracked 
|  41|0x0000000082900000, 0x0000000082a00000, 0x0000000082a00000|100%| O|  |TAMS 0x0000000082a00000, 0x0000000082900000| Untracked 
|  42|0x0000000082a00000, 0x0000000082b00000, 0x0000000082b00000|100%| O|  |TAMS 0x0000000082b00000, 0x0000000082a00000| Untracked 
|  43|0x0000000082b00000, 0x0000000082c00000, 0x0000000082c00000|100%| O|  |TAMS 0x0000000082c00000, 0x0000000082b00000| Untracked 
|  44|0x0000000082c00000, 0x0000000082d00000, 0x0000000082d00000|100%| O|  |TAMS 0x0000000082d00000, 0x0000000082c00000| Untracked 
|  45|0x0000000082d00000, 0x0000000082e00000, 0x0000000082e00000|100%| O|  |TAMS 0x0000000082e00000, 0x0000000082d00000| Complete 
|  46|0x0000000082e00000, 0x0000000082f00000, 0x0000000082f00000|100%| O|  |TAMS 0x0000000082f00000, 0x0000000082e00000| Complete 
|  47|0x0000000082f00000, 0x0000000083000000, 0x0000000083000000|100%| O|  |TAMS 0x0000000083000000, 0x0000000082f00000| Untracked 
|  48|0x0000000083000000, 0x0000000083100000, 0x0000000083100000|100%| O|  |TAMS 0x0000000083100000, 0x0000000083000000| Untracked 
|  49|0x0000000083100000, 0x0000000083200000, 0x0000000083200000|100%| O|  |TAMS 0x0000000083200000, 0x0000000083100000| Untracked 
|  50|0x0000000083200000, 0x0000000083300000, 0x0000000083300000|100%| O|  |TAMS 0x0000000083300000, 0x0000000083200000| Untracked 
|  51|0x0000000083300000, 0x0000000083400000, 0x0000000083400000|100%| O|  |TAMS 0x0000000083400000, 0x0000000083300000| Complete 
|  52|0x0000000083400000, 0x0000000083500000, 0x0000000083500000|100%| O|  |TAMS 0x0000000083500000, 0x0000000083400000| Complete 
|  53|0x0000000083500000, 0x0000000083600000, 0x0000000083600000|100%| O|  |TAMS 0x0000000083600000, 0x0000000083500000| Complete 
|  54|0x0000000083600000, 0x0000000083700000, 0x0000000083700000|100%| O|  |TAMS 0x0000000083700000, 0x0000000083600000| Complete 
|  55|0x0000000083700000, 0x0000000083800000, 0x0000000083800000|100%| O|  |TAMS 0x0000000083800000, 0x0000000083700000| Complete 
|  56|0x0000000083800000, 0x0000000083900000, 0x0000000083900000|100%| O|  |TAMS 0x0000000083900000, 0x0000000083800000| Complete 
|  57|0x0000000083900000, 0x0000000083a00000, 0x0000000083a00000|100%| O|  |TAMS 0x0000000083a00000, 0x0000000083900000| Complete 
|  58|0x0000000083a00000, 0x0000000083b00000, 0x0000000083b00000|100%| O|  |TAMS 0x0000000083b00000, 0x0000000083a00000| Complete 
|  59|0x0000000083b00000, 0x0000000083c00000, 0x0000000083c00000|100%| O|  |TAMS 0x0000000083c00000, 0x0000000083b00000| Complete 
|  60|0x0000000083c00000, 0x0000000083d00000, 0x0000000083d00000|100%| O|  |TAMS 0x0000000083d00000, 0x0000000083c00000| Untracked 
|  61|0x0000000083d00000, 0x0000000083e00000, 0x0000000083e00000|100%| O|  |TAMS 0x0000000083e00000, 0x0000000083d00000| Complete 
|  62|0x0000000083e00000, 0x0000000083f00000, 0x0000000083f00000|100%| O|  |TAMS 0x0000000083f00000, 0x0000000083e00000| Complete 
|  63|0x0000000083f00000, 0x0000000084000000, 0x0000000084000000|100%| O|  |TAMS 0x0000000084000000, 0x0000000083f00000| Untracked 
|  64|0x0000000084000000, 0x0000000084100000, 0x0000000084100000|100%| O|  |TAMS 0x0000000084100000, 0x0000000084000000| Complete 
|  65|0x0000000084100000, 0x0000000084200000, 0x0000000084200000|100%| O|  |TAMS 0x0000000084200000, 0x0000000084100000| Untracked 
|  66|0x0000000084200000, 0x0000000084300000, 0x0000000084300000|100%| O|  |TAMS 0x0000000084300000, 0x0000000084200000| Complete 
|  67|0x0000000084300000, 0x0000000084400000, 0x0000000084400000|100%| O|  |TAMS 0x0000000084400000, 0x0000000084300000| Complete 
|  68|0x0000000084400000, 0x0000000084500000, 0x0000000084500000|100%| O|  |TAMS 0x0000000084500000, 0x0000000084400000| Complete 
|  69|0x0000000084500000, 0x0000000084600000, 0x0000000084600000|100%| O|  |TAMS 0x0000000084600000, 0x0000000084500000| Untracked 
|  70|0x0000000084600000, 0x0000000084700000, 0x0000000084700000|100%| O|  |TAMS 0x0000000084700000, 0x0000000084600000| Untracked 
|  71|0x0000000084700000, 0x0000000084800000, 0x0000000084800000|100%| O|  |TAMS 0x0000000084800000, 0x0000000084700000| Untracked 
|  72|0x0000000084800000, 0x0000000084900000, 0x0000000084900000|100%| O|  |TAMS 0x0000000084900000, 0x0000000084800000| Untracked 
|  73|0x0000000084900000, 0x0000000084a00000, 0x0000000084a00000|100%| O|  |TAMS 0x0000000084a00000, 0x0000000084900000| Untracked 
|  74|0x0000000084a00000, 0x0000000084b00000, 0x0000000084b00000|100%| O|  |TAMS 0x0000000084b00000, 0x0000000084a00000| Complete 
|  75|0x0000000084b00000, 0x0000000084c00000, 0x0000000084c00000|100%| O|  |TAMS 0x0000000084c00000, 0x0000000084b00000| Untracked 
|  76|0x0000000084c00000, 0x0000000084d00000, 0x0000000084d00000|100%| O|  |TAMS 0x0000000084d00000, 0x0000000084c00000| Complete 
|  77|0x0000000084d00000, 0x0000000084e00000, 0x0000000084e00000|100%| O|  |TAMS 0x0000000084e00000, 0x0000000084d00000| Complete 
|  78|0x0000000084e00000, 0x0000000084f00000, 0x0000000084f00000|100%| O|  |TAMS 0x0000000084f00000, 0x0000000084e00000| Untracked 
|  79|0x0000000084f00000, 0x0000000085000000, 0x0000000085000000|100%| O|  |TAMS 0x0000000085000000, 0x0000000084f00000| Complete 
|  80|0x0000000085000000, 0x0000000085100000, 0x0000000085100000|100%|HS|  |TAMS 0x0000000085100000, 0x0000000085000000| Complete 
|  81|0x0000000085100000, 0x0000000085200000, 0x0000000085200000|100%|HS|  |TAMS 0x0000000085200000, 0x0000000085100000| Complete 
|  82|0x0000000085200000, 0x0000000085300000, 0x0000000085300000|100%|HS|  |TAMS 0x0000000085300000, 0x0000000085200000| Complete 
|  83|0x0000000085300000, 0x0000000085400000, 0x0000000085400000|100%| O|  |TAMS 0x0000000085400000, 0x0000000085300000| Complete 
|  84|0x0000000085400000, 0x0000000085500000, 0x0000000085500000|100%| O|  |TAMS 0x0000000085500000, 0x0000000085400000| Complete 
|  85|0x0000000085500000, 0x0000000085600000, 0x0000000085600000|100%| O|  |TAMS 0x0000000085600000, 0x0000000085500000| Complete 
|  86|0x0000000085600000, 0x0000000085700000, 0x0000000085700000|100%| O|  |TAMS 0x0000000085700000, 0x0000000085600000| Complete 
|  87|0x0000000085700000, 0x0000000085800000, 0x0000000085800000|100%| O|  |TAMS 0x0000000085800000, 0x0000000085700000| Complete 
|  88|0x0000000085800000, 0x0000000085900000, 0x0000000085900000|100%| O|  |TAMS 0x0000000085900000, 0x0000000085800000| Complete 
|  89|0x0000000085900000, 0x0000000085a00000, 0x0000000085a00000|100%| O|  |TAMS 0x00000000859e0200, 0x0000000085900000| Untracked 
|  90|0x0000000085a00000, 0x0000000085b00000, 0x0000000085b00000|100%| O|  |TAMS 0x0000000085b00000, 0x0000000085a00000| Complete 
|  91|0x0000000085b00000, 0x0000000085c00000, 0x0000000085c00000|100%| O|  |TAMS 0x0000000085c00000, 0x0000000085b00000| Untracked 
|  92|0x0000000085c00000, 0x0000000085d00000, 0x0000000085d00000|100%| O|  |TAMS 0x0000000085d00000, 0x0000000085c00000| Complete 
|  93|0x0000000085d00000, 0x0000000085e00000, 0x0000000085e00000|100%| O|  |TAMS 0x0000000085e00000, 0x0000000085d00000| Complete 
|  94|0x0000000085e00000, 0x0000000085f00000, 0x0000000085f00000|100%| O|  |TAMS 0x0000000085f00000, 0x0000000085e00000| Complete 
|  95|0x0000000085f00000, 0x0000000085f00000, 0x0000000086000000|  0%| F|  |TAMS 0x0000000085f00000, 0x0000000085f00000| Untracked 
|  96|0x0000000086000000, 0x0000000086100000, 0x0000000086100000|100%|HS|  |TAMS 0x0000000086000000, 0x0000000086000000| Complete 
|  97|0x0000000086100000, 0x0000000086200000, 0x0000000086200000|100%| O|  |TAMS 0x0000000086200000, 0x0000000086100000| Untracked 
|  98|0x0000000086200000, 0x0000000086300000, 0x0000000086300000|100%| O|  |TAMS 0x0000000086300000, 0x0000000086200000| Untracked 
|  99|0x0000000086300000, 0x0000000086400000, 0x0000000086400000|100%|HS|  |TAMS 0x0000000086300000, 0x0000000086300000| Complete 
| 100|0x0000000086400000, 0x0000000086500000, 0x0000000086500000|100%| O|  |TAMS 0x0000000086500000, 0x0000000086400000| Complete 
| 101|0x0000000086500000, 0x0000000086600000, 0x0000000086600000|100%| O|  |TAMS 0x0000000086600000, 0x0000000086500000| Complete 
| 102|0x0000000086600000, 0x0000000086600000, 0x0000000086700000|  0%| F|  |TAMS 0x0000000086600000, 0x0000000086600000| Untracked 
| 103|0x0000000086700000, 0x0000000086800000, 0x0000000086800000|100%| O|  |TAMS 0x0000000086800000, 0x0000000086700000| Complete 
| 104|0x0000000086800000, 0x0000000086900000, 0x0000000086900000|100%| O|  |TAMS 0x0000000086900000, 0x0000000086800000| Complete 
| 105|0x0000000086900000, 0x0000000086a00000, 0x0000000086a00000|100%| O|  |TAMS 0x0000000086a00000, 0x0000000086900000| Complete 
| 106|0x0000000086a00000, 0x0000000086b00000, 0x0000000086b00000|100%| O|  |TAMS 0x0000000086b00000, 0x0000000086a00000| Untracked 
| 107|0x0000000086b00000, 0x0000000086c00000, 0x0000000086c00000|100%| O|  |TAMS 0x0000000086c00000, 0x0000000086b00000| Complete 
| 108|0x0000000086c00000, 0x0000000086d00000, 0x0000000086d00000|100%| O|  |TAMS 0x0000000086d00000, 0x0000000086c00000| Complete 
| 109|0x0000000086d00000, 0x0000000086e00000, 0x0000000086e00000|100%| O|  |TAMS 0x0000000086e00000, 0x0000000086d00000| Untracked 
| 110|0x0000000086e00000, 0x0000000086f00000, 0x0000000086f00000|100%| O|  |TAMS 0x0000000086f00000, 0x0000000086e00000| Untracked 
| 111|0x0000000086f00000, 0x0000000087000000, 0x0000000087000000|100%| O|  |TAMS 0x0000000087000000, 0x0000000086f00000| Complete 
| 112|0x0000000087000000, 0x0000000087100000, 0x0000000087100000|100%| O|  |TAMS 0x0000000087100000, 0x0000000087000000| Complete 
| 113|0x0000000087100000, 0x0000000087200000, 0x0000000087200000|100%| O|  |TAMS 0x0000000087200000, 0x0000000087100000| Untracked 
| 114|0x0000000087200000, 0x0000000087300000, 0x0000000087300000|100%|HS|  |TAMS 0x0000000087300000, 0x0000000087200000| Complete 
| 115|0x0000000087300000, 0x0000000087400000, 0x0000000087400000|100%|HC|  |TAMS 0x0000000087400000, 0x0000000087300000| Complete 
| 116|0x0000000087400000, 0x0000000087500000, 0x0000000087500000|100%|HC|  |TAMS 0x0000000087500000, 0x0000000087400000| Complete 
| 117|0x0000000087500000, 0x0000000087600000, 0x0000000087600000|100%|HC|  |TAMS 0x0000000087600000, 0x0000000087500000| Complete 
| 118|0x0000000087600000, 0x0000000087700000, 0x0000000087700000|100%|HC|  |TAMS 0x0000000087700000, 0x0000000087600000| Complete 
| 119|0x0000000087700000, 0x0000000087800000, 0x0000000087800000|100%| O|  |TAMS 0x0000000087800000, 0x0000000087700000| Untracked 
| 120|0x0000000087800000, 0x0000000087900000, 0x0000000087900000|100%| O|  |TAMS 0x0000000087900000, 0x0000000087800000| Complete 
| 121|0x0000000087900000, 0x0000000087a00000, 0x0000000087a00000|100%| O|  |TAMS 0x0000000087a00000, 0x0000000087900000| Untracked 
| 122|0x0000000087a00000, 0x0000000087b00000, 0x0000000087b00000|100%| O|  |TAMS 0x0000000087b00000, 0x0000000087a00000| Untracked 
| 123|0x0000000087b00000, 0x0000000087c00000, 0x0000000087c00000|100%| O|  |TAMS 0x0000000087c00000, 0x0000000087b00000| Untracked 
| 124|0x0000000087c00000, 0x0000000087d00000, 0x0000000087d00000|100%| O|  |TAMS 0x0000000087d00000, 0x0000000087c00000| Complete 
| 125|0x0000000087d00000, 0x0000000087e00000, 0x0000000087e00000|100%| O|  |TAMS 0x0000000087e00000, 0x0000000087d00000| Untracked 
| 126|0x0000000087e00000, 0x0000000087f00000, 0x0000000087f00000|100%| O|  |TAMS 0x0000000087f00000, 0x0000000087e00000| Untracked 
| 127|0x0000000087f00000, 0x0000000088000000, 0x0000000088000000|100%| O|  |TAMS 0x0000000088000000, 0x0000000087f00000| Untracked 
| 128|0x0000000088000000, 0x0000000088100000, 0x0000000088100000|100%| O|  |TAMS 0x0000000088100000, 0x0000000088000000| Untracked 
| 129|0x0000000088100000, 0x0000000088200000, 0x0000000088200000|100%| O|  |TAMS 0x0000000088200000, 0x0000000088100000| Untracked 
| 130|0x0000000088200000, 0x0000000088300000, 0x0000000088300000|100%| O|  |TAMS 0x0000000088300000, 0x0000000088200000| Complete 
| 131|0x0000000088300000, 0x0000000088400000, 0x0000000088400000|100%| O|  |TAMS 0x0000000088400000, 0x0000000088300000| Complete 
| 132|0x0000000088400000, 0x0000000088500000, 0x0000000088500000|100%| O|  |TAMS 0x0000000088500000, 0x0000000088400000| Untracked 
| 133|0x0000000088500000, 0x0000000088600000, 0x0000000088600000|100%| O|  |TAMS 0x0000000088600000, 0x0000000088500000| Untracked 
| 134|0x0000000088600000, 0x0000000088700000, 0x0000000088700000|100%| O|  |TAMS 0x0000000088700000, 0x0000000088600000| Untracked 
| 135|0x0000000088700000, 0x0000000088800000, 0x0000000088800000|100%| O|  |TAMS 0x0000000088800000, 0x0000000088700000| Complete 
| 136|0x0000000088800000, 0x0000000088800000, 0x0000000088900000|  0%| F|  |TAMS 0x0000000088800000, 0x0000000088800000| Untracked 
| 137|0x0000000088900000, 0x0000000088a00000, 0x0000000088a00000|100%| O|  |TAMS 0x0000000088a00000, 0x0000000088900000| Complete 
| 138|0x0000000088a00000, 0x0000000088a00000, 0x0000000088b00000|  0%| F|  |TAMS 0x0000000088a00000, 0x0000000088a00000| Untracked 
| 139|0x0000000088b00000, 0x0000000088c00000, 0x0000000088c00000|100%|HS|  |TAMS 0x0000000088c00000, 0x0000000088b00000| Complete 
| 140|0x0000000088c00000, 0x0000000088d00000, 0x0000000088d00000|100%| O|  |TAMS 0x0000000088d00000, 0x0000000088c00000| Untracked 
| 141|0x0000000088d00000, 0x0000000088e00000, 0x0000000088e00000|100%| O|  |TAMS 0x0000000088e00000, 0x0000000088d00000| Complete 
| 142|0x0000000088e00000, 0x0000000088e00000, 0x0000000088f00000|  0%| F|  |TAMS 0x0000000088e00000, 0x0000000088e00000| Untracked 
| 143|0x0000000088f00000, 0x0000000089000000, 0x0000000089000000|100%| O|  |TAMS 0x0000000089000000, 0x0000000088f00000| Complete 
| 144|0x0000000089000000, 0x0000000089100000, 0x0000000089100000|100%| O|  |TAMS 0x0000000089100000, 0x0000000089000000| Untracked 
| 145|0x0000000089100000, 0x0000000089200000, 0x0000000089200000|100%| O|  |TAMS 0x0000000089200000, 0x0000000089100000| Untracked 
| 146|0x0000000089200000, 0x0000000089200000, 0x0000000089300000|  0%| F|  |TAMS 0x0000000089200000, 0x0000000089200000| Untracked 
| 147|0x0000000089300000, 0x0000000089400000, 0x0000000089400000|100%| O|  |TAMS 0x0000000089400000, 0x0000000089300000| Complete 
| 148|0x0000000089400000, 0x0000000089500000, 0x0000000089500000|100%|HS|  |TAMS 0x0000000089500000, 0x0000000089400000| Complete 
| 149|0x0000000089500000, 0x0000000089600000, 0x0000000089600000|100%|HS|  |TAMS 0x0000000089600000, 0x0000000089500000| Complete 
| 150|0x0000000089600000, 0x0000000089600000, 0x0000000089700000|  0%| F|  |TAMS 0x0000000089600000, 0x0000000089600000| Untracked 
| 151|0x0000000089700000, 0x0000000089800000, 0x0000000089800000|100%| O|  |TAMS 0x0000000089700000, 0x0000000089700000| Untracked 
| 152|0x0000000089800000, 0x0000000089900000, 0x0000000089900000|100%| O|  |TAMS 0x0000000089900000, 0x0000000089800000| Complete 
| 153|0x0000000089900000, 0x0000000089a00000, 0x0000000089a00000|100%| O|  |TAMS 0x0000000089a00000, 0x0000000089900000| Untracked 
| 154|0x0000000089a00000, 0x0000000089a00000, 0x0000000089b00000|  0%| F|  |TAMS 0x0000000089a00000, 0x0000000089a00000| Untracked 
| 155|0x0000000089b00000, 0x0000000089c00000, 0x0000000089c00000|100%| O|  |TAMS 0x0000000089c00000, 0x0000000089b00000| Complete 
| 156|0x0000000089c00000, 0x0000000089c00000, 0x0000000089d00000|  0%| F|  |TAMS 0x0000000089c00000, 0x0000000089c00000| Untracked 
| 157|0x0000000089d00000, 0x0000000089e00000, 0x0000000089e00000|100%| O|  |TAMS 0x0000000089d00000, 0x0000000089d00000| Untracked 
| 158|0x0000000089e00000, 0x0000000089f00000, 0x0000000089f00000|100%|HS|  |TAMS 0x0000000089e00000, 0x0000000089e00000| Complete 
| 159|0x0000000089f00000, 0x000000008a000000, 0x000000008a000000|100%| O|  |TAMS 0x0000000089f00000, 0x0000000089f00000| Untracked 
| 160|0x000000008a000000, 0x000000008a100000, 0x000000008a100000|100%| O|  |TAMS 0x000000008a000000, 0x000000008a000000| Untracked 
| 161|0x000000008a100000, 0x000000008a200000, 0x000000008a200000|100%| O|  |TAMS 0x000000008a200000, 0x000000008a100000| Complete 
| 162|0x000000008a200000, 0x000000008a300000, 0x000000008a300000|100%| O|  |TAMS 0x000000008a300000, 0x000000008a200000| Complete 
| 163|0x000000008a300000, 0x000000008a400000, 0x000000008a400000|100%| O|  |TAMS 0x000000008a400000, 0x000000008a300000| Untracked 
| 164|0x000000008a400000, 0x000000008a500000, 0x000000008a500000|100%| O|  |TAMS 0x000000008a400000, 0x000000008a400000| Untracked 
| 165|0x000000008a500000, 0x000000008a600000, 0x000000008a600000|100%| O|  |TAMS 0x000000008a500000, 0x000000008a500000| Untracked 
| 166|0x000000008a600000, 0x000000008a700000, 0x000000008a700000|100%| O|  |TAMS 0x000000008a600000, 0x000000008a600000| Untracked 
| 167|0x000000008a700000, 0x000000008a71f000, 0x000000008a800000| 12%| O|  |TAMS 0x000000008a700000, 0x000000008a700000| Untracked 
| 168|0x000000008a800000, 0x000000008a800000, 0x000000008a900000|  0%| F|  |TAMS 0x000000008a800000, 0x000000008a800000| Untracked 
| 169|0x000000008a900000, 0x000000008a900000, 0x000000008aa00000|  0%| F|  |TAMS 0x000000008a900000, 0x000000008a900000| Untracked 
| 170|0x000000008aa00000, 0x000000008aa00000, 0x000000008ab00000|  0%| F|  |TAMS 0x000000008aa00000, 0x000000008aa00000| Untracked 
| 171|0x000000008ab00000, 0x000000008ab00000, 0x000000008ac00000|  0%| F|  |TAMS 0x000000008ab00000, 0x000000008ab00000| Untracked 
| 172|0x000000008ac00000, 0x000000008ac00000, 0x000000008ad00000|  0%| F|  |TAMS 0x000000008ac00000, 0x000000008ac00000| Untracked 
| 173|0x000000008ad00000, 0x000000008ad00000, 0x000000008ae00000|  0%| F|  |TAMS 0x000000008ad00000, 0x000000008ad00000| Untracked 
| 174|0x000000008ae00000, 0x000000008ae00000, 0x000000008af00000|  0%| F|  |TAMS 0x000000008ae00000, 0x000000008ae00000| Untracked 
| 175|0x000000008af00000, 0x000000008af00000, 0x000000008b000000|  0%| F|  |TAMS 0x000000008af00000, 0x000000008af00000| Untracked 
| 176|0x000000008b000000, 0x000000008b000000, 0x000000008b100000|  0%| F|  |TAMS 0x000000008b000000, 0x000000008b000000| Untracked 
| 177|0x000000008b100000, 0x000000008b100000, 0x000000008b200000|  0%| F|  |TAMS 0x000000008b100000, 0x000000008b100000| Untracked 
| 178|0x000000008b200000, 0x000000008b200000, 0x000000008b300000|  0%| F|  |TAMS 0x000000008b200000, 0x000000008b200000| Untracked 
| 179|0x000000008b300000, 0x000000008b300000, 0x000000008b400000|  0%| F|  |TAMS 0x000000008b300000, 0x000000008b300000| Untracked 
| 180|0x000000008b400000, 0x000000008b400000, 0x000000008b500000|  0%| F|  |TAMS 0x000000008b400000, 0x000000008b400000| Untracked 
| 181|0x000000008b500000, 0x000000008b500000, 0x000000008b600000|  0%| F|  |TAMS 0x000000008b500000, 0x000000008b500000| Untracked 
| 182|0x000000008b600000, 0x000000008b600000, 0x000000008b700000|  0%| F|  |TAMS 0x000000008b600000, 0x000000008b600000| Untracked 
| 183|0x000000008b700000, 0x000000008b700000, 0x000000008b800000|  0%| F|  |TAMS 0x000000008b700000, 0x000000008b700000| Untracked 
| 184|0x000000008b800000, 0x000000008b800000, 0x000000008b900000|  0%| F|  |TAMS 0x000000008b800000, 0x000000008b800000| Untracked 
| 185|0x000000008b900000, 0x000000008b900000, 0x000000008ba00000|  0%| F|  |TAMS 0x000000008b900000, 0x000000008b900000| Untracked 
| 186|0x000000008ba00000, 0x000000008ba00000, 0x000000008bb00000|  0%| F|  |TAMS 0x000000008ba00000, 0x000000008ba00000| Untracked 
| 187|0x000000008bb00000, 0x000000008bb00000, 0x000000008bc00000|  0%| F|  |TAMS 0x000000008bb00000, 0x000000008bb00000| Untracked 
| 188|0x000000008bc00000, 0x000000008bc00000, 0x000000008bd00000|  0%| F|  |TAMS 0x000000008bc00000, 0x000000008bc00000| Untracked 
| 189|0x000000008bd00000, 0x000000008bd00000, 0x000000008be00000|  0%| F|  |TAMS 0x000000008bd00000, 0x000000008bd00000| Untracked 
| 190|0x000000008be00000, 0x000000008be00000, 0x000000008bf00000|  0%| F|  |TAMS 0x000000008be00000, 0x000000008be00000| Untracked 
| 191|0x000000008bf00000, 0x000000008bf00000, 0x000000008c000000|  0%| F|  |TAMS 0x000000008bf00000, 0x000000008bf00000| Untracked 
| 192|0x000000008c000000, 0x000000008c000000, 0x000000008c100000|  0%| F|  |TAMS 0x000000008c000000, 0x000000008c000000| Untracked 
| 193|0x000000008c100000, 0x000000008c100000, 0x000000008c200000|  0%| F|  |TAMS 0x000000008c100000, 0x000000008c100000| Untracked 
| 194|0x000000008c200000, 0x000000008c200000, 0x000000008c300000|  0%| F|  |TAMS 0x000000008c200000, 0x000000008c200000| Untracked 
| 195|0x000000008c300000, 0x000000008c300000, 0x000000008c400000|  0%| F|  |TAMS 0x000000008c300000, 0x000000008c300000| Untracked 
| 196|0x000000008c400000, 0x000000008c400000, 0x000000008c500000|  0%| F|  |TAMS 0x000000008c400000, 0x000000008c400000| Untracked 
| 197|0x000000008c500000, 0x000000008c500000, 0x000000008c600000|  0%| F|  |TAMS 0x000000008c500000, 0x000000008c500000| Untracked 
| 198|0x000000008c600000, 0x000000008c600000, 0x000000008c700000|  0%| F|  |TAMS 0x000000008c600000, 0x000000008c600000| Untracked 
| 199|0x000000008c700000, 0x000000008c700000, 0x000000008c800000|  0%| F|  |TAMS 0x000000008c700000, 0x000000008c700000| Untracked 
| 200|0x000000008c800000, 0x000000008c800000, 0x000000008c900000|  0%| F|  |TAMS 0x000000008c800000, 0x000000008c800000| Untracked 
| 201|0x000000008c900000, 0x000000008c900000, 0x000000008ca00000|  0%| F|  |TAMS 0x000000008c900000, 0x000000008c900000| Untracked 
| 202|0x000000008ca00000, 0x000000008ca00000, 0x000000008cb00000|  0%| F|  |TAMS 0x000000008ca00000, 0x000000008ca00000| Untracked 
| 203|0x000000008cb00000, 0x000000008cb00000, 0x000000008cc00000|  0%| F|  |TAMS 0x000000008cb00000, 0x000000008cb00000| Untracked 
| 204|0x000000008cc00000, 0x000000008cc00000, 0x000000008cd00000|  0%| F|  |TAMS 0x000000008cc00000, 0x000000008cc00000| Untracked 
| 205|0x000000008cd00000, 0x000000008cd00000, 0x000000008ce00000|  0%| F|  |TAMS 0x000000008cd00000, 0x000000008cd00000| Untracked 
| 206|0x000000008ce00000, 0x000000008ce00000, 0x000000008cf00000|  0%| F|  |TAMS 0x000000008ce00000, 0x000000008ce00000| Untracked 
| 207|0x000000008cf00000, 0x000000008cf00000, 0x000000008d000000|  0%| F|  |TAMS 0x000000008cf00000, 0x000000008cf00000| Untracked 
| 208|0x000000008d000000, 0x000000008d000000, 0x000000008d100000|  0%| F|  |TAMS 0x000000008d000000, 0x000000008d000000| Untracked 
| 209|0x000000008d100000, 0x000000008d100000, 0x000000008d200000|  0%| F|  |TAMS 0x000000008d100000, 0x000000008d100000| Untracked 
| 210|0x000000008d200000, 0x000000008d200000, 0x000000008d300000|  0%| F|  |TAMS 0x000000008d200000, 0x000000008d200000| Untracked 
| 211|0x000000008d300000, 0x000000008d300000, 0x000000008d400000|  0%| F|  |TAMS 0x000000008d300000, 0x000000008d300000| Untracked 
| 212|0x000000008d400000, 0x000000008d400000, 0x000000008d500000|  0%| F|  |TAMS 0x000000008d400000, 0x000000008d400000| Untracked 
| 213|0x000000008d500000, 0x000000008d500000, 0x000000008d600000|  0%| F|  |TAMS 0x000000008d500000, 0x000000008d500000| Untracked 
| 214|0x000000008d600000, 0x000000008d600000, 0x000000008d700000|  0%| F|  |TAMS 0x000000008d600000, 0x000000008d600000| Untracked 
| 215|0x000000008d700000, 0x000000008d700000, 0x000000008d800000|  0%| F|  |TAMS 0x000000008d700000, 0x000000008d700000| Untracked 
| 216|0x000000008d800000, 0x000000008d800000, 0x000000008d900000|  0%| F|  |TAMS 0x000000008d800000, 0x000000008d800000| Untracked 
| 217|0x000000008d900000, 0x000000008d900000, 0x000000008da00000|  0%| F|  |TAMS 0x000000008d900000, 0x000000008d900000| Untracked 
| 218|0x000000008da00000, 0x000000008da00000, 0x000000008db00000|  0%| F|  |TAMS 0x000000008da00000, 0x000000008da00000| Untracked 
| 219|0x000000008db00000, 0x000000008db00000, 0x000000008dc00000|  0%| F|  |TAMS 0x000000008db00000, 0x000000008db00000| Untracked 
| 220|0x000000008dc00000, 0x000000008dc00000, 0x000000008dd00000|  0%| F|  |TAMS 0x000000008dc00000, 0x000000008dc00000| Untracked 
| 221|0x000000008dd00000, 0x000000008dd00000, 0x000000008de00000|  0%| F|  |TAMS 0x000000008dd00000, 0x000000008dd00000| Untracked 
| 222|0x000000008de00000, 0x000000008de00000, 0x000000008df00000|  0%| F|  |TAMS 0x000000008de00000, 0x000000008de00000| Untracked 
| 223|0x000000008df00000, 0x000000008df00000, 0x000000008e000000|  0%| F|  |TAMS 0x000000008df00000, 0x000000008df00000| Untracked 
| 224|0x000000008e000000, 0x000000008e000000, 0x000000008e100000|  0%| F|  |TAMS 0x000000008e000000, 0x000000008e000000| Untracked 
| 225|0x000000008e100000, 0x000000008e100000, 0x000000008e200000|  0%| F|  |TAMS 0x000000008e100000, 0x000000008e100000| Untracked 
| 226|0x000000008e200000, 0x000000008e200000, 0x000000008e300000|  0%| F|  |TAMS 0x000000008e200000, 0x000000008e200000| Untracked 
| 227|0x000000008e300000, 0x000000008e300000, 0x000000008e400000|  0%| F|  |TAMS 0x000000008e300000, 0x000000008e300000| Untracked 
| 228|0x000000008e400000, 0x000000008e400000, 0x000000008e500000|  0%| F|  |TAMS 0x000000008e400000, 0x000000008e400000| Untracked 
| 229|0x000000008e500000, 0x000000008e500000, 0x000000008e600000|  0%| F|  |TAMS 0x000000008e500000, 0x000000008e500000| Untracked 
| 230|0x000000008e600000, 0x000000008e600000, 0x000000008e700000|  0%| F|  |TAMS 0x000000008e600000, 0x000000008e600000| Untracked 
| 231|0x000000008e700000, 0x000000008e700000, 0x000000008e800000|  0%| F|  |TAMS 0x000000008e700000, 0x000000008e700000| Untracked 
| 232|0x000000008e800000, 0x000000008e800000, 0x000000008e900000|  0%| F|  |TAMS 0x000000008e800000, 0x000000008e800000| Untracked 
| 233|0x000000008e900000, 0x000000008e900000, 0x000000008ea00000|  0%| F|  |TAMS 0x000000008e900000, 0x000000008e900000| Untracked 
| 234|0x000000008ea00000, 0x000000008ea00000, 0x000000008eb00000|  0%| F|  |TAMS 0x000000008ea00000, 0x000000008ea00000| Untracked 
| 235|0x000000008eb00000, 0x000000008eb00000, 0x000000008ec00000|  0%| F|  |TAMS 0x000000008eb00000, 0x000000008eb00000| Untracked 
| 236|0x000000008ec00000, 0x000000008ec00000, 0x000000008ed00000|  0%| F|  |TAMS 0x000000008ec00000, 0x000000008ec00000| Untracked 
| 237|0x000000008ed00000, 0x000000008ed00000, 0x000000008ee00000|  0%| F|  |TAMS 0x000000008ed00000, 0x000000008ed00000| Untracked 
| 238|0x000000008ee00000, 0x000000008ee00000, 0x000000008ef00000|  0%| F|  |TAMS 0x000000008ee00000, 0x000000008ee00000| Untracked 
| 239|0x000000008ef00000, 0x000000008ef00000, 0x000000008f000000|  0%| F|  |TAMS 0x000000008ef00000, 0x000000008ef00000| Untracked 
| 240|0x000000008f000000, 0x000000008f000000, 0x000000008f100000|  0%| F|  |TAMS 0x000000008f000000, 0x000000008f000000| Untracked 
| 241|0x000000008f100000, 0x000000008f100000, 0x000000008f200000|  0%| F|  |TAMS 0x000000008f100000, 0x000000008f100000| Untracked 
| 242|0x000000008f200000, 0x000000008f200000, 0x000000008f300000|  0%| F|  |TAMS 0x000000008f200000, 0x000000008f200000| Untracked 
| 243|0x000000008f300000, 0x000000008f300000, 0x000000008f400000|  0%| F|  |TAMS 0x000000008f300000, 0x000000008f300000| Untracked 
| 244|0x000000008f400000, 0x000000008f400000, 0x000000008f500000|  0%| F|  |TAMS 0x000000008f400000, 0x000000008f400000| Untracked 
| 245|0x000000008f500000, 0x000000008f500000, 0x000000008f600000|  0%| F|  |TAMS 0x000000008f500000, 0x000000008f500000| Untracked 
| 246|0x000000008f600000, 0x000000008f600000, 0x000000008f700000|  0%| F|  |TAMS 0x000000008f600000, 0x000000008f600000| Untracked 
| 247|0x000000008f700000, 0x000000008f700000, 0x000000008f800000|  0%| F|  |TAMS 0x000000008f700000, 0x000000008f700000| Untracked 
| 248|0x000000008f800000, 0x000000008f800000, 0x000000008f900000|  0%| F|  |TAMS 0x000000008f800000, 0x000000008f800000| Untracked 
| 249|0x000000008f900000, 0x000000008f900000, 0x000000008fa00000|  0%| F|  |TAMS 0x000000008f900000, 0x000000008f900000| Untracked 
| 250|0x000000008fa00000, 0x000000008fa00000, 0x000000008fb00000|  0%| F|  |TAMS 0x000000008fa00000, 0x000000008fa00000| Untracked 
| 251|0x000000008fb00000, 0x000000008fb00000, 0x000000008fc00000|  0%| F|  |TAMS 0x000000008fb00000, 0x000000008fb00000| Untracked 
| 252|0x000000008fc00000, 0x000000008fc00000, 0x000000008fd00000|  0%| F|  |TAMS 0x000000008fc00000, 0x000000008fc00000| Untracked 
| 253|0x000000008fd00000, 0x000000008fd00000, 0x000000008fe00000|  0%| F|  |TAMS 0x000000008fd00000, 0x000000008fd00000| Untracked 
| 254|0x000000008fe00000, 0x000000008fe00000, 0x000000008ff00000|  0%| F|  |TAMS 0x000000008fe00000, 0x000000008fe00000| Untracked 
| 255|0x000000008ff00000, 0x000000008ff00000, 0x0000000090000000|  0%| F|  |TAMS 0x000000008ff00000, 0x000000008ff00000| Untracked 
| 256|0x0000000090000000, 0x0000000090000000, 0x0000000090100000|  0%| F|  |TAMS 0x0000000090000000, 0x0000000090000000| Untracked 
| 257|0x0000000090100000, 0x0000000090100000, 0x0000000090200000|  0%| F|  |TAMS 0x0000000090100000, 0x0000000090100000| Untracked 
| 258|0x0000000090200000, 0x0000000090200000, 0x0000000090300000|  0%| F|  |TAMS 0x0000000090200000, 0x0000000090200000| Untracked 
| 259|0x0000000090300000, 0x0000000090300000, 0x0000000090400000|  0%| F|  |TAMS 0x0000000090300000, 0x0000000090300000| Untracked 
| 260|0x0000000090400000, 0x0000000090400000, 0x0000000090500000|  0%| F|  |TAMS 0x0000000090400000, 0x0000000090400000| Untracked 
| 261|0x0000000090500000, 0x0000000090500000, 0x0000000090600000|  0%| F|  |TAMS 0x0000000090500000, 0x0000000090500000| Untracked 
| 262|0x0000000090600000, 0x0000000090600000, 0x0000000090700000|  0%| F|  |TAMS 0x0000000090600000, 0x0000000090600000| Untracked 
| 263|0x0000000090700000, 0x0000000090700000, 0x0000000090800000|  0%| F|  |TAMS 0x0000000090700000, 0x0000000090700000| Untracked 
| 264|0x0000000090800000, 0x0000000090800000, 0x0000000090900000|  0%| F|  |TAMS 0x0000000090800000, 0x0000000090800000| Untracked 
| 265|0x0000000090900000, 0x0000000090900000, 0x0000000090a00000|  0%| F|  |TAMS 0x0000000090900000, 0x0000000090900000| Untracked 
| 266|0x0000000090a00000, 0x0000000090a00000, 0x0000000090b00000|  0%| F|  |TAMS 0x0000000090a00000, 0x0000000090a00000| Untracked 
| 267|0x0000000090b00000, 0x0000000090b00000, 0x0000000090c00000|  0%| F|  |TAMS 0x0000000090b00000, 0x0000000090b00000| Untracked 
| 268|0x0000000090c00000, 0x0000000090c00000, 0x0000000090d00000|  0%| F|  |TAMS 0x0000000090c00000, 0x0000000090c00000| Untracked 
| 269|0x0000000090d00000, 0x0000000090d00000, 0x0000000090e00000|  0%| F|  |TAMS 0x0000000090d00000, 0x0000000090d00000| Untracked 
| 270|0x0000000090e00000, 0x0000000090e00000, 0x0000000090f00000|  0%| F|  |TAMS 0x0000000090e00000, 0x0000000090e00000| Untracked 
| 271|0x0000000090f00000, 0x0000000090f00000, 0x0000000091000000|  0%| F|  |TAMS 0x0000000090f00000, 0x0000000090f00000| Untracked 
| 272|0x0000000091000000, 0x0000000091000000, 0x0000000091100000|  0%| F|  |TAMS 0x0000000091000000, 0x0000000091000000| Untracked 
| 273|0x0000000091100000, 0x0000000091100000, 0x0000000091200000|  0%| F|  |TAMS 0x0000000091100000, 0x0000000091100000| Untracked 
| 274|0x0000000091200000, 0x0000000091200000, 0x0000000091300000|  0%| F|  |TAMS 0x0000000091200000, 0x0000000091200000| Untracked 
| 275|0x0000000091300000, 0x0000000091300000, 0x0000000091400000|  0%| F|  |TAMS 0x0000000091300000, 0x0000000091300000| Untracked 
| 276|0x0000000091400000, 0x0000000091400000, 0x0000000091500000|  0%| F|  |TAMS 0x0000000091400000, 0x0000000091400000| Untracked 
| 277|0x0000000091500000, 0x0000000091500000, 0x0000000091600000|  0%| F|  |TAMS 0x0000000091500000, 0x0000000091500000| Untracked 
| 278|0x0000000091600000, 0x0000000091600000, 0x0000000091700000|  0%| F|  |TAMS 0x0000000091600000, 0x0000000091600000| Untracked 
| 279|0x0000000091700000, 0x0000000091700000, 0x0000000091800000|  0%| F|  |TAMS 0x0000000091700000, 0x0000000091700000| Untracked 
| 280|0x0000000091800000, 0x0000000091800000, 0x0000000091900000|  0%| F|  |TAMS 0x0000000091800000, 0x0000000091800000| Untracked 
| 281|0x0000000091900000, 0x0000000091900000, 0x0000000091a00000|  0%| F|  |TAMS 0x0000000091900000, 0x0000000091900000| Untracked 
| 282|0x0000000091a00000, 0x0000000091a00000, 0x0000000091b00000|  0%| F|  |TAMS 0x0000000091a00000, 0x0000000091a00000| Untracked 
| 283|0x0000000091b00000, 0x0000000091b00000, 0x0000000091c00000|  0%| F|  |TAMS 0x0000000091b00000, 0x0000000091b00000| Untracked 
| 284|0x0000000091c00000, 0x0000000091c00000, 0x0000000091d00000|  0%| F|  |TAMS 0x0000000091c00000, 0x0000000091c00000| Untracked 
| 285|0x0000000091d00000, 0x0000000091d00000, 0x0000000091e00000|  0%| F|  |TAMS 0x0000000091d00000, 0x0000000091d00000| Untracked 
| 286|0x0000000091e00000, 0x0000000091e00000, 0x0000000091f00000|  0%| F|  |TAMS 0x0000000091e00000, 0x0000000091e00000| Untracked 
| 287|0x0000000091f00000, 0x0000000091f00000, 0x0000000092000000|  0%| F|  |TAMS 0x0000000091f00000, 0x0000000091f00000| Untracked 
| 288|0x0000000092000000, 0x0000000092000000, 0x0000000092100000|  0%| F|  |TAMS 0x0000000092000000, 0x0000000092000000| Untracked 
| 289|0x0000000092100000, 0x0000000092100000, 0x0000000092200000|  0%| F|  |TAMS 0x0000000092100000, 0x0000000092100000| Untracked 
| 290|0x0000000092200000, 0x0000000092200000, 0x0000000092300000|  0%| F|  |TAMS 0x0000000092200000, 0x0000000092200000| Untracked 
| 291|0x0000000092300000, 0x0000000092300000, 0x0000000092400000|  0%| F|  |TAMS 0x0000000092300000, 0x0000000092300000| Untracked 
| 292|0x0000000092400000, 0x0000000092400000, 0x0000000092500000|  0%| F|  |TAMS 0x0000000092400000, 0x0000000092400000| Untracked 
| 293|0x0000000092500000, 0x0000000092500000, 0x0000000092600000|  0%| F|  |TAMS 0x0000000092500000, 0x0000000092500000| Untracked 
| 294|0x0000000092600000, 0x0000000092600000, 0x0000000092700000|  0%| F|  |TAMS 0x0000000092600000, 0x0000000092600000| Untracked 
| 295|0x0000000092700000, 0x0000000092700000, 0x0000000092800000|  0%| F|  |TAMS 0x0000000092700000, 0x0000000092700000| Untracked 
| 296|0x0000000092800000, 0x0000000092800000, 0x0000000092900000|  0%| F|  |TAMS 0x0000000092800000, 0x0000000092800000| Untracked 
| 297|0x0000000092900000, 0x0000000092900000, 0x0000000092a00000|  0%| F|  |TAMS 0x0000000092900000, 0x0000000092900000| Untracked 
| 298|0x0000000092a00000, 0x0000000092a00000, 0x0000000092b00000|  0%| F|  |TAMS 0x0000000092a00000, 0x0000000092a00000| Untracked 
| 299|0x0000000092b00000, 0x0000000092b00000, 0x0000000092c00000|  0%| F|  |TAMS 0x0000000092b00000, 0x0000000092b00000| Untracked 
| 300|0x0000000092c00000, 0x0000000092c00000, 0x0000000092d00000|  0%| F|  |TAMS 0x0000000092c00000, 0x0000000092c00000| Untracked 
| 301|0x0000000092d00000, 0x0000000092d00000, 0x0000000092e00000|  0%| F|  |TAMS 0x0000000092d00000, 0x0000000092d00000| Untracked 
| 302|0x0000000092e00000, 0x0000000092e00000, 0x0000000092f00000|  0%| F|  |TAMS 0x0000000092e00000, 0x0000000092e00000| Untracked 
| 303|0x0000000092f00000, 0x0000000092f00000, 0x0000000093000000|  0%| F|  |TAMS 0x0000000092f00000, 0x0000000092f00000| Untracked 
| 304|0x0000000093000000, 0x0000000093000000, 0x0000000093100000|  0%| F|  |TAMS 0x0000000093000000, 0x0000000093000000| Untracked 
| 305|0x0000000093100000, 0x0000000093100000, 0x0000000093200000|  0%| F|  |TAMS 0x0000000093100000, 0x0000000093100000| Untracked 
| 306|0x0000000093200000, 0x0000000093200000, 0x0000000093300000|  0%| F|  |TAMS 0x0000000093200000, 0x0000000093200000| Untracked 
| 307|0x0000000093300000, 0x0000000093300000, 0x0000000093400000|  0%| F|  |TAMS 0x0000000093300000, 0x0000000093300000| Untracked 
| 308|0x0000000093400000, 0x0000000093400000, 0x0000000093500000|  0%| F|  |TAMS 0x0000000093400000, 0x0000000093400000| Untracked 
| 309|0x0000000093500000, 0x0000000093500000, 0x0000000093600000|  0%| F|  |TAMS 0x0000000093500000, 0x0000000093500000| Untracked 
| 310|0x0000000093600000, 0x0000000093600000, 0x0000000093700000|  0%| F|  |TAMS 0x0000000093600000, 0x0000000093600000| Untracked 
| 311|0x0000000093700000, 0x0000000093700000, 0x0000000093800000|  0%| F|  |TAMS 0x0000000093700000, 0x0000000093700000| Untracked 
| 312|0x0000000093800000, 0x0000000093800000, 0x0000000093900000|  0%| F|  |TAMS 0x0000000093800000, 0x0000000093800000| Untracked 
| 313|0x0000000093900000, 0x0000000093900000, 0x0000000093a00000|  0%| F|  |TAMS 0x0000000093900000, 0x0000000093900000| Untracked 
| 314|0x0000000093a00000, 0x0000000093a00000, 0x0000000093b00000|  0%| F|  |TAMS 0x0000000093a00000, 0x0000000093a00000| Untracked 
| 315|0x0000000093b00000, 0x0000000093b00000, 0x0000000093c00000|  0%| F|  |TAMS 0x0000000093b00000, 0x0000000093b00000| Untracked 
| 316|0x0000000093c00000, 0x0000000093c00000, 0x0000000093d00000|  0%| F|  |TAMS 0x0000000093c00000, 0x0000000093c00000| Untracked 
| 317|0x0000000093d00000, 0x0000000093d00000, 0x0000000093e00000|  0%| F|  |TAMS 0x0000000093d00000, 0x0000000093d00000| Untracked 
| 318|0x0000000093e00000, 0x0000000093e00000, 0x0000000093f00000|  0%| F|  |TAMS 0x0000000093e00000, 0x0000000093e00000| Untracked 
| 319|0x0000000093f00000, 0x0000000093f00000, 0x0000000094000000|  0%| F|  |TAMS 0x0000000093f00000, 0x0000000093f00000| Untracked 
| 320|0x0000000094000000, 0x0000000094000000, 0x0000000094100000|  0%| F|  |TAMS 0x0000000094000000, 0x0000000094000000| Untracked 
| 321|0x0000000094100000, 0x0000000094100000, 0x0000000094200000|  0%| F|  |TAMS 0x0000000094100000, 0x0000000094100000| Untracked 
| 322|0x0000000094200000, 0x0000000094200000, 0x0000000094300000|  0%| F|  |TAMS 0x0000000094200000, 0x0000000094200000| Untracked 
| 323|0x0000000094300000, 0x0000000094300000, 0x0000000094400000|  0%| F|  |TAMS 0x0000000094300000, 0x0000000094300000| Untracked 
| 324|0x0000000094400000, 0x0000000094400000, 0x0000000094500000|  0%| F|  |TAMS 0x0000000094400000, 0x0000000094400000| Untracked 
| 325|0x0000000094500000, 0x0000000094500000, 0x0000000094600000|  0%| F|  |TAMS 0x0000000094500000, 0x0000000094500000| Untracked 
| 326|0x0000000094600000, 0x0000000094600000, 0x0000000094700000|  0%| F|  |TAMS 0x0000000094600000, 0x0000000094600000| Untracked 
| 327|0x0000000094700000, 0x0000000094700000, 0x0000000094800000|  0%| F|  |TAMS 0x0000000094700000, 0x0000000094700000| Untracked 
| 328|0x0000000094800000, 0x0000000094800000, 0x0000000094900000|  0%| F|  |TAMS 0x0000000094800000, 0x0000000094800000| Untracked 
| 329|0x0000000094900000, 0x0000000094900000, 0x0000000094a00000|  0%| F|  |TAMS 0x0000000094900000, 0x0000000094900000| Untracked 
| 330|0x0000000094a00000, 0x0000000094a00000, 0x0000000094b00000|  0%| F|  |TAMS 0x0000000094a00000, 0x0000000094a00000| Untracked 
| 331|0x0000000094b00000, 0x0000000094b00000, 0x0000000094c00000|  0%| F|  |TAMS 0x0000000094b00000, 0x0000000094b00000| Untracked 
| 332|0x0000000094c00000, 0x0000000094c00000, 0x0000000094d00000|  0%| F|  |TAMS 0x0000000094c00000, 0x0000000094c00000| Untracked 
| 333|0x0000000094d00000, 0x0000000094d00000, 0x0000000094e00000|  0%| F|  |TAMS 0x0000000094d00000, 0x0000000094d00000| Untracked 
| 334|0x0000000094e00000, 0x0000000094e00000, 0x0000000094f00000|  0%| F|  |TAMS 0x0000000094e00000, 0x0000000094e00000| Untracked 
| 335|0x0000000094f00000, 0x0000000094f00000, 0x0000000095000000|  0%| F|  |TAMS 0x0000000094f00000, 0x0000000094f00000| Untracked 
| 336|0x0000000095000000, 0x0000000095000000, 0x0000000095100000|  0%| F|  |TAMS 0x0000000095000000, 0x0000000095000000| Untracked 
| 337|0x0000000095100000, 0x0000000095100000, 0x0000000095200000|  0%| F|  |TAMS 0x0000000095100000, 0x0000000095100000| Untracked 
| 338|0x0000000095200000, 0x0000000095200000, 0x0000000095300000|  0%| F|  |TAMS 0x0000000095200000, 0x0000000095200000| Untracked 
| 339|0x0000000095300000, 0x0000000095300000, 0x0000000095400000|  0%| F|  |TAMS 0x0000000095300000, 0x0000000095300000| Untracked 
| 340|0x0000000095400000, 0x0000000095400000, 0x0000000095500000|  0%| F|  |TAMS 0x0000000095400000, 0x0000000095400000| Untracked 
| 341|0x0000000095500000, 0x0000000095500000, 0x0000000095600000|  0%| F|  |TAMS 0x0000000095500000, 0x0000000095500000| Untracked 
| 342|0x0000000095600000, 0x0000000095600000, 0x0000000095700000|  0%| F|  |TAMS 0x0000000095600000, 0x0000000095600000| Untracked 
| 343|0x0000000095700000, 0x0000000095700000, 0x0000000095800000|  0%| F|  |TAMS 0x0000000095700000, 0x0000000095700000| Untracked 
| 344|0x0000000095800000, 0x0000000095800000, 0x0000000095900000|  0%| F|  |TAMS 0x0000000095800000, 0x0000000095800000| Untracked 
| 345|0x0000000095900000, 0x0000000095900000, 0x0000000095a00000|  0%| F|  |TAMS 0x0000000095900000, 0x0000000095900000| Untracked 
| 346|0x0000000095a00000, 0x0000000095a00000, 0x0000000095b00000|  0%| F|  |TAMS 0x0000000095a00000, 0x0000000095a00000| Untracked 
| 347|0x0000000095b00000, 0x0000000095b00000, 0x0000000095c00000|  0%| F|  |TAMS 0x0000000095b00000, 0x0000000095b00000| Untracked 
| 348|0x0000000095c00000, 0x0000000095c00000, 0x0000000095d00000|  0%| F|  |TAMS 0x0000000095c00000, 0x0000000095c00000| Untracked 
| 349|0x0000000095d00000, 0x0000000095d00000, 0x0000000095e00000|  0%| F|  |TAMS 0x0000000095d00000, 0x0000000095d00000| Untracked 
| 350|0x0000000095e00000, 0x0000000095e00000, 0x0000000095f00000|  0%| F|  |TAMS 0x0000000095e00000, 0x0000000095e00000| Untracked 
| 351|0x0000000095f00000, 0x0000000095f00000, 0x0000000096000000|  0%| F|  |TAMS 0x0000000095f00000, 0x0000000095f00000| Untracked 
| 352|0x0000000096000000, 0x0000000096000000, 0x0000000096100000|  0%| F|  |TAMS 0x0000000096000000, 0x0000000096000000| Untracked 
| 353|0x0000000096100000, 0x0000000096100000, 0x0000000096200000|  0%| F|  |TAMS 0x0000000096100000, 0x0000000096100000| Untracked 
| 354|0x0000000096200000, 0x0000000096200000, 0x0000000096300000|  0%| F|  |TAMS 0x0000000096200000, 0x0000000096200000| Untracked 
| 355|0x0000000096300000, 0x0000000096300000, 0x0000000096400000|  0%| F|  |TAMS 0x0000000096300000, 0x0000000096300000| Untracked 
| 356|0x0000000096400000, 0x0000000096400000, 0x0000000096500000|  0%| F|  |TAMS 0x0000000096400000, 0x0000000096400000| Untracked 
| 357|0x0000000096500000, 0x0000000096500000, 0x0000000096600000|  0%| F|  |TAMS 0x0000000096500000, 0x0000000096500000| Untracked 
| 358|0x0000000096600000, 0x0000000096600000, 0x0000000096700000|  0%| F|  |TAMS 0x0000000096600000, 0x0000000096600000| Untracked 
| 359|0x0000000096700000, 0x0000000096700000, 0x0000000096800000|  0%| F|  |TAMS 0x0000000096700000, 0x0000000096700000| Untracked 
| 360|0x0000000096800000, 0x0000000096800000, 0x0000000096900000|  0%| F|  |TAMS 0x0000000096800000, 0x0000000096800000| Untracked 
| 361|0x0000000096900000, 0x0000000096900000, 0x0000000096a00000|  0%| F|  |TAMS 0x0000000096900000, 0x0000000096900000| Untracked 
| 362|0x0000000096a00000, 0x0000000096a00000, 0x0000000096b00000|  0%| F|  |TAMS 0x0000000096a00000, 0x0000000096a00000| Untracked 
| 363|0x0000000096b00000, 0x0000000096b00000, 0x0000000096c00000|  0%| F|  |TAMS 0x0000000096b00000, 0x0000000096b00000| Untracked 
| 364|0x0000000096c00000, 0x0000000096c00000, 0x0000000096d00000|  0%| F|  |TAMS 0x0000000096c00000, 0x0000000096c00000| Untracked 
| 365|0x0000000096d00000, 0x0000000096d00000, 0x0000000096e00000|  0%| F|  |TAMS 0x0000000096d00000, 0x0000000096d00000| Untracked 
| 366|0x0000000096e00000, 0x0000000096e00000, 0x0000000096f00000|  0%| F|  |TAMS 0x0000000096e00000, 0x0000000096e00000| Untracked 
| 367|0x0000000096f00000, 0x0000000096f00000, 0x0000000097000000|  0%| F|  |TAMS 0x0000000096f00000, 0x0000000096f00000| Untracked 
| 368|0x0000000097000000, 0x0000000097000000, 0x0000000097100000|  0%| F|  |TAMS 0x0000000097000000, 0x0000000097000000| Untracked 
| 369|0x0000000097100000, 0x0000000097100000, 0x0000000097200000|  0%| F|  |TAMS 0x0000000097100000, 0x0000000097100000| Untracked 
| 370|0x0000000097200000, 0x0000000097200000, 0x0000000097300000|  0%| F|  |TAMS 0x0000000097200000, 0x0000000097200000| Untracked 
| 371|0x0000000097300000, 0x0000000097300000, 0x0000000097400000|  0%| F|  |TAMS 0x0000000097300000, 0x0000000097300000| Untracked 
| 372|0x0000000097400000, 0x0000000097400000, 0x0000000097500000|  0%| F|  |TAMS 0x0000000097400000, 0x0000000097400000| Untracked 
| 373|0x0000000097500000, 0x0000000097500000, 0x0000000097600000|  0%| F|  |TAMS 0x0000000097500000, 0x0000000097500000| Untracked 
| 374|0x0000000097600000, 0x0000000097600000, 0x0000000097700000|  0%| F|  |TAMS 0x0000000097600000, 0x0000000097600000| Untracked 
| 375|0x0000000097700000, 0x0000000097700000, 0x0000000097800000|  0%| F|  |TAMS 0x0000000097700000, 0x0000000097700000| Untracked 
| 376|0x0000000097800000, 0x0000000097800000, 0x0000000097900000|  0%| F|  |TAMS 0x0000000097800000, 0x0000000097800000| Untracked 
| 377|0x0000000097900000, 0x0000000097900000, 0x0000000097a00000|  0%| F|  |TAMS 0x0000000097900000, 0x0000000097900000| Untracked 
| 378|0x0000000097a00000, 0x0000000097a00000, 0x0000000097b00000|  0%| F|  |TAMS 0x0000000097a00000, 0x0000000097a00000| Untracked 
| 379|0x0000000097b00000, 0x0000000097b00000, 0x0000000097c00000|  0%| F|  |TAMS 0x0000000097b00000, 0x0000000097b00000| Untracked 
| 380|0x0000000097c00000, 0x0000000097c00000, 0x0000000097d00000|  0%| F|  |TAMS 0x0000000097c00000, 0x0000000097c00000| Untracked 
| 381|0x0000000097d00000, 0x0000000097d00000, 0x0000000097e00000|  0%| F|  |TAMS 0x0000000097d00000, 0x0000000097d00000| Untracked 
| 382|0x0000000097e00000, 0x0000000097e00000, 0x0000000097f00000|  0%| F|  |TAMS 0x0000000097e00000, 0x0000000097e00000| Untracked 
| 383|0x0000000097f00000, 0x0000000097f00000, 0x0000000098000000|  0%| F|  |TAMS 0x0000000097f00000, 0x0000000097f00000| Untracked 
| 384|0x0000000098000000, 0x0000000098000000, 0x0000000098100000|  0%| F|  |TAMS 0x0000000098000000, 0x0000000098000000| Untracked 
| 385|0x0000000098100000, 0x0000000098100000, 0x0000000098200000|  0%| F|  |TAMS 0x0000000098100000, 0x0000000098100000| Untracked 
| 386|0x0000000098200000, 0x0000000098200000, 0x0000000098300000|  0%| F|  |TAMS 0x0000000098200000, 0x0000000098200000| Untracked 
| 387|0x0000000098300000, 0x0000000098300000, 0x0000000098400000|  0%| F|  |TAMS 0x0000000098300000, 0x0000000098300000| Untracked 
| 388|0x0000000098400000, 0x0000000098400000, 0x0000000098500000|  0%| F|  |TAMS 0x0000000098400000, 0x0000000098400000| Untracked 
| 389|0x0000000098500000, 0x0000000098500000, 0x0000000098600000|  0%| F|  |TAMS 0x0000000098500000, 0x0000000098500000| Untracked 
| 390|0x0000000098600000, 0x0000000098600000, 0x0000000098700000|  0%| F|  |TAMS 0x0000000098600000, 0x0000000098600000| Untracked 
| 391|0x0000000098700000, 0x0000000098700000, 0x0000000098800000|  0%| F|  |TAMS 0x0000000098700000, 0x0000000098700000| Untracked 
| 392|0x0000000098800000, 0x0000000098800000, 0x0000000098900000|  0%| F|  |TAMS 0x0000000098800000, 0x0000000098800000| Untracked 
| 393|0x0000000098900000, 0x0000000098900000, 0x0000000098a00000|  0%| F|  |TAMS 0x0000000098900000, 0x0000000098900000| Untracked 
| 394|0x0000000098a00000, 0x0000000098a00000, 0x0000000098b00000|  0%| F|  |TAMS 0x0000000098a00000, 0x0000000098a00000| Untracked 
| 395|0x0000000098b00000, 0x0000000098b00000, 0x0000000098c00000|  0%| F|  |TAMS 0x0000000098b00000, 0x0000000098b00000| Untracked 
| 396|0x0000000098c00000, 0x0000000098c00000, 0x0000000098d00000|  0%| F|  |TAMS 0x0000000098c00000, 0x0000000098c00000| Untracked 
| 397|0x0000000098d00000, 0x0000000098d00000, 0x0000000098e00000|  0%| F|  |TAMS 0x0000000098d00000, 0x0000000098d00000| Untracked 
| 398|0x0000000098e00000, 0x0000000098f00000, 0x0000000098f00000|100%| S|CS|TAMS 0x0000000098e00000, 0x0000000098e00000| Complete 
| 399|0x0000000098f00000, 0x0000000099000000, 0x0000000099000000|100%| S|CS|TAMS 0x0000000098f00000, 0x0000000098f00000| Complete 
| 400|0x0000000099000000, 0x0000000099100000, 0x0000000099100000|100%| S|CS|TAMS 0x0000000099000000, 0x0000000099000000| Complete 
| 401|0x0000000099100000, 0x0000000099100000, 0x0000000099200000|  0%| F|  |TAMS 0x0000000099100000, 0x0000000099100000| Untracked 
| 402|0x0000000099200000, 0x0000000099200000, 0x0000000099300000|  0%| F|  |TAMS 0x0000000099200000, 0x0000000099200000| Untracked 
| 403|0x0000000099300000, 0x0000000099300000, 0x0000000099400000|  0%| F|  |TAMS 0x0000000099300000, 0x0000000099300000| Untracked 
| 404|0x0000000099400000, 0x0000000099400000, 0x0000000099500000|  0%| F|  |TAMS 0x0000000099400000, 0x0000000099400000| Untracked 
| 405|0x0000000099500000, 0x0000000099500000, 0x0000000099600000|  0%| F|  |TAMS 0x0000000099500000, 0x0000000099500000| Untracked 
| 406|0x0000000099600000, 0x0000000099600000, 0x0000000099700000|  0%| F|  |TAMS 0x0000000099600000, 0x0000000099600000| Untracked 
| 407|0x0000000099700000, 0x0000000099700000, 0x0000000099800000|  0%| F|  |TAMS 0x0000000099700000, 0x0000000099700000| Untracked 
| 408|0x0000000099800000, 0x0000000099800000, 0x0000000099900000|  0%| F|  |TAMS 0x0000000099800000, 0x0000000099800000| Untracked 
| 409|0x0000000099900000, 0x0000000099900000, 0x0000000099a00000|  0%| F|  |TAMS 0x0000000099900000, 0x0000000099900000| Untracked 
| 410|0x0000000099a00000, 0x0000000099a00000, 0x0000000099b00000|  0%| F|  |TAMS 0x0000000099a00000, 0x0000000099a00000| Untracked 
| 411|0x0000000099b00000, 0x0000000099b00000, 0x0000000099c00000|  0%| F|  |TAMS 0x0000000099b00000, 0x0000000099b00000| Untracked 
| 412|0x0000000099c00000, 0x0000000099c00000, 0x0000000099d00000|  0%| F|  |TAMS 0x0000000099c00000, 0x0000000099c00000| Untracked 
| 413|0x0000000099d00000, 0x0000000099d00000, 0x0000000099e00000|  0%| F|  |TAMS 0x0000000099d00000, 0x0000000099d00000| Untracked 
| 414|0x0000000099e00000, 0x0000000099e00000, 0x0000000099f00000|  0%| F|  |TAMS 0x0000000099e00000, 0x0000000099e00000| Untracked 
| 415|0x0000000099f00000, 0x0000000099f00000, 0x000000009a000000|  0%| F|  |TAMS 0x0000000099f00000, 0x0000000099f00000| Untracked 
| 416|0x000000009a000000, 0x000000009a000000, 0x000000009a100000|  0%| F|  |TAMS 0x000000009a000000, 0x000000009a000000| Untracked 
| 417|0x000000009a100000, 0x000000009a100000, 0x000000009a200000|  0%| F|  |TAMS 0x000000009a100000, 0x000000009a100000| Untracked 

Card table byte_map: [0x000002ba671d0000,0x000002ba675d0000] _byte_map_base: 0x000002ba66dd0000

Marking Bits (Prev, Next): (CMBitMap*) 0x000002ba5273c4f8, (CMBitMap*) 0x000002ba5273c530
 Prev Bits: [0x000002ba679d0000, 0x000002ba699d0000)
 Next Bits: [0x000002ba699d0000, 0x000002ba6b9d0000)

Polling page: 0x000002ba527e0000

Metaspace:

Usage:
  Non-class:    103.68 MB capacity,   101.82 MB ( 98%) used,     1.48 MB (  1%) free+waste,   386.56 KB ( <1%) overhead. 
      Class:     15.83 MB capacity,    14.63 MB ( 92%) used,     1.03 MB (  7%) free+waste,   170.63 KB (  1%) overhead. 
       Both:    119.51 MB capacity,   116.46 MB ( 97%) used,     2.51 MB (  2%) free+waste,   557.19 KB ( <1%) overhead. 

Virtual space:
  Non-class space:      104.00 MB reserved,     103.79 MB (>99%) committed 
      Class space:        1.00 GB reserved,      15.88 MB (  2%) committed 
             Both:        1.10 GB reserved,     119.66 MB ( 11%) committed 

Chunk freelists:
   Non-Class:  0 bytes
       Class:  0 bytes
        Both:  0 bytes

MaxMetaspaceSize: 17179869184.00 GB
CompressedClassSpaceSize: 1.00 GB

CodeHeap 'non-profiled nmethods': size=120064Kb used=13326Kb max_used=13326Kb free=106737Kb
 bounds [0x000002ba5f490000, 0x000002ba601a0000, 0x000002ba669d0000]
CodeHeap 'profiled nmethods': size=120000Kb used=37373Kb max_used=38574Kb free=82626Kb
 bounds [0x000002ba57f60000, 0x000002ba5a530000, 0x000002ba5f490000]
CodeHeap 'non-nmethods': size=5696Kb used=2332Kb max_used=2396Kb free=3363Kb
 bounds [0x000002ba579d0000, 0x000002ba57c40000, 0x000002ba57f60000]
 total_blobs=18519 nmethods=17553 adapters=877
 compilation: enabled
              stopped_count=0, restarted_count=0
 full_count=0

Compilation events (20 events):
Event: 1747.917 Thread 0x000002ba6de13000 nmethod 19410 0x000002ba60183290 code [0x000002ba60183440, 0x000002ba601835b8]
Event: 1747.932 Thread 0x000002ba6de13000 19411       4       com.android.tools.r8.internal.Dw::a (52 bytes)
Event: 1748.904 Thread 0x000002ba6de13000 nmethod 19411 0x000002ba60183790 code [0x000002ba60183e00, 0x000002ba6018ac38]
Event: 1748.905 Thread 0x000002ba6de13000 19412       4       com.android.tools.r8.internal.Dw::a (73 bytes)
Event: 1749.074 Thread 0x000002ba6de13000 nmethod 19412 0x000002ba6018d990 code [0x000002ba6018dce0, 0x000002ba60190908]
Event: 1749.083 Thread 0x000002ba6de13000 19413       4       com.android.tools.r8.graph.f0::b (14 bytes)
Event: 1749.085 Thread 0x000002ba6de13000 nmethod 19413 0x000002ba60191990 code [0x000002ba60191b40, 0x000002ba60191c98]
Event: 1749.086 Thread 0x000002ba6de13000 19414 %     4       com.android.tools.r8.graph.Z::a @ 100 (211 bytes)
Event: 1749.108 Thread 0x000002ba6de18800 19415       3       com.android.tools.r8.graph.N::<init> (10 bytes)
Event: 1749.109 Thread 0x000002ba6de18800 nmethod 19415 0x000002ba5888a190 code [0x000002ba5888a340, 0x000002ba5888a558]
Event: 1749.110 Thread 0x000002ba6de18800 19418       3       com.android.tools.r8.graph.Z$$Lambda$1140/0x0000000100d4bc40::get$Lambda (9 bytes)
Event: 1749.110 Thread 0x000002ba6de18800 nmethod 19418 0x000002ba5888df10 code [0x000002ba5888e0e0, 0x000002ba5888e338]
Event: 1749.110 Thread 0x000002ba6de18800 19419       3       com.android.tools.r8.graph.Z$$Lambda$1140/0x0000000100d4bc40::<init> (10 bytes)
Event: 1749.110 Thread 0x000002ba6de18800 nmethod 19419 0x000002ba5888da90 code [0x000002ba5888dc40, 0x000002ba5888ddf8]
Event: 1749.121 Thread 0x000002ba6de13000 nmethod 19414% 0x000002ba60191e10 code [0x000002ba60192020, 0x000002ba60192e58]
Event: 1749.121 Thread 0x000002ba6de13000 19416       4       com.android.tools.r8.graph.N::equals (37 bytes)
Event: 1749.125 Thread 0x000002ba6de13000 nmethod 19416 0x000002ba60193690 code [0x000002ba60193840, 0x000002ba60193a38]
Event: 1749.125 Thread 0x000002ba6de13000 19422       4       com.android.tools.r8.graph.Z::a (211 bytes)
Event: 1749.399 Thread 0x000002ba6de13000 nmethod 19422 0x000002ba60193c10 code [0x000002ba60193ea0, 0x000002ba60195488]
Event: 1749.399 Thread 0x000002ba6de13000 19424 %     4       com.android.tools.r8.dex.m::b @ 96 (204 bytes)

GC Heap History (20 events):
Event: 1742.742 GC heap after
{Heap after GC invocations=142 (full 0):
 garbage-first heap   total 428032K, used 131072K [0x0000000080000000, 0x0000000100000000)
  region size 1024K, 3 young (3072K), 3 survivors (3072K)
 Metaspace       used 119245K, capacity 122381K, committed 122532K, reserved 1155072K
  class space    used 14984K, capacity 16212K, committed 16256K, reserved 1048576K
}
Event: 1743.030 GC heap before
{Heap before GC invocations=142 (full 0):
 garbage-first heap   total 428032K, used 148480K [0x0000000080000000, 0x0000000100000000)
  region size 1024K, 20 young (20480K), 3 survivors (3072K)
 Metaspace       used 119247K, capacity 122381K, committed 122532K, reserved 1155072K
  class space    used 14984K, capacity 16212K, committed 16256K, reserved 1048576K
}
Event: 1743.767 GC heap after
{Heap after GC invocations=143 (full 0):
 garbage-first heap   total 428032K, used 141311K [0x0000000080000000, 0x0000000100000000)
  region size 1024K, 3 young (3072K), 3 survivors (3072K)
 Metaspace       used 119247K, capacity 122381K, committed 122532K, reserved 1155072K
  class space    used 14984K, capacity 16212K, committed 16256K, reserved 1048576K
}
Event: 1744.722 GC heap before
{Heap before GC invocations=144 (full 0):
 garbage-first heap   total 428032K, used 158719K [0x0000000080000000, 0x0000000100000000)
  region size 1024K, 20 young (20480K), 3 survivors (3072K)
 Metaspace       used 119248K, capacity 122381K, committed 122532K, reserved 1155072K
  class space    used 14984K, capacity 16212K, committed 16256K, reserved 1048576K
}
Event: 1744.799 GC heap after
{Heap after GC invocations=145 (full 0):
 garbage-first heap   total 428032K, used 150656K [0x0000000080000000, 0x0000000100000000)
  region size 1024K, 3 young (3072K), 3 survivors (3072K)
 Metaspace       used 119248K, capacity 122381K, committed 122532K, reserved 1155072K
  class space    used 14984K, capacity 16212K, committed 16256K, reserved 1048576K
}
Event: 1744.968 GC heap before
{Heap before GC invocations=145 (full 0):
 garbage-first heap   total 428032K, used 167040K [0x0000000080000000, 0x0000000100000000)
  region size 1024K, 20 young (20480K), 3 survivors (3072K)
 Metaspace       used 119248K, capacity 122381K, committed 122532K, reserved 1155072K
  class space    used 14984K, capacity 16212K, committed 16256K, reserved 1048576K
}
Event: 1745.186 GC heap after
{Heap after GC invocations=146 (full 0):
 garbage-first heap   total 428032K, used 151552K [0x0000000080000000, 0x0000000100000000)
  region size 1024K, 3 young (3072K), 3 survivors (3072K)
 Metaspace       used 119248K, capacity 122381K, committed 122532K, reserved 1155072K
  class space    used 14984K, capacity 16212K, committed 16256K, reserved 1048576K
}
Event: 1745.834 GC heap before
{Heap before GC invocations=146 (full 0):
 garbage-first heap   total 428032K, used 168960K [0x0000000080000000, 0x0000000100000000)
  region size 1024K, 20 young (20480K), 3 survivors (3072K)
 Metaspace       used 119249K, capacity 122381K, committed 122532K, reserved 1155072K
  class space    used 14985K, capacity 16212K, committed 16256K, reserved 1048576K
}
Event: 1745.901 GC heap after
{Heap after GC invocations=147 (full 0):
 garbage-first heap   total 428032K, used 155136K [0x0000000080000000, 0x0000000100000000)
  region size 1024K, 3 young (3072K), 3 survivors (3072K)
 Metaspace       used 119249K, capacity 122381K, committed 122532K, reserved 1155072K
  class space    used 14985K, capacity 16212K, committed 16256K, reserved 1048576K
}
Event: 1746.225 GC heap before
{Heap before GC invocations=147 (full 0):
 garbage-first heap   total 428032K, used 171520K [0x0000000080000000, 0x0000000100000000)
  region size 1024K, 20 young (20480K), 3 survivors (3072K)
 Metaspace       used 119249K, capacity 122381K, committed 122532K, reserved 1155072K
  class space    used 14985K, capacity 16212K, committed 16256K, reserved 1048576K
}
Event: 1746.642 GC heap after
{Heap after GC invocations=148 (full 0):
 garbage-first heap   total 428032K, used 160692K [0x0000000080000000, 0x0000000100000000)
  region size 1024K, 3 young (3072K), 3 survivors (3072K)
 Metaspace       used 119249K, capacity 122381K, committed 122532K, reserved 1155072K
  class space    used 14985K, capacity 16212K, committed 16256K, reserved 1048576K
}
Event: 1747.284 GC heap before
{Heap before GC invocations=149 (full 0):
 garbage-first heap   total 428032K, used 171956K [0x0000000080000000, 0x0000000100000000)
  region size 1024K, 20 young (20480K), 3 survivors (3072K)
 Metaspace       used 119251K, capacity 122381K, committed 122532K, reserved 1155072K
  class space    used 14985K, capacity 16212K, committed 16256K, reserved 1048576K
}
Event: 1747.329 GC heap after
{Heap after GC invocations=150 (full 0):
 garbage-first heap   total 428032K, used 159221K [0x0000000080000000, 0x0000000100000000)
  region size 1024K, 3 young (3072K), 3 survivors (3072K)
 Metaspace       used 119251K, capacity 122381K, committed 122532K, reserved 1155072K
  class space    used 14985K, capacity 16212K, committed 16256K, reserved 1048576K
}
Event: 1747.939 GC heap before
{Heap before GC invocations=150 (full 0):
 garbage-first heap   total 428032K, used 178677K [0x0000000080000000, 0x0000000100000000)
  region size 1024K, 20 young (20480K), 3 survivors (3072K)
 Metaspace       used 119251K, capacity 122381K, committed 122532K, reserved 1155072K
  class space    used 14985K, capacity 16212K, committed 16256K, reserved 1048576K
}
Event: 1748.378 GC heap after
{Heap after GC invocations=151 (full 0):
 garbage-first heap   total 428032K, used 160768K [0x0000000080000000, 0x0000000100000000)
  region size 1024K, 3 young (3072K), 3 survivors (3072K)
 Metaspace       used 119251K, capacity 122381K, committed 122532K, reserved 1155072K
  class space    used 14985K, capacity 16212K, committed 16256K, reserved 1048576K
}
Event: 1748.428 GC heap before
{Heap before GC invocations=151 (full 0):
 garbage-first heap   total 428032K, used 166912K [0x0000000080000000, 0x0000000100000000)
  region size 1024K, 11 young (11264K), 3 survivors (3072K)
 Metaspace       used 119251K, capacity 122381K, committed 122532K, reserved 1155072K
  class space    used 14985K, capacity 16212K, committed 16256K, reserved 1048576K
}
Event: 1748.438 GC heap after
{Heap after GC invocations=152 (full 0):
 garbage-first heap   total 428032K, used 163008K [0x0000000080000000, 0x0000000100000000)
  region size 1024K, 3 young (3072K), 3 survivors (3072K)
 Metaspace       used 119251K, capacity 122381K, committed 122532K, reserved 1155072K
  class space    used 14985K, capacity 16212K, committed 16256K, reserved 1048576K
}
Event: 1749.253 GC heap before
{Heap before GC invocations=153 (full 0):
 garbage-first heap   total 428032K, used 181440K [0x0000000080000000, 0x0000000100000000)
  region size 1024K, 20 young (20480K), 3 survivors (3072K)
 Metaspace       used 119251K, capacity 122381K, committed 122532K, reserved 1155072K
  class space    used 14985K, capacity 16212K, committed 16256K, reserved 1048576K
}
Event: 1749.397 GC heap after
{Heap after GC invocations=154 (full 0):
 garbage-first heap   total 428032K, used 167936K [0x0000000080000000, 0x0000000100000000)
  region size 1024K, 3 young (3072K), 3 survivors (3072K)
 Metaspace       used 119251K, capacity 122381K, committed 122532K, reserved 1155072K
  class space    used 14985K, capacity 16212K, committed 16256K, reserved 1048576K
}
Event: 1749.430 GC heap before
{Heap before GC invocations=154 (full 0):
 garbage-first heap   total 428032K, used 185344K [0x0000000080000000, 0x0000000100000000)
  region size 1024K, 20 young (20480K), 3 survivors (3072K)
 Metaspace       used 119251K, capacity 122381K, committed 122532K, reserved 1155072K
  class space    used 14985K, capacity 16212K, committed 16256K, reserved 1048576K
}

Deoptimization events (20 events):
Event: 1742.795 Thread 0x000002ba71611000 DEOPT PACKING pc=0x000002ba6001f7ec sp=0x000000e3828fee40
Event: 1742.795 Thread 0x000002ba71611000 DEOPT UNPACKING pc=0x000002ba579f6ca9 sp=0x000000e3828fedd0 mode 2
Event: 1742.942 Thread 0x000002ba71611000 DEOPT PACKING pc=0x000002ba598e4e3d sp=0x000000e3828fed30
Event: 1742.942 Thread 0x000002ba71611000 DEOPT UNPACKING pc=0x000002ba579f6abf sp=0x000000e3828fe1a8 mode 0
Event: 1745.202 Thread 0x000002ba71611000 DEOPT PACKING pc=0x000002ba59969231 sp=0x000000e3828ff0a0
Event: 1745.202 Thread 0x000002ba71611000 DEOPT UNPACKING pc=0x000002ba579f6abf sp=0x000000e3828fe578 mode 0
Event: 1745.464 Thread 0x000002ba71611000 Uncommon trap: trap_request=0xffffff4d fr.pc=0x000002ba5f51087c relative=0x0000000000000abc
Event: 1745.464 Thread 0x000002ba71611000 Uncommon trap: reason=unstable_if action=reinterpret pc=0x000002ba5f51087c method=java.util.concurrent.ForkJoinPool$WorkQueue.poll()Ljava/util/concurrent/ForkJoinTask; @ 57 c2
Event: 1745.464 Thread 0x000002ba71611000 DEOPT PACKING pc=0x000002ba5f51087c sp=0x000000e3828ff250
Event: 1745.464 Thread 0x000002ba71611000 DEOPT UNPACKING pc=0x000002ba579f6ca9 sp=0x000000e3828ff0e0 mode 2
Event: 1745.464 Thread 0x000002ba702ec000 Uncommon trap: trap_request=0xffffff64 fr.pc=0x000002ba5f51065c relative=0x000000000000089c
Event: 1745.465 Thread 0x000002ba702ec000 Uncommon trap: reason=speculate_null_check action=make_not_entrant pc=0x000002ba5f51065c method=java.util.concurrent.ForkJoinPool$WorkQueue.poll()Ljava/util/concurrent/ForkJoinTask; @ 62 c2
Event: 1745.465 Thread 0x000002ba702ec000 DEOPT PACKING pc=0x000002ba5f51065c sp=0x000000e3829ff5d0
Event: 1745.465 Thread 0x000002ba702ec000 DEOPT UNPACKING pc=0x000002ba579f6ca9 sp=0x000000e3829ff468 mode 2
Event: 1749.083 Thread 0x000002ba702ec000 Uncommon trap: trap_request=0xffffffdc fr.pc=0x000002ba60090488 relative=0x0000000000001168
Event: 1749.083 Thread 0x000002ba702ec000 Uncommon trap: reason=class_check action=make_not_entrant pc=0x000002ba60090488 method=java.util.ArrayList$SubList.toArray([Ljava/lang/Object;)[Ljava/lang/Object; @ 37 c2
Event: 1749.083 Thread 0x000002ba702ec000 DEOPT PACKING pc=0x000002ba60090488 sp=0x000000e3829fedd0
Event: 1749.083 Thread 0x000002ba702ec000 DEOPT UNPACKING pc=0x000002ba579f6ca9 sp=0x000000e3829fed40 mode 2
Event: 1749.214 Thread 0x000002ba702ec000 DEOPT PACKING pc=0x000002ba5845c3fb sp=0x000000e3829fef90
Event: 1749.214 Thread 0x000002ba702ec000 DEOPT UNPACKING pc=0x000002ba579f6abf sp=0x000000e3829fe568 mode 0

Classes redefined (0 events):
No events

Internal exceptions (20 events):
Event: 1727.888 Thread 0x000002ba746e7000 Exception <a 'sun/nio/fs/WindowsException'{0x0000000099d26f00}> (0x0000000099d26f00) thrown at [./src/hotspot/share/prims/jni.cpp, line 615]
Event: 1727.888 Thread 0x000002ba746e7000 Exception <a 'sun/nio/fs/WindowsException'{0x0000000099d27058}> (0x0000000099d27058) thrown at [./src/hotspot/share/prims/jni.cpp, line 615]
Event: 1727.917 Thread 0x000002ba746e7000 Exception <a 'sun/nio/fs/WindowsException'{0x0000000099d5c248}> (0x0000000099d5c248) thrown at [./src/hotspot/share/prims/jni.cpp, line 615]
Event: 1727.917 Thread 0x000002ba746e7000 Exception <a 'sun/nio/fs/WindowsException'{0x0000000099d5c3a8}> (0x0000000099d5c3a8) thrown at [./src/hotspot/share/prims/jni.cpp, line 615]
Event: 1727.954 Thread 0x000002ba746e7000 Exception <a 'sun/nio/fs/WindowsException'{0x0000000099da45b0}> (0x0000000099da45b0) thrown at [./src/hotspot/share/prims/jni.cpp, line 615]
Event: 1727.954 Thread 0x000002ba746e7000 Exception <a 'sun/nio/fs/WindowsException'{0x0000000099da46f8}> (0x0000000099da46f8) thrown at [./src/hotspot/share/prims/jni.cpp, line 615]
Event: 1727.957 Thread 0x000002ba746e7000 Exception <a 'sun/nio/fs/WindowsException'{0x0000000099c0ea60}> (0x0000000099c0ea60) thrown at [./src/hotspot/share/prims/jni.cpp, line 615]
Event: 1727.957 Thread 0x000002ba746e7000 Exception <a 'sun/nio/fs/WindowsException'{0x0000000099c0eba8}> (0x0000000099c0eba8) thrown at [./src/hotspot/share/prims/jni.cpp, line 615]
Event: 1728.058 Thread 0x000002ba746e7000 Exception <a 'sun/nio/fs/WindowsException'{0x0000000099c5a518}> (0x0000000099c5a518) thrown at [./src/hotspot/share/prims/jni.cpp, line 615]
Event: 1728.058 Thread 0x000002ba746e7000 Exception <a 'sun/nio/fs/WindowsException'{0x0000000099c5a670}> (0x0000000099c5a670) thrown at [./src/hotspot/share/prims/jni.cpp, line 615]
Event: 1728.092 Thread 0x000002ba746e7000 Exception <a 'sun/nio/fs/WindowsException'{0x0000000099cd7bd8}> (0x0000000099cd7bd8) thrown at [./src/hotspot/share/prims/jni.cpp, line 615]
Event: 1728.092 Thread 0x000002ba746e7000 Exception <a 'sun/nio/fs/WindowsException'{0x0000000099cd7d28}> (0x0000000099cd7d28) thrown at [./src/hotspot/share/prims/jni.cpp, line 615]
Event: 1728.138 Thread 0x000002ba746e7000 Exception <a 'sun/nio/fs/WindowsException'{0x0000000099b43968}> (0x0000000099b43968) thrown at [./src/hotspot/share/prims/jni.cpp, line 615]
Event: 1728.138 Thread 0x000002ba746e7000 Exception <a 'sun/nio/fs/WindowsException'{0x0000000099b43ae0}> (0x0000000099b43ae0) thrown at [./src/hotspot/share/prims/jni.cpp, line 615]
Event: 1729.341 Thread 0x000002ba746e7000 Exception <a 'sun/nio/fs/WindowsException'{0x0000000099967ee0}> (0x0000000099967ee0) thrown at [./src/hotspot/share/prims/jni.cpp, line 615]
Event: 1737.973 Thread 0x000002ba71615000 Exception <a 'sun/nio/fs/WindowsException'{0x0000000099a17048}> (0x0000000099a17048) thrown at [./src/hotspot/share/prims/jni.cpp, line 615]
Event: 1739.255 Thread 0x000002ba71615000 Exception <a 'sun/nio/fs/WindowsException'{0x0000000098e68170}> (0x0000000098e68170) thrown at [./src/hotspot/share/prims/jni.cpp, line 615]
Event: 1739.331 Thread 0x000002ba71615000 Exception <a 'sun/nio/fs/WindowsException'{0x0000000098e70790}> (0x0000000098e70790) thrown at [./src/hotspot/share/prims/jni.cpp, line 615]
Event: 1739.418 Thread 0x000002ba71615000 Exception <a 'sun/nio/fs/WindowsException'{0x0000000098efd278}> (0x0000000098efd278) thrown at [./src/hotspot/share/prims/jni.cpp, line 615]
Event: 1741.950 Thread 0x000002ba71615000 Exception <a 'sun/nio/fs/WindowsException'{0x000000009a118510}> (0x000000009a118510) thrown at [./src/hotspot/share/prims/jni.cpp, line 615]

Events (20 events):
Event: 1749.218 Executing VM operation: RevokeBias done
Event: 1749.218 Executing VM operation: RevokeBias
Event: 1749.218 Executing VM operation: RevokeBias done
Event: 1749.218 Executing VM operation: RevokeBias
Event: 1749.218 Executing VM operation: RevokeBias done
Event: 1749.218 Executing VM operation: RevokeBias
Event: 1749.218 Executing VM operation: RevokeBias done
Event: 1749.218 Executing VM operation: RevokeBias
Event: 1749.218 Executing VM operation: RevokeBias done
Event: 1749.218 Executing VM operation: RevokeBias
Event: 1749.218 Executing VM operation: RevokeBias done
Event: 1749.218 Executing VM operation: RevokeBias
Event: 1749.218 Executing VM operation: RevokeBias done
Event: 1749.218 Executing VM operation: RevokeBias
Event: 1749.218 Executing VM operation: RevokeBias done
Event: 1749.218 Executing VM operation: BulkRevokeBias
Event: 1749.220 Executing VM operation: BulkRevokeBias done
Event: 1749.253 Executing VM operation: G1CollectForAllocation
Event: 1749.397 Executing VM operation: G1CollectForAllocation done
Event: 1749.428 Executing VM operation: G1CollectForAllocation


Dynamic libraries:
0x00007ff76a5f0000 - 0x00007ff76a5fa000 	C:\Program Files\Android\Android Studio\jre\bin\java.exe
0x00007ffbc83d0000 - 0x00007ffbc85c5000 	C:\WINDOWS\SYSTEM32\ntdll.dll
0x00007ffbc74c0000 - 0x00007ffbc757e000 	C:\WINDOWS\System32\KERNEL32.DLL
0x00007ffbc5af0000 - 0x00007ffbc5db9000 	C:\WINDOWS\System32\KERNELBASE.dll
0x00007ffbc6160000 - 0x00007ffbc6260000 	C:\WINDOWS\System32\ucrtbase.dll
0x00007ffbbad80000 - 0x00007ffbbad99000 	C:\Program Files\Android\Android Studio\jre\bin\jli.dll
0x00007ffbbabf0000 - 0x00007ffbbac07000 	C:\Program Files\Android\Android Studio\jre\bin\VCRUNTIME140.dll
0x00007ffbc81e0000 - 0x00007ffbc8381000 	C:\WINDOWS\System32\USER32.dll
0x00007ffbc6130000 - 0x00007ffbc6152000 	C:\WINDOWS\System32\win32u.dll
0x00007ffba71e0000 - 0x00007ffba747a000 	C:\WINDOWS\WinSxS\amd64_microsoft.windows.common-controls_6595b64144ccf1df_6.0.19041.1110_none_60b5254171f9507e\COMCTL32.dll
0x00007ffbc67d0000 - 0x00007ffbc67fb000 	C:\WINDOWS\System32\GDI32.dll
0x00007ffbc6a80000 - 0x00007ffbc6b1e000 	C:\WINDOWS\System32\msvcrt.dll
0x00007ffbc5f50000 - 0x00007ffbc605b000 	C:\WINDOWS\System32\gdi32full.dll
0x00007ffbc6090000 - 0x00007ffbc612d000 	C:\WINDOWS\System32\msvcp_win.dll
0x00007ffbc6d50000 - 0x00007ffbc6d80000 	C:\WINDOWS\System32\IMM32.DLL
0x00007ffbaccb0000 - 0x00007ffbacd4d000 	C:\Program Files\Android\Android Studio\jre\bin\msvcp140.dll
0x00007ffb374c0000 - 0x00007ffb37f8f000 	C:\Program Files\Android\Android Studio\jre\bin\server\jvm.dll
0x00007ffbc6420000 - 0x00007ffbc64cc000 	C:\WINDOWS\System32\ADVAPI32.dll
0x00007ffbc6c00000 - 0x00007ffbc6c9b000 	C:\WINDOWS\System32\sechost.dll
0x00007ffbc64d0000 - 0x00007ffbc65fa000 	C:\WINDOWS\System32\RPCRT4.dll
0x00007ffbc78f0000 - 0x00007ffbc78f8000 	C:\WINDOWS\System32\PSAPI.DLL
0x00007ffbbadd0000 - 0x00007ffbbadd9000 	C:\WINDOWS\SYSTEM32\WSOCK32.dll
0x00007ffbab510000 - 0x00007ffbab537000 	C:\WINDOWS\SYSTEM32\WINMM.dll
0x00007ffbc6a10000 - 0x00007ffbc6a7b000 	C:\WINDOWS\System32\WS2_32.dll
0x00007ffbbde50000 - 0x00007ffbbde5a000 	C:\WINDOWS\SYSTEM32\VERSION.dll
0x00007ffbc4370000 - 0x00007ffbc4382000 	C:\WINDOWS\SYSTEM32\kernel.appcore.dll
0x00007ffbacb20000 - 0x00007ffbacb31000 	C:\Program Files\Android\Android Studio\jre\bin\verify.dll
0x00007ffbc4080000 - 0x00007ffbc4264000 	C:\WINDOWS\SYSTEM32\DBGHELP.DLL
0x00007ffbac190000 - 0x00007ffbac1bc000 	C:\WINDOWS\SYSTEM32\dbgcore.DLL
0x00007ffbc5e10000 - 0x00007ffbc5e93000 	C:\WINDOWS\System32\bcryptPrimitives.dll
0x00007ffbacaf0000 - 0x00007ffbacb19000 	C:\Program Files\Android\Android Studio\jre\bin\java.dll
0x00007ffbb3b10000 - 0x00007ffbb3b1b000 	C:\Program Files\Android\Android Studio\jre\bin\jimage.dll
0x00007ffbacab0000 - 0x00007ffbacac8000 	C:\Program Files\Android\Android Studio\jre\bin\zip.dll
0x00007ffbc6d80000 - 0x00007ffbc74bf000 	C:\WINDOWS\System32\SHELL32.dll
0x00007ffbc3820000 - 0x00007ffbc3fb0000 	C:\WINDOWS\SYSTEM32\windows.storage.dll
0x00007ffbc7990000 - 0x00007ffbc7ce5000 	C:\WINDOWS\System32\combase.dll
0x00007ffbc54d0000 - 0x00007ffbc54fc000 	C:\WINDOWS\SYSTEM32\Wldp.dll
0x00007ffbc6ca0000 - 0x00007ffbc6d4e000 	C:\WINDOWS\System32\SHCORE.dll
0x00007ffbc77e0000 - 0x00007ffbc7835000 	C:\WINDOWS\System32\shlwapi.dll
0x00007ffbc5a30000 - 0x00007ffbc5a4f000 	C:\WINDOWS\SYSTEM32\profapi.dll
0x00007ffbaab60000 - 0x00007ffbaab7a000 	C:\Program Files\Android\Android Studio\jre\bin\net.dll
0x00007ffbb1de0000 - 0x00007ffbb1ee8000 	C:\WINDOWS\SYSTEM32\WINHTTP.dll
0x00007ffbc5230000 - 0x00007ffbc529a000 	C:\WINDOWS\system32\mswsock.dll
0x00007ffba0c30000 - 0x00007ffba0c44000 	C:\Program Files\Android\Android Studio\jre\bin\nio.dll
0x00007ffba0d60000 - 0x00007ffba0d87000 	C:\Users\hp\.gradle\native\8bec1ad78214c89d9ad589b4d07fe93259594b29d510b10fafb7a158f7737e5d\windows-amd64\native-platform.dll
0x00007ffb85220000 - 0x00007ffb8535d000 	C:\Users\hp\.gradle\native\53dbd7edfb1c66fb8903c78663c9afc45aea4f116125fa6feffd364cf09443e8\windows-amd64\native-platform-file-events.dll
0x00007ffbacc40000 - 0x00007ffbacc4a000 	C:\Program Files\Android\Android Studio\jre\bin\management.dll
0x00007ffbacbd0000 - 0x00007ffbacbdc000 	C:\Program Files\Android\Android Studio\jre\bin\management_ext.dll
0x00007ffbc5420000 - 0x00007ffbc5438000 	C:\WINDOWS\SYSTEM32\CRYPTSP.dll
0x00007ffbc4b50000 - 0x00007ffbc4b84000 	C:\WINDOWS\system32\rsaenh.dll
0x00007ffbc6060000 - 0x00007ffbc6087000 	C:\WINDOWS\System32\bcrypt.dll
0x00007ffbc59b0000 - 0x00007ffbc59de000 	C:\WINDOWS\SYSTEM32\USERENV.dll
0x00007ffbc5440000 - 0x00007ffbc544c000 	C:\WINDOWS\SYSTEM32\CRYPTBASE.dll
0x00007ffbc4ec0000 - 0x00007ffbc4efb000 	C:\WINDOWS\SYSTEM32\IPHLPAPI.DLL
0x00007ffbc8170000 - 0x00007ffbc8178000 	C:\WINDOWS\System32\NSI.dll
0x00007ffbc3690000 - 0x00007ffbc36a7000 	C:\WINDOWS\SYSTEM32\dhcpcsvc6.DLL
0x00007ffbc3670000 - 0x00007ffbc368d000 	C:\WINDOWS\SYSTEM32\dhcpcsvc.DLL
0x00007ffbc4f00000 - 0x00007ffbc4fcc000 	C:\WINDOWS\SYSTEM32\DNSAPI.dll
0x00007ffb96af0000 - 0x00007ffb96b17000 	C:\Program Files\Android\Android Studio\jre\bin\sunec.dll

dbghelp: loaded successfully - version: 4.0.5 - missing functions: none
symbol engine: initialized successfully - sym options: 0x614 - pdb path: .;C:\Program Files\Android\Android Studio\jre\bin;C:\WINDOWS\SYSTEM32;C:\WINDOWS\WinSxS\amd64_microsoft.windows.common-controls_6595b64144ccf1df_6.0.19041.1110_none_60b5254171f9507e;C:\Program Files\Android\Android Studio\jre\bin\server;C:\Users\hp\.gradle\native\8bec1ad78214c89d9ad589b4d07fe93259594b29d510b10fafb7a158f7737e5d\windows-amd64;C:\Users\hp\.gradle\native\53dbd7edfb1c66fb8903c78663c9afc45aea4f116125fa6feffd364cf09443e8\windows-amd64

VM Arguments:
jvm_args: --add-opens=java.base/java.util=ALL-UNNAMED --add-opens=java.base/java.lang=ALL-UNNAMED --add-opens=java.base/java.lang.invoke=ALL-UNNAMED --add-opens=java.base/java.util=ALL-UNNAMED --add-opens=java.prefs/java.util.prefs=ALL-UNNAMED --add-opens=java.prefs/java.util.prefs=ALL-UNNAMED --add-opens=java.base/java.nio.charset=ALL-UNNAMED --add-opens=java.base/java.net=ALL-UNNAMED --add-opens=java.base/java.util.concurrent.atomic=ALL-UNNAMED -Xmx2048m -Dfile.encoding=UTF-8 -Duser.country=US -Duser.language=en -Duser.variant 
java_command: org.gradle.launcher.daemon.bootstrap.GradleDaemon 7.0.2
java_class_path (initial): C:\Users\hp\.gradle\wrapper\dists\gradle-7.0.2-bin\857tjihv64xamwrf0h14cai3r\gradle-7.0.2\lib\gradle-launcher-7.0.2.jar
Launcher Type: SUN_STANDARD

[Global flags]
     intx CICompilerCount                          = 2                                         {product} {ergonomic}
     uint ConcGCThreads                            = 1                                         {product} {ergonomic}
     uint G1ConcRefinementThreads                  = 2                                         {product} {ergonomic}
   size_t G1HeapRegionSize                         = 1048576                                   {product} {ergonomic}
    uintx GCDrainStackTargetSize                   = 64                                        {product} {ergonomic}
   size_t InitialHeapSize                          = 65011712                                  {product} {ergonomic}
   size_t MarkStackSize                            = 4194304                                   {product} {ergonomic}
   size_t MaxHeapSize                              = 2147483648                                {product} {command line}
   size_t MaxNewSize                               = 1287651328                                {product} {ergonomic}
   size_t MinHeapDeltaBytes                        = 1048576                                   {product} {ergonomic}
    uintx NonNMethodCodeHeapSize                   = 5825164                                {pd product} {ergonomic}
    uintx NonProfiledCodeHeapSize                  = 122916538                              {pd product} {ergonomic}
    uintx ProfiledCodeHeapSize                     = 122916538                              {pd product} {ergonomic}
    uintx ReservedCodeCacheSize                    = 251658240                              {pd product} {ergonomic}
     bool SegmentedCodeCache                       = true                                      {product} {ergonomic}
     bool UseCompressedClassPointers               = true                                 {lp64_product} {ergonomic}
     bool UseCompressedOops                        = true                                 {lp64_product} {ergonomic}
     bool UseG1GC                                  = true                                      {product} {ergonomic}
     bool UseLargePagesIndividualAllocation        = false                                  {pd product} {ergonomic}

Logging:
Log output configuration:
 #0: stdout all=warning uptime,level,tags
 #1: stderr all=off uptime,level,tags

Environment Variables:
PATH=C:\Program Files\AdoptOpenJDK\jdk-11.0.10.9-hotspot\bin;C:\Program Files (x86)\Common Files\Oracle\Java\javapath;C:\ProgramData\Oracle\Java\javapath;C:\WINDOWS\system32;C:\WINDOWS;C:\WINDOWS\System32\Wbem;C:\WINDOWS\System32\WindowsPowerShell\v1.0\;C:\WINDOWS\System32\OpenSSH\;E:\App\Git\cmd;C:\Users\hp\AppData\Local\Microsoft\WindowsApps;C:\Users\hp\AppData\Local\GitHubDesktop\bin;C:\Users\hp\AppData\Local\Programs\Microsoft VS Code\bin
USERNAME=hp
OS=Windows_NT
PROCESSOR_IDENTIFIER=Intel64 Family 6 Model 122 Stepping 8, GenuineIntel



---------------  S Y S T E M  ---------------

OS: Windows 10 , 64 bit Build 19041 (10.0.19041.1202)
OS uptime: 1 days 3:00 hours

CPU:total 2 (initial active 2) (2 cores per cpu, 1 threads per core) family 6 model 122 stepping 8 microcode 0x16, cmov, cx8, fxsr, mmx, sse, sse2, sse3, ssse3, sse4.1, sse4.2, popcnt, aes, clmul, erms, 3dnowpref, tsc, tscinvbit, sha

Memory: 4k page, system-wide physical 3858M (62M free)
TotalPageFile size 7954M (AvailPageFile size 83M)
current process WorkingSet (physical memory assigned to process): 353M, peak: 480M
current process commit charge ("private bytes"): 763M, peak: 1103M

vm_info: OpenJDK 64-Bit Server VM (11.0.10+0-b96-7249189) for windows-amd64 JRE (11.0.10+0-b96-7249189), built on Mar 31 2021 21:44:00 by "builder" with MS VC++ 14.0 (VS2015)

END.
